[2025-11-21T05:26:07.607Z] [32MINFO[39M: 📥 [2025-11-21T05:26:07.598Z] OPTIONS /api/count/webview
[2025-11-21T05:26:07.711Z] [32MINFO[39M: 📥 [2025-11-21T05:26:07.711Z] OPTIONS /api/count/webview
[2025-11-21T05:26:07.712Z] [32MINFO[39M: 📥 [2025-11-21T05:26:07.712Z] OPTIONS /api/categories
[2025-11-21T05:26:07.713Z] [32MINFO[39M: 📥 [2025-11-21T05:26:07.713Z] OPTIONS /api/categories
[2025-11-21T05:26:07.802Z] [32MINFO[39M: 📥 [2025-11-21T05:26:07.801Z] GET /api/count/webview
[2025-11-21T05:26:07.820Z] [32MINFO[39M: 📥 [2025-11-21T05:26:07.820Z] GET /api/categories
[2025-11-21T05:26:07.993Z] [32MINFO[39M: 📥 [2025-11-21T05:26:07.993Z] GET /api/count/webview
[2025-11-21T05:26:07.998Z] [32MINFO[39M: 📥 [2025-11-21T05:26:07.998Z] GET /api/categories
[2025-11-21T05:33:42.158Z] [32MINFO[39M: 📥 [2025-11-21T05:33:42.158Z] OPTIONS /api/count/webview
[2025-11-21T05:33:42.160Z] [32MINFO[39M: 📥 [2025-11-21T05:33:42.160Z] OPTIONS /api/categories
[2025-11-21T05:33:42.162Z] [32MINFO[39M: 📥 [2025-11-21T05:33:42.162Z] OPTIONS /api/count/webview
[2025-11-21T05:33:42.274Z] [32MINFO[39M: 📥 [2025-11-21T05:33:42.274Z] OPTIONS /api/categories
[2025-11-21T05:33:42.277Z] [32MINFO[39M: 📥 [2025-11-21T05:33:42.277Z] GET /api/count/webview
[2025-11-21T05:33:42.278Z] [32MINFO[39M: 📥 [2025-11-21T05:33:42.278Z] GET /api/categories
[2025-11-21T05:33:42.285Z] [32MINFO[39M: 📥 [2025-11-21T05:33:42.285Z] GET /api/count/webview
[2025-11-21T05:33:42.291Z] [32MINFO[39M: 📥 [2025-11-21T05:33:42.291Z] GET /api/categories
[2025-11-21T05:38:45.573Z] [32MINFO[39M: 📥 [2025-11-21T05:38:45.573Z] OPTIONS /api/count/webview
[2025-11-21T05:38:45.574Z] [32MINFO[39M: 📥 [2025-11-21T05:38:45.574Z] OPTIONS /api/count/webview
[2025-11-21T05:38:45.583Z] [32MINFO[39M: 📥 [2025-11-21T05:38:45.583Z] GET /api/count/webview
[2025-11-21T05:38:45.593Z] [32MINFO[39M: 📥 [2025-11-21T05:38:45.593Z] GET /api/count/webview
[2025-11-21T05:38:48.798Z] [32MINFO[39M: 📥 [2025-11-21T05:38:48.798Z] GET /api/count/webview
[2025-11-21T05:38:49.138Z] [32MINFO[39M: 📥 [2025-11-21T05:38:49.138Z] GET /api/count/webview
[2025-11-21T05:41:46.639Z] [32MINFO[39M: 📥 [2025-11-21T05:41:46.639Z] OPTIONS /api/count/webview
[2025-11-21T05:41:46.648Z] [32MINFO[39M: 📥 [2025-11-21T05:41:46.648Z] OPTIONS /api/count/webview
[2025-11-21T05:41:46.679Z] [32MINFO[39M: 📥 [2025-11-21T05:41:46.679Z] GET /api/count/webview
[2025-11-21T05:41:46.690Z] [32MINFO[39M: 📥 [2025-11-21T05:41:46.690Z] GET /api/count/webview
[2025-11-21T05:43:34.754Z] [32MINFO[39M: 📥 [2025-11-21T05:43:34.754Z] OPTIONS /api/categories
[2025-11-21T05:43:34.755Z] [32MINFO[39M: 📥 [2025-11-21T05:43:34.755Z] OPTIONS /api/categories
[2025-11-21T05:43:34.918Z] [32MINFO[39M: 📥 [2025-11-21T05:43:34.918Z] GET /api/categories
[2025-11-21T05:43:34.934Z] [32MINFO[39M: 📥 [2025-11-21T05:43:34.934Z] GET /api/categories
[2025-11-21T05:43:39.934Z] [32MINFO[39M: 📥 [2025-11-21T05:43:39.934Z] OPTIONS /api/count/webview
[2025-11-21T05:43:40.031Z] [32MINFO[39M: 📥 [2025-11-21T05:43:40.031Z] OPTIONS /api/count/webview
[2025-11-21T05:43:40.033Z] [32MINFO[39M: 📥 [2025-11-21T05:43:40.033Z] GET /api/count/webview
[2025-11-21T05:43:40.041Z] [32MINFO[39M: 📥 [2025-11-21T05:43:40.041Z] GET /api/count/webview
[2025-11-21T05:46:43.674Z] [32MINFO[39M: 📥 [2025-11-21T05:46:43.674Z] OPTIONS /api/count/webview
[2025-11-21T05:46:43.675Z] [32MINFO[39M: 📥 [2025-11-21T05:46:43.675Z] OPTIONS /api/count/webview
[2025-11-21T05:46:43.854Z] [32MINFO[39M: 📥 [2025-11-21T05:46:43.854Z] GET /api/count/webview
[2025-11-21T05:46:43.861Z] [32MINFO[39M: 📥 [2025-11-21T05:46:43.861Z] GET /api/count/webview
[2025-11-21T05:46:53.806Z] [32MINFO[39M: 📥 [2025-11-21T05:46:53.806Z] OPTIONS /api/categories
[2025-11-21T05:46:53.807Z] [32MINFO[39M: 📥 [2025-11-21T05:46:53.807Z] OPTIONS /api/categories
[2025-11-21T05:46:53.821Z] [32MINFO[39M: 📥 [2025-11-21T05:46:53.821Z] GET /api/categories
[2025-11-21T05:46:53.832Z] [32MINFO[39M: 📥 [2025-11-21T05:46:53.832Z] GET /api/categories
[2025-11-21T05:47:22.529Z] [32MINFO[39M: 📥 [2025-11-21T05:47:22.529Z] OPTIONS /api/businesses/user
[2025-11-21T05:47:22.546Z] [32MINFO[39M: 📥 [2025-11-21T05:47:22.546Z] OPTIONS /api/businesses/user
[2025-11-21T05:47:22.552Z] [32MINFO[39M: 📥 [2025-11-21T05:47:22.552Z] GET /api/businesses/user
[2025-11-21T05:47:22.564Z] [32MINFO[39M: 4
[2025-11-21T05:47:22.565Z] [32MINFO[39M: Fetching businesses for userId: 4
[2025-11-21T05:47:22.571Z] [32MINFO[39M: [object Object]
[2025-11-21T05:47:22.575Z] [32MINFO[39M: Image rows: 
[2025-11-21T05:47:22.575Z] [32MINFO[39M: Final business payload: [object Object],[object Object],[object Object],[object Object],[object Object],[object Object],[object Object]
[2025-11-21T05:47:22.581Z] [32MINFO[39M: 📥 [2025-11-21T05:47:22.581Z] GET /api/businesses/user
[2025-11-21T05:47:22.584Z] [32MINFO[39M: 4
[2025-11-21T05:47:22.584Z] [32MINFO[39M: Fetching businesses for userId: 4
[2025-11-21T05:47:22.585Z] [32MINFO[39M: [object Object]
[2025-11-21T05:47:22.586Z] [32MINFO[39M: Image rows: 
[2025-11-21T05:47:22.587Z] [32MINFO[39M: Final business payload: [object Object],[object Object],[object Object],[object Object],[object Object],[object Object],[object Object]
[2025-11-21T05:47:31.357Z] [32MINFO[39M: 📥 [2025-11-21T05:47:31.356Z] GET /api/categories
[2025-11-21T05:47:31.368Z] [32MINFO[39M: 📥 [2025-11-21T05:47:31.368Z] GET /api/categories
[2025-11-21T05:47:35.930Z] [32MINFO[39M: 📥 [2025-11-21T05:47:35.930Z] GET /api/count/webview
[2025-11-21T05:47:36.002Z] [32MINFO[39M: 📥 [2025-11-21T05:47:36.002Z] GET /api/count/webview
[2025-11-21T05:47:48.014Z] [32MINFO[39M: 📥 [2025-11-21T05:47:48.014Z] GET /api/categories
[2025-11-21T05:47:48.038Z] [32MINFO[39M: 📥 [2025-11-21T05:47:48.038Z] GET /api/categories
[2025-11-21T05:47:54.898Z] [32MINFO[39M: 📥 [2025-11-21T05:47:54.898Z] OPTIONS /api/otp/send
[2025-11-21T05:47:54.906Z] [32MINFO[39M: 📥 [2025-11-21T05:47:54.905Z] POST /api/otp/send
[2025-11-21T05:47:54.907Z] [32MINFO[39M: Received from frontend: [object Object]
[2025-11-21T05:47:54.908Z] [32MINFO[39M: Generated OTP for 8451060827: 342505
[2025-11-21T05:48:04.634Z] [32MINFO[39M: 📥 [2025-11-21T05:48:04.634Z] OPTIONS /api/otp/verify
[2025-11-21T05:48:04.741Z] [32MINFO[39M: 📥 [2025-11-21T05:48:04.741Z] POST /api/otp/verify
[2025-11-21T05:48:04.742Z] [32MINFO[39M: Received in verifyOTP: [object Object]
[2025-11-21T05:48:12.314Z] [32MINFO[39M: 📥 [2025-11-21T05:48:12.314Z] OPTIONS /api/count/webview
[2025-11-21T05:48:12.315Z] [32MINFO[39M: 📥 [2025-11-21T05:48:12.315Z] OPTIONS /api/count/webview
[2025-11-21T05:48:12.315Z] [32MINFO[39M: 📥 [2025-11-21T05:48:12.315Z] OPTIONS /api/categories
[2025-11-21T05:48:12.316Z] [32MINFO[39M: 📥 [2025-11-21T05:48:12.316Z] OPTIONS /api/categories
[2025-11-21T05:48:12.325Z] [32MINFO[39M: 📥 [2025-11-21T05:48:12.325Z] GET /api/categories
[2025-11-21T05:48:12.327Z] [32MINFO[39M: 📥 [2025-11-21T05:48:12.327Z] GET /api/count/webview
[2025-11-21T05:48:12.343Z] [32MINFO[39M: 📥 [2025-11-21T05:48:12.343Z] GET /api/count/webview
[2025-11-21T05:48:12.345Z] [32MINFO[39M: 📥 [2025-11-21T05:48:12.345Z] GET /api/categories
[2025-11-21T05:48:14.608Z] [32MINFO[39M: 📥 [2025-11-21T05:48:14.608Z] OPTIONS /api/businesses/user
[2025-11-21T05:48:14.609Z] [32MINFO[39M: 📥 [2025-11-21T05:48:14.609Z] OPTIONS /api/businesses/user
[2025-11-21T05:48:14.620Z] [32MINFO[39M: 📥 [2025-11-21T05:48:14.620Z] GET /api/businesses/user
[2025-11-21T05:48:14.623Z] [32MINFO[39M: 4
[2025-11-21T05:48:14.623Z] [32MINFO[39M: Fetching businesses for userId: 4
[2025-11-21T05:48:14.624Z] [32MINFO[39M: [object Object]
[2025-11-21T05:48:14.626Z] [32MINFO[39M: Image rows: 
[2025-11-21T05:48:14.626Z] [32MINFO[39M: Final business payload: [object Object],[object Object],[object Object],[object Object],[object Object],[object Object],[object Object]
[2025-11-21T05:48:14.633Z] [32MINFO[39M: 📥 [2025-11-21T05:48:14.633Z] GET /api/businesses/user
[2025-11-21T05:48:14.635Z] [32MINFO[39M: 4
[2025-11-21T05:48:14.635Z] [32MINFO[39M: Fetching businesses for userId: 4
[2025-11-21T05:48:14.637Z] [32MINFO[39M: [object Object]
[2025-11-21T05:48:14.638Z] [32MINFO[39M: Image rows: 
[2025-11-21T05:48:14.638Z] [32MINFO[39M: Final business payload: [object Object],[object Object],[object Object],[object Object],[object Object],[object Object],[object Object]
[2025-11-21T05:48:18.366Z] [32MINFO[39M: 📥 [2025-11-21T05:48:18.366Z] OPTIONS /api/count/webview
[2025-11-21T05:48:18.368Z] [32MINFO[39M: 📥 [2025-11-21T05:48:18.368Z] OPTIONS /api/categories
[2025-11-21T05:48:18.372Z] [32MINFO[39M: 📥 [2025-11-21T05:48:18.372Z] OPTIONS /api/count/webview
[2025-11-21T05:48:18.373Z] [32MINFO[39M: 📥 [2025-11-21T05:48:18.373Z] OPTIONS /api/categories
[2025-11-21T05:48:18.374Z] [32MINFO[39M: 📥 [2025-11-21T05:48:18.374Z] GET /api/count/webview
[2025-11-21T05:48:18.377Z] [32MINFO[39M: 📥 [2025-11-21T05:48:18.377Z] GET /api/categories
[2025-11-21T05:48:18.385Z] [32MINFO[39M: 📥 [2025-11-21T05:48:18.385Z] GET /api/count/webview
[2025-11-21T05:48:18.386Z] [32MINFO[39M: 📥 [2025-11-21T05:48:18.386Z] GET /api/categories
[2025-11-21T05:48:21.501Z] [32MINFO[39M: 📥 [2025-11-21T05:48:21.501Z] GET /api/count/webview
[2025-11-21T05:48:21.509Z] [32MINFO[39M: 📥 [2025-11-21T05:48:21.509Z] GET /api/count/webview
[2025-11-21T05:48:38.303Z] [32MINFO[39M: 📥 [2025-11-21T05:48:38.303Z] OPTIONS /api/categories
[2025-11-21T05:48:38.304Z] [32MINFO[39M: 📥 [2025-11-21T05:48:38.304Z] OPTIONS /api/count/webview
[2025-11-21T05:48:38.305Z] [32MINFO[39M: 📥 [2025-11-21T05:48:38.305Z] OPTIONS /api/count/webview
[2025-11-21T05:48:38.305Z] [32MINFO[39M: 📥 [2025-11-21T05:48:38.305Z] OPTIONS /api/categories
[2025-11-21T05:48:38.316Z] [32MINFO[39M: 📥 [2025-11-21T05:48:38.315Z] GET /api/categories
[2025-11-21T05:48:38.318Z] [32MINFO[39M: 📥 [2025-11-21T05:48:38.318Z] GET /api/count/webview
[2025-11-21T05:48:38.328Z] [32MINFO[39M: 📥 [2025-11-21T05:48:38.328Z] GET /api/count/webview
[2025-11-21T05:48:38.329Z] [32MINFO[39M: 📥 [2025-11-21T05:48:38.329Z] GET /api/categories
[2025-11-21T05:56:29.882Z] [32MINFO[39M: 📥 [2025-11-21T05:56:29.882Z] OPTIONS /api/count/webview
[2025-11-21T05:56:29.884Z] [32MINFO[39M: 📥 [2025-11-21T05:56:29.884Z] OPTIONS /api/categories
[2025-11-21T05:56:29.885Z] [32MINFO[39M: 📥 [2025-11-21T05:56:29.885Z] OPTIONS /api/categories
[2025-11-21T05:56:29.886Z] [32MINFO[39M: 📥 [2025-11-21T05:56:29.886Z] OPTIONS /api/count/webview
[2025-11-21T05:56:29.907Z] [32MINFO[39M: 📥 [2025-11-21T05:56:29.907Z] GET /api/count/webview
[2025-11-21T05:56:29.908Z] [32MINFO[39M: 📥 [2025-11-21T05:56:29.908Z] GET /api/categories
[2025-11-21T05:56:29.923Z] [32MINFO[39M: 📥 [2025-11-21T05:56:29.923Z] GET /api/count/webview
[2025-11-21T05:56:29.925Z] [32MINFO[39M: 📥 [2025-11-21T05:56:29.925Z] GET /api/categories
[2025-11-21T05:56:30.924Z] [32MINFO[39M: 📥 [2025-11-21T05:56:30.924Z] GET /api/count/webview
[2025-11-21T05:56:30.925Z] [32MINFO[39M: 📥 [2025-11-21T05:56:30.925Z] GET /api/categories
[2025-11-21T05:56:30.955Z] [32MINFO[39M: 📥 [2025-11-21T05:56:30.955Z] GET /api/categories
[2025-11-21T05:56:30.956Z] [32MINFO[39M: 📥 [2025-11-21T05:56:30.956Z] GET /api/count/webview
[2025-11-21T06:02:54.785Z] [32MINFO[39M: 📥 [2025-11-21T06:02:54.785Z] OPTIONS /api/count/webview
[2025-11-21T06:02:54.787Z] [32MINFO[39M: 📥 [2025-11-21T06:02:54.787Z] OPTIONS /api/categories
[2025-11-21T06:02:54.788Z] [32MINFO[39M: 📥 [2025-11-21T06:02:54.788Z] OPTIONS /api/categories
[2025-11-21T06:02:54.789Z] [32MINFO[39M: 📥 [2025-11-21T06:02:54.789Z] OPTIONS /api/count/webview
[2025-11-21T06:02:54.798Z] [32MINFO[39M: 📥 [2025-11-21T06:02:54.798Z] GET /api/count/webview
[2025-11-21T06:02:54.799Z] [32MINFO[39M: 📥 [2025-11-21T06:02:54.799Z] GET /api/categories
[2025-11-21T06:02:54.805Z] [32MINFO[39M: 📥 [2025-11-21T06:02:54.805Z] GET /api/count/webview
[2025-11-21T06:02:54.807Z] [32MINFO[39M: 📥 [2025-11-21T06:02:54.807Z] GET /api/categories
[2025-11-21T06:07:48.843Z] [32MINFO[39M: 📥 [2025-11-21T06:07:48.843Z] OPTIONS /api/categories
[2025-11-21T06:07:48.845Z] [32MINFO[39M: 📥 [2025-11-21T06:07:48.845Z] OPTIONS /api/count/webview
[2025-11-21T06:07:48.845Z] [32MINFO[39M: 📥 [2025-11-21T06:07:48.845Z] OPTIONS /api/count/webview
[2025-11-21T06:07:48.846Z] [32MINFO[39M: 📥 [2025-11-21T06:07:48.846Z] OPTIONS /api/categories
[2025-11-21T06:07:48.865Z] [32MINFO[39M: 📥 [2025-11-21T06:07:48.865Z] GET /api/count/webview
[2025-11-21T06:07:48.866Z] [32MINFO[39M: 📥 [2025-11-21T06:07:48.866Z] GET /api/categories
[2025-11-21T06:07:48.889Z] [32MINFO[39M: 📥 [2025-11-21T06:07:48.889Z] GET /api/count/webview
[2025-11-21T06:07:48.906Z] [32MINFO[39M: 📥 [2025-11-21T06:07:48.906Z] GET /api/categories
[2025-11-21T06:08:04.245Z] [32MINFO[39M: 📥 [2025-11-21T06:08:04.245Z] OPTIONS /api/categories
[2025-11-21T06:08:04.246Z] [32MINFO[39M: 📥 [2025-11-21T06:08:04.246Z] OPTIONS /api/count/webview
[2025-11-21T06:08:04.247Z] [32MINFO[39M: 📥 [2025-11-21T06:08:04.247Z] OPTIONS /api/count/webview
[2025-11-21T06:08:04.248Z] [32MINFO[39M: 📥 [2025-11-21T06:08:04.248Z] OPTIONS /api/categories
[2025-11-21T06:08:04.260Z] [32MINFO[39M: 📥 [2025-11-21T06:08:04.260Z] GET /api/count/webview
[2025-11-21T06:08:04.261Z] [32MINFO[39M: 📥 [2025-11-21T06:08:04.261Z] GET /api/categories
[2025-11-21T06:08:04.262Z] [32MINFO[39M: 📥 [2025-11-21T06:08:04.262Z] GET /api/categories
[2025-11-21T06:08:04.264Z] [32MINFO[39M: 📥 [2025-11-21T06:08:04.264Z] GET /api/count/webview
[2025-11-21T06:20:01.743Z] [32MINFO[39M: 📥 [2025-11-21T06:20:01.743Z] OPTIONS /api/categories
[2025-11-21T06:20:01.751Z] [32MINFO[39M: 📥 [2025-11-21T06:20:01.750Z] OPTIONS /api/categories
[2025-11-21T06:20:01.906Z] [32MINFO[39M: 📥 [2025-11-21T06:20:01.906Z] GET /api/categories
[2025-11-21T06:20:02.104Z] [32MINFO[39M: 📥 [2025-11-21T06:20:02.104Z] GET /api/categories
[2025-11-21T06:20:33.630Z] [32MINFO[39M: 📥 [2025-11-21T06:20:33.630Z] OPTIONS /api/categories
[2025-11-21T06:20:33.631Z] [32MINFO[39M: 📥 [2025-11-21T06:20:33.631Z] OPTIONS /api/categories
[2025-11-21T06:20:33.651Z] [32MINFO[39M: 📥 [2025-11-21T06:20:33.651Z] GET /api/categories
[2025-11-21T06:20:33.673Z] [32MINFO[39M: 📥 [2025-11-21T06:20:33.673Z] GET /api/categories
[2025-11-21T06:20:51.098Z] [32MINFO[39M: 📥 [2025-11-21T06:20:51.098Z] OPTIONS /api/categories
[2025-11-21T06:20:51.099Z] [32MINFO[39M: 📥 [2025-11-21T06:20:51.099Z] OPTIONS /api/categories
[2025-11-21T06:20:51.106Z] [32MINFO[39M: 📥 [2025-11-21T06:20:51.106Z] GET /api/categories
[2025-11-21T06:20:51.119Z] [32MINFO[39M: 📥 [2025-11-21T06:20:51.119Z] GET /api/categories
[2025-11-21T06:23:57.967Z] [32MINFO[39M: 📥 [2025-11-21T06:23:57.967Z] OPTIONS /api/count/webview
[2025-11-21T06:23:57.968Z] [32MINFO[39M: 📥 [2025-11-21T06:23:57.968Z] OPTIONS /api/categories
[2025-11-21T06:23:57.969Z] [32MINFO[39M: 📥 [2025-11-21T06:23:57.969Z] OPTIONS /api/categories
[2025-11-21T06:23:57.970Z] [32MINFO[39M: 📥 [2025-11-21T06:23:57.970Z] OPTIONS /api/count/webview
[2025-11-21T06:23:57.978Z] [32MINFO[39M: 📥 [2025-11-21T06:23:57.978Z] GET /api/count/webview
[2025-11-21T06:23:57.979Z] [32MINFO[39M: 📥 [2025-11-21T06:23:57.979Z] GET /api/categories
[2025-11-21T06:23:57.987Z] [32MINFO[39M: 📥 [2025-11-21T06:23:57.987Z] GET /api/count/webview
[2025-11-21T06:23:57.997Z] [32MINFO[39M: 📥 [2025-11-21T06:23:57.997Z] GET /api/categories
[2025-11-21T06:23:59.171Z] [32MINFO[39M: 📥 [2025-11-21T06:23:59.171Z] GET /api/count/webview
[2025-11-21T06:23:59.172Z] [32MINFO[39M: 📥 [2025-11-21T06:23:59.172Z] GET /api/categories
[2025-11-21T06:23:59.281Z] [32MINFO[39M: 📥 [2025-11-21T06:23:59.281Z] GET /api/categories
[2025-11-21T06:23:59.282Z] [32MINFO[39M: 📥 [2025-11-21T06:23:59.282Z] GET /api/count/webview
[2025-11-21T06:24:09.384Z] [32MINFO[39M: 📥 [2025-11-21T06:24:09.384Z] OPTIONS /api/categories
[2025-11-21T06:24:09.385Z] [32MINFO[39M: 📥 [2025-11-21T06:24:09.385Z] OPTIONS /api/categories
[2025-11-21T06:24:09.390Z] [32MINFO[39M: 📥 [2025-11-21T06:24:09.390Z] GET /api/categories
[2025-11-21T06:24:09.398Z] [32MINFO[39M: 📥 [2025-11-21T06:24:09.398Z] GET /api/categories
[2025-11-21T06:24:35.502Z] [32MINFO[39M: 📥 [2025-11-21T06:24:35.502Z] OPTIONS /api/categories
[2025-11-21T06:24:35.505Z] [32MINFO[39M: 📥 [2025-11-21T06:24:35.505Z] OPTIONS /api/categories
[2025-11-21T06:24:35.511Z] [32MINFO[39M: 📥 [2025-11-21T06:24:35.511Z] GET /api/categories
[2025-11-21T06:24:35.524Z] [32MINFO[39M: 📥 [2025-11-21T06:24:35.524Z] GET /api/categories
[2025-11-21T06:24:36.961Z] [32MINFO[39M: 📥 [2025-11-21T06:24:36.961Z] OPTIONS /api/count/webview
[2025-11-21T06:24:36.964Z] [32MINFO[39M: 📥 [2025-11-21T06:24:36.964Z] GET /api/categories
[2025-11-21T06:24:37.008Z] [32MINFO[39M: 📥 [2025-11-21T06:24:37.008Z] GET /api/categories
[2025-11-21T06:24:37.009Z] [32MINFO[39M: 📥 [2025-11-21T06:24:37.009Z] OPTIONS /api/count/webview
[2025-11-21T06:24:37.010Z] [32MINFO[39M: 📥 [2025-11-21T06:24:37.010Z] GET /api/count/webview
[2025-11-21T06:24:37.020Z] [32MINFO[39M: 📥 [2025-11-21T06:24:37.020Z] GET /api/count/webview
[2025-11-21T06:24:41.512Z] [32MINFO[39M: 📥 [2025-11-21T06:24:41.512Z] OPTIONS /api/categories
[2025-11-21T06:24:41.513Z] [32MINFO[39M: 📥 [2025-11-21T06:24:41.513Z] OPTIONS /api/categories
[2025-11-21T06:24:41.537Z] [32MINFO[39M: 📥 [2025-11-21T06:24:41.537Z] GET /api/categories
[2025-11-21T06:24:41.547Z] [32MINFO[39M: 📥 [2025-11-21T06:24:41.547Z] GET /api/categories
[2025-11-21T06:26:18.574Z] [32MINFO[39M: 📥 [2025-11-21T06:26:18.574Z] OPTIONS /api/count/webview
[2025-11-21T06:26:18.575Z] [32MINFO[39M: 📥 [2025-11-21T06:26:18.575Z] OPTIONS /api/categories
[2025-11-21T06:26:18.576Z] [32MINFO[39M: 📥 [2025-11-21T06:26:18.576Z] OPTIONS /api/count/webview
[2025-11-21T06:26:18.577Z] [32MINFO[39M: 📥 [2025-11-21T06:26:18.577Z] OPTIONS /api/categories
[2025-11-21T06:26:18.585Z] [32MINFO[39M: 📥 [2025-11-21T06:26:18.585Z] GET /api/count/webview
[2025-11-21T06:26:18.586Z] [32MINFO[39M: 📥 [2025-11-21T06:26:18.586Z] GET /api/categories
[2025-11-21T06:26:18.595Z] [32MINFO[39M: 📥 [2025-11-21T06:26:18.595Z] GET /api/count/webview
[2025-11-21T06:26:18.597Z] [32MINFO[39M: 📥 [2025-11-21T06:26:18.597Z] GET /api/categories
[2025-11-21T06:27:28.883Z] [32MINFO[39M: 📥 [2025-11-21T06:27:28.883Z] OPTIONS /api/categories
[2025-11-21T06:27:28.885Z] [32MINFO[39M: 📥 [2025-11-21T06:27:28.885Z] OPTIONS /api/categories
[2025-11-21T06:27:29.010Z] [32MINFO[39M: 📥 [2025-11-21T06:27:29.010Z] GET /api/categories
[2025-11-21T06:27:29.272Z] [32MINFO[39M: 📥 [2025-11-21T06:27:29.272Z] GET /api/categories
[2025-11-21T06:27:34.178Z] [32MINFO[39M: 📥 [2025-11-21T06:27:34.178Z] OPTIONS /api/categories
[2025-11-21T06:27:34.192Z] [32MINFO[39M: 📥 [2025-11-21T06:27:34.191Z] OPTIONS /api/categories
[2025-11-21T06:27:34.210Z] [32MINFO[39M: 📥 [2025-11-21T06:27:34.210Z] GET /api/categories
[2025-11-21T06:27:34.244Z] [32MINFO[39M: 📥 [2025-11-21T06:27:34.244Z] GET /api/categories
[2025-11-21T06:27:36.182Z] [32MINFO[39M: 📥 [2025-11-21T06:27:36.182Z] OPTIONS /api/count/webview
[2025-11-21T06:27:36.187Z] [32MINFO[39M: 📥 [2025-11-21T06:27:36.187Z] OPTIONS /api/count/webview
[2025-11-21T06:27:36.413Z] [32MINFO[39M: 📥 [2025-11-21T06:27:36.413Z] GET /api/categories
[2025-11-21T06:27:36.418Z] [32MINFO[39M: 📥 [2025-11-21T06:27:36.418Z] GET /api/count/webview
[2025-11-21T06:27:36.572Z] [32MINFO[39M: 📥 [2025-11-21T06:27:36.572Z] GET /api/count/webview
[2025-11-21T06:27:36.573Z] [32MINFO[39M: 📥 [2025-11-21T06:27:36.573Z] GET /api/categories
[2025-11-21T06:27:42.760Z] [32MINFO[39M: 📥 [2025-11-21T06:27:42.760Z] OPTIONS /api/categories
[2025-11-21T06:27:42.761Z] [32MINFO[39M: 📥 [2025-11-21T06:27:42.761Z] OPTIONS /api/categories
[2025-11-21T06:27:42.845Z] [32MINFO[39M: 📥 [2025-11-21T06:27:42.845Z] GET /api/categories
[2025-11-21T06:27:42.860Z] [32MINFO[39M: 📥 [2025-11-21T06:27:42.859Z] GET /api/categories
[2025-11-21T06:29:40.976Z] [32MINFO[39M: 📥 [2025-11-21T06:29:40.976Z] OPTIONS /api/categories
[2025-11-21T06:29:40.977Z] [32MINFO[39M: 📥 [2025-11-21T06:29:40.977Z] OPTIONS /api/categories
[2025-11-21T06:29:40.986Z] [32MINFO[39M: 📥 [2025-11-21T06:29:40.986Z] GET /api/categories
[2025-11-21T06:29:40.996Z] [32MINFO[39M: 📥 [2025-11-21T06:29:40.996Z] GET /api/categories
[2025-11-21T06:33:06.171Z] [32MINFO[39M: 📥 [2025-11-21T06:33:06.171Z] OPTIONS /api/categories
[2025-11-21T06:33:06.172Z] [32MINFO[39M: 📥 [2025-11-21T06:33:06.172Z] OPTIONS /api/categories
[2025-11-21T06:33:06.202Z] [32MINFO[39M: 📥 [2025-11-21T06:33:06.202Z] GET /api/categories
[2025-11-21T06:33:06.214Z] [32MINFO[39M: 📥 [2025-11-21T06:33:06.214Z] GET /api/categories
[2025-11-21T06:34:40.887Z] [32MINFO[39M: 📥 [2025-11-21T06:34:40.887Z] OPTIONS /api/count/webview
[2025-11-21T06:34:40.889Z] [32MINFO[39M: 📥 [2025-11-21T06:34:40.889Z] OPTIONS /api/categories
[2025-11-21T06:34:40.891Z] [32MINFO[39M: 📥 [2025-11-21T06:34:40.891Z] OPTIONS /api/count/webview
[2025-11-21T06:34:40.892Z] [32MINFO[39M: 📥 [2025-11-21T06:34:40.892Z] OPTIONS /api/categories
[2025-11-21T06:34:40.897Z] [32MINFO[39M: 📥 [2025-11-21T06:34:40.897Z] GET /api/count/webview
[2025-11-21T06:34:40.898Z] [32MINFO[39M: 📥 [2025-11-21T06:34:40.898Z] GET /api/categories
[2025-11-21T06:34:40.907Z] [32MINFO[39M: 📥 [2025-11-21T06:34:40.907Z] GET /api/count/webview
[2025-11-21T06:34:41.404Z] [32MINFO[39M: 📥 [2025-11-21T06:34:41.404Z] GET /api/categories
[2025-11-21T06:39:06.062Z] [32MINFO[39M: 📥 [2025-11-21T06:39:06.062Z] OPTIONS /api/categories
[2025-11-21T06:39:06.068Z] [32MINFO[39M: 📥 [2025-11-21T06:39:06.068Z] OPTIONS /api/count/webview
[2025-11-21T06:39:06.074Z] [32MINFO[39M: 📥 [2025-11-21T06:39:06.074Z] OPTIONS /api/count/webview
[2025-11-21T06:39:06.079Z] [32MINFO[39M: 📥 [2025-11-21T06:39:06.079Z] GET /api/categories
[2025-11-21T06:39:06.081Z] [32MINFO[39M: 📥 [2025-11-21T06:39:06.081Z] OPTIONS /api/categories
[2025-11-21T06:39:06.083Z] [32MINFO[39M: 📥 [2025-11-21T06:39:06.083Z] GET /api/count/webview
[2025-11-21T06:39:06.233Z] [32MINFO[39M: 📥 [2025-11-21T06:39:06.233Z] GET /api/categories
[2025-11-21T06:39:06.234Z] [32MINFO[39M: 📥 [2025-11-21T06:39:06.234Z] GET /api/count/webview
[2025-11-21T06:45:26.592Z] [32MINFO[39M: 📥 [2025-11-21T06:45:26.592Z] OPTIONS /api/count/webview
[2025-11-21T06:45:26.594Z] [32MINFO[39M: 📥 [2025-11-21T06:45:26.594Z] OPTIONS /api/count/webview
[2025-11-21T06:45:26.611Z] [32MINFO[39M: 📥 [2025-11-21T06:45:26.611Z] GET /api/count/webview
[2025-11-21T06:45:26.877Z] [32MINFO[39M: 📥 [2025-11-21T06:45:26.877Z] GET /api/count/webview
[2025-11-21T06:47:11.139Z] [32MINFO[39M: 📥 [2025-11-21T06:47:11.139Z] OPTIONS /api/count/webview
[2025-11-21T06:47:11.146Z] [32MINFO[39M: 📥 [2025-11-21T06:47:11.146Z] OPTIONS /api/count/webview
[2025-11-21T06:47:11.154Z] [32MINFO[39M: 📥 [2025-11-21T06:47:11.154Z] GET /api/count/webview
[2025-11-21T06:47:11.173Z] [32MINFO[39M: 📥 [2025-11-21T06:47:11.173Z] GET /api/count/webview
[2025-11-21T06:49:58.372Z] [32MINFO[39M: 📥 [2025-11-21T06:49:58.372Z] OPTIONS /api/count/webview
[2025-11-21T06:49:58.373Z] [32MINFO[39M: 📥 [2025-11-21T06:49:58.373Z] OPTIONS /api/count/webview
[2025-11-21T06:49:58.385Z] [32MINFO[39M: 📥 [2025-11-21T06:49:58.385Z] GET /api/count/webview
[2025-11-21T06:49:58.394Z] [32MINFO[39M: 📥 [2025-11-21T06:49:58.394Z] GET /api/count/webview
[2025-11-21T06:50:17.803Z] [32MINFO[39M: 📥 [2025-11-21T06:50:17.803Z] OPTIONS /api/categories
[2025-11-21T06:50:17.805Z] [32MINFO[39M: 📥 [2025-11-21T06:50:17.805Z] OPTIONS /api/categories
[2025-11-21T06:50:17.817Z] [32MINFO[39M: 📥 [2025-11-21T06:50:17.817Z] GET /api/categories
[2025-11-21T06:50:17.871Z] [32MINFO[39M: 📥 [2025-11-21T06:50:17.871Z] GET /api/categories
[2025-11-21T06:50:41.576Z] [32MINFO[39M: 📥 [2025-11-21T06:50:41.575Z] OPTIONS /api/categories
[2025-11-21T06:50:41.577Z] [32MINFO[39M: 📥 [2025-11-21T06:50:41.577Z] OPTIONS /api/categories
[2025-11-21T06:50:41.586Z] [32MINFO[39M: 📥 [2025-11-21T06:50:41.586Z] GET /api/categories
[2025-11-21T06:50:41.596Z] [32MINFO[39M: 📥 [2025-11-21T06:50:41.596Z] GET /api/categories
[2025-11-21T06:51:36.775Z] [32MINFO[39M: 📥 [2025-11-21T06:51:36.775Z] OPTIONS /api/businesses/admin/pending?businesses=true
[2025-11-21T06:51:36.777Z] [32MINFO[39M: 📥 [2025-11-21T06:51:36.777Z] OPTIONS /api/businesses/admin/pending?businesses=true
[2025-11-21T06:51:36.805Z] [32MINFO[39M: 📥 [2025-11-21T06:51:36.805Z] GET /api/businesses/admin/pending?businesses=true
[2025-11-21T06:51:36.837Z] [32MINFO[39M: 4
[2025-11-21T06:51:36.840Z] [32MINFO[39M: 4
[2025-11-21T06:51:36.860Z] [32MINFO[39M: Fetched pending updates: 2
[2025-11-21T06:51:36.910Z] [32MINFO[39M: 📥 [2025-11-21T06:51:36.910Z] GET /api/businesses/admin/pending?businesses=true
[2025-11-21T06:51:36.915Z] [32MINFO[39M: 4
[2025-11-21T06:51:36.918Z] [32MINFO[39M: 4
[2025-11-21T06:51:36.923Z] [32MINFO[39M: Fetched pending updates: 2
[2025-11-21T06:51:39.845Z] [32MINFO[39M: 📥 [2025-11-21T06:51:39.845Z] OPTIONS /api/businesses?isVerified=false&page=1&limit=10
[2025-11-21T06:51:39.846Z] [32MINFO[39M: 📥 [2025-11-21T06:51:39.846Z] OPTIONS /api/businesses?isVerified=false&page=1&limit=10
[2025-11-21T06:51:40.008Z] [32MINFO[39M: 📥 [2025-11-21T06:51:40.008Z] GET /api/businesses?isVerified=false&page=1&limit=10
[2025-11-21T06:51:40.009Z] [32MINFO[39M: Fetching businesses with params: {"page":1,"limit":10,"verified":0}
[2025-11-21T06:51:40.426Z] [32MINFO[39M: 📥 [2025-11-21T06:51:40.426Z] GET /api/businesses?isVerified=false&page=1&limit=10
[2025-11-21T06:51:40.427Z] [32MINFO[39M: Fetching businesses with params: {"page":1,"limit":10,"verified":0}
[2025-11-21T06:51:51.082Z] [32MINFO[39M: 📥 [2025-11-21T06:51:51.082Z] OPTIONS /api/businesses?isVerified=false&page=1&limit=10
[2025-11-21T06:51:51.084Z] [32MINFO[39M: 📥 [2025-11-21T06:51:51.084Z] OPTIONS /api/businesses?isVerified=false&page=1&limit=10
[2025-11-21T06:51:51.098Z] [32MINFO[39M: 📥 [2025-11-21T06:51:51.098Z] GET /api/businesses?isVerified=false&page=1&limit=10
[2025-11-21T06:51:51.099Z] [32MINFO[39M: Fetching businesses with params: {"page":1,"limit":10,"verified":0}
[2025-11-21T06:51:51.109Z] [32MINFO[39M: 📥 [2025-11-21T06:51:51.109Z] GET /api/businesses?isVerified=false&page=1&limit=10
[2025-11-21T06:51:51.110Z] [32MINFO[39M: Fetching businesses with params: {"page":1,"limit":10,"verified":0}
[2025-11-21T06:51:55.610Z] [32MINFO[39M: 📥 [2025-11-21T06:51:55.610Z] OPTIONS /api/businesses?isVerified=true&page=1&limit=10
[2025-11-21T06:51:55.611Z] [32MINFO[39M: 📥 [2025-11-21T06:51:55.611Z] OPTIONS /api/businesses?isVerified=true&page=1&limit=10
[2025-11-21T06:51:55.648Z] [32MINFO[39M: 📥 [2025-11-21T06:51:55.648Z] GET /api/businesses?isVerified=true&page=1&limit=10
[2025-11-21T06:51:55.649Z] [32MINFO[39M: Fetching businesses with params: {"page":1,"limit":10,"verified":1}
[2025-11-21T06:51:55.670Z] [32MINFO[39M: 📥 [2025-11-21T06:51:55.670Z] GET /api/businesses?isVerified=true&page=1&limit=10
[2025-11-21T06:51:55.671Z] [32MINFO[39M: Fetching businesses with params: {"page":1,"limit":10,"verified":1}
[2025-11-21T06:52:01.603Z] [32MINFO[39M: 📥 [2025-11-21T06:52:01.603Z] OPTIONS /api/businesses?isVerified=false&page=1&limit=10
[2025-11-21T06:52:01.605Z] [32MINFO[39M: 📥 [2025-11-21T06:52:01.605Z] OPTIONS /api/businesses?isVerified=false&page=1&limit=10
[2025-11-21T06:52:01.610Z] [32MINFO[39M: 📥 [2025-11-21T06:52:01.610Z] GET /api/businesses?isVerified=false&page=1&limit=10
[2025-11-21T06:52:01.611Z] [32MINFO[39M: Fetching businesses with params: {"page":1,"limit":10,"verified":0}
[2025-11-21T06:52:01.622Z] [32MINFO[39M: 📥 [2025-11-21T06:52:01.622Z] GET /api/businesses?isVerified=false&page=1&limit=10
[2025-11-21T06:52:01.623Z] [32MINFO[39M: Fetching businesses with params: {"page":1,"limit":10,"verified":0}
[2025-11-21T06:52:05.136Z] [32MINFO[39M: 📥 [2025-11-21T06:52:05.136Z] OPTIONS /api/businesses?isVerified=true&page=1&limit=10
[2025-11-21T06:52:05.137Z] [32MINFO[39M: 📥 [2025-11-21T06:52:05.137Z] OPTIONS /api/businesses?isVerified=true&page=1&limit=10
[2025-11-21T06:52:05.176Z] [32MINFO[39M: 📥 [2025-11-21T06:52:05.176Z] GET /api/businesses?isVerified=true&page=1&limit=10
[2025-11-21T06:52:05.176Z] [32MINFO[39M: Fetching businesses with params: {"page":1,"limit":10,"verified":1}
[2025-11-21T06:52:05.190Z] [32MINFO[39M: 📥 [2025-11-21T06:52:05.190Z] GET /api/businesses?isVerified=true&page=1&limit=10
[2025-11-21T06:52:05.190Z] [32MINFO[39M: Fetching businesses with params: {"page":1,"limit":10,"verified":1}
[2025-11-21T06:56:18.669Z] [32MINFO[39M: 📥 [2025-11-21T06:56:18.669Z] OPTIONS /api/businesses?isVerified=false&page=1&limit=10
[2025-11-21T06:56:18.671Z] [32MINFO[39M: 📥 [2025-11-21T06:56:18.671Z] OPTIONS /api/businesses?isVerified=false&page=1&limit=10
[2025-11-21T06:56:18.806Z] [32MINFO[39M: 📥 [2025-11-21T06:56:18.806Z] GET /api/businesses?isVerified=false&page=1&limit=10
[2025-11-21T06:56:18.807Z] [32MINFO[39M: Fetching businesses with params: {"page":1,"limit":10,"verified":0}
[2025-11-21T06:56:18.852Z] [32MINFO[39M: 📥 [2025-11-21T06:56:18.852Z] GET /api/businesses?isVerified=false&page=1&limit=10
[2025-11-21T06:56:18.852Z] [32MINFO[39M: Fetching businesses with params: {"page":1,"limit":10,"verified":0}
[2025-11-21T06:56:43.540Z] [32MINFO[39M: 📥 [2025-11-21T06:56:43.540Z] OPTIONS /api/businesses?isVerified=true&page=1&limit=10
[2025-11-21T06:56:43.542Z] [32MINFO[39M: 📥 [2025-11-21T06:56:43.542Z] OPTIONS /api/businesses?isVerified=true&page=1&limit=10
[2025-11-21T06:56:43.547Z] [32MINFO[39M: 📥 [2025-11-21T06:56:43.547Z] GET /api/businesses?isVerified=true&page=1&limit=10
[2025-11-21T06:56:43.548Z] [32MINFO[39M: Fetching businesses with params: {"page":1,"limit":10,"verified":1}
[2025-11-21T06:56:43.567Z] [32MINFO[39M: 📥 [2025-11-21T06:56:43.567Z] GET /api/businesses?isVerified=true&page=1&limit=10
[2025-11-21T06:56:43.567Z] [32MINFO[39M: Fetching businesses with params: {"page":1,"limit":10,"verified":1}
[2025-11-21T06:58:07.022Z] [32MINFO[39M: 📥 [2025-11-21T06:58:07.022Z] OPTIONS /api/businesses?isVerified=false&page=1&limit=10
[2025-11-21T06:58:07.023Z] [32MINFO[39M: 📥 [2025-11-21T06:58:07.023Z] OPTIONS /api/businesses?isVerified=false&page=1&limit=10
[2025-11-21T06:58:07.033Z] [32MINFO[39M: 📥 [2025-11-21T06:58:07.032Z] GET /api/businesses?isVerified=false&page=1&limit=10
[2025-11-21T06:58:07.033Z] [32MINFO[39M: Fetching businesses with params: {"page":1,"limit":10,"verified":0}
[2025-11-21T06:58:07.077Z] [32MINFO[39M: 📥 [2025-11-21T06:58:07.077Z] GET /api/businesses?isVerified=false&page=1&limit=10
[2025-11-21T06:58:07.078Z] [32MINFO[39M: Fetching businesses with params: {"page":1,"limit":10,"verified":0}
[2025-11-21T06:58:08.562Z] [32MINFO[39M: 📥 [2025-11-21T06:58:08.562Z] OPTIONS /api/businesses?isVerified=true&page=1&limit=10
[2025-11-21T06:58:08.563Z] [32MINFO[39M: 📥 [2025-11-21T06:58:08.563Z] OPTIONS /api/businesses?isVerified=true&page=1&limit=10
[2025-11-21T06:58:08.571Z] [32MINFO[39M: 📥 [2025-11-21T06:58:08.571Z] GET /api/businesses?isVerified=true&page=1&limit=10
[2025-11-21T06:58:08.571Z] [32MINFO[39M: Fetching businesses with params: {"page":1,"limit":10,"verified":1}
[2025-11-21T06:58:08.581Z] [32MINFO[39M: 📥 [2025-11-21T06:58:08.581Z] GET /api/businesses?isVerified=true&page=1&limit=10
[2025-11-21T06:58:08.582Z] [32MINFO[39M: Fetching businesses with params: {"page":1,"limit":10,"verified":1}
[2025-11-21T06:59:14.108Z] [32MINFO[39M: 📥 [2025-11-21T06:59:14.108Z] OPTIONS /api/businesses/45
[2025-11-21T06:59:14.142Z] [32MINFO[39M: 📥 [2025-11-21T06:59:14.142Z] PUT /api/businesses/45
[2025-11-21T06:59:14.148Z] [32MINFO[39M: 4
[2025-11-21T06:59:14.148Z] [32MINFO[39M: Business ID: 45
[2025-11-21T06:59:14.149Z] [32MINFO[39M: Current User ID: 4
[2025-11-21T06:59:14.149Z] [32MINFO[39M: User Role: admin
[2025-11-21T06:59:14.149Z] [32MINFO[39M: User: [object Object]
[2025-11-21T06:59:14.149Z] [32MINFO[39M: Request Body: [object Object]
[2025-11-21T06:59:14.160Z] [32MINFO[39M: Latitude: 19.116454052177552 Longitude: 72.93697637700294
[2025-11-21T06:59:14.160Z] [32MINFO[39M:  admin is updating the business directly...
[2025-11-21T06:59:14.161Z] [32MINFO[39M: Timing JSON: {"monday":{"open":"09:30","close":"18:00","closed":true},"tuesday":{"open":"09:00","close":"18:00","closed":true},"wednesday":{"open":"09:00","close":"18:00","closed":true},"thursday":{"open":"08:00","close":"10:00","closed":false},"friday":{"open":"22:00","close":"19:00","closed":false},"saturday":{"open":"12:00","close":"14:00","closed":false},"sunday":{"open":"09:00","close":"18:00","closed":true}}
[2025-11-21T06:59:14.161Z] [32MINFO[39M: Timing length: 404
[2025-11-21T06:59:14.198Z] [32MINFO[39M: Update result: [object Object]
[2025-11-21T06:59:14.233Z] [32MINFO[39M: 📥 [2025-11-21T06:59:14.233Z] OPTIONS /api/businesses?isVerified=true&page=1&limit=10
[2025-11-21T06:59:14.244Z] [32MINFO[39M: 📥 [2025-11-21T06:59:14.244Z] GET /api/businesses?isVerified=true&page=1&limit=10
[2025-11-21T06:59:14.245Z] [32MINFO[39M: Fetching businesses with params: {"page":1,"limit":10,"verified":1}
[2025-11-21T06:59:32.387Z] [32MINFO[39M: 📥 [2025-11-21T06:59:32.387Z] OPTIONS /api/businesses/admin/pending?businesses=true
[2025-11-21T06:59:32.389Z] [32MINFO[39M: 📥 [2025-11-21T06:59:32.389Z] OPTIONS /api/businesses/admin/pending?businesses=true
[2025-11-21T06:59:32.439Z] [32MINFO[39M: 📥 [2025-11-21T06:59:32.439Z] GET /api/businesses/admin/pending?businesses=true
[2025-11-21T06:59:32.442Z] [32MINFO[39M: 4
[2025-11-21T06:59:32.444Z] [32MINFO[39M: 4
[2025-11-21T06:59:32.449Z] [32MINFO[39M: Fetched pending updates: 2
[2025-11-21T06:59:32.456Z] [32MINFO[39M: 📥 [2025-11-21T06:59:32.456Z] GET /api/businesses/admin/pending?businesses=true
[2025-11-21T06:59:32.459Z] [32MINFO[39M: 4
[2025-11-21T06:59:32.461Z] [32MINFO[39M: 4
[2025-11-21T06:59:32.467Z] [32MINFO[39M: Fetched pending updates: 2
[2025-11-21T06:59:36.093Z] [32MINFO[39M: 📥 [2025-11-21T06:59:36.093Z] OPTIONS /api/businesses?isVerified=true&page=1&limit=10
[2025-11-21T06:59:36.095Z] [32MINFO[39M: 📥 [2025-11-21T06:59:36.095Z] OPTIONS /api/businesses?isVerified=true&page=1&limit=10
[2025-11-21T06:59:36.107Z] [32MINFO[39M: 📥 [2025-11-21T06:59:36.107Z] GET /api/businesses?isVerified=true&page=1&limit=10
[2025-11-21T06:59:36.108Z] [32MINFO[39M: Fetching businesses with params: {"page":1,"limit":10,"verified":1}
[2025-11-21T06:59:36.167Z] [32MINFO[39M: 📥 [2025-11-21T06:59:36.167Z] GET /api/businesses?isVerified=true&page=1&limit=10
[2025-11-21T06:59:36.167Z] [32MINFO[39M: Fetching businesses with params: {"page":1,"limit":10,"verified":1}
[2025-11-21T06:59:40.330Z] [32MINFO[39M: 📥 [2025-11-21T06:59:40.330Z] GET /api/businesses?isVerified=true&page=1&limit=10
[2025-11-21T06:59:40.331Z] [32MINFO[39M: Fetching businesses with params: {"page":1,"limit":10,"verified":1}
[2025-11-21T06:59:40.343Z] [32MINFO[39M: 📥 [2025-11-21T06:59:40.343Z] GET /api/businesses?isVerified=true&page=1&limit=10
[2025-11-21T06:59:40.343Z] [32MINFO[39M: Fetching businesses with params: {"page":1,"limit":10,"verified":1}
[2025-11-21T06:59:45.458Z] [32MINFO[39M: 📥 [2025-11-21T06:59:45.457Z] OPTIONS /api/categories
[2025-11-21T06:59:45.459Z] [32MINFO[39M: 📥 [2025-11-21T06:59:45.459Z] OPTIONS /api/categories
[2025-11-21T06:59:45.459Z] [32MINFO[39M: 📥 [2025-11-21T06:59:45.459Z] OPTIONS /api/count/webview
[2025-11-21T06:59:45.460Z] [32MINFO[39M: 📥 [2025-11-21T06:59:45.460Z] OPTIONS /api/count/webview
[2025-11-21T06:59:45.468Z] [32MINFO[39M: 📥 [2025-11-21T06:59:45.468Z] GET /api/categories
[2025-11-21T06:59:45.469Z] [32MINFO[39M: 📥 [2025-11-21T06:59:45.469Z] GET /api/count/webview
[2025-11-21T06:59:45.477Z] [32MINFO[39M: 📥 [2025-11-21T06:59:45.477Z] GET /api/count/webview
[2025-11-21T06:59:45.479Z] [32MINFO[39M: 📥 [2025-11-21T06:59:45.479Z] GET /api/categories
[2025-11-21T06:59:54.028Z] [32MINFO[39M: 📥 [2025-11-21T06:59:54.028Z] OPTIONS /api/businesses?categoryslug=clothing&subcategoryslug=mens-wear
[2025-11-21T06:59:54.030Z] [32MINFO[39M: 📥 [2025-11-21T06:59:54.030Z] OPTIONS /api/businesses?categoryslug=clothing&subcategoryslug=mens-wear
[2025-11-21T06:59:54.095Z] [32MINFO[39M: 📥 [2025-11-21T06:59:54.095Z] GET /api/businesses?categoryslug=clothing&subcategoryslug=mens-wear
[2025-11-21T06:59:54.095Z] [32MINFO[39M: Fetching businesses with params: {"categoryslug":"clothing","subcategoryslug":"mens-wear","page":1,"limit":10,"verified":1}
[2025-11-21T06:59:54.110Z] [32MINFO[39M: 📥 [2025-11-21T06:59:54.110Z] GET /api/businesses?categoryslug=clothing&subcategoryslug=mens-wear
[2025-11-21T06:59:54.111Z] [32MINFO[39M: Fetching businesses with params: {"categoryslug":"clothing","subcategoryslug":"mens-wear","page":1,"limit":10,"verified":1}
[2025-11-21T07:00:16.981Z] [32MINFO[39M: 📥 [2025-11-21T07:00:16.981Z] OPTIONS /api/count/webview
[2025-11-21T07:00:16.982Z] [32MINFO[39M: 📥 [2025-11-21T07:00:16.982Z] OPTIONS /api/count/webview
[2025-11-21T07:00:16.985Z] [32MINFO[39M: 📥 [2025-11-21T07:00:16.985Z] OPTIONS /api/businesses?categoryslug=clothing&subcategoryslug=mens-wear
[2025-11-21T07:00:16.985Z] [32MINFO[39M: 📥 [2025-11-21T07:00:16.985Z] OPTIONS /api/businesses?categoryslug=clothing&subcategoryslug=mens-wear
[2025-11-21T07:00:16.993Z] [32MINFO[39M: 📥 [2025-11-21T07:00:16.993Z] GET /api/businesses?categoryslug=clothing&subcategoryslug=mens-wear
[2025-11-21T07:00:16.994Z] [32MINFO[39M: Fetching businesses with params: {"categoryslug":"clothing","subcategoryslug":"mens-wear","page":1,"limit":10,"verified":1}
[2025-11-21T07:00:16.995Z] [32MINFO[39M: 📥 [2025-11-21T07:00:16.995Z] GET /api/count/webview
[2025-11-21T07:00:17.007Z] [32MINFO[39M: 📥 [2025-11-21T07:00:17.007Z] GET /api/count/webview
[2025-11-21T07:00:17.008Z] [32MINFO[39M: 📥 [2025-11-21T07:00:17.008Z] GET /api/businesses?categoryslug=clothing&subcategoryslug=mens-wear
[2025-11-21T07:00:17.008Z] [32MINFO[39M: Fetching businesses with params: {"categoryslug":"clothing","subcategoryslug":"mens-wear","page":1,"limit":10,"verified":1}
[2025-11-21T07:00:20.481Z] [32MINFO[39M: 📥 [2025-11-21T07:00:20.481Z] GET /api/businesses?categoryslug=clothing&subcategoryslug=mens-wear
[2025-11-21T07:00:20.482Z] [32MINFO[39M: Fetching businesses with params: {"categoryslug":"clothing","subcategoryslug":"mens-wear","page":1,"limit":10,"verified":1}
[2025-11-21T07:00:20.628Z] [32MINFO[39M: 📥 [2025-11-21T07:00:20.628Z] GET /api/businesses?categoryslug=clothing&subcategoryslug=mens-wear
[2025-11-21T07:00:20.629Z] [32MINFO[39M: Fetching businesses with params: {"categoryslug":"clothing","subcategoryslug":"mens-wear","page":1,"limit":10,"verified":1}
[2025-11-21T07:00:22.136Z] [32MINFO[39M: 📥 [2025-11-21T07:00:22.136Z] OPTIONS /api/businesses?categoryslug=clothing&subcategoryslug=mens-wear
[2025-11-21T07:00:22.146Z] [32MINFO[39M: 📥 [2025-11-21T07:00:22.146Z] OPTIONS /api/businesses?categoryslug=clothing&subcategoryslug=mens-wear
[2025-11-21T07:00:22.151Z] [32MINFO[39M: 📥 [2025-11-21T07:00:22.151Z] GET /api/businesses?categoryslug=clothing&subcategoryslug=mens-wear
[2025-11-21T07:00:22.151Z] [32MINFO[39M: Fetching businesses with params: {"categoryslug":"clothing","subcategoryslug":"mens-wear","page":1,"limit":10,"verified":1}
[2025-11-21T07:00:22.160Z] [32MINFO[39M: 📥 [2025-11-21T07:00:22.160Z] GET /api/businesses?categoryslug=clothing&subcategoryslug=mens-wear
[2025-11-21T07:00:22.161Z] [32MINFO[39M: Fetching businesses with params: {"categoryslug":"clothing","subcategoryslug":"mens-wear","page":1,"limit":10,"verified":1}
[2025-11-21T07:00:23.734Z] [32MINFO[39M: 📥 [2025-11-21T07:00:23.734Z] OPTIONS /api/businesses?categoryslug=clothing&subcategoryslug=womens-wear
[2025-11-21T07:00:23.735Z] [32MINFO[39M: 📥 [2025-11-21T07:00:23.735Z] OPTIONS /api/businesses?categoryslug=clothing&subcategoryslug=womens-wear
[2025-11-21T07:00:23.744Z] [32MINFO[39M: 📥 [2025-11-21T07:00:23.744Z] GET /api/businesses?categoryslug=clothing&subcategoryslug=womens-wear
[2025-11-21T07:00:23.745Z] [32MINFO[39M: Fetching businesses with params: {"categoryslug":"clothing","subcategoryslug":"womens-wear","page":1,"limit":10,"verified":1}
[2025-11-21T07:00:23.756Z] [32MINFO[39M: 📥 [2025-11-21T07:00:23.756Z] GET /api/businesses?categoryslug=clothing&subcategoryslug=womens-wear
[2025-11-21T07:00:23.757Z] [32MINFO[39M: Fetching businesses with params: {"categoryslug":"clothing","subcategoryslug":"womens-wear","page":1,"limit":10,"verified":1}
[2025-11-21T07:00:26.536Z] [32MINFO[39M: 📥 [2025-11-21T07:00:26.536Z] OPTIONS /api/businesses/s/test-2-kurla-west
[2025-11-21T07:00:26.541Z] [32MINFO[39M: 📥 [2025-11-21T07:00:26.541Z] OPTIONS /api/businesses/s/test-2-kurla-west
[2025-11-21T07:00:26.555Z] [32MINFO[39M: 📥 [2025-11-21T07:00:26.555Z] GET /api/businesses/s/test-2-kurla-west
[2025-11-21T07:00:26.556Z] [32MINFO[39M: Received request for business with slug: test-2-kurla-west
[2025-11-21T07:00:26.567Z] [32MINFO[39M: 📥 [2025-11-21T07:00:26.567Z] GET /api/businesses/s/test-2-kurla-west
[2025-11-21T07:00:26.568Z] [32MINFO[39M: Received request for business with slug: test-2-kurla-west
[2025-11-21T07:00:26.643Z] [32MINFO[39M: 📥 [2025-11-21T07:00:26.643Z] OPTIONS /api/businesses/45/view
[2025-11-21T07:00:26.729Z] [32MINFO[39M: 📥 [2025-11-21T07:00:26.729Z] PUT /api/businesses/45/view
[2025-11-21T07:00:26.746Z] [32MINFO[39M: viewCount 4
[2025-11-21T07:23:07.048Z] [32MINFO[39M: 📥 [2025-11-21T07:23:07.048Z] OPTIONS /api/businesses/s/test-2-kurla-west
[2025-11-21T07:23:07.056Z] [32MINFO[39M: 📥 [2025-11-21T07:23:07.056Z] OPTIONS /api/count/webview
[2025-11-21T07:23:07.056Z] [32MINFO[39M: 📥 [2025-11-21T07:23:07.056Z] OPTIONS /api/count/webview
[2025-11-21T07:23:07.057Z] [32MINFO[39M: 📥 [2025-11-21T07:23:07.057Z] OPTIONS /api/businesses/s/test-2-kurla-west
[2025-11-21T07:23:07.064Z] [32MINFO[39M: 📥 [2025-11-21T07:23:07.064Z] GET /api/count/webview
[2025-11-21T07:23:07.066Z] [32MINFO[39M: 📥 [2025-11-21T07:23:07.066Z] GET /api/businesses/s/test-2-kurla-west
[2025-11-21T07:23:07.066Z] [32MINFO[39M: Received request for business with slug: test-2-kurla-west
[2025-11-21T07:23:07.078Z] [32MINFO[39M: 📥 [2025-11-21T07:23:07.078Z] GET /api/count/webview
[2025-11-21T07:23:07.083Z] [32MINFO[39M: 📥 [2025-11-21T07:23:07.083Z] GET /api/businesses/s/test-2-kurla-west
[2025-11-21T07:23:07.086Z] [32MINFO[39M: Received request for business with slug: test-2-kurla-west
[2025-11-21T07:32:06.372Z] [32MINFO[39M: 📥 [2025-11-21T07:32:06.372Z] OPTIONS /api/businesses?isVerified=true&page=1&limit=10
[2025-11-21T07:32:06.373Z] [32MINFO[39M: 📥 [2025-11-21T07:32:06.373Z] OPTIONS /api/businesses?isVerified=true&page=1&limit=10
[2025-11-21T07:32:06.394Z] [32MINFO[39M: 📥 [2025-11-21T07:32:06.394Z] GET /api/businesses?isVerified=true&page=1&limit=10
[2025-11-21T07:32:06.395Z] [32MINFO[39M: Fetching businesses with params: {"page":1,"limit":10,"verified":1}
[2025-11-21T07:32:06.408Z] [32MINFO[39M: 📥 [2025-11-21T07:32:06.408Z] GET /api/businesses?isVerified=true&page=1&limit=10
[2025-11-21T07:32:06.408Z] [32MINFO[39M: Fetching businesses with params: {"page":1,"limit":10,"verified":1}
[2025-11-21T07:43:29.198Z] [32MINFO[39M: 📥 [2025-11-21T07:43:29.198Z] OPTIONS /api/count/webview
[2025-11-21T07:43:29.200Z] [32MINFO[39M: 📥 [2025-11-21T07:43:29.200Z] OPTIONS /api/businesses/s/test-2-kurla-west
[2025-11-21T07:43:29.200Z] [32MINFO[39M: 📥 [2025-11-21T07:43:29.200Z] OPTIONS /api/count/webview
[2025-11-21T07:43:29.201Z] [32MINFO[39M: 📥 [2025-11-21T07:43:29.201Z] OPTIONS /api/businesses/s/test-2-kurla-west
[2025-11-21T07:43:29.218Z] [32MINFO[39M: 📥 [2025-11-21T07:43:29.218Z] GET /api/count/webview
[2025-11-21T07:43:29.225Z] [32MINFO[39M: 📥 [2025-11-21T07:43:29.225Z] GET /api/businesses/s/test-2-kurla-west
[2025-11-21T07:43:29.225Z] [32MINFO[39M: Received request for business with slug: test-2-kurla-west
[2025-11-21T07:43:29.235Z] [32MINFO[39M: 📥 [2025-11-21T07:43:29.235Z] GET /api/count/webview
[2025-11-21T07:43:29.281Z] [32MINFO[39M: 📥 [2025-11-21T07:43:29.281Z] GET /api/businesses/s/test-2-kurla-west
[2025-11-21T07:43:29.282Z] [32MINFO[39M: Received request for business with slug: test-2-kurla-west
[2025-11-21T07:43:29.391Z] [32MINFO[39M: 📥 [2025-11-21T07:43:29.391Z] OPTIONS /api/businesses/45/view
[2025-11-21T07:43:29.441Z] [32MINFO[39M: 📥 [2025-11-21T07:43:29.441Z] PUT /api/businesses/45/view
[2025-11-21T07:43:29.451Z] [32MINFO[39M: viewCount 5
[2025-11-21T07:46:52.461Z] [32MINFO[39M: 📥 [2025-11-21T07:46:52.461Z] OPTIONS /api/count/webview
[2025-11-21T07:46:52.462Z] [32MINFO[39M: 📥 [2025-11-21T07:46:52.462Z] OPTIONS /api/businesses/s/test-2-kurla-west
[2025-11-21T07:46:52.462Z] [32MINFO[39M: 📥 [2025-11-21T07:46:52.462Z] OPTIONS /api/count/webview
[2025-11-21T07:46:52.463Z] [32MINFO[39M: 📥 [2025-11-21T07:46:52.463Z] OPTIONS /api/businesses/s/test-2-kurla-west
[2025-11-21T07:46:52.476Z] [32MINFO[39M: 📥 [2025-11-21T07:46:52.476Z] GET /api/businesses/s/test-2-kurla-west
[2025-11-21T07:46:52.477Z] [32MINFO[39M: Received request for business with slug: test-2-kurla-west
[2025-11-21T07:46:52.477Z] [32MINFO[39M: 📥 [2025-11-21T07:46:52.477Z] GET /api/count/webview
[2025-11-21T07:46:52.490Z] [32MINFO[39M: 📥 [2025-11-21T07:46:52.490Z] GET /api/businesses/s/test-2-kurla-west
[2025-11-21T07:46:52.491Z] [32MINFO[39M: Received request for business with slug: test-2-kurla-west
[2025-11-21T07:46:52.491Z] [32MINFO[39M: 📥 [2025-11-21T07:46:52.491Z] GET /api/count/webview
[2025-11-21T07:46:52.551Z] [32MINFO[39M: 📥 [2025-11-21T07:46:52.551Z] OPTIONS /api/businesses/45/view
[2025-11-21T07:46:52.562Z] [32MINFO[39M: 📥 [2025-11-21T07:46:52.562Z] PUT /api/businesses/45/view
[2025-11-21T07:46:52.570Z] [32MINFO[39M: viewCount 6
[2025-11-21T07:47:13.530Z] [32MINFO[39M: 📥 [2025-11-21T07:47:13.530Z] OPTIONS /api/businesses?categoryslug=clothing&subcategoryslug=womens-wear
[2025-11-21T07:47:13.532Z] [32MINFO[39M: 📥 [2025-11-21T07:47:13.532Z] OPTIONS /api/businesses?categoryslug=clothing&subcategoryslug=womens-wear
[2025-11-21T07:47:13.540Z] [32MINFO[39M: 📥 [2025-11-21T07:47:13.540Z] GET /api/businesses?categoryslug=clothing&subcategoryslug=womens-wear
[2025-11-21T07:47:13.541Z] [32MINFO[39M: Fetching businesses with params: {"categoryslug":"clothing","subcategoryslug":"womens-wear","page":1,"limit":10,"verified":1}
[2025-11-21T07:47:13.552Z] [32MINFO[39M: 📥 [2025-11-21T07:47:13.552Z] GET /api/businesses?categoryslug=clothing&subcategoryslug=womens-wear
[2025-11-21T07:47:13.553Z] [32MINFO[39M: Fetching businesses with params: {"categoryslug":"clothing","subcategoryslug":"womens-wear","page":1,"limit":10,"verified":1}
[2025-11-21T07:49:45.517Z] [32MINFO[39M: 📥 [2025-11-21T07:49:45.517Z] OPTIONS /api/businesses/s/test-2-kurla-west
[2025-11-21T07:49:45.518Z] [32MINFO[39M: 📥 [2025-11-21T07:49:45.518Z] OPTIONS /api/businesses/s/test-2-kurla-west
[2025-11-21T07:49:45.526Z] [32MINFO[39M: 📥 [2025-11-21T07:49:45.526Z] GET /api/businesses/s/test-2-kurla-west
[2025-11-21T07:49:45.527Z] [32MINFO[39M: Received request for business with slug: test-2-kurla-west
[2025-11-21T07:49:45.544Z] [32MINFO[39M: 📥 [2025-11-21T07:49:45.544Z] GET /api/businesses/s/test-2-kurla-west
[2025-11-21T07:49:45.545Z] [32MINFO[39M: Received request for business with slug: test-2-kurla-west
[2025-11-21T07:49:45.583Z] [32MINFO[39M: 📥 [2025-11-21T07:49:45.583Z] OPTIONS /api/businesses/45/view
[2025-11-21T07:49:45.645Z] [32MINFO[39M: 📥 [2025-11-21T07:49:45.645Z] PUT /api/businesses/45/view
[2025-11-21T07:49:45.652Z] [32MINFO[39M: viewCount 7
[2025-11-21T07:49:50.644Z] [32MINFO[39M: 📥 [2025-11-21T07:49:50.644Z] OPTIONS /api/businesses?categoryslug=clothing&subcategoryslug=womens-wear
[2025-11-21T07:49:50.736Z] [32MINFO[39M: 📥 [2025-11-21T07:49:50.736Z] OPTIONS /api/businesses?categoryslug=clothing&subcategoryslug=womens-wear
[2025-11-21T07:49:50.737Z] [32MINFO[39M: 📥 [2025-11-21T07:49:50.737Z] GET /api/businesses?categoryslug=clothing&subcategoryslug=womens-wear
[2025-11-21T07:49:50.737Z] [32MINFO[39M: Fetching businesses with params: {"categoryslug":"clothing","subcategoryslug":"womens-wear","page":1,"limit":10,"verified":1}
[2025-11-21T07:49:50.748Z] [32MINFO[39M: 📥 [2025-11-21T07:49:50.748Z] GET /api/businesses?categoryslug=clothing&subcategoryslug=womens-wear
[2025-11-21T07:49:50.748Z] [32MINFO[39M: Fetching businesses with params: {"categoryslug":"clothing","subcategoryslug":"womens-wear","page":1,"limit":10,"verified":1}
[2025-11-21T09:22:19.775Z] [32MINFO[39M: 📥 [2025-11-21T09:22:19.766Z] OPTIONS /api/businesses/s/test-2-kurla-west
[2025-11-21T09:22:19.846Z] [32MINFO[39M: 📥 [2025-11-21T09:22:19.846Z] OPTIONS /api/businesses/s/test-2-kurla-west
[2025-11-21T09:22:19.928Z] [32MINFO[39M: 📥 [2025-11-21T09:22:19.928Z] GET /api/businesses/s/test-2-kurla-west
[2025-11-21T09:22:19.937Z] [32MINFO[39M: Received request for business with slug: test-2-kurla-west
[2025-11-21T09:22:20.082Z] [32MINFO[39M: 📥 [2025-11-21T09:22:20.082Z] GET /api/businesses/s/test-2-kurla-west
[2025-11-21T09:22:20.083Z] [32MINFO[39M: Received request for business with slug: test-2-kurla-west
[2025-11-21T09:22:20.165Z] [32MINFO[39M: 📥 [2025-11-21T09:22:20.165Z] OPTIONS /api/businesses/45/view
[2025-11-21T09:22:20.180Z] [32MINFO[39M: 📥 [2025-11-21T09:22:20.180Z] PUT /api/businesses/45/view
[2025-11-21T09:22:20.205Z] [32MINFO[39M: viewCount 8
[2025-11-21T09:22:25.863Z] [32MINFO[39M: 📥 [2025-11-21T09:22:25.863Z] OPTIONS /api/businesses?categoryslug=clothing&subcategoryslug=womens-wear
[2025-11-21T09:22:26.002Z] [32MINFO[39M: 📥 [2025-11-21T09:22:26.002Z] GET /api/businesses?categoryslug=clothing&subcategoryslug=womens-wear
[2025-11-21T09:22:26.003Z] [32MINFO[39M: Fetching businesses with params: {"categoryslug":"clothing","subcategoryslug":"womens-wear","page":1,"limit":10,"verified":1}
[2025-11-21T09:22:28.640Z] [32MINFO[39M: 📥 [2025-11-21T09:22:28.640Z] OPTIONS /api/businesses?categoryslug=clothing&subcategoryslug=womens-wear
[2025-11-21T09:22:28.948Z] [32MINFO[39M: 📥 [2025-11-21T09:22:28.948Z] GET /api/businesses?categoryslug=clothing&subcategoryslug=womens-wear
[2025-11-21T09:22:28.949Z] [32MINFO[39M: Fetching businesses with params: {"categoryslug":"clothing","subcategoryslug":"womens-wear","page":1,"limit":10,"verified":1}
[2025-11-21T09:22:31.696Z] [32MINFO[39M: 📥 [2025-11-21T09:22:31.696Z] OPTIONS /api/businesses/user
[2025-11-21T09:22:31.700Z] [32MINFO[39M: 📥 [2025-11-21T09:22:31.700Z] OPTIONS /api/businesses/user
[2025-11-21T09:22:31.710Z] [32MINFO[39M: 📥 [2025-11-21T09:22:31.710Z] GET /api/businesses/user
[2025-11-21T09:22:31.742Z] [32MINFO[39M: 4
[2025-11-21T09:22:31.742Z] [32MINFO[39M: Fetching businesses for userId: 4
[2025-11-21T09:22:31.745Z] [32MINFO[39M: [object Object]
[2025-11-21T09:22:31.746Z] [32MINFO[39M: Image rows: 
[2025-11-21T09:22:31.746Z] [32MINFO[39M: Final business payload: [object Object],[object Object],[object Object],[object Object],[object Object],[object Object],[object Object]
[2025-11-21T09:22:31.769Z] [32MINFO[39M: 📥 [2025-11-21T09:22:31.769Z] GET /api/businesses/user
[2025-11-21T09:22:31.771Z] [32MINFO[39M: 4
[2025-11-21T09:22:31.771Z] [32MINFO[39M: Fetching businesses for userId: 4
[2025-11-21T09:22:31.773Z] [32MINFO[39M: [object Object]
[2025-11-21T09:22:31.774Z] [32MINFO[39M: Image rows: 
[2025-11-21T09:22:31.774Z] [32MINFO[39M: Final business payload: [object Object],[object Object],[object Object],[object Object],[object Object],[object Object],[object Object]
[2025-11-21T09:22:37.828Z] [32MINFO[39M: 📥 [2025-11-21T09:22:37.828Z] OPTIONS /api/businesses/s/shivraj-electronics-nerul-west
[2025-11-21T09:22:37.829Z] [32MINFO[39M: 📥 [2025-11-21T09:22:37.829Z] OPTIONS /api/businesses/s/shivraj-electronics-nerul-west
[2025-11-21T09:22:37.839Z] [32MINFO[39M: 📥 [2025-11-21T09:22:37.839Z] GET /api/businesses/s/shivraj-electronics-nerul-west
[2025-11-21T09:22:37.840Z] [32MINFO[39M: Received request for business with slug: shivraj-electronics-nerul-west
[2025-11-21T09:22:37.853Z] [32MINFO[39M: 📥 [2025-11-21T09:22:37.853Z] GET /api/businesses/s/shivraj-electronics-nerul-west
[2025-11-21T09:22:37.854Z] [32MINFO[39M: Received request for business with slug: shivraj-electronics-nerul-west
[2025-11-21T09:22:38.132Z] [32MINFO[39M: 📥 [2025-11-21T09:22:38.132Z] OPTIONS /api/businesses/31/view
[2025-11-21T09:22:38.216Z] [32MINFO[39M: 📥 [2025-11-21T09:22:38.216Z] PUT /api/businesses/31/view
[2025-11-21T09:22:38.222Z] [32MINFO[39M: viewCount 2
[2025-11-21T09:24:22.198Z] [32MINFO[39M: 📥 [2025-11-21T09:24:22.198Z] OPTIONS /api/categories
[2025-11-21T09:24:22.200Z] [32MINFO[39M: 📥 [2025-11-21T09:24:22.200Z] OPTIONS /api/count/webview
[2025-11-21T09:24:22.202Z] [32MINFO[39M: 📥 [2025-11-21T09:24:22.202Z] OPTIONS /api/categories
[2025-11-21T09:24:22.202Z] [32MINFO[39M: 📥 [2025-11-21T09:24:22.202Z] OPTIONS /api/count/webview
[2025-11-21T09:24:22.209Z] [32MINFO[39M: 📥 [2025-11-21T09:24:22.209Z] GET /api/count/webview
[2025-11-21T09:24:22.214Z] [32MINFO[39M: 📥 [2025-11-21T09:24:22.214Z] GET /api/categories
[2025-11-21T09:24:22.224Z] [32MINFO[39M: 📥 [2025-11-21T09:24:22.224Z] GET /api/count/webview
[2025-11-21T09:24:22.253Z] [32MINFO[39M: 📥 [2025-11-21T09:24:22.253Z] GET /api/categories
[2025-11-21T09:30:51.919Z] [32MINFO[39M: 📥 [2025-11-21T09:30:51.919Z] OPTIONS /api/categories
[2025-11-21T09:30:51.921Z] [32MINFO[39M: 📥 [2025-11-21T09:30:51.921Z] OPTIONS /api/count/webview
[2025-11-21T09:30:51.923Z] [32MINFO[39M: 📥 [2025-11-21T09:30:51.923Z] OPTIONS /api/categories
[2025-11-21T09:30:51.924Z] [32MINFO[39M: 📥 [2025-11-21T09:30:51.924Z] OPTIONS /api/count/webview
[2025-11-21T09:30:51.928Z] [32MINFO[39M: 📥 [2025-11-21T09:30:51.928Z] GET /api/categories
[2025-11-21T09:30:51.929Z] [32MINFO[39M: 📥 [2025-11-21T09:30:51.929Z] GET /api/count/webview
[2025-11-21T09:30:51.938Z] [32MINFO[39M: 📥 [2025-11-21T09:30:51.938Z] GET /api/categories
[2025-11-21T09:30:51.939Z] [32MINFO[39M: 📥 [2025-11-21T09:30:51.939Z] GET /api/count/webview
[2025-11-21T09:32:44.560Z] [32MINFO[39M: 📥 [2025-11-21T09:32:44.560Z] OPTIONS /api/count/webview
[2025-11-21T09:32:44.561Z] [32MINFO[39M: 📥 [2025-11-21T09:32:44.561Z] OPTIONS /api/categories
[2025-11-21T09:32:44.561Z] [32MINFO[39M: 📥 [2025-11-21T09:32:44.561Z] OPTIONS /api/count/webview
[2025-11-21T09:32:44.562Z] [32MINFO[39M: 📥 [2025-11-21T09:32:44.562Z] OPTIONS /api/categories
[2025-11-21T09:32:44.664Z] [32MINFO[39M: 📥 [2025-11-21T09:32:44.664Z] GET /api/count/webview
[2025-11-21T09:32:44.665Z] [32MINFO[39M: 📥 [2025-11-21T09:32:44.665Z] GET /api/categories
[2025-11-21T09:32:44.675Z] [32MINFO[39M: 📥 [2025-11-21T09:32:44.675Z] GET /api/count/webview
[2025-11-21T09:32:44.679Z] [32MINFO[39M: 📥 [2025-11-21T09:32:44.679Z] GET /api/categories
[2025-11-21T09:32:46.205Z] [32MINFO[39M: 📥 [2025-11-21T09:32:46.204Z] GET /api/count/webview
[2025-11-21T09:32:46.206Z] [32MINFO[39M: 📥 [2025-11-21T09:32:46.206Z] GET /api/categories
[2025-11-21T09:32:46.214Z] [32MINFO[39M: 📥 [2025-11-21T09:32:46.214Z] GET /api/count/webview
[2025-11-21T09:32:46.221Z] [32MINFO[39M: 📥 [2025-11-21T09:32:46.221Z] GET /api/categories
[2025-11-21T09:42:32.639Z] [32MINFO[39M: 📥 [2025-11-21T09:42:32.639Z] OPTIONS /api/businesses
[2025-11-21T09:42:32.666Z] [32MINFO[39M: 📥 [2025-11-21T09:42:32.666Z] POST /api/businesses
[2025-11-21T09:42:32.672Z] [32MINFO[39M: 4
[2025-11-21T09:42:32.674Z] [32MINFO[39M: Creating business...
[2025-11-21T09:42:32.674Z] [32MINFO[39M: [object Object]
[2025-11-21T09:42:32.674Z] [32MINFO[39M: 4
[2025-11-21T09:42:32.679Z] [32MINFO[39M: [object Object]
[2025-11-21T09:42:32.680Z] [32MINFO[39M: timingstring {"monday":{"open":"09:00","close":"18:00","closed":true},"tuesday":{"open":"09:00","close":"18:00","closed":true},"wednesday":{"open":"09:00","close":"18:00","closed":true},"thursday":{"open":"09:00","close":"18:00","closed":true},"friday":{"open":"04:00","close":"17:00","closed":false},"saturday":{"open":"04:00","close":"21:00","closed":false},"sunday":{"open":"09:00","close":"18:00","closed":true}}
[2025-11-21T09:42:32.681Z] [32MINFO[39M: Final Data to Insert into DB: 4,Test Prachi,1,231,415158,zxcvbnmasdfghjkl,,,Near Station,8451060827,8451060827,test@gmail.com,qwertyuiopkhsazxcvbnm,test.com,{"monday":{"open":"09:00","close":"18:00","closed":true},"tuesday":{"open":"09:00","close":"18:00","closed":true},"wednesday":{"open":"09:00","close":"18:00","closed":true},"thursday":{"open":"09:00","close":"18:00","closed":true},"friday":{"open":"04:00","close":"17:00","closed":false},"saturday":{"open":"04:00","close":"21:00","closed":false},"sunday":{"open":"09:00","close":"18:00","closed":true}},test-prachi-near-station,,
[2025-11-21T09:42:34.316Z] [32MINFO[39M: 📥 [2025-11-21T09:42:34.316Z] OPTIONS /api/businesses/user
[2025-11-21T09:42:34.558Z] [32MINFO[39M: 📥 [2025-11-21T09:42:34.558Z] OPTIONS /api/businesses/user
[2025-11-21T09:42:34.589Z] [32MINFO[39M: 📥 [2025-11-21T09:42:34.588Z] GET /api/businesses/user
[2025-11-21T09:42:34.591Z] [32MINFO[39M: 4
[2025-11-21T09:42:34.592Z] [32MINFO[39M: Fetching businesses for userId: 4
[2025-11-21T09:42:34.593Z] [32MINFO[39M: [object Object]
[2025-11-21T09:42:34.594Z] [32MINFO[39M: Image rows: 
[2025-11-21T09:42:34.594Z] [32MINFO[39M: Final business payload: [object Object],[object Object],[object Object],[object Object],[object Object],[object Object],[object Object],[object Object]
[2025-11-21T09:42:34.611Z] [32MINFO[39M: 📥 [2025-11-21T09:42:34.611Z] GET /api/businesses/user
[2025-11-21T09:42:34.614Z] [32MINFO[39M: 4
[2025-11-21T09:42:34.614Z] [32MINFO[39M: Fetching businesses for userId: 4
[2025-11-21T09:42:34.615Z] [32MINFO[39M: [object Object]
[2025-11-21T09:42:34.616Z] [32MINFO[39M: Image rows: 
[2025-11-21T09:42:34.616Z] [32MINFO[39M: Final business payload: [object Object],[object Object],[object Object],[object Object],[object Object],[object Object],[object Object],[object Object]
[2025-11-21T09:44:05.445Z] [32MINFO[39M: 📥 [2025-11-21T09:44:05.445Z] OPTIONS /api/businesses/s/test-prachi-near-station
[2025-11-21T09:44:05.446Z] [32MINFO[39M: 📥 [2025-11-21T09:44:05.446Z] OPTIONS /api/businesses/s/test-prachi-near-station
[2025-11-21T09:44:05.468Z] [32MINFO[39M: 📥 [2025-11-21T09:44:05.468Z] GET /api/businesses/s/test-prachi-near-station
[2025-11-21T09:44:05.468Z] [32MINFO[39M: Received request for business with slug: test-prachi-near-station
[2025-11-21T09:44:05.504Z] [32MINFO[39M: 📥 [2025-11-21T09:44:05.504Z] GET /api/businesses/s/test-prachi-near-station
[2025-11-21T09:44:05.505Z] [32MINFO[39M: Received request for business with slug: test-prachi-near-station
[2025-11-21T09:44:07.552Z] [32MINFO[39M: 📥 [2025-11-21T09:44:07.552Z] OPTIONS /api/businesses/user
[2025-11-21T09:44:07.554Z] [32MINFO[39M: 📥 [2025-11-21T09:44:07.554Z] OPTIONS /api/businesses/user
[2025-11-21T09:44:07.704Z] [32MINFO[39M: 📥 [2025-11-21T09:44:07.704Z] GET /api/businesses/user
[2025-11-21T09:44:07.707Z] [32MINFO[39M: 4
[2025-11-21T09:44:07.708Z] [32MINFO[39M: Fetching businesses for userId: 4
[2025-11-21T09:44:07.709Z] [32MINFO[39M: [object Object]
[2025-11-21T09:44:07.710Z] [32MINFO[39M: Image rows: 
[2025-11-21T09:44:07.710Z] [32MINFO[39M: Final business payload: [object Object],[object Object],[object Object],[object Object],[object Object],[object Object],[object Object],[object Object]
[2025-11-21T09:44:07.770Z] [32MINFO[39M: 📥 [2025-11-21T09:44:07.770Z] GET /api/businesses/user
[2025-11-21T09:44:07.773Z] [32MINFO[39M: 4
[2025-11-21T09:44:07.773Z] [32MINFO[39M: Fetching businesses for userId: 4
[2025-11-21T09:44:07.774Z] [32MINFO[39M: [object Object]
[2025-11-21T09:44:07.774Z] [32MINFO[39M: Image rows: 
[2025-11-21T09:44:07.775Z] [32MINFO[39M: Final business payload: [object Object],[object Object],[object Object],[object Object],[object Object],[object Object],[object Object],[object Object]
[2025-11-21T09:51:37.425Z] [32MINFO[39M: 📥 [2025-11-21T09:51:37.425Z] OPTIONS /api/count/webview
[2025-11-21T09:51:37.426Z] [32MINFO[39M: 📥 [2025-11-21T09:51:37.426Z] OPTIONS /api/categories
[2025-11-21T09:51:37.427Z] [32MINFO[39M: 📥 [2025-11-21T09:51:37.427Z] OPTIONS /api/count/webview
[2025-11-21T09:51:37.427Z] [32MINFO[39M: 📥 [2025-11-21T09:51:37.427Z] OPTIONS /api/categories
[2025-11-21T09:51:37.435Z] [32MINFO[39M: 📥 [2025-11-21T09:51:37.435Z] GET /api/categories
[2025-11-21T09:51:37.436Z] [32MINFO[39M: 📥 [2025-11-21T09:51:37.436Z] GET /api/count/webview
[2025-11-21T09:51:37.443Z] [32MINFO[39M: 📥 [2025-11-21T09:51:37.443Z] GET /api/count/webview
[2025-11-21T09:51:37.465Z] [32MINFO[39M: 📥 [2025-11-21T09:51:37.465Z] GET /api/categories
[2025-11-21T09:51:50.117Z] [32MINFO[39M: 📥 [2025-11-21T09:51:50.117Z] OPTIONS /api/businesses/user
[2025-11-21T09:51:50.118Z] [32MINFO[39M: 📥 [2025-11-21T09:51:50.118Z] OPTIONS /api/businesses/user
[2025-11-21T09:51:50.134Z] [32MINFO[39M: 📥 [2025-11-21T09:51:50.134Z] GET /api/businesses/user
[2025-11-21T09:51:50.136Z] [32MINFO[39M: 9
[2025-11-21T09:51:50.136Z] [32MINFO[39M: Fetching businesses for userId: 9
[2025-11-21T09:51:50.138Z] [32MINFO[39M: [object Object]
[2025-11-21T09:51:50.139Z] [32MINFO[39M: Image rows: 
[2025-11-21T09:51:50.139Z] [32MINFO[39M: Final business payload: [object Object],[object Object],[object Object],[object Object],[object Object],[object Object],[object Object]
[2025-11-21T09:51:50.147Z] [32MINFO[39M: 📥 [2025-11-21T09:51:50.147Z] GET /api/businesses/user
[2025-11-21T09:51:50.150Z] [32MINFO[39M: 9
[2025-11-21T09:51:50.150Z] [32MINFO[39M: Fetching businesses for userId: 9
[2025-11-21T09:51:50.151Z] [32MINFO[39M: [object Object]
[2025-11-21T09:51:50.153Z] [32MINFO[39M: Image rows: 
[2025-11-21T09:51:50.153Z] [32MINFO[39M: Final business payload: [object Object],[object Object],[object Object],[object Object],[object Object],[object Object],[object Object]
[2025-11-21T09:52:00.764Z] [32MINFO[39M: 📥 [2025-11-21T09:52:00.764Z] OPTIONS /api/categories
[2025-11-21T09:52:00.765Z] [32MINFO[39M: 📥 [2025-11-21T09:52:00.765Z] OPTIONS /api/categories
[2025-11-21T09:52:00.843Z] [32MINFO[39M: 📥 [2025-11-21T09:52:00.843Z] GET /api/categories
[2025-11-21T09:52:00.875Z] [32MINFO[39M: 📥 [2025-11-21T09:52:00.874Z] GET /api/categories
[2025-11-21T09:53:56.452Z] [32MINFO[39M: 📥 [2025-11-21T09:53:56.452Z] OPTIONS /api/businesses
[2025-11-21T09:53:56.576Z] [32MINFO[39M: 📥 [2025-11-21T09:53:56.576Z] POST /api/businesses
[2025-11-21T09:53:56.578Z] [32MINFO[39M: 9
[2025-11-21T09:53:56.578Z] [32MINFO[39M: Creating business...
[2025-11-21T09:53:56.578Z] [32MINFO[39M: [object Object]
[2025-11-21T09:53:56.578Z] [32MINFO[39M: 9
[2025-11-21T09:53:56.579Z] [32MINFO[39M: [object Object]
[2025-11-21T09:53:56.579Z] [32MINFO[39M: timingstring ["{\"monday\":{\"open\":\"05:00\",\"close\":\"11:00\",\"closed\":false},\"tuesday\":{\"open\":\"02:00\",\"close\":\"11:00\",\"closed\":false},\"wednesday\":{\"open\":\"02:00\",\"close\":\"15:00\",\"closed\":false},\"thursday\":{\"open\":\"10:00\",\"close\":\"14:00\",\"closed\":false},\"friday\":{\"open\":\"05:00\",\"close\":\"14:00\",\"closed\":false},\"saturday\":{\"open\":\"05:00\",\"close\":\"16:00\",\"closed\":false},\"sunday\":{\"open\":\"09:00\",\"close\":\"18:00\",\"closed\":true}}","{\"monday\":{\"open\":\"05:00\",\"close\":\"11:00\",\"closed\":false},\"tuesday\":{\"open\":\"02:00\",\"close\":\"11:00\",\"closed\":false},\"wednesday\":{\"open\":\"02:00\",\"close\":\"15:00\",\"closed\":false},\"thursday\":{\"open\":\"10:00\",\"close\":\"14:00\",\"closed\":false},\"friday\":{\"open\":\"05:00\",\"close\":\"14:00\",\"closed\":false},\"saturday\":{\"open\":\"05:00\",\"close\":\"16:00\",\"closed\":false},\"sunday\":{\"open\":\"09:00\",\"close\":\"18:00\",\"closed\":true}}"]
[2025-11-21T09:53:56.579Z] [32MINFO[39M: Final Data to Insert into DB: 9,test akshata,test akshata,1,1,231,231,400258,400258,zxcvbnm,,zxcvbnm,,zx,zx,,Amar Nagar,Amar Nagar,8451060827,8451060827,8563215920,8563215920,akshata1@gmail.com,akshata1@gmail.com,qwerttyuioasdfghj,qwerttyuioasdfghj,akshata.com,akshata.com,["{\"monday\":{\"open\":\"05:00\",\"close\":\"11:00\",\"closed\":false},\"tuesday\":{\"open\":\"02:00\",\"close\":\"11:00\",\"closed\":false},\"wednesday\":{\"open\":\"02:00\",\"close\":\"15:00\",\"closed\":false},\"thursday\":{\"open\":\"10:00\",\"close\":\"14:00\",\"closed\":false},\"friday\":{\"open\":\"05:00\",\"close\":\"14:00\",\"closed\":false},\"saturday\":{\"open\":\"05:00\",\"close\":\"16:00\",\"closed\":false},\"sunday\":{\"open\":\"09:00\",\"close\":\"18:00\",\"closed\":true}}","{\"monday\":{\"open\":\"05:00\",\"close\":\"11:00\",\"closed\":false},\"tuesday\":{\"open\":\"02:00\",\"close\":\"11:00\",\"closed\":false},\"wednesday\":{\"open\":\"02:00\",\"close\":\"15:00\",\"closed\":false},\"thursday\":{\"open\":\"10:00\",\"close\":\"14:00\",\"closed\":false},\"friday\":{\"open\":\"05:00\",\"close\":\"14:00\",\"closed\":false},\"saturday\":{\"open\":\"05:00\",\"close\":\"16:00\",\"closed\":false},\"sunday\":{\"open\":\"09:00\",\"close\":\"18:00\",\"closed\":true}}"],test-akshatatest-akshata-amar-nagaramar-nagar,,
[2025-11-21T09:53:56.583Z] [31MERROR[39M: BUSINESS create error: Error: Column count doesn't match value count at row 1
[2025-11-21T10:35:55.282Z] [32MINFO[39M: 📥 [2025-11-21T10:35:55.282Z] OPTIONS /api/categories
[2025-11-21T10:35:55.283Z] [32MINFO[39M: 📥 [2025-11-21T10:35:55.283Z] OPTIONS /api/count/webview
[2025-11-21T10:35:55.387Z] [32MINFO[39M: 📥 [2025-11-21T10:35:55.387Z] OPTIONS /api/categories
[2025-11-21T10:35:55.389Z] [32MINFO[39M: 📥 [2025-11-21T10:35:55.389Z] OPTIONS /api/count/webview
[2025-11-21T10:35:55.391Z] [32MINFO[39M: 📥 [2025-11-21T10:35:55.391Z] GET /api/categories
[2025-11-21T10:35:55.411Z] [32MINFO[39M: 📥 [2025-11-21T10:35:55.411Z] GET /api/count/webview
[2025-11-21T10:35:55.456Z] [32MINFO[39M: 📥 [2025-11-21T10:35:55.456Z] GET /api/categories
[2025-11-21T10:35:55.457Z] [32MINFO[39M: 📥 [2025-11-21T10:35:55.457Z] GET /api/count/webview
[2025-11-21T10:48:15.865Z] [32MINFO[39M: 📥 [2025-11-21T10:48:15.865Z] OPTIONS /api/categories
[2025-11-21T10:48:15.866Z] [32MINFO[39M: 📥 [2025-11-21T10:48:15.866Z] OPTIONS /api/count/webview
[2025-11-21T10:48:15.867Z] [32MINFO[39M: 📥 [2025-11-21T10:48:15.867Z] OPTIONS /api/count/webview
[2025-11-21T10:48:15.867Z] [32MINFO[39M: 📥 [2025-11-21T10:48:15.867Z] OPTIONS /api/categories
[2025-11-21T10:48:15.877Z] [32MINFO[39M: 📥 [2025-11-21T10:48:15.877Z] GET /api/count/webview
[2025-11-21T10:48:15.879Z] [32MINFO[39M: 📥 [2025-11-21T10:48:15.879Z] GET /api/categories
[2025-11-21T10:48:15.893Z] [32MINFO[39M: 📥 [2025-11-21T10:48:15.893Z] GET /api/count/webview
[2025-11-21T10:48:15.913Z] [32MINFO[39M: 📥 [2025-11-21T10:48:15.913Z] GET /api/categories
[2025-11-21T10:52:16.183Z] [32MINFO[39M: 📥 [2025-11-21T10:52:16.183Z] OPTIONS /api/businesses
[2025-11-21T10:52:16.200Z] [32MINFO[39M: 📥 [2025-11-21T10:52:16.200Z] POST /api/businesses
[2025-11-21T10:52:16.220Z] [32MINFO[39M: 9
[2025-11-21T10:52:16.221Z] [32MINFO[39M: Creating business...
[2025-11-21T10:52:16.221Z] [32MINFO[39M: [object Object]
[2025-11-21T10:52:16.222Z] [32MINFO[39M: 9
[2025-11-21T10:52:16.230Z] [32MINFO[39M: [object Object]
[2025-11-21T10:52:16.230Z] [32MINFO[39M: timingstring ["{\"monday\":{\"open\":\"05:00\",\"close\":\"11:00\",\"closed\":false},\"tuesday\":{\"open\":\"02:00\",\"close\":\"11:00\",\"closed\":false},\"wednesday\":{\"open\":\"02:00\",\"close\":\"15:00\",\"closed\":false},\"thursday\":{\"open\":\"10:00\",\"close\":\"14:00\",\"closed\":false},\"friday\":{\"open\":\"05:00\",\"close\":\"14:00\",\"closed\":false},\"saturday\":{\"open\":\"05:00\",\"close\":\"16:00\",\"closed\":false},\"sunday\":{\"open\":\"09:00\",\"close\":\"18:00\",\"closed\":true}}","{\"monday\":{\"open\":\"05:00\",\"close\":\"11:00\",\"closed\":false},\"tuesday\":{\"open\":\"02:00\",\"close\":\"11:00\",\"closed\":false},\"wednesday\":{\"open\":\"02:00\",\"close\":\"15:00\",\"closed\":false},\"thursday\":{\"open\":\"10:00\",\"close\":\"14:00\",\"closed\":false},\"friday\":{\"open\":\"05:00\",\"close\":\"14:00\",\"closed\":false},\"saturday\":{\"open\":\"05:00\",\"close\":\"16:00\",\"closed\":false},\"sunday\":{\"open\":\"09:00\",\"close\":\"18:00\",\"closed\":true}}"]
[2025-11-21T10:52:16.230Z] [32MINFO[39M: Final Data to Insert into DB: 9,test akshata,test akshata,1,1,231,231,400258,400258,zxcvbnm,,zxcvbnm,,zx,zx,,Amar Nagar,Amar Nagar,8451060827,8451060827,8563215920,8563215920,akshata1@gmail.com,akshata1@gmail.com,qwerttyuioasdfghj,qwerttyuioasdfghj,akshata.com,akshata.com,["{\"monday\":{\"open\":\"05:00\",\"close\":\"11:00\",\"closed\":false},\"tuesday\":{\"open\":\"02:00\",\"close\":\"11:00\",\"closed\":false},\"wednesday\":{\"open\":\"02:00\",\"close\":\"15:00\",\"closed\":false},\"thursday\":{\"open\":\"10:00\",\"close\":\"14:00\",\"closed\":false},\"friday\":{\"open\":\"05:00\",\"close\":\"14:00\",\"closed\":false},\"saturday\":{\"open\":\"05:00\",\"close\":\"16:00\",\"closed\":false},\"sunday\":{\"open\":\"09:00\",\"close\":\"18:00\",\"closed\":true}}","{\"monday\":{\"open\":\"05:00\",\"close\":\"11:00\",\"closed\":false},\"tuesday\":{\"open\":\"02:00\",\"close\":\"11:00\",\"closed\":false},\"wednesday\":{\"open\":\"02:00\",\"close\":\"15:00\",\"closed\":false},\"thursday\":{\"open\":\"10:00\",\"close\":\"14:00\",\"closed\":false},\"friday\":{\"open\":\"05:00\",\"close\":\"14:00\",\"closed\":false},\"saturday\":{\"open\":\"05:00\",\"close\":\"16:00\",\"closed\":false},\"sunday\":{\"open\":\"09:00\",\"close\":\"18:00\",\"closed\":true}}"],test-akshatatest-akshata-amar-nagaramar-nagar,,
[2025-11-21T10:52:16.233Z] [31MERROR[39M: BUSINESS create error: Error: Column count doesn't match value count at row 1
[2025-11-21T11:02:10.639Z] [32MINFO[39M: 📥 [2025-11-21T11:02:10.639Z] OPTIONS /api/count/webview
[2025-11-21T11:02:10.641Z] [32MINFO[39M: 📥 [2025-11-21T11:02:10.641Z] OPTIONS /api/categories
[2025-11-21T11:02:10.643Z] [32MINFO[39M: 📥 [2025-11-21T11:02:10.643Z] OPTIONS /api/categories
[2025-11-21T11:02:10.643Z] [32MINFO[39M: 📥 [2025-11-21T11:02:10.643Z] OPTIONS /api/count/webview
[2025-11-21T11:02:10.653Z] [32MINFO[39M: 📥 [2025-11-21T11:02:10.653Z] GET /api/count/webview
[2025-11-21T11:02:10.654Z] [32MINFO[39M: 📥 [2025-11-21T11:02:10.654Z] GET /api/categories
[2025-11-21T11:02:10.665Z] [32MINFO[39M: 📥 [2025-11-21T11:02:10.665Z] GET /api/count/webview
[2025-11-21T11:02:10.666Z] [32MINFO[39M: 📥 [2025-11-21T11:02:10.666Z] GET /api/categories
[2025-11-21T13:39:56.475Z] [32MINFO[39M: 📥 [2025-11-21T13:39:56.466Z] GET /
