[2025-10-18T06:54:00.074Z] [32MINFO[39M:  Server running on port  http://localhost:5002
[2025-10-18T06:54:00.100Z] [32MINFO[39M: MySQL Database Connected
[2025-10-18T06:55:33.435Z] [32MINFO[39M: 📥 [2025-10-18T06:55:33.435Z] GET /api/count/webview
[2025-10-18T06:55:53.723Z] [32MINFO[39M: 📥 [2025-10-18T06:55:53.723Z] OPTIONS /api/otp/send
[2025-10-18T06:55:53.731Z] [32MINFO[39M: 📥 [2025-10-18T06:55:53.731Z] POST /api/otp/send
[2025-10-18T06:55:53.742Z] [32MINFO[39M: Received from frontend: [object Object]
[2025-10-18T06:55:53.742Z] [32MINFO[39M: Generated OTP for 8451060827: 816322
[2025-10-18T06:55:53.742Z] [32MINFO[39M: Sending OTP to 8451060827: 816322
[2025-10-18T06:56:05.046Z] [32MINFO[39M:  Server running on port  http://localhost:5002
[2025-10-18T06:56:05.061Z] [32MINFO[39M: MySQL Database Connected
[2025-10-18T07:14:12.096Z] [32MINFO[39M:  Server running on port  http://localhost:5002
[2025-10-18T07:14:12.108Z] [32MINFO[39M: MySQL Database Connected
[2025-10-18T07:47:34.360Z] [32MINFO[39M:  Server running on port  http://localhost:5004
[2025-10-18T07:47:34.377Z] [32MINFO[39M: MySQL Database Connected
[2025-10-18T07:47:52.719Z] [32MINFO[39M: 📥 [2025-10-18T07:47:52.719Z] GET /api/count/webview
[2025-10-18T07:47:59.670Z] [32MINFO[39M: 📥 [2025-10-18T07:47:59.670Z] GET /api/count/webview
[2025-10-18T07:48:07.928Z] [32MINFO[39M: 📥 [2025-10-18T07:48:07.928Z] OPTIONS /api/otp/send
[2025-10-18T07:49:20.262Z] [32MINFO[39M:  Server running on port  http://localhost:5004
[2025-10-18T07:49:20.276Z] [32MINFO[39M: MySQL Database Connected
[2025-10-18T07:49:23.197Z] [32MINFO[39M: 📥 [2025-10-18T07:49:23.197Z] GET /api/count/webview
[2025-10-18T07:49:29.369Z] [32MINFO[39M: 📥 [2025-10-18T07:49:29.369Z] OPTIONS /api/otp/send
[2025-10-18T07:50:38.090Z] [32MINFO[39M: 📥 [2025-10-18T07:50:38.090Z] GET /api/count/webview
[2025-10-18T07:50:38.930Z] [32MINFO[39M: 📥 [2025-10-18T07:50:38.930Z] GET /api/count/webview
[2025-10-18T07:50:39.345Z] [32MINFO[39M: 📥 [2025-10-18T07:50:39.345Z] GET /api/count/webview
[2025-10-18T07:50:39.776Z] [32MINFO[39M: 📥 [2025-10-18T07:50:39.776Z] GET /api/count/webview
[2025-10-18T07:50:40.662Z] [32MINFO[39M: 📥 [2025-10-18T07:50:40.662Z] GET /api/count/webview
[2025-10-18T07:50:43.067Z] [32MINFO[39M: 📥 [2025-10-18T07:50:43.067Z] GET /api/count/webview
[2025-10-18T07:50:45.268Z] [32MINFO[39M: 📥 [2025-10-18T07:50:45.268Z] GET /api/count/webview
[2025-10-18T07:50:49.683Z] [32MINFO[39M: 📥 [2025-10-18T07:50:49.683Z] OPTIONS /api/otp/send
[2025-10-18T07:50:49.693Z] [32MINFO[39M: 📥 [2025-10-18T07:50:49.693Z] POST /api/otp/send
[2025-10-18T07:50:49.702Z] [32MINFO[39M: Received from frontend: [object Object]
[2025-10-18T07:50:49.703Z] [32MINFO[39M: Generated OTP for 8451060827: 628799
[2025-10-18T07:50:49.703Z] [32MINFO[39M: Sending OTP to 8451060827: 628799
[2025-10-18T07:51:00.791Z] [32MINFO[39M: 📥 [2025-10-18T07:51:00.791Z] OPTIONS /api/otp/verify
[2025-10-18T07:51:00.798Z] [32MINFO[39M: 📥 [2025-10-18T07:51:00.798Z] POST /api/otp/verify
[2025-10-18T07:51:00.800Z] [32MINFO[39M: Received in verifyOTP: [object Object]
[2025-10-18T07:51:59.588Z] [32MINFO[39M: 📥 [2025-10-18T07:51:59.588Z] OPTIONS /api/count/webview
[2025-10-18T07:51:59.597Z] [32MINFO[39M: 📥 [2025-10-18T07:51:59.597Z] GET /api/count/webview
[2025-10-18T07:52:06.265Z] [32MINFO[39M: 📥 [2025-10-18T07:52:06.265Z] OPTIONS /api/otp/send
[2025-10-18T07:52:06.270Z] [32MINFO[39M: 📥 [2025-10-18T07:52:06.269Z] POST /api/otp/send
[2025-10-18T07:52:06.270Z] [32MINFO[39M: Received from frontend: [object Object]
[2025-10-18T07:52:06.271Z] [32MINFO[39M: Generated OTP for 8451060827: 429048
[2025-10-18T07:52:06.271Z] [32MINFO[39M: Sending OTP to 8451060827: 429048
[2025-10-18T07:52:19.055Z] [32MINFO[39M: 📥 [2025-10-18T07:52:19.055Z] OPTIONS /api/otp/verify
[2025-10-18T07:52:19.061Z] [32MINFO[39M: 📥 [2025-10-18T07:52:19.061Z] POST /api/otp/verify
[2025-10-18T07:52:19.062Z] [32MINFO[39M: Received in verifyOTP: [object Object]
[2025-10-18T08:26:49.900Z] [32MINFO[39M: 📥 [2025-10-18T08:26:49.900Z] OPTIONS /api/count/webview
[2025-10-18T08:26:49.905Z] [32MINFO[39M: 📥 [2025-10-18T08:26:49.905Z] GET /api/count/webview
[2025-10-18T09:12:46.047Z] [32MINFO[39M:  Server running on port  http://localhost:5004
[2025-10-18T09:12:46.064Z] [32MINFO[39M: MySQL Database Connected
[2025-10-18T09:12:51.761Z] [32MINFO[39M: 📥 [2025-10-18T09:12:51.761Z] GET /api/count/webview
[2025-10-18T09:13:57.386Z] [32MINFO[39M: 📥 [2025-10-18T09:13:57.386Z] OPTIONS /api/businesses
[2025-10-18T09:14:51.610Z] [32MINFO[39M: 📥 [2025-10-18T09:14:51.610Z] OPTIONS /api/businesses
[2025-10-18T09:15:02.452Z] [32MINFO[39M: 📥 [2025-10-18T09:15:02.452Z] GET /api/count/webview
[2025-10-18T09:15:59.366Z] [32MINFO[39M: 📥 [2025-10-18T09:15:59.366Z] OPTIONS /api/businesses
[2025-10-18T09:15:59.380Z] [32MINFO[39M: 📥 [2025-10-18T09:15:59.380Z] POST /api/businesses
[2025-10-18T09:15:59.382Z] [32MINFO[39M: CREating business
[2025-10-18T09:15:59.382Z] [32MINFO[39M: BUSINESS create error 
[2025-10-18T09:15:59.383Z] [32MINFO[39M: Cannot read properties of undefined (reading 'id')
[2025-10-18T09:19:00.036Z] [32MINFO[39M:  Server running on port  http://localhost:5004
[2025-10-18T09:19:00.053Z] [32MINFO[39M: MySQL Database Connected
[2025-10-18T09:20:56.036Z] [32MINFO[39M: 📥 [2025-10-18T09:20:56.035Z] GET /api/count/webview
[2025-10-18T09:21:55.927Z] [32MINFO[39M: 📥 [2025-10-18T09:21:55.927Z] OPTIONS /api/businesses
[2025-10-18T09:21:55.944Z] [32MINFO[39M: 📥 [2025-10-18T09:21:55.944Z] POST /api/businesses
[2025-10-18T09:21:55.946Z] [32MINFO[39M: CREating business
[2025-10-18T09:21:55.946Z] [32MINFO[39M: BUSINESS create error 
[2025-10-18T09:21:55.946Z] [32MINFO[39M: getUniqueSlug is not defined
[2025-10-18T09:22:54.383Z] [32MINFO[39M:  Server running on port  http://localhost:5004
[2025-10-18T09:22:54.395Z] [32MINFO[39M: MySQL Database Connected
[2025-10-18T09:22:56.805Z] [32MINFO[39M: 📥 [2025-10-18T09:22:56.805Z] OPTIONS /api/businesses
[2025-10-18T09:22:56.820Z] [32MINFO[39M: 📥 [2025-10-18T09:22:56.820Z] POST /api/businesses
[2025-10-18T09:22:56.823Z] [32MINFO[39M: CREating business
[2025-10-18T09:22:56.824Z] [32MINFO[39M: BUSINESS create error 
[2025-10-18T09:22:56.824Z] [32MINFO[39M: slugify is not defined
[2025-10-18T09:22:58.170Z] [32MINFO[39M: 📥 [2025-10-18T09:22:58.170Z] POST /api/businesses
[2025-10-18T09:22:58.172Z] [32MINFO[39M: CREating business
[2025-10-18T09:22:58.172Z] [32MINFO[39M: BUSINESS create error 
[2025-10-18T09:22:58.172Z] [32MINFO[39M: slugify is not defined
[2025-10-18T09:23:15.493Z] [32MINFO[39M: 📥 [2025-10-18T09:23:15.493Z] OPTIONS /api/businesses
[2025-10-18T09:23:15.501Z] [32MINFO[39M: 📥 [2025-10-18T09:23:15.501Z] POST /api/businesses
[2025-10-18T09:23:15.502Z] [32MINFO[39M: CREating business
[2025-10-18T09:23:15.502Z] [32MINFO[39M: BUSINESS create error 
[2025-10-18T09:23:15.502Z] [32MINFO[39M: slugify is not defined
[2025-10-18T09:23:24.461Z] [32MINFO[39M:  Server running on port  http://localhost:5004
[2025-10-18T09:23:24.475Z] [32MINFO[39M: MySQL Database Connected
[2025-10-18T09:23:26.809Z] [32MINFO[39M: 📥 [2025-10-18T09:23:26.809Z] OPTIONS /api/businesses
[2025-10-18T09:23:26.822Z] [32MINFO[39M: 📥 [2025-10-18T09:23:26.822Z] POST /api/businesses
[2025-10-18T09:23:26.827Z] [32MINFO[39M: CREating business
[2025-10-18T09:23:26.837Z] [32MINFO[39M: [object Object]
[2025-10-18T09:23:26.837Z] [32MINFO[39M: Final Data to Insert into DB: ,,,,,nerul,Near station,,Near Station,,,,,,"{\"monday\":{\"open\":\"09:00\",\"close\":\"18:00\",\"closed\":true},\"tuesday\":{\"open\":\"09:00\",\"close\":\"18:00\",\"closed\":true},\"wednesday\":{\"open\":\"09:00\",\"close\":\"18:00\",\"closed\":true},\"thursday\":{\"open\":\"09:00\",\"close\":\"18:00\",\"closed\":false},\"friday\":{\"open\":\"09:00\",\"close\":\"20:00\",\"closed\":false},\"saturday\":{\"open\":\"15:00\",\"close\":\"18:00\",\"closed\":false},\"sunday\":{\"open\":\"09:00\",\"close\":\"18:00\",\"closed\":true}}",undefined-near-station,,
[2025-10-18T09:23:26.840Z] [32MINFO[39M: BUSINESS create error 
[2025-10-18T09:23:26.840Z] [32MINFO[39M: Column 'owner_id' cannot be null
[2025-10-18T09:35:36.274Z] [32MINFO[39M:  Server running on port  http://localhost:5004
[2025-10-18T09:35:36.286Z] [32MINFO[39M: MySQL Database Connected
[2025-10-18T09:35:41.950Z] [32MINFO[39M: 📥 [2025-10-18T09:35:41.949Z] GET /api/count/webview
[2025-10-18T09:36:33.625Z] [32MINFO[39M: 📥 [2025-10-18T09:36:33.625Z] OPTIONS /api/businesses
[2025-10-18T09:36:33.641Z] [32MINFO[39M: 📥 [2025-10-18T09:36:33.641Z] POST /api/businesses
[2025-10-18T09:36:33.644Z] [32MINFO[39M: CREating business
[2025-10-18T09:36:33.648Z] [32MINFO[39M: [object Object]
[2025-10-18T09:36:33.648Z] [32MINFO[39M: Final Data to Insert into DB: ,,,,,nerul,Near Station,,Near Station,,,,,,"{\"monday\":{\"open\":\"09:00\",\"close\":\"18:00\",\"closed\":true},\"tuesday\":{\"open\":\"09:00\",\"close\":\"18:00\",\"closed\":false},\"wednesday\":{\"open\":\"09:00\",\"close\":\"18:00\",\"closed\":false},\"thursday\":{\"open\":\"09:00\",\"close\":\"18:00\",\"closed\":false},\"friday\":{\"open\":\"09:00\",\"close\":\"18:00\",\"closed\":false},\"saturday\":{\"open\":\"09:00\",\"close\":\"18:00\",\"closed\":false},\"sunday\":{\"open\":\"09:00\",\"close\":\"18:00\",\"closed\":true}}",undefined-near-station,,
[2025-10-18T09:36:33.651Z] [32MINFO[39M: BUSINESS create error 
[2025-10-18T09:36:33.652Z] [32MINFO[39M: Column 'owner_id' cannot be null
[2025-10-18T09:36:37.921Z] [32MINFO[39M: 📥 [2025-10-18T09:36:37.921Z] POST /api/businesses
[2025-10-18T09:36:37.922Z] [32MINFO[39M: CREating business
[2025-10-18T09:36:37.924Z] [32MINFO[39M: [object Object]
[2025-10-18T09:36:37.925Z] [32MINFO[39M: Final Data to Insert into DB: ,,,,,nerul,Near Station,,Near Station,,,,,,"{\"monday\":{\"open\":\"09:00\",\"close\":\"18:00\",\"closed\":true},\"tuesday\":{\"open\":\"09:00\",\"close\":\"18:00\",\"closed\":false},\"wednesday\":{\"open\":\"09:00\",\"close\":\"18:00\",\"closed\":false},\"thursday\":{\"open\":\"09:00\",\"close\":\"18:00\",\"closed\":false},\"friday\":{\"open\":\"09:00\",\"close\":\"18:00\",\"closed\":false},\"saturday\":{\"open\":\"09:00\",\"close\":\"18:00\",\"closed\":false},\"sunday\":{\"open\":\"09:00\",\"close\":\"18:00\",\"closed\":true}}",undefined-near-station,,
[2025-10-18T09:36:37.927Z] [32MINFO[39M: BUSINESS create error 
[2025-10-18T09:36:37.927Z] [32MINFO[39M: Column 'owner_id' cannot be null
[2025-10-18T09:40:04.018Z] [32MINFO[39M:  Server running on port  http://localhost:5004
[2025-10-18T09:40:04.030Z] [32MINFO[39M: MySQL Database Connected
[2025-10-18T09:40:07.363Z] [32MINFO[39M: 📥 [2025-10-18T09:40:07.363Z] GET /api/count/webview
[2025-10-18T09:40:54.419Z] [32MINFO[39M: 📥 [2025-10-18T09:40:54.419Z] OPTIONS /api/businesses
[2025-10-18T09:40:54.438Z] [32MINFO[39M: 📥 [2025-10-18T09:40:54.438Z] POST /api/businesses
[2025-10-18T09:40:54.441Z] [32MINFO[39M: CREating business
[2025-10-18T09:41:03.399Z] [32MINFO[39M: 📥 [2025-10-18T09:41:03.399Z] OPTIONS /api/businesses
[2025-10-18T09:41:03.405Z] [32MINFO[39M: 📥 [2025-10-18T09:41:03.405Z] POST /api/businesses
[2025-10-18T09:41:03.406Z] [32MINFO[39M: CREating business
[2025-10-18T09:41:15.600Z] [32MINFO[39M: 📥 [2025-10-18T09:41:15.600Z] OPTIONS /api/businesses
[2025-10-18T09:41:15.605Z] [32MINFO[39M: 📥 [2025-10-18T09:41:15.605Z] POST /api/businesses
[2025-10-18T09:41:15.606Z] [32MINFO[39M: CREating business
[2025-10-18T09:41:44.918Z] [32MINFO[39M: 📥 [2025-10-18T09:41:44.918Z] OPTIONS /api/businesses
[2025-10-18T09:41:44.926Z] [32MINFO[39M: 📥 [2025-10-18T09:41:44.926Z] POST /api/businesses
[2025-10-18T09:41:44.927Z] [32MINFO[39M: CREating business
[2025-10-18T09:42:02.628Z] [32MINFO[39M: 📥 [2025-10-18T09:42:02.628Z] OPTIONS /api/otp/send
[2025-10-18T09:42:02.646Z] [32MINFO[39M: 📥 [2025-10-18T09:42:02.645Z] POST /api/otp/send
[2025-10-18T09:42:02.647Z] [32MINFO[39M: Received from frontend: [object Object]
[2025-10-18T09:42:02.648Z] [32MINFO[39M: Generated OTP for 8451060827: 439362
[2025-10-18T09:42:02.648Z] [32MINFO[39M: Sending OTP to 8451060827: 439362
[2025-10-18T09:42:09.517Z] [32MINFO[39M: 📥 [2025-10-18T09:42:09.517Z] OPTIONS /api/otp/verify
[2025-10-18T09:42:09.559Z] [32MINFO[39M: 📥 [2025-10-18T09:42:09.559Z] POST /api/otp/verify
[2025-10-18T09:42:09.561Z] [32MINFO[39M: Received in verifyOTP: [object Object]
[2025-10-18T09:43:05.319Z] [32MINFO[39M: 📥 [2025-10-18T09:43:05.319Z] OPTIONS /api/businesses
[2025-10-18T09:43:05.332Z] [32MINFO[39M: 📥 [2025-10-18T09:43:05.332Z] POST /api/businesses
[2025-10-18T09:43:05.332Z] [32MINFO[39M: CREating business
[2025-10-18T09:43:17.853Z] [32MINFO[39M: 📥 [2025-10-18T09:43:17.853Z] OPTIONS /api/businesses
[2025-10-18T09:43:17.894Z] [32MINFO[39M: 📥 [2025-10-18T09:43:17.894Z] POST /api/businesses
[2025-10-18T09:43:17.894Z] [32MINFO[39M: CREating business
[2025-10-18T09:43:44.005Z] [32MINFO[39M: 📥 [2025-10-18T09:43:44.005Z] OPTIONS /api/count/webview
[2025-10-18T09:43:44.028Z] [32MINFO[39M: 📥 [2025-10-18T09:43:44.028Z] GET /api/count/webview
[2025-10-18T09:44:28.785Z] [32MINFO[39M: 📥 [2025-10-18T09:44:28.785Z] OPTIONS /api/businesses
[2025-10-18T09:44:28.810Z] [32MINFO[39M: 📥 [2025-10-18T09:44:28.810Z] POST /api/businesses
[2025-10-18T09:44:28.811Z] [32MINFO[39M: CREating business
[2025-10-18T09:51:36.744Z] [32MINFO[39M:  Server running on port  http://localhost:5004
[2025-10-18T09:51:36.756Z] [32MINFO[39M: MySQL Database Connected
[2025-10-18T09:51:42.007Z] [32MINFO[39M: 📥 [2025-10-18T09:51:42.007Z] OPTIONS /api/count/webview
[2025-10-18T09:51:42.017Z] [32MINFO[39M: 📥 [2025-10-18T09:51:42.017Z] GET /api/count/webview
[2025-10-18T09:52:34.459Z] [32MINFO[39M: 📥 [2025-10-18T09:52:34.459Z] OPTIONS /api/businesses
[2025-10-18T09:52:34.480Z] [32MINFO[39M: 📥 [2025-10-18T09:52:34.480Z] POST /api/businesses
[2025-10-18T09:52:34.482Z] [32MINFO[39M: CREating business
[2025-10-18T09:56:36.759Z] [32MINFO[39M: 📥 [2025-10-18T09:56:36.759Z] OPTIONS /api/businesses
[2025-10-18T09:56:36.792Z] [32MINFO[39M: 📥 [2025-10-18T09:56:36.792Z] POST /api/businesses
[2025-10-18T09:56:36.794Z] [32MINFO[39M: CREating business
[2025-10-18T10:22:53.662Z] [32MINFO[39M:  Server running on port  http://localhost:5004
[2025-10-18T10:22:53.674Z] [32MINFO[39M: MySQL Database Connected
[2025-10-18T10:22:57.837Z] [32MINFO[39M: 📥 [2025-10-18T10:22:57.837Z] OPTIONS /api/count/webview
[2025-10-18T10:22:57.843Z] [32MINFO[39M: 📥 [2025-10-18T10:22:57.843Z] GET /api/count/webview
[2025-10-18T10:23:00.788Z] [32MINFO[39M: 📥 [2025-10-18T10:23:00.787Z] GET /api/count/webview
[2025-10-18T10:23:46.432Z] [32MINFO[39M: 📥 [2025-10-18T10:23:46.432Z] OPTIONS /api/businesses
[2025-10-18T10:23:46.451Z] [32MINFO[39M: 📥 [2025-10-18T10:23:46.451Z] POST /api/businesses
[2025-10-18T10:24:18.159Z] [32MINFO[39M:  Server running on port  http://localhost:5004
[2025-10-18T10:24:18.174Z] [32MINFO[39M: MySQL Database Connected
[2025-10-18T10:24:21.148Z] [32MINFO[39M: 📥 [2025-10-18T10:24:21.148Z] OPTIONS /api/count/webview
[2025-10-18T10:24:21.172Z] [32MINFO[39M: 📥 [2025-10-18T10:24:21.172Z] GET /api/count/webview
[2025-10-18T10:25:02.853Z] [32MINFO[39M: 📥 [2025-10-18T10:25:02.853Z] OPTIONS /api/businesses
[2025-10-18T10:25:02.869Z] [32MINFO[39M: 📥 [2025-10-18T10:25:02.869Z] POST /api/businesses
[2025-10-18T10:25:02.888Z] [32MINFO[39M: CREating business
[2025-10-18T10:25:02.903Z] [31MERROR[39M: BUSINESS create error: Error: Unknown column 'category' in 'field list'
[2025-10-18T10:25:33.837Z] [32MINFO[39M:  Server running on port  http://localhost:5004
[2025-10-18T10:25:33.850Z] [32MINFO[39M: MySQL Database Connected
[2025-10-18T10:25:37.819Z] [32MINFO[39M: 📥 [2025-10-18T10:25:37.819Z] OPTIONS /api/businesses
[2025-10-18T10:25:37.839Z] [32MINFO[39M: 📥 [2025-10-18T10:25:37.839Z] POST /api/businesses
[2025-10-18T10:25:37.859Z] [32MINFO[39M: CREating business
[2025-10-18T10:25:37.865Z] [31MERROR[39M: BUSINESS create error: Error: Unknown column 'category' in 'field list'
[2025-10-18T10:25:43.352Z] [32MINFO[39M: 📥 [2025-10-18T10:25:43.352Z] OPTIONS /api/count/webview
[2025-10-18T10:25:43.361Z] [32MINFO[39M: 📥 [2025-10-18T10:25:43.361Z] GET /api/count/webview
[2025-10-18T10:26:55.578Z] [32MINFO[39M: 📥 [2025-10-18T10:26:55.578Z] OPTIONS /api/businesses
[2025-10-18T10:26:55.586Z] [32MINFO[39M: 📥 [2025-10-18T10:26:55.586Z] POST /api/businesses
[2025-10-18T10:26:55.589Z] [32MINFO[39M: CREating business
[2025-10-18T10:26:55.591Z] [31MERROR[39M: BUSINESS create error: Error: Unknown column 'category' in 'field list'
[2025-10-18T10:28:00.339Z] [32MINFO[39M:  Server running on port  http://localhost:5004
[2025-10-18T10:28:00.354Z] [32MINFO[39M: MySQL Database Connected
[2025-10-18T10:28:03.690Z] [32MINFO[39M: 📥 [2025-10-18T10:28:03.690Z] OPTIONS /api/businesses
[2025-10-18T10:28:03.715Z] [32MINFO[39M: 📥 [2025-10-18T10:28:03.714Z] POST /api/businesses
[2025-10-18T10:28:03.734Z] [32MINFO[39M: CREating business
[2025-10-18T10:28:03.740Z] [31MERROR[39M: BUSINESS create error: Error: Unknown column 'whatsapp' in 'field list'
[2025-10-18T10:28:08.881Z] [32MINFO[39M: 📥 [2025-10-18T10:28:08.881Z] OPTIONS /api/count/webview
[2025-10-18T10:28:08.905Z] [32MINFO[39M: 📥 [2025-10-18T10:28:08.905Z] GET /api/count/webview
[2025-10-18T10:28:50.166Z] [32MINFO[39M: 📥 [2025-10-18T10:28:50.166Z] OPTIONS /api/businesses
[2025-10-18T10:28:50.176Z] [32MINFO[39M: 📥 [2025-10-18T10:28:50.176Z] POST /api/businesses
[2025-10-18T10:28:50.180Z] [32MINFO[39M: CREating business
[2025-10-18T10:28:50.187Z] [31MERROR[39M: BUSINESS create error: Error: Unknown column 'whatsapp' in 'field list'
[2025-10-18T10:32:18.909Z] [32MINFO[39M:  Server running on port  http://localhost:5004
[2025-10-18T10:32:18.922Z] [32MINFO[39M: MySQL Database Connected
[2025-10-18T10:32:22.374Z] [32MINFO[39M: 📥 [2025-10-18T10:32:22.374Z] OPTIONS /api/count/webview
[2025-10-18T10:32:22.396Z] [32MINFO[39M: 📥 [2025-10-18T10:32:22.396Z] GET /api/count/webview
[2025-10-18T10:32:59.595Z] [32MINFO[39M: 📥 [2025-10-18T10:32:59.595Z] OPTIONS /api/businesses
[2025-10-18T10:32:59.610Z] [32MINFO[39M: 📥 [2025-10-18T10:32:59.610Z] POST /api/businesses
[2025-10-18T10:32:59.620Z] [32MINFO[39M: CREating business
[2025-10-18T10:32:59.625Z] [31MERROR[39M: BUSINESS create error: Error: Column 'category_id' cannot be null
[2025-10-18T10:35:39.674Z] [32MINFO[39M: 📥 [2025-10-18T10:35:39.674Z] OPTIONS /api/count/webview
[2025-10-18T10:35:39.681Z] [32MINFO[39M: 📥 [2025-10-18T10:35:39.681Z] GET /api/count/webview
[2025-10-18T10:36:57.905Z] [32MINFO[39M: 📥 [2025-10-18T10:36:57.905Z] OPTIONS /api/count/webview
[2025-10-18T10:36:57.913Z] [32MINFO[39M: 📥 [2025-10-18T10:36:57.913Z] GET /api/count/webview
[2025-10-18T10:39:22.569Z] [32MINFO[39M: 📥 [2025-10-18T10:39:22.569Z] OPTIONS /api/count/webview
[2025-10-18T10:39:22.579Z] [32MINFO[39M: 📥 [2025-10-18T10:39:22.579Z] GET /api/count/webview
[2025-10-18T10:51:11.373Z] [32MINFO[39M: 📥 [2025-10-18T10:51:11.373Z] OPTIONS /api/count/webview
[2025-10-18T10:51:11.382Z] [32MINFO[39M: 📥 [2025-10-18T10:51:11.382Z] GET /api/count/webview
[2025-10-18T10:51:48.124Z] [32MINFO[39M: 📥 [2025-10-18T10:51:48.124Z] OPTIONS /api/count/webview
[2025-10-18T10:51:48.156Z] [32MINFO[39M: 📥 [2025-10-18T10:51:48.156Z] GET /api/count/webview
[2025-10-18T10:52:24.697Z] [32MINFO[39M: 📥 [2025-10-18T10:52:24.697Z] OPTIONS /api/count/webview
[2025-10-18T10:52:24.705Z] [32MINFO[39M: 📥 [2025-10-18T10:52:24.705Z] GET /api/count/webview
[2025-10-18T10:53:30.660Z] [32MINFO[39M: 📥 [2025-10-18T10:53:30.660Z] OPTIONS /api/count/webview
[2025-10-18T10:53:30.667Z] [32MINFO[39M: 📥 [2025-10-18T10:53:30.667Z] GET /api/count/webview
[2025-10-18T11:05:37.881Z] [32MINFO[39M: 📥 [2025-10-18T11:05:37.881Z] OPTIONS /api/count/webview
[2025-10-18T11:06:41.609Z] [32MINFO[39M: 📥 [2025-10-18T11:06:41.609Z] OPTIONS /api/businesses
[2025-10-18T11:07:19.985Z] [32MINFO[39M: 📥 [2025-10-18T11:07:19.985Z] OPTIONS /api/businesses
[2025-10-18T11:07:26.103Z] [32MINFO[39M: 📥 [2025-10-18T11:07:26.103Z] OPTIONS /api/count/webview
[2025-10-18T11:07:26.117Z] [32MINFO[39M: 📥 [2025-10-18T11:07:26.117Z] GET /api/count/webview
[2025-10-18T11:07:28.253Z] [32MINFO[39M: 📥 [2025-10-18T11:07:28.253Z] GET /api/count/webview
[2025-10-18T11:13:53.247Z] [32MINFO[39M: 📥 [2025-10-18T11:13:53.247Z] OPTIONS /api/businesses
[2025-10-18T11:13:53.254Z] [32MINFO[39M: 📥 [2025-10-18T11:13:53.254Z] POST /api/businesses
[2025-10-18T11:13:53.260Z] [32MINFO[39M: CREating business
[2025-10-18T11:13:53.264Z] [31MERROR[39M: BUSINESS create error: Error: Column 'category_id' cannot be null
