[2025-10-16T06:41:04.577Z] [32MINFO[39M:  Server running on port  http://localhost:5002
[2025-10-16T06:41:04.604Z] [32MINFO[39M: MySQL Database Connected
[2025-10-16T06:50:02.991Z] [32MINFO[39M: 📥 [2025-10-16T06:50:02.991Z] GET /api/count/webview
[2025-10-16T06:52:22.271Z] [32MINFO[39M: 📥 [2025-10-16T06:52:22.271Z] OPTIONS /api/otp/send
[2025-10-16T06:52:22.277Z] [32MINFO[39M: 📥 [2025-10-16T06:52:22.277Z] POST /api/otp/send
[2025-10-16T06:52:22.288Z] [32MINFO[39M: Received from frontend: [object Object]
[2025-10-16T06:52:22.289Z] [32MINFO[39M: Generated OTP for 9898989898: 334450
[2025-10-16T06:52:22.289Z] [32MINFO[39M: Mock sending OTP to 9898989898: 334450
[2025-10-16T06:52:35.616Z] [32MINFO[39M: 📥 [2025-10-16T06:52:35.616Z] OPTIONS /api/otp/verify
[2025-10-16T06:52:35.715Z] [32MINFO[39M: 📥 [2025-10-16T06:52:35.715Z] POST /api/otp/verify
[2025-10-16T06:52:35.717Z] [32MINFO[39M: Received in verifyOTP: [object Object]
[2025-10-16T07:20:32.060Z] [32MINFO[39M:  Server running on port  http://localhost:5002
[2025-10-16T07:20:32.074Z] [32MINFO[39M: MySQL Database Connected
[2025-10-16T07:20:35.572Z] [32MINFO[39M: 📥 [2025-10-16T07:20:35.571Z] GET /api/count/webview
[2025-10-16T07:21:07.456Z] [32MINFO[39M: 📥 [2025-10-16T07:21:07.456Z] OPTIONS /api/otp/send
[2025-10-16T07:21:07.463Z] [32MINFO[39M: 📥 [2025-10-16T07:21:07.463Z] POST /api/otp/send
[2025-10-16T07:21:07.473Z] [32MINFO[39M: Received from frontend: [object Object]
[2025-10-16T07:21:07.473Z] [32MINFO[39M: Generated OTP for 9878769876: 984270
[2025-10-16T07:21:07.473Z] [32MINFO[39M: Mock sending OTP to 9878769876: 984270
[2025-10-16T07:21:15.975Z] [32MINFO[39M: 📥 [2025-10-16T07:21:15.975Z] OPTIONS /api/otp/verify
[2025-10-16T07:21:15.981Z] [32MINFO[39M: 📥 [2025-10-16T07:21:15.981Z] POST /api/otp/verify
[2025-10-16T07:21:15.983Z] [32MINFO[39M: Received in verifyOTP: [object Object]
[2025-10-16T07:21:15.983Z] [31MERROR[39M: Error verifying OTP: ReferenceError: user is not defined
[2025-10-16T12:44:16.792Z] [32MINFO[39M:  Server running on port  http://localhost:5002
[2025-10-16T12:44:16.808Z] [32MINFO[39M: MySQL Database Connected
[2025-10-16T12:44:37.918Z] [32MINFO[39M: 📥 [2025-10-16T12:44:37.918Z] GET /api/count/webview
[2025-10-16T12:44:43.400Z] [32MINFO[39M: 📥 [2025-10-16T12:44:43.400Z] OPTIONS /api/otp/send
[2025-10-16T12:44:43.655Z] [32MINFO[39M: 📥 [2025-10-16T12:44:43.655Z] POST /api/otp/send
[2025-10-16T12:44:43.667Z] [32MINFO[39M: Received from frontend: [object Object]
[2025-10-16T12:44:43.668Z] [32MINFO[39M: Generated OTP for 9898989899: 485271
[2025-10-16T12:44:43.668Z] [32MINFO[39M: Sending OTP to 9898989899: 485271
[2025-10-16T12:47:33.469Z] [32MINFO[39M: 📥 [2025-10-16T12:47:33.469Z] GET /api/count/webview
[2025-10-16T12:47:35.880Z] [32MINFO[39M: 📥 [2025-10-16T12:47:35.880Z] OPTIONS /api/otp/send
[2025-10-16T12:47:35.893Z] [32MINFO[39M: 📥 [2025-10-16T12:47:35.893Z] POST /api/otp/send
[2025-10-16T12:47:35.894Z] [32MINFO[39M: Received from frontend: [object Object]
[2025-10-16T12:47:35.894Z] [32MINFO[39M: Generated OTP for 9898989876: 350878
[2025-10-16T12:47:35.895Z] [32MINFO[39M: Sending OTP to 9898989876: 350878
[2025-10-16T12:50:48.817Z] [32MINFO[39M: 📥 [2025-10-16T12:50:48.817Z] GET /api/count/webview
[2025-10-16T12:50:53.311Z] [32MINFO[39M: 📥 [2025-10-16T12:50:53.311Z] OPTIONS /api/otp/send
[2025-10-16T12:50:53.319Z] [32MINFO[39M: 📥 [2025-10-16T12:50:53.319Z] POST /api/otp/send
[2025-10-16T12:50:53.320Z] [32MINFO[39M: Received from frontend: [object Object]
[2025-10-16T12:50:53.320Z] [32MINFO[39M: Generated OTP for 9898989876: 716421
[2025-10-16T12:50:53.320Z] [32MINFO[39M: Sending OTP to 9898989876: 716421
[2025-10-16T12:51:10.815Z] [32MINFO[39M: 📥 [2025-10-16T12:51:10.815Z] OPTIONS /api/otp/verify
[2025-10-16T12:51:10.823Z] [32MINFO[39M: 📥 [2025-10-16T12:51:10.823Z] POST /api/otp/verify
[2025-10-16T12:51:10.825Z] [32MINFO[39M: Received in verifyOTP: [object Object]
[2025-10-16T12:54:34.947Z] [32MINFO[39M: 📥 [2025-10-16T12:54:34.947Z] OPTIONS /api/count/webview
[2025-10-16T12:54:34.965Z] [32MINFO[39M: 📥 [2025-10-16T12:54:34.965Z] GET /api/count/webview
[2025-10-16T12:54:38.353Z] [32MINFO[39M: 📥 [2025-10-16T12:54:38.352Z] OPTIONS /api/otp/send
[2025-10-16T12:54:38.359Z] [32MINFO[39M: 📥 [2025-10-16T12:54:38.359Z] POST /api/otp/send
[2025-10-16T12:54:38.360Z] [32MINFO[39M: Received from frontend: [object Object]
[2025-10-16T12:54:38.360Z] [32MINFO[39M: Generated OTP for 9898989876: 374329
[2025-10-16T12:54:38.360Z] [32MINFO[39M: Sending OTP to 9898989876: 374329
[2025-10-16T12:54:54.027Z] [32MINFO[39M: 📥 [2025-10-16T12:54:54.027Z] OPTIONS /api/otp/verify
[2025-10-16T12:54:54.040Z] [32MINFO[39M: 📥 [2025-10-16T12:54:54.040Z] POST /api/otp/verify
[2025-10-16T12:54:54.041Z] [32MINFO[39M: Received in verifyOTP: [object Object]
[2025-10-16T12:57:20.737Z] [32MINFO[39M: 📥 [2025-10-16T12:57:20.737Z] OPTIONS /api/count/webview
[2025-10-16T12:57:20.831Z] [32MINFO[39M: 📥 [2025-10-16T12:57:20.831Z] GET /api/count/webview
[2025-10-16T12:57:22.324Z] [32MINFO[39M: 📥 [2025-10-16T12:57:22.324Z] GET /api/count/webview
[2025-10-16T12:57:35.625Z] [32MINFO[39M: 📥 [2025-10-16T12:57:35.625Z] OPTIONS /api/otp/send
[2025-10-16T12:57:35.635Z] [32MINFO[39M: 📥 [2025-10-16T12:57:35.635Z] POST /api/otp/send
[2025-10-16T12:57:35.636Z] [32MINFO[39M: Received from frontend: [object Object]
[2025-10-16T12:57:35.636Z] [32MINFO[39M: Generated OTP for 9898989876: 356289
[2025-10-16T12:57:35.637Z] [32MINFO[39M: Sending OTP to 9898989876: 356289
[2025-10-16T12:57:46.257Z] [32MINFO[39M: 📥 [2025-10-16T12:57:46.257Z] OPTIONS /api/otp/verify
[2025-10-16T12:57:46.267Z] [32MINFO[39M: 📥 [2025-10-16T12:57:46.267Z] POST /api/otp/verify
[2025-10-16T12:57:46.268Z] [32MINFO[39M: Received in verifyOTP: [object Object]
[2025-10-16T13:00:01.371Z] [32MINFO[39M: 📥 [2025-10-16T13:00:01.371Z] OPTIONS /api/count/webview
[2025-10-16T13:00:01.381Z] [32MINFO[39M: 📥 [2025-10-16T13:00:01.381Z] GET /api/count/webview
[2025-10-16T13:00:04.801Z] [32MINFO[39M: 📥 [2025-10-16T13:00:04.801Z] GET /api/count/webview
[2025-10-16T13:00:19.645Z] [32MINFO[39M: 📥 [2025-10-16T13:00:19.645Z] OPTIONS /api/otp/send
[2025-10-16T13:00:19.650Z] [32MINFO[39M: 📥 [2025-10-16T13:00:19.650Z] POST /api/otp/send
[2025-10-16T13:00:19.652Z] [32MINFO[39M: Received from frontend: [object Object]
[2025-10-16T13:00:19.652Z] [32MINFO[39M: Generated OTP for 9898989876: 886487
[2025-10-16T13:00:19.652Z] [32MINFO[39M: Sending OTP to 9898989876: 886487
[2025-10-16T13:00:29.360Z] [32MINFO[39M: 📥 [2025-10-16T13:00:29.360Z] OPTIONS /api/otp/verify
[2025-10-16T13:00:29.367Z] [32MINFO[39M: 📥 [2025-10-16T13:00:29.367Z] POST /api/otp/verify
[2025-10-16T13:00:29.368Z] [32MINFO[39M: Received in verifyOTP: [object Object]
[2025-10-16T13:01:49.335Z] [32MINFO[39M: 📥 [2025-10-16T13:01:49.335Z] OPTIONS /api/count/webview
[2025-10-16T13:01:49.336Z] [32MINFO[39M: 📥 [2025-10-16T13:01:49.336Z] OPTIONS /api/count/webview
[2025-10-16T13:01:49.341Z] [32MINFO[39M: 📥 [2025-10-16T13:01:49.341Z] GET /api/count/webview
[2025-10-16T13:01:49.350Z] [32MINFO[39M: 📥 [2025-10-16T13:01:49.350Z] GET /api/count/webview
[2025-10-16T13:01:53.150Z] [32MINFO[39M: 📥 [2025-10-16T13:01:53.150Z] OPTIONS /api/otp/send
[2025-10-16T13:01:53.157Z] [32MINFO[39M: 📥 [2025-10-16T13:01:53.157Z] POST /api/otp/send
[2025-10-16T13:01:53.158Z] [32MINFO[39M: Received from frontend: [object Object]
[2025-10-16T13:01:53.159Z] [32MINFO[39M: Generated OTP for 9898989876: 663714
[2025-10-16T13:01:53.159Z] [32MINFO[39M: Sending OTP to 9898989876: 663714
[2025-10-16T13:02:03.959Z] [32MINFO[39M: 📥 [2025-10-16T13:02:03.959Z] OPTIONS /api/otp/verify
[2025-10-16T13:02:03.964Z] [32MINFO[39M: 📥 [2025-10-16T13:02:03.964Z] POST /api/otp/verify
[2025-10-16T13:02:03.965Z] [32MINFO[39M: Received in verifyOTP: [object Object]
[2025-10-16T13:02:11.762Z] [32MINFO[39M: 📥 [2025-10-16T13:02:11.762Z] OPTIONS /api/count/webview
[2025-10-16T13:02:11.763Z] [32MINFO[39M: 📥 [2025-10-16T13:02:11.763Z] OPTIONS /api/count/webview
[2025-10-16T13:02:11.879Z] [32MINFO[39M: 📥 [2025-10-16T13:02:11.879Z] GET /api/count/webview
[2025-10-16T13:02:11.886Z] [32MINFO[39M: 📥 [2025-10-16T13:02:11.886Z] GET /api/count/webview
[2025-10-16T13:05:10.900Z] [32MINFO[39M: 📥 [2025-10-16T13:05:10.900Z] OPTIONS /api/count/webview
[2025-10-16T13:05:10.922Z] [32MINFO[39M: 📥 [2025-10-16T13:05:10.922Z] GET /api/count/webview
[2025-10-16T13:05:28.820Z] [32MINFO[39M: 📥 [2025-10-16T13:05:28.820Z] OPTIONS /api/otp/send
[2025-10-16T13:05:28.853Z] [32MINFO[39M: 📥 [2025-10-16T13:05:28.853Z] POST /api/otp/send
[2025-10-16T13:05:28.855Z] [32MINFO[39M: Received from frontend: [object Object]
[2025-10-16T13:05:28.855Z] [32MINFO[39M: Generated OTP for 9898989876: 915876
[2025-10-16T13:05:28.855Z] [32MINFO[39M: Sending OTP to 9898989876: 915876
[2025-10-16T13:05:37.827Z] [32MINFO[39M: 📥 [2025-10-16T13:05:37.827Z] OPTIONS /api/otp/verify
[2025-10-16T13:05:37.833Z] [32MINFO[39M: 📥 [2025-10-16T13:05:37.833Z] POST /api/otp/verify
[2025-10-16T13:05:37.834Z] [32MINFO[39M: Received in verifyOTP: [object Object]
[2025-10-16T13:05:44.913Z] [32MINFO[39M: 📥 [2025-10-16T13:05:44.913Z] OPTIONS /api/count/webview
[2025-10-16T13:05:44.914Z] [32MINFO[39M: 📥 [2025-10-16T13:05:44.914Z] OPTIONS /api/count/webview
[2025-10-16T13:05:44.924Z] [32MINFO[39M: 📥 [2025-10-16T13:05:44.924Z] GET /api/count/webview
[2025-10-16T13:05:44.932Z] [32MINFO[39M: 📥 [2025-10-16T13:05:44.932Z] GET /api/count/webview
[2025-10-16T13:12:58.880Z] [32MINFO[39M: 📥 [2025-10-16T13:12:58.880Z] GET /api/count/webview
[2025-10-16T13:13:53.636Z] [32MINFO[39M:  Server running on port  http://localhost:5002
[2025-10-16T13:13:53.649Z] [32MINFO[39M: MySQL Database Connected
[2025-10-16T13:14:04.203Z] [32MINFO[39M: 📥 [2025-10-16T13:14:04.203Z] GET /api/count/webview
[2025-10-16T13:14:05.868Z] [32MINFO[39M: 📥 [2025-10-16T13:14:05.868Z] GET /api/count/webview
[2025-10-16T13:24:02.176Z] [32MINFO[39M:  Server running on port  http://localhost:5002
[2025-10-16T13:24:02.190Z] [32MINFO[39M: MySQL Database Connected
[2025-10-16T13:24:12.520Z] [32MINFO[39M: 📥 [2025-10-16T13:24:12.520Z] GET /api/count/webview
[2025-10-16T13:25:25.572Z] [32MINFO[39M: 📥 [2025-10-16T13:25:25.572Z] GET /api/count/webview
[2025-10-16T13:42:09.501Z] [32MINFO[39M:  Server running on port  http://localhost:5002
[2025-10-16T13:42:09.516Z] [32MINFO[39M: MySQL Database Connected
[2025-10-16T13:42:13.317Z] [32MINFO[39M: 📥 [2025-10-16T13:42:13.317Z] GET /api/count/webview
[2025-10-16T13:42:22.664Z] [32MINFO[39M: 📥 [2025-10-16T13:42:22.664Z] GET /api/count/webview
[2025-10-16T13:45:39.417Z] [32MINFO[39M: 📥 [2025-10-16T13:45:39.417Z] GET /api/count/webview
[2025-10-16T13:46:35.703Z] [32MINFO[39M:  Server running on port  http://localhost:5002
[2025-10-16T13:46:35.719Z] [32MINFO[39M: MySQL Database Connected
[2025-10-16T13:46:40.148Z] [32MINFO[39M: 📥 [2025-10-16T13:46:40.148Z] GET /api/count/webview
[2025-10-16T13:46:40.152Z] [31MERROR[39M: Failed to track visit: ReferenceError: pool is not defined
[2025-10-16T13:47:08.378Z] [32MINFO[39M:  Server running on port  http://localhost:5002
[2025-10-16T13:47:08.393Z] [32MINFO[39M: MySQL Database Connected
[2025-10-16T13:47:12.690Z] [32MINFO[39M: 📥 [2025-10-16T13:47:12.690Z] GET /api/count/webview
[2025-10-16T13:50:53.063Z] [32MINFO[39M: 📥 [2025-10-16T13:50:53.063Z] GET /api/count/webview
[2025-10-16T13:51:00.415Z] [32MINFO[39M: 📥 [2025-10-16T13:51:00.415Z] GET /api/count/webview
[2025-10-16T13:57:33.584Z] [32MINFO[39M: 📥 [2025-10-16T13:57:33.584Z] GET /api/count/webview
[2025-10-16T13:57:40.671Z] [32MINFO[39M: 📥 [2025-10-16T13:57:40.671Z] GET /api/count/webview
[2025-10-16T14:03:06.439Z] [32MINFO[39M: 📥 [2025-10-16T14:03:06.439Z] GET /api/count/webview
[2025-10-16T14:13:48.607Z] [32MINFO[39M: 📥 [2025-10-16T14:13:48.607Z] GET /api/count/webview
[2025-10-16T14:13:51.731Z] [32MINFO[39M: 📥 [2025-10-16T14:13:51.731Z] GET /api/count/webview
[2025-10-16T14:14:40.928Z] [32MINFO[39M: 📥 [2025-10-16T14:14:40.928Z] GET /api/count/webview
[2025-10-16T14:14:43.952Z] [32MINFO[39M: 📥 [2025-10-16T14:14:43.952Z] GET /api/count/webview
[2025-10-16T14:16:11.125Z] [32MINFO[39M: 📥 [2025-10-16T14:16:11.125Z] GET /api/count/webview
[2025-10-16T14:17:19.755Z] [32MINFO[39M: 📥 [2025-10-16T14:17:19.755Z] GET /api/count/webview
[2025-10-16T14:17:44.523Z] [32MINFO[39M: 📥 [2025-10-16T14:17:44.523Z] GET /api/count/webview
