[2025-11-20T10:00:57.599Z] [32MINFO[39M:  Server running on port  http://localhost:5009
[2025-11-20T10:00:57.996Z] [32MINFO[39M: MySQL Database Connected
[2025-11-20T10:01:31.260Z] [32MINFO[39M: 📥 [2025-11-20T10:01:31.260Z] OPTIONS /api/count/webview
[2025-11-20T10:01:31.267Z] [32MINFO[39M: 📥 [2025-11-20T10:01:31.267Z] OPTIONS /api/categories
[2025-11-20T10:01:31.269Z] [32MINFO[39M: 📥 [2025-11-20T10:01:31.269Z] OPTIONS /api/categories
[2025-11-20T10:01:31.270Z] [32MINFO[39M: 📥 [2025-11-20T10:01:31.270Z] OPTIONS /api/count/webview
[2025-11-20T10:01:31.275Z] [32MINFO[39M: 📥 [2025-11-20T10:01:31.275Z] GET /api/count/webview
[2025-11-20T10:01:31.278Z] [32MINFO[39M: 📥 [2025-11-20T10:01:31.278Z] GET /api/categories
[2025-11-20T10:01:31.517Z] [32MINFO[39M: 📥 [2025-11-20T10:01:31.517Z] GET /api/categories
[2025-11-20T10:01:31.519Z] [32MINFO[39M: 📥 [2025-11-20T10:01:31.519Z] GET /api/count/webview
[2025-11-20T10:01:41.186Z] [32MINFO[39M: 📥 [2025-11-20T10:01:41.186Z] OPTIONS /api/businesses/user
[2025-11-20T10:01:41.188Z] [32MINFO[39M: 📥 [2025-11-20T10:01:41.188Z] OPTIONS /api/businesses/user
[2025-11-20T10:01:41.215Z] [32MINFO[39M: 📥 [2025-11-20T10:01:41.215Z] GET /api/businesses/user
[2025-11-20T10:01:41.234Z] [32MINFO[39M: 4
[2025-11-20T10:01:41.234Z] [32MINFO[39M: Fetching businesses for userId: 4
[2025-11-20T10:01:41.253Z] [32MINFO[39M: [object Object]
[2025-11-20T10:01:41.263Z] [32MINFO[39M: Image rows: 
[2025-11-20T10:01:41.264Z] [32MINFO[39M: Final business payload: [object Object],[object Object],[object Object],[object Object],[object Object],[object Object],[object Object]
[2025-11-20T10:01:41.269Z] [32MINFO[39M: 📥 [2025-11-20T10:01:41.269Z] GET /api/businesses/user
[2025-11-20T10:01:41.272Z] [32MINFO[39M: 4
[2025-11-20T10:01:41.272Z] [32MINFO[39M: Fetching businesses for userId: 4
[2025-11-20T10:01:41.274Z] [32MINFO[39M: [object Object]
[2025-11-20T10:01:41.275Z] [32MINFO[39M: Image rows: 
[2025-11-20T10:01:41.276Z] [32MINFO[39M: Final business payload: [object Object],[object Object],[object Object],[object Object],[object Object],[object Object],[object Object]
[2025-11-20T10:01:48.763Z] [32MINFO[39M: 📥 [2025-11-20T10:01:48.763Z] OPTIONS /api/count/webview
[2025-11-20T10:01:48.764Z] [32MINFO[39M: 📥 [2025-11-20T10:01:48.764Z] OPTIONS /api/categories
[2025-11-20T10:01:48.765Z] [32MINFO[39M: 📥 [2025-11-20T10:01:48.765Z] OPTIONS /api/count/webview
[2025-11-20T10:01:48.766Z] [32MINFO[39M: 📥 [2025-11-20T10:01:48.766Z] OPTIONS /api/categories
[2025-11-20T10:01:48.772Z] [32MINFO[39M: 📥 [2025-11-20T10:01:48.772Z] GET /api/count/webview
[2025-11-20T10:01:48.773Z] [32MINFO[39M: 📥 [2025-11-20T10:01:48.773Z] GET /api/categories
[2025-11-20T10:01:48.781Z] [32MINFO[39M: 📥 [2025-11-20T10:01:48.781Z] GET /api/count/webview
[2025-11-20T10:01:48.785Z] [32MINFO[39M: 📥 [2025-11-20T10:01:48.785Z] GET /api/categories
[2025-11-20T10:01:51.177Z] [32MINFO[39M: 📥 [2025-11-20T10:01:51.176Z] OPTIONS /api/businesses?categoryslug=restaurant&subcategoryslug=restaurant
[2025-11-20T10:01:51.178Z] [32MINFO[39M: 📥 [2025-11-20T10:01:51.178Z] OPTIONS /api/businesses?categoryslug=restaurant&subcategoryslug=restaurant
[2025-11-20T10:01:51.189Z] [32MINFO[39M: 📥 [2025-11-20T10:01:51.189Z] GET /api/businesses?categoryslug=restaurant&subcategoryslug=restaurant
[2025-11-20T10:01:51.190Z] [32MINFO[39M: Fetching businesses with params: {"categoryslug":"restaurant","subcategoryslug":"restaurant","page":1,"limit":10,"verified":1}
[2025-11-20T10:01:51.212Z] [32MINFO[39M: 📥 [2025-11-20T10:01:51.212Z] GET /api/businesses?categoryslug=restaurant&subcategoryslug=restaurant
[2025-11-20T10:01:51.213Z] [32MINFO[39M: Fetching businesses with params: {"categoryslug":"restaurant","subcategoryslug":"restaurant","page":1,"limit":10,"verified":1}
[2025-11-20T10:01:55.312Z] [32MINFO[39M: 📥 [2025-11-20T10:01:55.312Z] OPTIONS /api/count/webview
[2025-11-20T10:01:55.314Z] [32MINFO[39M: 📥 [2025-11-20T10:01:55.314Z] OPTIONS /api/businesses?categoryslug=restaurant&subcategoryslug=north-indian-restaurant
[2025-11-20T10:01:55.328Z] [32MINFO[39M: 📥 [2025-11-20T10:01:55.328Z] OPTIONS /api/count/webview
[2025-11-20T10:01:55.329Z] [32MINFO[39M: 📥 [2025-11-20T10:01:55.329Z] GET /api/count/webview
[2025-11-20T10:01:55.330Z] [32MINFO[39M: 📥 [2025-11-20T10:01:55.330Z] GET /api/businesses?categoryslug=restaurant&subcategoryslug=north-indian-restaurant
[2025-11-20T10:01:55.331Z] [32MINFO[39M: Fetching businesses with params: {"categoryslug":"restaurant","subcategoryslug":"north-indian-restaurant","page":1,"limit":10,"verified":1}
[2025-11-20T10:01:55.332Z] [32MINFO[39M: 📥 [2025-11-20T10:01:55.332Z] OPTIONS /api/businesses?categoryslug=restaurant&subcategoryslug=north-indian-restaurant
[2025-11-20T10:01:55.347Z] [32MINFO[39M: 📥 [2025-11-20T10:01:55.347Z] GET /api/businesses?categoryslug=restaurant&subcategoryslug=north-indian-restaurant
[2025-11-20T10:01:55.348Z] [32MINFO[39M: Fetching businesses with params: {"categoryslug":"restaurant","subcategoryslug":"north-indian-restaurant","page":1,"limit":10,"verified":1}
[2025-11-20T10:01:55.348Z] [32MINFO[39M: 📥 [2025-11-20T10:01:55.348Z] GET /api/count/webview
[2025-11-20T10:02:02.462Z] [32MINFO[39M: 📥 [2025-11-20T10:02:02.462Z] OPTIONS /api/businesses?categoryslug=restaurant&subcategoryslug=restaurant
[2025-11-20T10:02:02.471Z] [32MINFO[39M: 📥 [2025-11-20T10:02:02.471Z] OPTIONS /api/businesses?categoryslug=restaurant&subcategoryslug=restaurant
[2025-11-20T10:02:02.476Z] [32MINFO[39M: 📥 [2025-11-20T10:02:02.476Z] GET /api/businesses?categoryslug=restaurant&subcategoryslug=restaurant
[2025-11-20T10:02:02.477Z] [32MINFO[39M: Fetching businesses with params: {"categoryslug":"restaurant","subcategoryslug":"restaurant","page":1,"limit":10,"verified":1}
[2025-11-20T10:02:02.490Z] [32MINFO[39M: 📥 [2025-11-20T10:02:02.490Z] GET /api/businesses?categoryslug=restaurant&subcategoryslug=restaurant
[2025-11-20T10:02:02.503Z] [32MINFO[39M: Fetching businesses with params: {"categoryslug":"restaurant","subcategoryslug":"restaurant","page":1,"limit":10,"verified":1}
[2025-11-20T10:02:06.587Z] [32MINFO[39M: 📥 [2025-11-20T10:02:06.587Z] OPTIONS /api/businesses/s/test-prachi-near-park
[2025-11-20T10:02:06.588Z] [32MINFO[39M: 📥 [2025-11-20T10:02:06.588Z] OPTIONS /api/businesses/s/test-prachi-near-park
[2025-11-20T10:02:06.615Z] [32MINFO[39M: 📥 [2025-11-20T10:02:06.615Z] GET /api/businesses/s/test-prachi-near-park
[2025-11-20T10:02:06.616Z] [32MINFO[39M: Received request for business with slug: test-prachi-near-park
[2025-11-20T10:02:06.627Z] [32MINFO[39M: 📥 [2025-11-20T10:02:06.627Z] GET /api/businesses/s/test-prachi-near-park
[2025-11-20T10:02:06.628Z] [32MINFO[39M: Received request for business with slug: test-prachi-near-park
[2025-11-20T10:02:06.688Z] [32MINFO[39M: 📥 [2025-11-20T10:02:06.688Z] OPTIONS /api/businesses/36/view
[2025-11-20T10:02:06.763Z] [32MINFO[39M: 📥 [2025-11-20T10:02:06.763Z] PUT /api/businesses/36/view
[2025-11-20T10:02:06.832Z] [32MINFO[39M: viewCount 1
[2025-11-20T10:03:33.930Z] [32MINFO[39M: 📥 [2025-11-20T10:03:33.930Z] OPTIONS /api/count/webview
[2025-11-20T10:03:33.932Z] [32MINFO[39M: 📥 [2025-11-20T10:03:33.932Z] OPTIONS /api/categories
[2025-11-20T10:03:33.935Z] [32MINFO[39M: 📥 [2025-11-20T10:03:33.935Z] OPTIONS /api/count/webview
[2025-11-20T10:03:33.937Z] [32MINFO[39M: 📥 [2025-11-20T10:03:33.937Z] OPTIONS /api/categories
[2025-11-20T10:03:33.944Z] [32MINFO[39M: 📥 [2025-11-20T10:03:33.944Z] GET /api/count/webview
[2025-11-20T10:03:33.948Z] [32MINFO[39M: 📥 [2025-11-20T10:03:33.948Z] GET /api/categories
[2025-11-20T10:03:33.964Z] [32MINFO[39M: 📥 [2025-11-20T10:03:33.964Z] GET /api/count/webview
[2025-11-20T10:03:33.975Z] [32MINFO[39M: 📥 [2025-11-20T10:03:33.975Z] GET /api/categories
[2025-11-20T10:03:34.050Z] [32MINFO[39M: 📥 [2025-11-20T10:03:34.050Z] OPTIONS /api/businesses?categoryslug=fashion-accessories&subcategoryslug=watch-watch-repair-shops
[2025-11-20T10:03:34.062Z] [32MINFO[39M: 📥 [2025-11-20T10:03:34.062Z] GET /api/businesses?categoryslug=fashion-accessories&subcategoryslug=watch-watch-repair-shops
[2025-11-20T10:03:34.064Z] [32MINFO[39M: Fetching businesses with params: {"categoryslug":"fashion-accessories","subcategoryslug":"watch-watch-repair-shops","page":1,"limit":10,"verified":1}
[2025-11-20T10:04:57.083Z] [32MINFO[39M: 📥 [2025-11-20T10:04:57.083Z] OPTIONS /api/businesses/user
[2025-11-20T10:04:57.084Z] [32MINFO[39M: 📥 [2025-11-20T10:04:57.084Z] OPTIONS /api/businesses/user
[2025-11-20T10:04:57.108Z] [32MINFO[39M: 📥 [2025-11-20T10:04:57.108Z] GET /api/businesses/user
[2025-11-20T10:04:57.112Z] [32MINFO[39M: 12
[2025-11-20T10:04:57.112Z] [32MINFO[39M: Fetching businesses for userId: 12
[2025-11-20T10:04:57.113Z] [32MINFO[39M: [object Object]
[2025-11-20T10:04:57.114Z] [32MINFO[39M: Image rows: 
[2025-11-20T10:04:57.115Z] [32MINFO[39M: Final business payload: [object Object]
[2025-11-20T10:04:57.130Z] [32MINFO[39M: 📥 [2025-11-20T10:04:57.130Z] GET /api/businesses/user
[2025-11-20T10:04:57.133Z] [32MINFO[39M: 12
[2025-11-20T10:04:57.133Z] [32MINFO[39M: Fetching businesses for userId: 12
[2025-11-20T10:04:57.134Z] [32MINFO[39M: [object Object]
[2025-11-20T10:04:57.135Z] [32MINFO[39M: Image rows: 
[2025-11-20T10:04:57.135Z] [32MINFO[39M: Final business payload: [object Object]
[2025-11-20T10:04:58.804Z] [32MINFO[39M: 📥 [2025-11-20T10:04:58.804Z] OPTIONS /api/businesses/44
[2025-11-20T10:04:58.806Z] [32MINFO[39M: 📥 [2025-11-20T10:04:58.806Z] OPTIONS /api/categories
[2025-11-20T10:04:58.812Z] [32MINFO[39M: 📥 [2025-11-20T10:04:58.812Z] OPTIONS /api/businesses/44
[2025-11-20T10:04:58.816Z] [32MINFO[39M: 📥 [2025-11-20T10:04:58.816Z] GET /api/businesses/44
[2025-11-20T10:04:58.818Z] [32MINFO[39M: 📥 [2025-11-20T10:04:58.818Z] OPTIONS /api/categories
[2025-11-20T10:04:58.819Z] [32MINFO[39M: 📥 [2025-11-20T10:04:58.819Z] GET /api/categories
[2025-11-20T10:04:58.820Z] [32MINFO[39M: 12
[2025-11-20T10:04:58.834Z] [32MINFO[39M: [object Object]
[2025-11-20T10:04:58.834Z] [32MINFO[39M: Business fetched: [object Object]
[2025-11-20T10:04:58.837Z] [32MINFO[39M: 📥 [2025-11-20T10:04:58.837Z] GET /api/categories
[2025-11-20T10:04:58.851Z] [32MINFO[39M: 📥 [2025-11-20T10:04:58.851Z] GET /api/businesses/44
[2025-11-20T10:04:58.855Z] [32MINFO[39M: 12
[2025-11-20T10:04:58.856Z] [32MINFO[39M: [object Object]
[2025-11-20T10:04:58.856Z] [32MINFO[39M: Business fetched: [object Object]
[2025-11-20T10:05:43.421Z] [32MINFO[39M: 📥 [2025-11-20T10:05:43.421Z] OPTIONS /api/businesses/44
[2025-11-20T10:05:43.442Z] [32MINFO[39M: 📥 [2025-11-20T10:05:43.442Z] PUT /api/businesses/44
[2025-11-20T10:05:43.446Z] [32MINFO[39M: 12
[2025-11-20T10:05:43.446Z] [32MINFO[39M: Business ID: 44
[2025-11-20T10:05:43.447Z] [32MINFO[39M: Current User ID: 12
[2025-11-20T10:05:43.447Z] [32MINFO[39M: User Role: admin
[2025-11-20T10:05:43.447Z] [32MINFO[39M: User: [object Object]
[2025-11-20T10:05:43.448Z] [32MINFO[39M: Request Body: [object Object]
[2025-11-20T10:05:43.453Z] [32MINFO[39M: Latitude:  Longitude: 
[2025-11-20T10:05:43.453Z] [32MINFO[39M:  admin is updating the business directly...
[2025-11-20T10:05:43.453Z] [32MINFO[39M: Timing JSON: {"monday":{"open":"09:00","close":"18:00","closed":false},"tuesday":{"open":"09:00","close":"18:00","closed":false},"wednesday":{"open":"09:00","close":"18:00","closed":false},"thursday":{"open":"09:00","close":"18:00","closed":false},"friday":{"open":"09:00","close":"18:00","closed":false},"saturday":{"open":"09:00","close":"18:00","closed":false},"sunday":{"open":"09:00","close":"18:00","closed":false}}
[2025-11-20T10:05:43.454Z] [32MINFO[39M: Timing length: 408
[2025-11-20T10:05:43.466Z] [32MINFO[39M: Update result: [object Object]
[2025-11-20T10:06:05.035Z] [32MINFO[39M: 📥 [2025-11-20T10:06:05.035Z] OPTIONS /api/businesses/admin/pending?businesses=true
[2025-11-20T10:06:05.036Z] [32MINFO[39M: 📥 [2025-11-20T10:06:05.036Z] OPTIONS /api/businesses/admin/pending?businesses=true
[2025-11-20T10:06:05.046Z] [32MINFO[39M: 📥 [2025-11-20T10:06:05.046Z] GET /api/businesses/admin/pending?businesses=true
[2025-11-20T10:06:05.052Z] [32MINFO[39M: 12
[2025-11-20T10:06:05.057Z] [32MINFO[39M: 12
[2025-11-20T10:06:05.081Z] [32MINFO[39M: Fetched pending updates: 2
[2025-11-20T10:06:05.090Z] [32MINFO[39M: 📥 [2025-11-20T10:06:05.090Z] GET /api/businesses/admin/pending?businesses=true
[2025-11-20T10:06:05.093Z] [32MINFO[39M: 12
[2025-11-20T10:06:05.095Z] [32MINFO[39M: 12
[2025-11-20T10:06:05.104Z] [32MINFO[39M: Fetched pending updates: 2
[2025-11-20T10:06:35.273Z] [32MINFO[39M: 📥 [2025-11-20T10:06:35.273Z] OPTIONS /api/businesses/admin/pending?businesses=true
[2025-11-20T10:06:35.274Z] [32MINFO[39M: 📥 [2025-11-20T10:06:35.274Z] OPTIONS /api/businesses/admin/pending?businesses=true
[2025-11-20T10:06:35.284Z] [32MINFO[39M: 📥 [2025-11-20T10:06:35.284Z] GET /api/businesses/admin/pending?businesses=true
[2025-11-20T10:06:35.286Z] [32MINFO[39M: 12
[2025-11-20T10:06:35.288Z] [32MINFO[39M: 12
[2025-11-20T10:06:35.296Z] [32MINFO[39M: Fetched pending updates: 2
[2025-11-20T10:06:35.332Z] [32MINFO[39M: 📥 [2025-11-20T10:06:35.332Z] GET /api/businesses/admin/pending?businesses=true
[2025-11-20T10:06:35.335Z] [32MINFO[39M: 12
[2025-11-20T10:06:35.336Z] [32MINFO[39M: 12
[2025-11-20T10:06:35.343Z] [32MINFO[39M: Fetched pending updates: 2
[2025-11-20T10:06:37.555Z] [32MINFO[39M: 📥 [2025-11-20T10:06:37.555Z] OPTIONS /api/users?page=1&limit=10&search=
[2025-11-20T10:06:37.557Z] [32MINFO[39M: 📥 [2025-11-20T10:06:37.557Z] OPTIONS /api/users?page=1&limit=10&search=
[2025-11-20T10:06:37.579Z] [32MINFO[39M: 📥 [2025-11-20T10:06:37.579Z] GET /api/users?page=1&limit=10&search=
[2025-11-20T10:06:37.583Z] [32MINFO[39M: 12
[2025-11-20T10:06:37.584Z] [32MINFO[39M: Controller: getAllUsers called
[2025-11-20T10:06:37.584Z] [32MINFO[39M: Final Query: SELECT * FROM users WHERE 1=1 LIMIT 10 OFFSET 0
[2025-11-20T10:06:37.584Z] [32MINFO[39M: Query Params: 
[2025-11-20T10:06:37.604Z] [32MINFO[39M: 📥 [2025-11-20T10:06:37.604Z] GET /api/users?page=1&limit=10&search=
[2025-11-20T10:06:37.607Z] [32MINFO[39M: 12
[2025-11-20T10:06:37.608Z] [32MINFO[39M: Controller: getAllUsers called
[2025-11-20T10:06:37.608Z] [32MINFO[39M: Final Query: SELECT * FROM users WHERE 1=1 LIMIT 10 OFFSET 0
[2025-11-20T10:06:37.608Z] [32MINFO[39M: Query Params: 
[2025-11-20T10:06:43.481Z] [32MINFO[39M: 📥 [2025-11-20T10:06:43.481Z] OPTIONS /api/businesses?isVerified=true&page=1&limit=10
[2025-11-20T10:06:43.486Z] [32MINFO[39M: 📥 [2025-11-20T10:06:43.486Z] OPTIONS /api/businesses?isVerified=true&page=1&limit=10
[2025-11-20T10:06:43.492Z] [32MINFO[39M: 📥 [2025-11-20T10:06:43.492Z] GET /api/businesses?isVerified=true&page=1&limit=10
[2025-11-20T10:06:43.493Z] [32MINFO[39M: Fetching businesses with params: {"page":1,"limit":10,"verified":1}
[2025-11-20T10:06:44.254Z] [32MINFO[39M: 📥 [2025-11-20T10:06:44.254Z] GET /api/businesses?isVerified=true&page=1&limit=10
[2025-11-20T10:06:44.255Z] [32MINFO[39M: Fetching businesses with params: {"page":1,"limit":10,"verified":1}
[2025-11-20T10:07:06.260Z] [32MINFO[39M: 📥 [2025-11-20T10:07:06.260Z] OPTIONS /api/businesses?isVerified=true&page=1&limit=10
[2025-11-20T10:07:06.261Z] [32MINFO[39M: 📥 [2025-11-20T10:07:06.261Z] OPTIONS /api/businesses?isVerified=true&page=1&limit=10
[2025-11-20T10:07:06.602Z] [32MINFO[39M: 📥 [2025-11-20T10:07:06.602Z] GET /api/businesses?isVerified=true&page=1&limit=10
[2025-11-20T10:07:06.603Z] [32MINFO[39M: Fetching businesses with params: {"page":1,"limit":10,"verified":1}
[2025-11-20T10:07:07.298Z] [32MINFO[39M: 📥 [2025-11-20T10:07:07.298Z] GET /api/businesses?isVerified=true&page=1&limit=10
[2025-11-20T10:07:07.299Z] [32MINFO[39M: Fetching businesses with params: {"page":1,"limit":10,"verified":1}
[2025-11-20T10:07:51.358Z] [32MINFO[39M: 📥 [2025-11-20T10:07:51.358Z] OPTIONS /api/users?page=1&limit=10&search=
[2025-11-20T10:07:51.387Z] [32MINFO[39M: 📥 [2025-11-20T10:07:51.387Z] GET /api/users?page=1&limit=10&search=
[2025-11-20T10:07:51.389Z] [32MINFO[39M: 12
[2025-11-20T10:07:51.389Z] [32MINFO[39M: Controller: getAllUsers called
[2025-11-20T10:07:51.389Z] [32MINFO[39M: Final Query: SELECT * FROM users WHERE 1=1 LIMIT 10 OFFSET 0
[2025-11-20T10:07:51.389Z] [32MINFO[39M: Query Params: 
[2025-11-20T10:17:53.210Z] [32MINFO[39M: 📥 [2025-11-20T10:17:53.210Z] OPTIONS /api/businesses?isVerified=true&page=1&limit=10
[2025-11-20T10:17:53.211Z] [32MINFO[39M: 📥 [2025-11-20T10:17:53.211Z] OPTIONS /api/businesses?isVerified=true&page=1&limit=10
[2025-11-20T10:17:53.701Z] [32MINFO[39M: 📥 [2025-11-20T10:17:53.701Z] GET /api/businesses?isVerified=true&page=1&limit=10
[2025-11-20T10:17:53.702Z] [32MINFO[39M: Fetching businesses with params: {"page":1,"limit":10,"verified":1}
[2025-11-20T10:17:53.739Z] [32MINFO[39M: 📥 [2025-11-20T10:17:53.739Z] GET /api/businesses?isVerified=true&page=1&limit=10
[2025-11-20T10:17:53.740Z] [32MINFO[39M: Fetching businesses with params: {"page":1,"limit":10,"verified":1}
[2025-11-20T10:18:12.144Z] [32MINFO[39M: 📥 [2025-11-20T10:18:12.144Z] OPTIONS /api/categories
[2025-11-20T10:18:12.145Z] [32MINFO[39M: 📥 [2025-11-20T10:18:12.145Z] OPTIONS /api/count/webview
[2025-11-20T10:18:12.146Z] [32MINFO[39M: 📥 [2025-11-20T10:18:12.146Z] OPTIONS /api/categories
[2025-11-20T10:18:12.147Z] [32MINFO[39M: 📥 [2025-11-20T10:18:12.147Z] OPTIONS /api/count/webview
[2025-11-20T10:18:12.152Z] [32MINFO[39M: 📥 [2025-11-20T10:18:12.152Z] GET /api/categories
[2025-11-20T10:18:12.170Z] [32MINFO[39M: 📥 [2025-11-20T10:18:12.170Z] GET /api/count/webview
[2025-11-20T10:18:12.295Z] [32MINFO[39M: 📥 [2025-11-20T10:18:12.295Z] GET /api/count/webview
[2025-11-20T10:18:12.296Z] [32MINFO[39M: 📥 [2025-11-20T10:18:12.296Z] GET /api/categories
[2025-11-20T10:18:26.141Z] [32MINFO[39M: 📥 [2025-11-20T10:18:26.141Z] OPTIONS /api/businesses/user
[2025-11-20T10:18:26.142Z] [32MINFO[39M: 📥 [2025-11-20T10:18:26.142Z] OPTIONS /api/businesses/user
[2025-11-20T10:18:26.155Z] [32MINFO[39M: 📥 [2025-11-20T10:18:26.155Z] GET /api/businesses/user
[2025-11-20T10:18:26.158Z] [32MINFO[39M: 12
[2025-11-20T10:18:26.159Z] [32MINFO[39M: Fetching businesses for userId: 12
[2025-11-20T10:18:26.161Z] [32MINFO[39M: [object Object]
[2025-11-20T10:18:26.162Z] [32MINFO[39M: Image rows: 
[2025-11-20T10:18:26.163Z] [32MINFO[39M: Final business payload: [object Object]
[2025-11-20T10:18:26.188Z] [32MINFO[39M: 📥 [2025-11-20T10:18:26.188Z] GET /api/businesses/user
[2025-11-20T10:18:26.191Z] [32MINFO[39M: 12
[2025-11-20T10:18:26.191Z] [32MINFO[39M: Fetching businesses for userId: 12
[2025-11-20T10:18:26.193Z] [32MINFO[39M: [object Object]
[2025-11-20T10:18:26.194Z] [32MINFO[39M: Image rows: 
[2025-11-20T10:18:26.194Z] [32MINFO[39M: Final business payload: [object Object]
[2025-11-20T10:18:29.861Z] [32MINFO[39M: 📥 [2025-11-20T10:18:29.861Z] OPTIONS /api/categories
[2025-11-20T10:18:29.862Z] [32MINFO[39M: 📥 [2025-11-20T10:18:29.862Z] OPTIONS /api/categories
[2025-11-20T10:18:30.117Z] [32MINFO[39M: 📥 [2025-11-20T10:18:30.117Z] GET /api/categories
[2025-11-20T10:18:30.180Z] [32MINFO[39M: 📥 [2025-11-20T10:18:30.180Z] GET /api/categories
[2025-11-20T10:25:07.880Z] [32MINFO[39M: 📥 [2025-11-20T10:25:07.880Z] OPTIONS /api/businesses
[2025-11-20T10:25:07.896Z] [32MINFO[39M: 📥 [2025-11-20T10:25:07.896Z] POST /api/businesses
[2025-11-20T10:25:07.899Z] [32MINFO[39M: 12
[2025-11-20T10:25:07.900Z] [32MINFO[39M: Creating business...
[2025-11-20T10:25:07.900Z] [32MINFO[39M: [object Object]
[2025-11-20T10:25:07.900Z] [32MINFO[39M: 12
[2025-11-20T10:25:07.902Z] [32MINFO[39M: [object Object]
[2025-11-20T10:25:07.902Z] [32MINFO[39M: timingstring {"monday":{"open":"09:30","close":"18:00","closed":false},"tuesday":{"open":"09:00","close":"18:00","closed":false},"wednesday":{"open":"09:00","close":"18:00","closed":false},"thursday":{"open":"09:00","close":"18:00","closed":false},"friday":{"open":"09:00","close":"18:00","closed":false},"saturday":{"open":"09:00","close":"18:00","closed":false},"sunday":{"open":"09:00","close":"18:00","closed":true}}
[2025-11-20T10:25:07.903Z] [32MINFO[39M: Final Data to Insert into DB: 12,test 2,3,376,400070,shop no-2 , s.g barve Marg, near Kurla station road, Kurla west. mumbai-400070,near Kurla station road,,Kurla west,8692977446,8692977446,mybusiness@gmail.com,dealers in women's clothing, like tops, garments, jeans, tshirts, etc,www.godaddy.com,{"monday":{"open":"09:30","close":"18:00","closed":false},"tuesday":{"open":"09:00","close":"18:00","closed":false},"wednesday":{"open":"09:00","close":"18:00","closed":false},"thursday":{"open":"09:00","close":"18:00","closed":false},"friday":{"open":"09:00","close":"18:00","closed":false},"saturday":{"open":"09:00","close":"18:00","closed":false},"sunday":{"open":"09:00","close":"18:00","closed":true}},test-2-kurla-west,,
[2025-11-20T10:25:09.434Z] [32MINFO[39M: 📥 [2025-11-20T10:25:09.434Z] OPTIONS /api/businesses/user
[2025-11-20T10:25:09.454Z] [32MINFO[39M: 📥 [2025-11-20T10:25:09.454Z] OPTIONS /api/businesses/user
[2025-11-20T10:25:09.560Z] [32MINFO[39M: 📥 [2025-11-20T10:25:09.560Z] GET /api/businesses/user
[2025-11-20T10:25:09.563Z] [32MINFO[39M: 12
[2025-11-20T10:25:09.563Z] [32MINFO[39M: Fetching businesses for userId: 12
[2025-11-20T10:25:09.564Z] [32MINFO[39M: [object Object]
[2025-11-20T10:25:09.565Z] [32MINFO[39M: Image rows: 
[2025-11-20T10:25:09.566Z] [32MINFO[39M: Final business payload: [object Object],[object Object]
[2025-11-20T10:25:09.818Z] [32MINFO[39M: 📥 [2025-11-20T10:25:09.818Z] GET /api/businesses/user
[2025-11-20T10:25:09.821Z] [32MINFO[39M: 12
[2025-11-20T10:25:09.822Z] [32MINFO[39M: Fetching businesses for userId: 12
[2025-11-20T10:25:09.823Z] [32MINFO[39M: [object Object]
[2025-11-20T10:25:09.826Z] [32MINFO[39M: Image rows: 
[2025-11-20T10:25:09.826Z] [32MINFO[39M: Final business payload: [object Object],[object Object]
[2025-11-20T10:25:14.769Z] [32MINFO[39M: 📥 [2025-11-20T10:25:14.768Z] OPTIONS /api/categories
[2025-11-20T10:25:14.770Z] [32MINFO[39M: 📥 [2025-11-20T10:25:14.770Z] OPTIONS /api/businesses/45
[2025-11-20T10:25:14.770Z] [32MINFO[39M: 📥 [2025-11-20T10:25:14.770Z] OPTIONS /api/businesses/45
[2025-11-20T10:25:15.061Z] [32MINFO[39M: 📥 [2025-11-20T10:25:15.061Z] OPTIONS /api/categories
[2025-11-20T10:25:16.121Z] [32MINFO[39M: 📥 [2025-11-20T10:25:16.121Z] GET /api/categories
[2025-11-20T10:25:16.122Z] [32MINFO[39M: 📥 [2025-11-20T10:25:16.122Z] GET /api/businesses/45
[2025-11-20T10:25:16.126Z] [32MINFO[39M: 12
[2025-11-20T10:25:16.127Z] [32MINFO[39M: [object Object]
[2025-11-20T10:25:16.128Z] [32MINFO[39M: Business fetched: [object Object]
[2025-11-20T10:25:20.825Z] [32MINFO[39M: 📥 [2025-11-20T10:25:20.825Z] GET /api/categories
[2025-11-20T10:25:21.438Z] [32MINFO[39M: 📥 [2025-11-20T10:25:21.438Z] GET /api/businesses/45
[2025-11-20T10:25:21.441Z] [32MINFO[39M: 12
[2025-11-20T10:25:21.443Z] [32MINFO[39M: [object Object]
[2025-11-20T10:25:21.443Z] [32MINFO[39M: Business fetched: [object Object]
[2025-11-20T10:26:03.587Z] [32MINFO[39M: 📥 [2025-11-20T10:26:03.587Z] OPTIONS /api/businesses/s/test-2-kurla-west
[2025-11-20T10:26:03.588Z] [32MINFO[39M: 📥 [2025-11-20T10:26:03.588Z] OPTIONS /api/businesses/s/test-2-kurla-west
[2025-11-20T10:26:03.602Z] [32MINFO[39M: 📥 [2025-11-20T10:26:03.602Z] GET /api/businesses/s/test-2-kurla-west
[2025-11-20T10:26:03.602Z] [32MINFO[39M: Received request for business with slug: test-2-kurla-west
[2025-11-20T10:26:03.618Z] [32MINFO[39M: 📥 [2025-11-20T10:26:03.618Z] GET /api/businesses/s/test-2-kurla-west
[2025-11-20T10:26:03.619Z] [32MINFO[39M: Received request for business with slug: test-2-kurla-west
[2025-11-20T10:26:06.603Z] [32MINFO[39M: 📥 [2025-11-20T10:26:06.603Z] OPTIONS /api/count/webview
[2025-11-20T10:26:06.604Z] [32MINFO[39M: 📥 [2025-11-20T10:26:06.604Z] GET /api/businesses/s/test-2-kurla-west
[2025-11-20T10:26:06.605Z] [32MINFO[39M: Received request for business with slug: test-2-kurla-west
[2025-11-20T10:26:06.612Z] [32MINFO[39M: 📥 [2025-11-20T10:26:06.612Z] OPTIONS /api/count/webview
[2025-11-20T10:26:06.657Z] [32MINFO[39M: 📥 [2025-11-20T10:26:06.657Z] GET /api/businesses/s/test-2-kurla-west
[2025-11-20T10:26:06.658Z] [32MINFO[39M: Received request for business with slug: test-2-kurla-west
[2025-11-20T10:26:06.662Z] [32MINFO[39M: 📥 [2025-11-20T10:26:06.661Z] GET /api/count/webview
[2025-11-20T10:26:06.687Z] [32MINFO[39M: 📥 [2025-11-20T10:26:06.687Z] GET /api/count/webview
[2025-11-20T10:26:07.224Z] [32MINFO[39M: 📥 [2025-11-20T10:26:07.224Z] OPTIONS /api/businesses/user
[2025-11-20T10:26:07.225Z] [32MINFO[39M: 📥 [2025-11-20T10:26:07.225Z] OPTIONS /api/businesses/user
[2025-11-20T10:26:07.244Z] [32MINFO[39M: 📥 [2025-11-20T10:26:07.244Z] GET /api/businesses/user
[2025-11-20T10:26:07.247Z] [32MINFO[39M: 12
[2025-11-20T10:26:07.247Z] [32MINFO[39M: Fetching businesses for userId: 12
[2025-11-20T10:26:07.248Z] [32MINFO[39M: [object Object]
[2025-11-20T10:26:07.249Z] [32MINFO[39M: Image rows: 
[2025-11-20T10:26:07.249Z] [32MINFO[39M: Final business payload: [object Object],[object Object]
[2025-11-20T10:26:07.262Z] [32MINFO[39M: 📥 [2025-11-20T10:26:07.262Z] GET /api/businesses/user
[2025-11-20T10:26:07.265Z] [32MINFO[39M: 12
[2025-11-20T10:26:07.266Z] [32MINFO[39M: Fetching businesses for userId: 12
[2025-11-20T10:26:07.268Z] [32MINFO[39M: [object Object]
[2025-11-20T10:26:07.269Z] [32MINFO[39M: Image rows: 
[2025-11-20T10:26:07.270Z] [32MINFO[39M: Final business payload: [object Object],[object Object]
[2025-11-20T10:26:09.618Z] [32MINFO[39M: 📥 [2025-11-20T10:26:09.618Z] OPTIONS /api/categories
[2025-11-20T10:26:09.620Z] [32MINFO[39M: 📥 [2025-11-20T10:26:09.620Z] OPTIONS /api/categories
[2025-11-20T10:26:09.656Z] [32MINFO[39M: 📥 [2025-11-20T10:26:09.656Z] GET /api/categories
[2025-11-20T10:26:09.676Z] [32MINFO[39M: 📥 [2025-11-20T10:26:09.676Z] GET /api/categories
[2025-11-20T10:26:11.266Z] [32MINFO[39M: 📥 [2025-11-20T10:26:11.266Z] GET /api/businesses/user
[2025-11-20T10:26:11.269Z] [32MINFO[39M: 12
[2025-11-20T10:26:11.269Z] [32MINFO[39M: Fetching businesses for userId: 12
[2025-11-20T10:26:11.270Z] [32MINFO[39M: [object Object]
[2025-11-20T10:26:11.271Z] [32MINFO[39M: Image rows: 
[2025-11-20T10:26:11.271Z] [32MINFO[39M: Final business payload: [object Object],[object Object]
[2025-11-20T10:26:11.280Z] [32MINFO[39M: 📥 [2025-11-20T10:26:11.280Z] GET /api/businesses/user
[2025-11-20T10:26:11.283Z] [32MINFO[39M: 12
[2025-11-20T10:26:11.283Z] [32MINFO[39M: Fetching businesses for userId: 12
[2025-11-20T10:26:11.284Z] [32MINFO[39M: [object Object]
[2025-11-20T10:26:11.285Z] [32MINFO[39M: Image rows: 
[2025-11-20T10:26:11.285Z] [32MINFO[39M: Final business payload: [object Object],[object Object]
[2025-11-20T10:26:22.342Z] [32MINFO[39M: 📥 [2025-11-20T10:26:22.342Z] OPTIONS /api/businesses/admin/pending?businesses=true
[2025-11-20T10:26:22.343Z] [32MINFO[39M: 📥 [2025-11-20T10:26:22.343Z] OPTIONS /api/businesses/admin/pending?businesses=true
[2025-11-20T10:26:22.366Z] [32MINFO[39M: 📥 [2025-11-20T10:26:22.366Z] GET /api/businesses/admin/pending?businesses=true
[2025-11-20T10:26:22.369Z] [32MINFO[39M: 12
[2025-11-20T10:26:22.370Z] [32MINFO[39M: 12
[2025-11-20T10:26:22.374Z] [32MINFO[39M: Fetched pending updates: 2
[2025-11-20T10:26:22.389Z] [32MINFO[39M: 📥 [2025-11-20T10:26:22.388Z] GET /api/businesses/admin/pending?businesses=true
[2025-11-20T10:26:22.391Z] [32MINFO[39M: 12
[2025-11-20T10:26:22.393Z] [32MINFO[39M: 12
[2025-11-20T10:26:22.397Z] [32MINFO[39M: Fetched pending updates: 2
[2025-11-20T10:26:26.007Z] [32MINFO[39M: 📥 [2025-11-20T10:26:26.007Z] OPTIONS /api/businesses?isVerified=false&page=1&limit=10
[2025-11-20T10:26:26.009Z] [32MINFO[39M: 📥 [2025-11-20T10:26:26.009Z] OPTIONS /api/businesses?isVerified=false&page=1&limit=10
[2025-11-20T10:26:26.022Z] [32MINFO[39M: 📥 [2025-11-20T10:26:26.022Z] GET /api/businesses?isVerified=false&page=1&limit=10
[2025-11-20T10:26:26.023Z] [32MINFO[39M: Fetching businesses with params: {"page":1,"limit":10,"verified":0}
[2025-11-20T10:26:26.055Z] [32MINFO[39M: 📥 [2025-11-20T10:26:26.055Z] GET /api/businesses?isVerified=false&page=1&limit=10
[2025-11-20T10:26:26.056Z] [32MINFO[39M: Fetching businesses with params: {"page":1,"limit":10,"verified":0}
[2025-11-20T10:26:40.159Z] [32MINFO[39M: 📥 [2025-11-20T10:26:40.159Z] OPTIONS /api/businesses/verify/45
[2025-11-20T10:26:40.173Z] [32MINFO[39M: 📥 [2025-11-20T10:26:40.173Z] PUT /api/businesses/verify/45
[2025-11-20T10:26:40.174Z] [32MINFO[39M: [VERIFY] Attempting to verify business with ID: 45
[2025-11-20T10:26:40.179Z] [32MINFO[39M: [VERIFY] MySQL result: [object Object]
[2025-11-20T10:26:40.179Z] [32MINFO[39M: [VERIFY] Business with ID 45 verified successfully
[2025-11-20T10:26:50.369Z] [32MINFO[39M: 📥 [2025-11-20T10:26:50.368Z] OPTIONS /api/businesses?isVerified=true&page=1&limit=10
[2025-11-20T10:26:50.370Z] [32MINFO[39M: 📥 [2025-11-20T10:26:50.370Z] OPTIONS /api/businesses?isVerified=true&page=1&limit=10
[2025-11-20T10:26:50.421Z] [32MINFO[39M: 📥 [2025-11-20T10:26:50.421Z] GET /api/businesses?isVerified=true&page=1&limit=10
[2025-11-20T10:26:50.422Z] [32MINFO[39M: Fetching businesses with params: {"page":1,"limit":10,"verified":1}
[2025-11-20T10:26:50.437Z] [32MINFO[39M: 📥 [2025-11-20T10:26:50.437Z] GET /api/businesses?isVerified=true&page=1&limit=10
[2025-11-20T10:26:50.437Z] [32MINFO[39M: Fetching businesses with params: {"page":1,"limit":10,"verified":1}
[2025-11-20T10:26:51.643Z] [32MINFO[39M: 📥 [2025-11-20T10:26:51.643Z] GET /api/businesses?isVerified=true&page=1&limit=10
[2025-11-20T10:26:51.643Z] [32MINFO[39M: Fetching businesses with params: {"page":1,"limit":10,"verified":1}
[2025-11-20T10:26:51.671Z] [32MINFO[39M: 📥 [2025-11-20T10:26:51.671Z] GET /api/businesses?isVerified=true&page=1&limit=10
[2025-11-20T10:26:51.672Z] [32MINFO[39M: Fetching businesses with params: {"page":1,"limit":10,"verified":1}
[2025-11-20T10:26:59.786Z] [32MINFO[39M: 📥 [2025-11-20T10:26:59.786Z] OPTIONS /api/categories
[2025-11-20T10:26:59.787Z] [32MINFO[39M: 📥 [2025-11-20T10:26:59.787Z] OPTIONS /api/count/webview
[2025-11-20T10:26:59.788Z] [32MINFO[39M: 📥 [2025-11-20T10:26:59.788Z] OPTIONS /api/count/webview
[2025-11-20T10:26:59.789Z] [32MINFO[39M: 📥 [2025-11-20T10:26:59.789Z] OPTIONS /api/categories
[2025-11-20T10:26:59.796Z] [32MINFO[39M: 📥 [2025-11-20T10:26:59.796Z] GET /api/categories
[2025-11-20T10:26:59.797Z] [32MINFO[39M: 📥 [2025-11-20T10:26:59.797Z] GET /api/count/webview
[2025-11-20T10:26:59.809Z] [32MINFO[39M: 📥 [2025-11-20T10:26:59.809Z] GET /api/count/webview
[2025-11-20T10:26:59.810Z] [32MINFO[39M: 📥 [2025-11-20T10:26:59.810Z] GET /api/categories
[2025-11-20T10:32:54.008Z] [32MINFO[39M: 📥 [2025-11-20T10:32:54.008Z] OPTIONS /api/count/webview
[2025-11-20T10:32:54.010Z] [32MINFO[39M: 📥 [2025-11-20T10:32:54.010Z] OPTIONS /api/count/webview
[2025-11-20T10:32:54.011Z] [32MINFO[39M: 📥 [2025-11-20T10:32:54.011Z] OPTIONS /api/categories
[2025-11-20T10:32:54.016Z] [32MINFO[39M: 📥 [2025-11-20T10:32:54.016Z] GET /api/count/webview
[2025-11-20T10:32:54.017Z] [32MINFO[39M: 📥 [2025-11-20T10:32:54.017Z] OPTIONS /api/categories
[2025-11-20T10:32:54.019Z] [32MINFO[39M: 📥 [2025-11-20T10:32:54.019Z] GET /api/categories
[2025-11-20T10:32:54.031Z] [32MINFO[39M: 📥 [2025-11-20T10:32:54.031Z] GET /api/count/webview
[2025-11-20T10:32:54.038Z] [32MINFO[39M: 📥 [2025-11-20T10:32:54.038Z] GET /api/categories
[2025-11-20T10:32:58.543Z] [32MINFO[39M: 📥 [2025-11-20T10:32:58.543Z] OPTIONS /api/businesses/user
[2025-11-20T10:32:58.544Z] [32MINFO[39M: 📥 [2025-11-20T10:32:58.544Z] OPTIONS /api/businesses/user
[2025-11-20T10:32:58.559Z] [32MINFO[39M: 📥 [2025-11-20T10:32:58.559Z] GET /api/businesses/user
[2025-11-20T10:32:58.561Z] [32MINFO[39M: 12
[2025-11-20T10:32:58.561Z] [32MINFO[39M: Fetching businesses for userId: 12
[2025-11-20T10:32:58.563Z] [32MINFO[39M: [object Object]
[2025-11-20T10:32:58.564Z] [32MINFO[39M: Image rows: 
[2025-11-20T10:32:58.564Z] [32MINFO[39M: Final business payload: [object Object],[object Object]
[2025-11-20T10:32:58.704Z] [32MINFO[39M: 📥 [2025-11-20T10:32:58.704Z] GET /api/businesses/user
[2025-11-20T10:32:58.706Z] [32MINFO[39M: 12
[2025-11-20T10:32:58.707Z] [32MINFO[39M: Fetching businesses for userId: 12
[2025-11-20T10:32:58.708Z] [32MINFO[39M: [object Object]
[2025-11-20T10:32:58.709Z] [32MINFO[39M: Image rows: 
[2025-11-20T10:32:58.709Z] [32MINFO[39M: Final business payload: [object Object],[object Object]
[2025-11-20T10:33:06.917Z] [32MINFO[39M: 📥 [2025-11-20T10:33:06.917Z] OPTIONS /api/businesses/s/test-2-kurla-west
[2025-11-20T10:33:06.918Z] [32MINFO[39M: 📥 [2025-11-20T10:33:06.918Z] OPTIONS /api/businesses/s/test-2-kurla-west
[2025-11-20T10:33:06.942Z] [32MINFO[39M: 📥 [2025-11-20T10:33:06.942Z] GET /api/businesses/s/test-2-kurla-west
[2025-11-20T10:33:06.943Z] [32MINFO[39M: Received request for business with slug: test-2-kurla-west
[2025-11-20T10:33:06.962Z] [32MINFO[39M: 📥 [2025-11-20T10:33:06.962Z] GET /api/businesses/s/test-2-kurla-west
[2025-11-20T10:33:06.963Z] [32MINFO[39M: Received request for business with slug: test-2-kurla-west
[2025-11-20T10:33:06.993Z] [32MINFO[39M: 📥 [2025-11-20T10:33:06.992Z] OPTIONS /api/businesses/45/view
[2025-11-20T10:33:07.022Z] [32MINFO[39M: 📥 [2025-11-20T10:33:07.022Z] PUT /api/businesses/45/view
[2025-11-20T10:33:07.030Z] [32MINFO[39M: viewCount 1
[2025-11-20T10:34:04.718Z] [32MINFO[39M: 📥 [2025-11-20T10:34:04.718Z] OPTIONS /api/count/webview
[2025-11-20T10:34:04.719Z] [32MINFO[39M: 📥 [2025-11-20T10:34:04.719Z] OPTIONS /api/count/webview
[2025-11-20T10:34:04.720Z] [32MINFO[39M: 📥 [2025-11-20T10:34:04.720Z] OPTIONS /api/businesses/s/test-2-kurla-west
[2025-11-20T10:34:04.720Z] [32MINFO[39M: 📥 [2025-11-20T10:34:04.720Z] OPTIONS /api/businesses/s/test-2-kurla-west
[2025-11-20T10:34:04.743Z] [32MINFO[39M: 📥 [2025-11-20T10:34:04.743Z] GET /api/count/webview
[2025-11-20T10:34:04.744Z] [32MINFO[39M: 📥 [2025-11-20T10:34:04.744Z] GET /api/businesses/s/test-2-kurla-west
[2025-11-20T10:34:04.744Z] [32MINFO[39M: Received request for business with slug: test-2-kurla-west
[2025-11-20T10:34:04.780Z] [32MINFO[39M: 📥 [2025-11-20T10:34:04.780Z] GET /api/count/webview
[2025-11-20T10:34:04.781Z] [32MINFO[39M: 📥 [2025-11-20T10:34:04.781Z] GET /api/businesses/s/test-2-kurla-west
[2025-11-20T10:34:04.781Z] [32MINFO[39M: Received request for business with slug: test-2-kurla-west
[2025-11-20T10:34:04.867Z] [32MINFO[39M: 📥 [2025-11-20T10:34:04.867Z] OPTIONS /api/businesses/45/view
[2025-11-20T10:34:04.876Z] [32MINFO[39M: 📥 [2025-11-20T10:34:04.876Z] PUT /api/businesses/45/view
[2025-11-20T10:34:04.883Z] [32MINFO[39M: viewCount 2
[2025-11-20T10:34:07.502Z] [32MINFO[39M: 📥 [2025-11-20T10:34:07.502Z] OPTIONS /api/categories
[2025-11-20T10:34:07.504Z] [32MINFO[39M: 📥 [2025-11-20T10:34:07.504Z] GET /api/count/webview
[2025-11-20T10:34:07.508Z] [32MINFO[39M: 📥 [2025-11-20T10:34:07.508Z] OPTIONS /api/categories
[2025-11-20T10:34:07.532Z] [32MINFO[39M: 📥 [2025-11-20T10:34:07.532Z] GET /api/categories
[2025-11-20T10:34:07.538Z] [32MINFO[39M: 📥 [2025-11-20T10:34:07.538Z] GET /api/count/webview
[2025-11-20T10:34:07.544Z] [32MINFO[39M: 📥 [2025-11-20T10:34:07.544Z] GET /api/categories
[2025-11-20T10:34:13.256Z] [32MINFO[39M: 📥 [2025-11-20T10:34:13.255Z] OPTIONS /api/businesses/user
[2025-11-20T10:34:13.257Z] [32MINFO[39M: 📥 [2025-11-20T10:34:13.257Z] OPTIONS /api/businesses/user
[2025-11-20T10:34:13.332Z] [32MINFO[39M: 📥 [2025-11-20T10:34:13.332Z] GET /api/businesses/user
[2025-11-20T10:34:13.336Z] [32MINFO[39M: 12
[2025-11-20T10:34:13.336Z] [32MINFO[39M: Fetching businesses for userId: 12
[2025-11-20T10:34:13.337Z] [32MINFO[39M: [object Object]
[2025-11-20T10:34:13.338Z] [32MINFO[39M: Image rows: 
[2025-11-20T10:34:13.338Z] [32MINFO[39M: Final business payload: [object Object],[object Object]
[2025-11-20T10:34:13.387Z] [32MINFO[39M: 📥 [2025-11-20T10:34:13.387Z] GET /api/businesses/user
[2025-11-20T10:34:13.389Z] [32MINFO[39M: 12
[2025-11-20T10:34:13.389Z] [32MINFO[39M: Fetching businesses for userId: 12
[2025-11-20T10:34:13.391Z] [32MINFO[39M: [object Object]
[2025-11-20T10:34:13.391Z] [32MINFO[39M: Image rows: 
[2025-11-20T10:34:13.391Z] [32MINFO[39M: Final business payload: [object Object],[object Object]
[2025-11-20T10:34:19.377Z] [32MINFO[39M: 📥 [2025-11-20T10:34:19.377Z] OPTIONS /api/businesses/s/test-2-kurla-west
[2025-11-20T10:34:19.378Z] [32MINFO[39M: 📥 [2025-11-20T10:34:19.378Z] OPTIONS /api/businesses/s/test-2-kurla-west
[2025-11-20T10:34:19.643Z] [32MINFO[39M: 📥 [2025-11-20T10:34:19.643Z] GET /api/businesses/s/test-2-kurla-west
[2025-11-20T10:34:19.645Z] [32MINFO[39M: Received request for business with slug: test-2-kurla-west
[2025-11-20T10:34:19.678Z] [32MINFO[39M: 📥 [2025-11-20T10:34:19.678Z] GET /api/businesses/s/test-2-kurla-west
[2025-11-20T10:34:19.678Z] [32MINFO[39M: Received request for business with slug: test-2-kurla-west
[2025-11-20T10:34:19.740Z] [32MINFO[39M: 📥 [2025-11-20T10:34:19.740Z] OPTIONS /api/businesses/45/view
[2025-11-20T10:34:19.765Z] [32MINFO[39M: 📥 [2025-11-20T10:34:19.765Z] PUT /api/businesses/45/view
[2025-11-20T10:34:19.770Z] [32MINFO[39M: viewCount 3
[2025-11-20T10:35:52.385Z] [32MINFO[39M: 📥 [2025-11-20T10:35:52.385Z] OPTIONS /api/businesses/user
[2025-11-20T10:35:52.386Z] [32MINFO[39M: 📥 [2025-11-20T10:35:52.386Z] OPTIONS /api/businesses/user
[2025-11-20T10:35:52.400Z] [32MINFO[39M: 📥 [2025-11-20T10:35:52.400Z] GET /api/businesses/user
[2025-11-20T10:35:52.403Z] [32MINFO[39M: 12
[2025-11-20T10:35:52.403Z] [32MINFO[39M: Fetching businesses for userId: 12
[2025-11-20T10:35:52.404Z] [32MINFO[39M: [object Object]
[2025-11-20T10:35:52.405Z] [32MINFO[39M: Image rows: 
[2025-11-20T10:35:52.405Z] [32MINFO[39M: Final business payload: [object Object],[object Object]
[2025-11-20T10:35:52.530Z] [32MINFO[39M: 📥 [2025-11-20T10:35:52.530Z] GET /api/businesses/user
[2025-11-20T10:35:52.533Z] [32MINFO[39M: 12
[2025-11-20T10:35:52.533Z] [32MINFO[39M: Fetching businesses for userId: 12
[2025-11-20T10:35:52.534Z] [32MINFO[39M: [object Object]
[2025-11-20T10:35:52.535Z] [32MINFO[39M: Image rows: 
[2025-11-20T10:35:52.535Z] [32MINFO[39M: Final business payload: [object Object],[object Object]
[2025-11-20T10:35:59.011Z] [32MINFO[39M: 📥 [2025-11-20T10:35:59.011Z] OPTIONS /api/count/webview
[2025-11-20T10:35:59.013Z] [32MINFO[39M: 📥 [2025-11-20T10:35:59.013Z] OPTIONS /api/categories
[2025-11-20T10:35:59.014Z] [32MINFO[39M: 📥 [2025-11-20T10:35:59.014Z] OPTIONS /api/categories
[2025-11-20T10:35:59.014Z] [32MINFO[39M: 📥 [2025-11-20T10:35:59.014Z] OPTIONS /api/count/webview
[2025-11-20T10:35:59.022Z] [32MINFO[39M: 📥 [2025-11-20T10:35:59.022Z] GET /api/count/webview
[2025-11-20T10:35:59.024Z] [32MINFO[39M: 📥 [2025-11-20T10:35:59.024Z] GET /api/categories
[2025-11-20T10:35:59.031Z] [32MINFO[39M: 📥 [2025-11-20T10:35:59.031Z] GET /api/count/webview
[2025-11-20T10:35:59.035Z] [32MINFO[39M: 📥 [2025-11-20T10:35:59.035Z] GET /api/categories
[2025-11-20T10:36:04.845Z] [32MINFO[39M: 📥 [2025-11-20T10:36:04.845Z] OPTIONS /api/businesses/admin/pending?businesses=true
[2025-11-20T10:36:04.846Z] [32MINFO[39M: 📥 [2025-11-20T10:36:04.846Z] OPTIONS /api/businesses/admin/pending?businesses=true
[2025-11-20T10:36:04.863Z] [32MINFO[39M: 📥 [2025-11-20T10:36:04.863Z] GET /api/businesses/admin/pending?businesses=true
[2025-11-20T10:36:04.866Z] [32MINFO[39M: 12
[2025-11-20T10:36:04.867Z] [32MINFO[39M: 12
[2025-11-20T10:36:04.870Z] [32MINFO[39M: Fetched pending updates: 2
[2025-11-20T10:36:04.884Z] [32MINFO[39M: 📥 [2025-11-20T10:36:04.884Z] GET /api/businesses/admin/pending?businesses=true
[2025-11-20T10:36:04.886Z] [32MINFO[39M: 12
[2025-11-20T10:36:04.888Z] [32MINFO[39M: 12
[2025-11-20T10:36:04.892Z] [32MINFO[39M: Fetched pending updates: 2
[2025-11-20T10:36:11.579Z] [32MINFO[39M: 📥 [2025-11-20T10:36:11.579Z] OPTIONS /api/businesses?isVerified=false&page=1&limit=10
[2025-11-20T10:36:11.580Z] [32MINFO[39M: 📥 [2025-11-20T10:36:11.580Z] OPTIONS /api/businesses?isVerified=false&page=1&limit=10
[2025-11-20T10:36:11.840Z] [32MINFO[39M: 📥 [2025-11-20T10:36:11.840Z] GET /api/businesses?isVerified=false&page=1&limit=10
[2025-11-20T10:36:11.841Z] [32MINFO[39M: Fetching businesses with params: {"page":1,"limit":10,"verified":0}
[2025-11-20T10:36:11.885Z] [32MINFO[39M: 📥 [2025-11-20T10:36:11.885Z] GET /api/businesses?isVerified=false&page=1&limit=10
[2025-11-20T10:36:11.886Z] [32MINFO[39M: Fetching businesses with params: {"page":1,"limit":10,"verified":0}
[2025-11-20T10:36:16.696Z] [32MINFO[39M: 📥 [2025-11-20T10:36:16.696Z] OPTIONS /api/businesses/admin/pending?businesses=true
[2025-11-20T10:36:16.723Z] [32MINFO[39M: 📥 [2025-11-20T10:36:16.723Z] OPTIONS /api/businesses/admin/pending?businesses=true
[2025-11-20T10:36:16.724Z] [32MINFO[39M: 📥 [2025-11-20T10:36:16.724Z] GET /api/businesses/admin/pending?businesses=true
[2025-11-20T10:36:16.726Z] [32MINFO[39M: 12
[2025-11-20T10:36:16.728Z] [32MINFO[39M: 12
[2025-11-20T10:36:16.731Z] [32MINFO[39M: Fetched pending updates: 2
[2025-11-20T10:36:17.215Z] [32MINFO[39M: 📥 [2025-11-20T10:36:17.215Z] GET /api/businesses/admin/pending?businesses=true
[2025-11-20T10:36:17.218Z] [32MINFO[39M: 12
[2025-11-20T10:36:17.220Z] [32MINFO[39M: 12
[2025-11-20T10:36:17.223Z] [32MINFO[39M: Fetched pending updates: 2
[2025-11-20T10:37:04.891Z] [32MINFO[39M: 📥 [2025-11-20T10:37:04.891Z] OPTIONS /api/users?page=1&limit=10&search=
[2025-11-20T10:37:04.892Z] [32MINFO[39M: 📥 [2025-11-20T10:37:04.892Z] OPTIONS /api/users?page=1&limit=10&search=
[2025-11-20T10:37:04.916Z] [32MINFO[39M: 📥 [2025-11-20T10:37:04.915Z] GET /api/users?page=1&limit=10&search=
[2025-11-20T10:37:04.919Z] [32MINFO[39M: 12
[2025-11-20T10:37:04.919Z] [32MINFO[39M: Controller: getAllUsers called
[2025-11-20T10:37:04.919Z] [32MINFO[39M: Final Query: SELECT * FROM users WHERE 1=1 LIMIT 10 OFFSET 0
[2025-11-20T10:37:04.919Z] [32MINFO[39M: Query Params: 
[2025-11-20T10:37:05.028Z] [32MINFO[39M: 📥 [2025-11-20T10:37:05.028Z] GET /api/users?page=1&limit=10&search=
[2025-11-20T10:37:05.031Z] [32MINFO[39M: 12
[2025-11-20T10:37:05.031Z] [32MINFO[39M: Controller: getAllUsers called
[2025-11-20T10:37:05.031Z] [32MINFO[39M: Final Query: SELECT * FROM users WHERE 1=1 LIMIT 10 OFFSET 0
[2025-11-20T10:37:05.031Z] [32MINFO[39M: Query Params: 
[2025-11-20T10:37:05.982Z] [32MINFO[39M: 📥 [2025-11-20T10:37:05.982Z] OPTIONS /api/count/webview
[2025-11-20T10:37:05.984Z] [32MINFO[39M: 📥 [2025-11-20T10:37:05.984Z] OPTIONS /api/categories
[2025-11-20T10:37:05.985Z] [32MINFO[39M: 📥 [2025-11-20T10:37:05.985Z] OPTIONS /api/count/webview
[2025-11-20T10:37:05.998Z] [32MINFO[39M: 📥 [2025-11-20T10:37:05.997Z] OPTIONS /api/categories
[2025-11-20T10:37:06.095Z] [32MINFO[39M: 📥 [2025-11-20T10:37:06.095Z] GET /api/count/webview
[2025-11-20T10:37:06.096Z] [32MINFO[39M: 📥 [2025-11-20T10:37:06.096Z] GET /api/categories
[2025-11-20T10:37:06.160Z] [32MINFO[39M: 📥 [2025-11-20T10:37:06.160Z] GET /api/count/webview
[2025-11-20T10:37:06.161Z] [32MINFO[39M: 📥 [2025-11-20T10:37:06.161Z] GET /api/categories
[2025-11-20T10:37:08.142Z] [32MINFO[39M: 📥 [2025-11-20T10:37:08.142Z] GET /api/users?page=1&limit=10&search=
[2025-11-20T10:37:08.145Z] [32MINFO[39M: 12
[2025-11-20T10:37:08.145Z] [32MINFO[39M: Controller: getAllUsers called
[2025-11-20T10:37:08.145Z] [32MINFO[39M: Final Query: SELECT * FROM users WHERE 1=1 LIMIT 10 OFFSET 0
[2025-11-20T10:37:08.145Z] [32MINFO[39M: Query Params: 
[2025-11-20T10:37:08.163Z] [32MINFO[39M: 📥 [2025-11-20T10:37:08.163Z] GET /api/users?page=1&limit=10&search=
[2025-11-20T10:37:08.165Z] [32MINFO[39M: 12
[2025-11-20T10:37:08.166Z] [32MINFO[39M: Controller: getAllUsers called
[2025-11-20T10:37:08.166Z] [32MINFO[39M: Final Query: SELECT * FROM users WHERE 1=1 LIMIT 10 OFFSET 0
[2025-11-20T10:37:08.166Z] [32MINFO[39M: Query Params: 
[2025-11-20T10:37:18.756Z] [32MINFO[39M: 📥 [2025-11-20T10:37:18.756Z] OPTIONS /api/users?page=1&limit=10&search=&is_blocked=0
[2025-11-20T10:37:18.766Z] [32MINFO[39M: 📥 [2025-11-20T10:37:18.766Z] GET /api/users?page=1&limit=10&search=&is_blocked=0
[2025-11-20T10:37:18.769Z] [32MINFO[39M: 12
[2025-11-20T10:37:18.769Z] [32MINFO[39M: Controller: getAllUsers called
[2025-11-20T10:37:18.769Z] [32MINFO[39M: Final Query: SELECT * FROM users WHERE 1=1 AND is_blocked = ? LIMIT 10 OFFSET 0
[2025-11-20T10:37:18.769Z] [32MINFO[39M: Query Params: 0
[2025-11-20T10:37:21.321Z] [32MINFO[39M: 📥 [2025-11-20T10:37:21.320Z] OPTIONS /api/users?page=1&limit=10&search=&is_blocked=1
[2025-11-20T10:37:21.344Z] [32MINFO[39M: 📥 [2025-11-20T10:37:21.344Z] GET /api/users?page=1&limit=10&search=&is_blocked=1
[2025-11-20T10:37:21.346Z] [32MINFO[39M: 12
[2025-11-20T10:37:21.347Z] [32MINFO[39M: Controller: getAllUsers called
[2025-11-20T10:37:21.347Z] [32MINFO[39M: Final Query: SELECT * FROM users WHERE 1=1 AND is_blocked = ? LIMIT 10 OFFSET 0
[2025-11-20T10:37:21.347Z] [32MINFO[39M: Query Params: 1
[2025-11-20T10:37:30.255Z] [32MINFO[39M: 📥 [2025-11-20T10:37:30.255Z] OPTIONS /api/users?page=1&limit=10&search=&is_blocked=0
[2025-11-20T10:37:30.315Z] [32MINFO[39M: 📥 [2025-11-20T10:37:30.315Z] OPTIONS /api/users?page=1&limit=10&search=
[2025-11-20T10:37:31.873Z] [32MINFO[39M: 📥 [2025-11-20T10:37:31.873Z] GET /api/users?page=1&limit=10&search=&is_blocked=0
[2025-11-20T10:37:31.875Z] [32MINFO[39M: 12
[2025-11-20T10:37:31.876Z] [32MINFO[39M: Controller: getAllUsers called
[2025-11-20T10:37:31.876Z] [32MINFO[39M: Final Query: SELECT * FROM users WHERE 1=1 AND is_blocked = ? LIMIT 10 OFFSET 0
[2025-11-20T10:37:31.876Z] [32MINFO[39M: Query Params: 0
[2025-11-20T10:37:32.023Z] [32MINFO[39M: 📥 [2025-11-20T10:37:32.023Z] GET /api/users?page=1&limit=10&search=
[2025-11-20T10:37:32.025Z] [32MINFO[39M: 12
[2025-11-20T10:37:32.025Z] [32MINFO[39M: Controller: getAllUsers called
[2025-11-20T10:37:32.026Z] [32MINFO[39M: Final Query: SELECT * FROM users WHERE 1=1 LIMIT 10 OFFSET 0
[2025-11-20T10:37:32.026Z] [32MINFO[39M: Query Params: 
[2025-11-20T10:37:59.414Z] [32MINFO[39M: 📥 [2025-11-20T10:37:59.414Z] OPTIONS /api/users
[2025-11-20T10:37:59.430Z] [32MINFO[39M: 📥 [2025-11-20T10:37:59.430Z] POST /api/users
[2025-11-20T10:37:59.433Z] [32MINFO[39M: 12
[2025-11-20T10:37:59.434Z] [32MINFO[39M: Controller: createUser [object Object]
[2025-11-20T10:37:59.436Z] [32MINFO[39M: existing 
[2025-11-20T10:38:00.886Z] [32MINFO[39M: 📥 [2025-11-20T10:38:00.886Z] OPTIONS /api/users?page=1&limit=10&search=
[2025-11-20T10:38:00.887Z] [32MINFO[39M: 📥 [2025-11-20T10:38:00.887Z] OPTIONS /api/users?page=1&limit=10&search=
[2025-11-20T10:38:00.896Z] [32MINFO[39M: 📥 [2025-11-20T10:38:00.896Z] GET /api/users?page=1&limit=10&search=
[2025-11-20T10:38:00.900Z] [32MINFO[39M: 12
[2025-11-20T10:38:00.900Z] [32MINFO[39M: Controller: getAllUsers called
[2025-11-20T10:38:00.900Z] [32MINFO[39M: Final Query: SELECT * FROM users WHERE 1=1 LIMIT 10 OFFSET 0
[2025-11-20T10:38:00.901Z] [32MINFO[39M: Query Params: 
[2025-11-20T10:38:00.949Z] [32MINFO[39M: 📥 [2025-11-20T10:38:00.949Z] GET /api/users?page=1&limit=10&search=
[2025-11-20T10:38:00.953Z] [32MINFO[39M: 12
[2025-11-20T10:38:00.953Z] [32MINFO[39M: Controller: getAllUsers called
[2025-11-20T10:38:00.953Z] [32MINFO[39M: Final Query: SELECT * FROM users WHERE 1=1 LIMIT 10 OFFSET 0
[2025-11-20T10:38:00.953Z] [32MINFO[39M: Query Params: 
[2025-11-20T10:38:10.841Z] [32MINFO[39M: 📥 [2025-11-20T10:38:10.841Z] OPTIONS /api/users?page=1&limit=10&search=
[2025-11-20T10:38:10.951Z] [32MINFO[39M: 📥 [2025-11-20T10:38:10.951Z] OPTIONS /api/users?page=1&limit=10&search=
[2025-11-20T10:38:11.067Z] [32MINFO[39M: 📥 [2025-11-20T10:38:11.067Z] GET /api/users?page=1&limit=10&search=
[2025-11-20T10:38:11.070Z] [32MINFO[39M: 12
[2025-11-20T10:38:11.071Z] [32MINFO[39M: Controller: getAllUsers called
[2025-11-20T10:38:11.071Z] [32MINFO[39M: Final Query: SELECT * FROM users WHERE 1=1 LIMIT 10 OFFSET 0
[2025-11-20T10:38:11.071Z] [32MINFO[39M: Query Params: 
[2025-11-20T10:38:11.161Z] [32MINFO[39M: 📥 [2025-11-20T10:38:11.161Z] GET /api/users?page=1&limit=10&search=
[2025-11-20T10:38:11.164Z] [32MINFO[39M: 12
[2025-11-20T10:38:11.164Z] [32MINFO[39M: Controller: getAllUsers called
[2025-11-20T10:38:11.164Z] [32MINFO[39M: Final Query: SELECT * FROM users WHERE 1=1 LIMIT 10 OFFSET 0
[2025-11-20T10:38:11.164Z] [32MINFO[39M: Query Params: 
[2025-11-20T10:42:52.240Z] [32MINFO[39M: 📥 [2025-11-20T10:42:52.240Z] OPTIONS /api/businesses?isVerified=false&page=1&limit=10
[2025-11-20T10:42:52.256Z] [32MINFO[39M: 📥 [2025-11-20T10:42:52.256Z] OPTIONS /api/businesses?isVerified=false&page=1&limit=10
[2025-11-20T10:42:52.259Z] [32MINFO[39M: 📥 [2025-11-20T10:42:52.259Z] GET /api/businesses?isVerified=false&page=1&limit=10
[2025-11-20T10:42:52.260Z] [32MINFO[39M: Fetching businesses with params: {"page":1,"limit":10,"verified":0}
[2025-11-20T10:42:52.303Z] [32MINFO[39M: 📥 [2025-11-20T10:42:52.303Z] GET /api/businesses?isVerified=false&page=1&limit=10
[2025-11-20T10:42:52.303Z] [32MINFO[39M: Fetching businesses with params: {"page":1,"limit":10,"verified":0}
[2025-11-20T10:43:06.293Z] [32MINFO[39M: 📥 [2025-11-20T10:43:06.293Z] OPTIONS /api/businesses?isVerified=true&page=1&limit=10
[2025-11-20T10:43:06.300Z] [32MINFO[39M: 📥 [2025-11-20T10:43:06.299Z] OPTIONS /api/businesses?isVerified=true&page=1&limit=10
[2025-11-20T10:43:06.328Z] [32MINFO[39M: 📥 [2025-11-20T10:43:06.328Z] GET /api/businesses?isVerified=true&page=1&limit=10
[2025-11-20T10:43:06.328Z] [32MINFO[39M: Fetching businesses with params: {"page":1,"limit":10,"verified":1}
[2025-11-20T10:43:06.343Z] [32MINFO[39M: 📥 [2025-11-20T10:43:06.343Z] GET /api/businesses?isVerified=true&page=1&limit=10
[2025-11-20T10:43:06.344Z] [32MINFO[39M: Fetching businesses with params: {"page":1,"limit":10,"verified":1}
[2025-11-20T10:43:11.084Z] [32MINFO[39M: 📥 [2025-11-20T10:43:11.084Z] OPTIONS /api/users?page=1&limit=10&search=
[2025-11-20T10:43:11.105Z] [32MINFO[39M: 📥 [2025-11-20T10:43:11.105Z] OPTIONS /api/users?page=1&limit=10&search=
[2025-11-20T10:43:11.106Z] [32MINFO[39M: 📥 [2025-11-20T10:43:11.106Z] GET /api/users?page=1&limit=10&search=
[2025-11-20T10:43:11.109Z] [32MINFO[39M: 12
[2025-11-20T10:43:11.109Z] [32MINFO[39M: Controller: getAllUsers called
[2025-11-20T10:43:11.109Z] [32MINFO[39M: Final Query: SELECT * FROM users WHERE 1=1 LIMIT 10 OFFSET 0
[2025-11-20T10:43:11.109Z] [32MINFO[39M: Query Params: 
[2025-11-20T10:43:11.128Z] [32MINFO[39M: 📥 [2025-11-20T10:43:11.127Z] GET /api/users?page=1&limit=10&search=
[2025-11-20T10:43:11.130Z] [32MINFO[39M: 12
[2025-11-20T10:43:11.130Z] [32MINFO[39M: Controller: getAllUsers called
[2025-11-20T10:43:11.130Z] [32MINFO[39M: Final Query: SELECT * FROM users WHERE 1=1 LIMIT 10 OFFSET 0
[2025-11-20T10:43:11.130Z] [32MINFO[39M: Query Params: 
[2025-11-20T10:43:16.459Z] [32MINFO[39M: 📥 [2025-11-20T10:43:16.459Z] OPTIONS /api/businesses?isVerified=false&page=1&limit=10
[2025-11-20T10:43:16.460Z] [32MINFO[39M: 📥 [2025-11-20T10:43:16.460Z] OPTIONS /api/businesses?isVerified=false&page=1&limit=10
[2025-11-20T10:43:16.471Z] [32MINFO[39M: 📥 [2025-11-20T10:43:16.471Z] GET /api/businesses?isVerified=false&page=1&limit=10
[2025-11-20T10:43:16.472Z] [32MINFO[39M: Fetching businesses with params: {"page":1,"limit":10,"verified":0}
[2025-11-20T10:43:16.745Z] [32MINFO[39M: 📥 [2025-11-20T10:43:16.745Z] GET /api/businesses?isVerified=false&page=1&limit=10
[2025-11-20T10:43:16.746Z] [32MINFO[39M: Fetching businesses with params: {"page":1,"limit":10,"verified":0}
[2025-11-20T10:43:19.474Z] [32MINFO[39M: 📥 [2025-11-20T10:43:19.474Z] OPTIONS /api/users?page=1&limit=10&search=
[2025-11-20T10:43:19.475Z] [32MINFO[39M: 📥 [2025-11-20T10:43:19.475Z] OPTIONS /api/users?page=1&limit=10&search=
[2025-11-20T10:43:19.486Z] [32MINFO[39M: 📥 [2025-11-20T10:43:19.486Z] GET /api/users?page=1&limit=10&search=
[2025-11-20T10:43:19.489Z] [32MINFO[39M: 12
[2025-11-20T10:43:19.489Z] [32MINFO[39M: Controller: getAllUsers called
[2025-11-20T10:43:19.489Z] [32MINFO[39M: Final Query: SELECT * FROM users WHERE 1=1 LIMIT 10 OFFSET 0
[2025-11-20T10:43:19.489Z] [32MINFO[39M: Query Params: 
[2025-11-20T10:43:19.554Z] [32MINFO[39M: 📥 [2025-11-20T10:43:19.554Z] GET /api/users?page=1&limit=10&search=
[2025-11-20T10:43:19.558Z] [32MINFO[39M: 12
[2025-11-20T10:43:19.558Z] [32MINFO[39M: Controller: getAllUsers called
[2025-11-20T10:43:19.558Z] [32MINFO[39M: Final Query: SELECT * FROM users WHERE 1=1 LIMIT 10 OFFSET 0
[2025-11-20T10:43:19.558Z] [32MINFO[39M: Query Params: 
[2025-11-20T11:10:03.339Z] [32MINFO[39M: 📥 [2025-11-20T11:10:03.338Z] OPTIONS /api/businesses?isVerified=false&page=1&limit=10
[2025-11-20T11:10:03.342Z] [32MINFO[39M: 📥 [2025-11-20T11:10:03.342Z] OPTIONS /api/businesses?isVerified=false&page=1&limit=10
[2025-11-20T11:10:03.390Z] [32MINFO[39M: 📥 [2025-11-20T11:10:03.390Z] GET /api/businesses?isVerified=false&page=1&limit=10
[2025-11-20T11:10:03.401Z] [32MINFO[39M: Fetching businesses with params: {"page":1,"limit":10,"verified":0}
[2025-11-20T11:10:03.429Z] [32MINFO[39M: 📥 [2025-11-20T11:10:03.429Z] GET /api/businesses?isVerified=false&page=1&limit=10
[2025-11-20T11:10:03.432Z] [32MINFO[39M: Fetching businesses with params: {"page":1,"limit":10,"verified":0}
[2025-11-20T11:18:18.391Z] [32MINFO[39M: 📥 [2025-11-20T11:18:18.391Z] OPTIONS /api/businesses?isVerified=true&page=1&limit=10
[2025-11-20T11:18:18.399Z] [32MINFO[39M: 📥 [2025-11-20T11:18:18.399Z] OPTIONS /api/businesses?isVerified=true&page=1&limit=10
[2025-11-20T11:18:18.420Z] [32MINFO[39M: 📥 [2025-11-20T11:18:18.420Z] GET /api/businesses?isVerified=true&page=1&limit=10
[2025-11-20T11:18:18.421Z] [32MINFO[39M: Fetching businesses with params: {"page":1,"limit":10,"verified":1}
[2025-11-20T11:18:18.445Z] [32MINFO[39M: 📥 [2025-11-20T11:18:18.445Z] GET /api/businesses?isVerified=true&page=1&limit=10
[2025-11-20T11:18:18.446Z] [32MINFO[39M: Fetching businesses with params: {"page":1,"limit":10,"verified":1}
[2025-11-20T11:18:51.365Z] [32MINFO[39M: 📥 [2025-11-20T11:18:51.365Z] OPTIONS /api/categories
[2025-11-20T11:18:51.366Z] [32MINFO[39M: 📥 [2025-11-20T11:18:51.366Z] OPTIONS /api/count/webview
[2025-11-20T11:18:51.367Z] [32MINFO[39M: 📥 [2025-11-20T11:18:51.367Z] OPTIONS /api/count/webview
[2025-11-20T11:18:51.367Z] [32MINFO[39M: 📥 [2025-11-20T11:18:51.367Z] OPTIONS /api/categories
[2025-11-20T11:18:51.378Z] [32MINFO[39M: 📥 [2025-11-20T11:18:51.378Z] GET /api/count/webview
[2025-11-20T11:18:51.379Z] [32MINFO[39M: 📥 [2025-11-20T11:18:51.379Z] GET /api/categories
[2025-11-20T11:18:51.395Z] [32MINFO[39M: 📥 [2025-11-20T11:18:51.395Z] GET /api/categories
[2025-11-20T11:18:51.396Z] [32MINFO[39M: 📥 [2025-11-20T11:18:51.396Z] GET /api/count/webview
[2025-11-20T13:21:11.950Z] [32MINFO[39M: 📥 [2025-11-20T13:21:11.943Z] GET /
[2025-11-20T13:21:13.141Z] [32MINFO[39M: 📥 [2025-11-20T13:21:13.141Z] OPTIONS /
[2025-11-20T13:21:13.671Z] [32MINFO[39M: 📥 [2025-11-20T13:21:13.671Z] OPTIONS /
[2025-11-20T13:21:22.126Z] [32MINFO[39M: 📥 [2025-11-20T13:21:22.126Z] GET /bad%20ip%2C/Tr%69nity.php%2ebakup
[2025-11-20T14:17:02.953Z] [32MINFO[39M: 📥 [2025-11-20T14:17:02.953Z] OPTIONS /api/count/webview
[2025-11-20T14:17:02.991Z] [32MINFO[39M: 📥 [2025-11-20T14:17:02.991Z] OPTIONS /api/categories
[2025-11-20T14:17:02.993Z] [32MINFO[39M: 📥 [2025-11-20T14:17:02.993Z] OPTIONS /api/count/webview
[2025-11-20T14:17:02.994Z] [32MINFO[39M: 📥 [2025-11-20T14:17:02.994Z] OPTIONS /api/categories
[2025-11-20T14:17:03.065Z] [32MINFO[39M: 📥 [2025-11-20T14:17:03.065Z] GET /api/count/webview
[2025-11-20T14:17:03.092Z] [32MINFO[39M: 📥 [2025-11-20T14:17:03.092Z] GET /api/categories
[2025-11-20T14:17:03.179Z] [32MINFO[39M: 📥 [2025-11-20T14:17:03.179Z] GET /api/count/webview
[2025-11-20T14:17:03.197Z] [32MINFO[39M: 📥 [2025-11-20T14:17:03.197Z] GET /api/categories
[2025-11-20T14:17:14.205Z] [32MINFO[39M: 📥 [2025-11-20T14:17:14.205Z] OPTIONS /api/businesses?categoryslug=consultant&subcategoryslug=consultant
[2025-11-20T14:17:14.207Z] [32MINFO[39M: 📥 [2025-11-20T14:17:14.207Z] OPTIONS /api/businesses?categoryslug=consultant&subcategoryslug=consultant
[2025-11-20T14:17:14.236Z] [32MINFO[39M: 📥 [2025-11-20T14:17:14.236Z] GET /api/businesses?categoryslug=consultant&subcategoryslug=consultant
[2025-11-20T14:17:14.239Z] [32MINFO[39M: Fetching businesses with params: {"categoryslug":"consultant","subcategoryslug":"consultant","page":1,"limit":10,"verified":1}
[2025-11-20T14:17:14.277Z] [32MINFO[39M: 📥 [2025-11-20T14:17:14.277Z] GET /api/businesses?categoryslug=consultant&subcategoryslug=consultant
[2025-11-20T14:17:14.278Z] [32MINFO[39M: Fetching businesses with params: {"categoryslug":"consultant","subcategoryslug":"consultant","page":1,"limit":10,"verified":1}
[2025-11-20T14:17:24.166Z] [32MINFO[39M: 📥 [2025-11-20T14:17:24.166Z] OPTIONS /api/categories
[2025-11-20T14:17:24.167Z] [32MINFO[39M: 📥 [2025-11-20T14:17:24.167Z] OPTIONS /api/categories
[2025-11-20T14:17:24.182Z] [32MINFO[39M: 📥 [2025-11-20T14:17:24.182Z] GET /api/categories
[2025-11-20T14:17:24.302Z] [32MINFO[39M: 📥 [2025-11-20T14:17:24.302Z] GET /api/categories
[2025-11-20T16:59:41.329Z] [32MINFO[39M: 📥 [2025-11-20T16:59:41.321Z] GET /
