[2025-11-05T06:43:18.809Z] [32MINFO[39M:  Server running on port  http://localhost:5004
[2025-11-05T06:43:18.863Z] [32MINFO[39M: MySQL Database Connected
[2025-11-05T06:43:58.452Z] [32MINFO[39M: 📥 [2025-11-05T06:43:58.452Z] GET /api/categories
[2025-11-05T06:43:58.459Z] [32MINFO[39M: 📥 [2025-11-05T06:43:58.459Z] GET /api/count/webview
[2025-11-05T06:43:58.548Z] [32MINFO[39M: 📥 [2025-11-05T06:43:58.548Z] GET /api/count/webview
[2025-11-05T06:43:58.550Z] [32MINFO[39M: 📥 [2025-11-05T06:43:58.550Z] GET /api/categories
[2025-11-05T06:52:24.321Z] [32MINFO[39M: 📥 [2025-11-05T06:52:24.321Z] GET /api/businesses?isVerified=true&categoryslug=foods
[2025-11-05T06:52:24.331Z] [32MINFO[39M: 📥 [2025-11-05T06:52:24.331Z] GET /api/businesses?isVerified=true&categoryslug=foods
[2025-11-05T06:53:05.650Z] [32MINFO[39M: 📥 [2025-11-05T06:53:05.650Z] GET /api/count/webview
[2025-11-05T06:53:05.656Z] [32MINFO[39M: 📥 [2025-11-05T06:53:05.656Z] GET /api/count/webview
[2025-11-05T06:53:05.658Z] [32MINFO[39M: 📥 [2025-11-05T06:53:05.658Z] GET /api/categories
[2025-11-05T06:53:05.667Z] [32MINFO[39M: 📥 [2025-11-05T06:53:05.667Z] GET /api/categories
[2025-11-05T06:53:18.001Z] [32MINFO[39M: 📥 [2025-11-05T06:53:18.000Z] GET /api/count/webview
[2025-11-05T06:53:18.002Z] [32MINFO[39M: 📥 [2025-11-05T06:53:18.002Z] GET /api/categories
[2025-11-05T06:53:18.020Z] [32MINFO[39M: 📥 [2025-11-05T06:53:18.020Z] GET /api/count/webview
[2025-11-05T06:53:18.028Z] [32MINFO[39M: 📥 [2025-11-05T06:53:18.027Z] GET /api/categories
[2025-11-05T06:56:20.606Z] [32MINFO[39M: 📥 [2025-11-05T06:56:20.606Z] GET /api/categories
[2025-11-05T06:56:20.607Z] [32MINFO[39M: 📥 [2025-11-05T06:56:20.607Z] GET /api/count/webview
[2025-11-05T06:56:20.613Z] [32MINFO[39M: 📥 [2025-11-05T06:56:20.613Z] GET /api/count/webview
[2025-11-05T06:56:20.616Z] [32MINFO[39M: 📥 [2025-11-05T06:56:20.616Z] GET /api/categories
[2025-11-05T06:56:33.306Z] [32MINFO[39M: 📥 [2025-11-05T06:56:33.306Z] GET /api/businesses?isVerified=true&categoryslug=restaurant
[2025-11-05T06:56:33.315Z] [32MINFO[39M: 📥 [2025-11-05T06:56:33.315Z] GET /api/businesses?isVerified=true&categoryslug=restaurant
[2025-11-05T06:56:35.175Z] [32MINFO[39M: 📥 [2025-11-05T06:56:35.175Z] GET /api/categories
[2025-11-05T06:56:35.187Z] [32MINFO[39M: 📥 [2025-11-05T06:56:35.187Z] GET /api/categories
[2025-11-05T06:57:35.979Z] [32MINFO[39M: 📥 [2025-11-05T06:57:35.979Z] GET /api/businesses?isVerified=true&categoryslug=restaurant
[2025-11-05T06:57:35.992Z] [32MINFO[39M: 📥 [2025-11-05T06:57:35.992Z] GET /api/businesses?isVerified=true&categoryslug=restaurant
[2025-11-05T06:58:42.985Z] [32MINFO[39M: 📥 [2025-11-05T06:58:42.985Z] GET /api/count/webview
[2025-11-05T06:58:42.987Z] [32MINFO[39M: 📥 [2025-11-05T06:58:42.987Z] GET /api/businesses?isVerified=true&categoryslug=restaurant
[2025-11-05T06:58:42.993Z] [32MINFO[39M: 📥 [2025-11-05T06:58:42.993Z] GET /api/count/webview
[2025-11-05T06:58:42.994Z] [32MINFO[39M: 📥 [2025-11-05T06:58:42.994Z] GET /api/businesses?isVerified=true&categoryslug=restaurant
[2025-11-05T07:01:50.768Z] [32MINFO[39M: 📥 [2025-11-05T07:01:50.768Z] GET /api/businesses?isVerified=true&categoryslug=restaurant
[2025-11-05T07:01:50.770Z] [32MINFO[39M: 📥 [2025-11-05T07:01:50.770Z] GET /api/count/webview
[2025-11-05T07:01:50.780Z] [32MINFO[39M: 📥 [2025-11-05T07:01:50.780Z] GET /api/count/webview
[2025-11-05T07:01:50.781Z] [32MINFO[39M: 📥 [2025-11-05T07:01:50.781Z] GET /api/businesses?isVerified=true&categoryslug=restaurant
[2025-11-05T07:04:55.877Z] [32MINFO[39M: 📥 [2025-11-05T07:04:55.877Z] GET /api/businesses?isVerified=true&categoryslug=restaurant
[2025-11-05T07:04:55.880Z] [32MINFO[39M: 📥 [2025-11-05T07:04:55.880Z] GET /api/count/webview
[2025-11-05T07:04:55.883Z] [32MINFO[39M: 📥 [2025-11-05T07:04:55.883Z] GET /api/businesses?isVerified=true&categoryslug=restaurant
[2025-11-05T07:04:55.885Z] [32MINFO[39M: 📥 [2025-11-05T07:04:55.885Z] GET /api/count/webview
[2025-11-05T07:07:28.168Z] [32MINFO[39M: 📥 [2025-11-05T07:07:28.168Z] GET /api/categories
[2025-11-05T07:07:28.179Z] [32MINFO[39M: 📥 [2025-11-05T07:07:28.179Z] GET /api/categories
[2025-11-05T07:08:01.030Z] [32MINFO[39M: 📥 [2025-11-05T07:08:01.030Z] GET /api/businesses?isVerified=true&categoryslug=babies
[2025-11-05T07:08:01.042Z] [32MINFO[39M: 📥 [2025-11-05T07:08:01.042Z] GET /api/businesses?isVerified=true&categoryslug=babies
[2025-11-05T07:08:30.296Z] [32MINFO[39M: 📥 [2025-11-05T07:08:30.296Z] GET /api/businesses?isVerified=true&categoryslug=babies
[2025-11-05T07:08:30.305Z] [32MINFO[39M: 📥 [2025-11-05T07:08:30.305Z] GET /api/businesses?isVerified=true&categoryslug=babies
[2025-11-05T07:08:34.258Z] [32MINFO[39M: 📥 [2025-11-05T07:08:34.258Z] GET /api/businesses?isVerified=true&categoryslug=babies
[2025-11-05T07:08:34.268Z] [32MINFO[39M: 📥 [2025-11-05T07:08:34.268Z] GET /api/businesses?isVerified=true&categoryslug=babies
[2025-11-05T07:08:34.940Z] [32MINFO[39M: 📥 [2025-11-05T07:08:34.940Z] GET /api/categories
[2025-11-05T07:08:34.951Z] [32MINFO[39M: 📥 [2025-11-05T07:08:34.951Z] GET /api/categories
[2025-11-05T07:09:15.617Z] [32MINFO[39M: 📥 [2025-11-05T07:09:15.617Z] GET /api/businesses?isVerified=true&categoryslug=babies
[2025-11-05T07:09:15.619Z] [32MINFO[39M: 📥 [2025-11-05T07:09:15.619Z] GET /api/count/webview
[2025-11-05T07:09:15.624Z] [32MINFO[39M: 📥 [2025-11-05T07:09:15.624Z] GET /api/businesses?isVerified=true&categoryslug=babies
[2025-11-05T07:09:15.626Z] [32MINFO[39M: 📥 [2025-11-05T07:09:15.626Z] GET /api/count/webview
[2025-11-05T07:09:16.924Z] [32MINFO[39M: 📥 [2025-11-05T07:09:16.924Z] GET /api/count/webview
[2025-11-05T07:09:16.925Z] [32MINFO[39M: 📥 [2025-11-05T07:09:16.925Z] GET /api/businesses?isVerified=true&categoryslug=babies
[2025-11-05T07:09:16.931Z] [32MINFO[39M: 📥 [2025-11-05T07:09:16.931Z] GET /api/businesses?isVerified=true&categoryslug=babies
[2025-11-05T07:09:16.933Z] [32MINFO[39M: 📥 [2025-11-05T07:09:16.933Z] GET /api/count/webview
[2025-11-05T07:09:36.571Z] [32MINFO[39M: 📥 [2025-11-05T07:09:36.571Z] GET /api/categories
[2025-11-05T07:09:36.580Z] [32MINFO[39M: 📥 [2025-11-05T07:09:36.580Z] GET /api/categories
[2025-11-05T07:13:11.616Z] [32MINFO[39M: 📥 [2025-11-05T07:13:11.616Z] GET /api/count/webview
[2025-11-05T07:13:11.617Z] [32MINFO[39M: 📥 [2025-11-05T07:13:11.617Z] GET /api/categories
[2025-11-05T07:13:11.624Z] [32MINFO[39M: 📥 [2025-11-05T07:13:11.624Z] GET /api/count/webview
[2025-11-05T07:13:11.636Z] [32MINFO[39M: 📥 [2025-11-05T07:13:11.636Z] GET /api/categories
[2025-11-05T07:23:29.020Z] [32MINFO[39M: 📥 [2025-11-05T07:23:29.020Z] GET /api/businesses?isVerified=true&categoryslug=restaurant
[2025-11-05T07:23:29.028Z] [32MINFO[39M: 📥 [2025-11-05T07:23:29.028Z] GET /api/businesses?isVerified=true&categoryslug=restaurant
[2025-11-05T07:25:30.245Z] [32MINFO[39M: 📥 [2025-11-05T07:25:30.245Z] GET /api/count/webview
[2025-11-05T07:25:30.246Z] [32MINFO[39M: 📥 [2025-11-05T07:25:30.246Z] GET /api/categories
[2025-11-05T07:25:30.253Z] [32MINFO[39M: 📥 [2025-11-05T07:25:30.253Z] GET /api/count/webview
[2025-11-05T07:25:30.254Z] [32MINFO[39M: 📥 [2025-11-05T07:25:30.254Z] GET /api/categories
[2025-11-05T07:25:32.831Z] [32MINFO[39M: 📥 [2025-11-05T07:25:32.830Z] GET /api/count/webview
[2025-11-05T07:25:32.835Z] [32MINFO[39M: 📥 [2025-11-05T07:25:32.835Z] GET /api/categories
[2025-11-05T07:25:32.842Z] [32MINFO[39M: 📥 [2025-11-05T07:25:32.842Z] GET /api/count/webview
[2025-11-05T07:25:32.845Z] [32MINFO[39M: 📥 [2025-11-05T07:25:32.845Z] GET /api/categories
[2025-11-05T07:28:07.515Z] [32MINFO[39M: 📥 [2025-11-05T07:28:07.515Z] GET /api/categories
[2025-11-05T07:28:07.517Z] [32MINFO[39M: 📥 [2025-11-05T07:28:07.517Z] GET /api/count/webview
[2025-11-05T07:28:07.529Z] [32MINFO[39M: 📥 [2025-11-05T07:28:07.528Z] GET /api/categories
[2025-11-05T07:28:07.530Z] [32MINFO[39M: 📥 [2025-11-05T07:28:07.530Z] GET /api/count/webview
[2025-11-05T07:28:10.425Z] [32MINFO[39M: 📥 [2025-11-05T07:28:10.425Z] GET /api/businesses?isVerified=true&categoryslug=restaurant
[2025-11-05T07:28:10.433Z] [32MINFO[39M: 📥 [2025-11-05T07:28:10.433Z] GET /api/businesses?isVerified=true&categoryslug=restaurant
[2025-11-05T07:28:14.876Z] [32MINFO[39M: 📥 [2025-11-05T07:28:14.876Z] GET /api/count/webview
[2025-11-05T07:28:14.877Z] [32MINFO[39M: 📥 [2025-11-05T07:28:14.877Z] GET /api/businesses?isVerified=true&categoryslug=restaurant
[2025-11-05T07:28:14.892Z] [32MINFO[39M: 📥 [2025-11-05T07:28:14.892Z] GET /api/count/webview
[2025-11-05T07:28:14.895Z] [32MINFO[39M: 📥 [2025-11-05T07:28:14.895Z] GET /api/businesses?isVerified=true&categoryslug=restaurant
[2025-11-05T07:28:19.722Z] [32MINFO[39M: 📥 [2025-11-05T07:28:19.722Z] GET /api/categories
[2025-11-05T07:28:19.899Z] [32MINFO[39M: 📥 [2025-11-05T07:28:19.899Z] GET /api/categories
[2025-11-05T07:29:09.188Z] [32MINFO[39M: 📥 [2025-11-05T07:29:09.188Z] GET /api/count/webview
[2025-11-05T07:29:09.191Z] [32MINFO[39M: 📥 [2025-11-05T07:29:09.191Z] GET /api/categories
[2025-11-05T07:29:09.196Z] [32MINFO[39M: 📥 [2025-11-05T07:29:09.196Z] GET /api/count/webview
[2025-11-05T07:29:09.200Z] [32MINFO[39M: 📥 [2025-11-05T07:29:09.200Z] GET /api/categories
[2025-11-05T07:29:34.865Z] [32MINFO[39M: 📥 [2025-11-05T07:29:34.865Z] GET /api/categories
[2025-11-05T07:29:34.865Z] [32MINFO[39M: 📥 [2025-11-05T07:29:34.865Z] GET /api/count/webview
[2025-11-05T07:29:34.872Z] [32MINFO[39M: 📥 [2025-11-05T07:29:34.872Z] GET /api/count/webview
[2025-11-05T07:29:34.873Z] [32MINFO[39M: 📥 [2025-11-05T07:29:34.873Z] GET /api/categories
[2025-11-05T07:29:41.578Z] [32MINFO[39M: 📥 [2025-11-05T07:29:41.578Z] GET /api/count/webview
[2025-11-05T07:29:41.579Z] [32MINFO[39M: 📥 [2025-11-05T07:29:41.579Z] GET /api/categories
[2025-11-05T07:29:41.586Z] [32MINFO[39M: 📥 [2025-11-05T07:29:41.586Z] GET /api/count/webview
[2025-11-05T07:29:41.587Z] [32MINFO[39M: 📥 [2025-11-05T07:29:41.587Z] GET /api/categories
[2025-11-05T07:30:05.781Z] [32MINFO[39M: 📥 [2025-11-05T07:30:05.781Z] GET /api/count/webview
[2025-11-05T07:30:05.783Z] [32MINFO[39M: 📥 [2025-11-05T07:30:05.783Z] GET /api/categories
[2025-11-05T07:30:05.846Z] [32MINFO[39M: 📥 [2025-11-05T07:30:05.846Z] GET /api/count/webview
[2025-11-05T07:30:05.890Z] [32MINFO[39M: 📥 [2025-11-05T07:30:05.890Z] GET /api/categories
[2025-11-05T07:30:09.202Z] [32MINFO[39M: 📥 [2025-11-05T07:30:09.202Z] GET /api/count/webview
[2025-11-05T07:30:09.203Z] [32MINFO[39M: 📥 [2025-11-05T07:30:09.203Z] GET /api/categories
[2025-11-05T07:30:09.209Z] [32MINFO[39M: 📥 [2025-11-05T07:30:09.209Z] GET /api/count/webview
[2025-11-05T07:30:09.213Z] [32MINFO[39M: 📥 [2025-11-05T07:30:09.213Z] GET /api/categories
[2025-11-05T07:32:49.946Z] [32MINFO[39M: 📥 [2025-11-05T07:32:49.946Z] GET /api/categories
[2025-11-05T07:32:49.947Z] [32MINFO[39M: 📥 [2025-11-05T07:32:49.947Z] GET /api/count/webview
[2025-11-05T07:32:49.956Z] [32MINFO[39M: 📥 [2025-11-05T07:32:49.956Z] GET /api/count/webview
[2025-11-05T07:32:49.957Z] [32MINFO[39M: 📥 [2025-11-05T07:32:49.957Z] GET /api/categories
[2025-11-05T07:34:31.727Z] [32MINFO[39M: 📥 [2025-11-05T07:34:31.727Z] GET /api/categories
[2025-11-05T07:34:31.728Z] [32MINFO[39M: 📥 [2025-11-05T07:34:31.728Z] GET /api/count/webview
[2025-11-05T07:34:31.736Z] [32MINFO[39M: 📥 [2025-11-05T07:34:31.736Z] GET /api/count/webview
[2025-11-05T07:34:31.737Z] [32MINFO[39M: 📥 [2025-11-05T07:34:31.737Z] GET /api/categories
[2025-11-05T07:34:36.696Z] [32MINFO[39M: 📥 [2025-11-05T07:34:36.696Z] GET /api/categories
[2025-11-05T07:34:36.698Z] [32MINFO[39M: 📥 [2025-11-05T07:34:36.698Z] GET /api/count/webview
[2025-11-05T07:34:36.930Z] [32MINFO[39M: 📥 [2025-11-05T07:34:36.930Z] GET /api/count/webview
[2025-11-05T07:34:36.931Z] [32MINFO[39M: 📥 [2025-11-05T07:34:36.931Z] GET /api/categories
[2025-11-05T07:35:44.365Z] [32MINFO[39M: 📥 [2025-11-05T07:35:44.365Z] GET /api/count/webview
[2025-11-05T07:35:44.366Z] [32MINFO[39M: 📥 [2025-11-05T07:35:44.366Z] GET /api/categories
[2025-11-05T07:35:44.430Z] [32MINFO[39M: 📥 [2025-11-05T07:35:44.430Z] GET /api/count/webview
[2025-11-05T07:35:44.431Z] [32MINFO[39M: 📥 [2025-11-05T07:35:44.431Z] GET /api/categories
[2025-11-05T07:35:56.350Z] [32MINFO[39M: 📥 [2025-11-05T07:35:56.350Z] GET /api/count/webview
[2025-11-05T07:35:56.351Z] [32MINFO[39M: 📥 [2025-11-05T07:35:56.351Z] GET /api/categories
[2025-11-05T07:35:56.407Z] [32MINFO[39M: 📥 [2025-11-05T07:35:56.407Z] GET /api/count/webview
[2025-11-05T07:35:56.408Z] [32MINFO[39M: 📥 [2025-11-05T07:35:56.408Z] GET /api/categories
[2025-11-05T07:48:14.036Z] [32MINFO[39M: 📥 [2025-11-05T07:48:14.036Z] GET /api/count/webview
[2025-11-05T07:48:14.039Z] [32MINFO[39M: 📥 [2025-11-05T07:48:14.039Z] GET /api/categories
[2025-11-05T07:48:14.045Z] [32MINFO[39M: 📥 [2025-11-05T07:48:14.045Z] GET /api/count/webview
[2025-11-05T07:48:14.053Z] [32MINFO[39M: 📥 [2025-11-05T07:48:14.053Z] GET /api/categories
[2025-11-05T07:48:25.182Z] [32MINFO[39M: 📥 [2025-11-05T07:48:25.182Z] GET /api/count/webview
[2025-11-05T07:48:25.186Z] [32MINFO[39M: 📥 [2025-11-05T07:48:25.186Z] GET /api/categories
[2025-11-05T07:48:25.190Z] [32MINFO[39M: 📥 [2025-11-05T07:48:25.190Z] GET /api/count/webview
[2025-11-05T07:48:25.194Z] [32MINFO[39M: 📥 [2025-11-05T07:48:25.194Z] GET /api/categories
[2025-11-05T07:50:27.655Z] [32MINFO[39M: 📥 [2025-11-05T07:50:27.655Z] GET /api/count/webview
[2025-11-05T07:50:27.656Z] [32MINFO[39M: 📥 [2025-11-05T07:50:27.656Z] GET /api/categories
[2025-11-05T07:50:27.665Z] [32MINFO[39M: 📥 [2025-11-05T07:50:27.665Z] GET /api/categories
[2025-11-05T07:50:27.666Z] [32MINFO[39M: 📥 [2025-11-05T07:50:27.666Z] GET /api/count/webview
[2025-11-05T07:50:44.814Z] [32MINFO[39M: 📥 [2025-11-05T07:50:44.814Z] GET /api/businesses?isVerified=true&categoryslug=home-services
[2025-11-05T07:50:44.819Z] [32MINFO[39M: 📥 [2025-11-05T07:50:44.819Z] GET /api/businesses?isVerified=true&categoryslug=home-services
[2025-11-05T07:50:52.714Z] [32MINFO[39M: 📥 [2025-11-05T07:50:52.714Z] GET /api/categories
[2025-11-05T07:50:52.885Z] [32MINFO[39M: 📥 [2025-11-05T07:50:52.885Z] GET /api/categories
[2025-11-05T07:52:18.749Z] [32MINFO[39M: 📥 [2025-11-05T07:52:18.749Z] GET /api/count/webview
[2025-11-05T07:52:18.750Z] [32MINFO[39M: 📥 [2025-11-05T07:52:18.750Z] GET /api/categories
[2025-11-05T07:52:18.756Z] [32MINFO[39M: 📥 [2025-11-05T07:52:18.756Z] GET /api/count/webview
[2025-11-05T07:52:18.760Z] [32MINFO[39M: 📥 [2025-11-05T07:52:18.760Z] GET /api/categories
[2025-11-05T07:53:21.434Z] [32MINFO[39M: 📥 [2025-11-05T07:53:21.434Z] GET /api/count/webview
[2025-11-05T07:53:21.435Z] [32MINFO[39M: 📥 [2025-11-05T07:53:21.435Z] GET /api/categories
[2025-11-05T07:53:21.441Z] [32MINFO[39M: 📥 [2025-11-05T07:53:21.441Z] GET /api/count/webview
[2025-11-05T07:53:21.442Z] [32MINFO[39M: 📥 [2025-11-05T07:53:21.442Z] GET /api/categories
[2025-11-05T07:54:07.037Z] [32MINFO[39M: 📥 [2025-11-05T07:54:07.037Z] GET /api/businesses?isVerified=true&categoryslug=fitness
[2025-11-05T07:54:07.048Z] [32MINFO[39M: 📥 [2025-11-05T07:54:07.048Z] GET /api/businesses?isVerified=true&categoryslug=fitness
[2025-11-05T07:54:11.525Z] [32MINFO[39M: 📥 [2025-11-05T07:54:11.525Z] GET /api/categories
[2025-11-05T07:54:11.535Z] [32MINFO[39M: 📥 [2025-11-05T07:54:11.535Z] GET /api/categories
[2025-11-05T08:32:56.405Z] [32MINFO[39M: 📥 [2025-11-05T08:32:56.405Z] GET /api/count/webview
[2025-11-05T08:32:56.406Z] [32MINFO[39M: 📥 [2025-11-05T08:32:56.406Z] GET /api/categories
[2025-11-05T08:32:56.413Z] [32MINFO[39M: 📥 [2025-11-05T08:32:56.413Z] GET /api/count/webview
[2025-11-05T08:32:56.418Z] [32MINFO[39M: 📥 [2025-11-05T08:32:56.418Z] GET /api/categories
[2025-11-05T08:33:05.541Z] [32MINFO[39M: 📥 [2025-11-05T08:33:05.541Z] GET /api/categories
[2025-11-05T08:33:05.542Z] [32MINFO[39M: 📥 [2025-11-05T08:33:05.542Z] GET /api/count/webview
[2025-11-05T08:33:05.551Z] [32MINFO[39M: 📥 [2025-11-05T08:33:05.551Z] GET /api/count/webview
[2025-11-05T08:33:05.553Z] [32MINFO[39M: 📥 [2025-11-05T08:33:05.553Z] GET /api/categories
[2025-11-05T08:35:17.029Z] [32MINFO[39M: 📥 [2025-11-05T08:35:17.029Z] GET /api/categories
[2025-11-05T08:35:17.030Z] [32MINFO[39M: 📥 [2025-11-05T08:35:17.030Z] GET /api/count/webview
[2025-11-05T08:35:17.044Z] [32MINFO[39M: 📥 [2025-11-05T08:35:17.044Z] GET /api/count/webview
[2025-11-05T08:35:17.044Z] [32MINFO[39M: 📥 [2025-11-05T08:35:17.044Z] GET /api/categories
[2025-11-05T09:35:50.205Z] [32MINFO[39M: 📥 [2025-11-05T09:35:50.196Z] GET /api/categories
[2025-11-05T09:35:50.304Z] [32MINFO[39M: 📥 [2025-11-05T09:35:50.304Z] GET /api/count/webview
[2025-11-05T09:35:50.355Z] [32MINFO[39M: 📥 [2025-11-05T09:35:50.355Z] GET /api/categories
[2025-11-05T09:35:50.395Z] [32MINFO[39M: 📥 [2025-11-05T09:35:50.395Z] GET /api/count/webview
[2025-11-05T09:39:27.874Z] [32MINFO[39M: 📥 [2025-11-05T09:39:27.874Z] GET /api/categories
[2025-11-05T09:39:27.877Z] [32MINFO[39M: 📥 [2025-11-05T09:39:27.877Z] GET /api/count/webview
[2025-11-05T09:39:27.888Z] [32MINFO[39M: 📥 [2025-11-05T09:39:27.888Z] GET /api/count/webview
[2025-11-05T09:39:27.890Z] [32MINFO[39M: 📥 [2025-11-05T09:39:27.890Z] GET /api/categories
[2025-11-05T09:40:42.371Z] [32MINFO[39M: 📥 [2025-11-05T09:40:42.371Z] GET /api/count/webview
[2025-11-05T09:40:42.374Z] [32MINFO[39M: 📥 [2025-11-05T09:40:42.373Z] GET /api/categories
[2025-11-05T09:40:42.382Z] [32MINFO[39M: 📥 [2025-11-05T09:40:42.382Z] GET /api/count/webview
[2025-11-05T09:40:42.384Z] [32MINFO[39M: 📥 [2025-11-05T09:40:42.384Z] GET /api/categories
[2025-11-05T09:42:31.720Z] [32MINFO[39M: 📥 [2025-11-05T09:42:31.720Z] GET /api/count/webview
[2025-11-05T09:42:31.721Z] [32MINFO[39M: 📥 [2025-11-05T09:42:31.721Z] GET /api/categories
[2025-11-05T09:42:31.728Z] [32MINFO[39M: 📥 [2025-11-05T09:42:31.728Z] GET /api/count/webview
[2025-11-05T09:42:31.731Z] [32MINFO[39M: 📥 [2025-11-05T09:42:31.731Z] GET /api/categories
[2025-11-05T10:18:41.659Z] [32MINFO[39M: 📥 [2025-11-05T10:18:41.659Z] GET /api/count/webview
[2025-11-05T10:18:41.660Z] [32MINFO[39M: 📥 [2025-11-05T10:18:41.660Z] GET /api/categories
[2025-11-05T10:18:41.701Z] [32MINFO[39M: 📥 [2025-11-05T10:18:41.701Z] GET /api/count/webview
[2025-11-05T10:18:41.704Z] [32MINFO[39M: 📥 [2025-11-05T10:18:41.704Z] GET /api/categories
[2025-11-05T10:19:23.115Z] [32MINFO[39M: 📥 [2025-11-05T10:19:23.115Z] GET /api/count/webview
[2025-11-05T10:19:23.120Z] [32MINFO[39M: 📥 [2025-11-05T10:19:23.120Z] GET /api/categories
[2025-11-05T10:19:23.123Z] [32MINFO[39M: 📥 [2025-11-05T10:19:23.123Z] GET /api/count/webview
[2025-11-05T10:19:23.130Z] [32MINFO[39M: 📥 [2025-11-05T10:19:23.130Z] GET /api/categories
[2025-11-05T10:20:29.136Z] [32MINFO[39M: 📥 [2025-11-05T10:20:29.136Z] GET /api/businesses?isVerified=true&categoryslug=clothing
[2025-11-05T10:20:29.254Z] [32MINFO[39M: 📥 [2025-11-05T10:20:29.254Z] GET /api/businesses?isVerified=true&categoryslug=clothing
[2025-11-05T10:20:48.211Z] [32MINFO[39M: 📥 [2025-11-05T10:20:48.211Z] GET /api/categories
[2025-11-05T10:20:48.265Z] [32MINFO[39M: 📥 [2025-11-05T10:20:48.265Z] GET /api/categories
[2025-11-05T10:27:03.086Z] [32MINFO[39M: 📥 [2025-11-05T10:27:03.086Z] GET /api/count/webview
[2025-11-05T10:27:03.087Z] [32MINFO[39M: 📥 [2025-11-05T10:27:03.087Z] GET /api/categories
[2025-11-05T10:27:03.096Z] [32MINFO[39M: 📥 [2025-11-05T10:27:03.096Z] GET /api/count/webview
[2025-11-05T10:27:03.101Z] [32MINFO[39M: 📥 [2025-11-05T10:27:03.101Z] GET /api/categories
[2025-11-05T10:28:42.104Z] [32MINFO[39M: 📥 [2025-11-05T10:28:42.103Z] GET /api/categories
[2025-11-05T10:28:42.105Z] [32MINFO[39M: 📥 [2025-11-05T10:28:42.105Z] GET /api/count/webview
[2025-11-05T10:28:42.112Z] [32MINFO[39M: 📥 [2025-11-05T10:28:42.112Z] GET /api/count/webview
[2025-11-05T10:28:42.115Z] [32MINFO[39M: 📥 [2025-11-05T10:28:42.115Z] GET /api/categories
[2025-11-05T10:28:51.084Z] [32MINFO[39M: 📥 [2025-11-05T10:28:51.084Z] GET /api/businesses?isVerified=true&categoryslug=weight-scales
[2025-11-05T10:28:51.098Z] [32MINFO[39M: 📥 [2025-11-05T10:28:51.098Z] GET /api/businesses?isVerified=true&categoryslug=weight-scales
[2025-11-05T10:28:55.815Z] [32MINFO[39M: 📥 [2025-11-05T10:28:55.815Z] GET /api/categories
[2025-11-05T10:28:55.914Z] [32MINFO[39M: 📥 [2025-11-05T10:28:55.914Z] GET /api/categories
[2025-11-05T10:28:59.786Z] [32MINFO[39M: 📥 [2025-11-05T10:28:59.786Z] GET /api/businesses?isVerified=true&categoryslug=grocceries
[2025-11-05T10:28:59.806Z] [32MINFO[39M: 📥 [2025-11-05T10:28:59.806Z] GET /api/businesses?isVerified=true&categoryslug=grocceries
[2025-11-05T10:29:03.919Z] [32MINFO[39M: 📥 [2025-11-05T10:29:03.919Z] GET /api/categories
[2025-11-05T10:29:03.991Z] [32MINFO[39M: 📥 [2025-11-05T10:29:03.991Z] GET /api/categories
[2025-11-05T10:29:22.741Z] [32MINFO[39M: 📥 [2025-11-05T10:29:22.741Z] GET /api/count/webview
[2025-11-05T10:29:22.742Z] [32MINFO[39M: 📥 [2025-11-05T10:29:22.742Z] GET /api/categories
[2025-11-05T10:29:22.748Z] [32MINFO[39M: 📥 [2025-11-05T10:29:22.748Z] GET /api/count/webview
[2025-11-05T10:29:22.757Z] [32MINFO[39M: 📥 [2025-11-05T10:29:22.757Z] GET /api/categories
[2025-11-05T10:29:48.025Z] [32MINFO[39M: 📥 [2025-11-05T10:29:48.025Z] GET /api/count/webview
[2025-11-05T10:29:48.026Z] [32MINFO[39M: 📥 [2025-11-05T10:29:48.026Z] GET /api/categories
[2025-11-05T10:29:48.039Z] [32MINFO[39M: 📥 [2025-11-05T10:29:48.039Z] GET /api/categories
[2025-11-05T10:29:48.040Z] [32MINFO[39M: 📥 [2025-11-05T10:29:48.040Z] GET /api/count/webview
[2025-11-05T10:34:29.736Z] [32MINFO[39M: 📥 [2025-11-05T10:34:29.736Z] GET /api/categories
[2025-11-05T10:34:29.737Z] [32MINFO[39M: 📥 [2025-11-05T10:34:29.737Z] GET /api/count/webview
[2025-11-05T10:34:29.745Z] [32MINFO[39M: 📥 [2025-11-05T10:34:29.745Z] GET /api/count/webview
[2025-11-05T10:34:29.751Z] [32MINFO[39M: 📥 [2025-11-05T10:34:29.751Z] GET /api/categories
[2025-11-05T10:35:00.864Z] [32MINFO[39M: 📥 [2025-11-05T10:35:00.864Z] GET /api/count/webview
[2025-11-05T10:35:00.864Z] [32MINFO[39M: 📥 [2025-11-05T10:35:00.864Z] GET /api/categories
[2025-11-05T10:35:00.872Z] [32MINFO[39M: 📥 [2025-11-05T10:35:00.872Z] GET /api/count/webview
[2025-11-05T10:35:00.875Z] [32MINFO[39M: 📥 [2025-11-05T10:35:00.875Z] GET /api/categories
[2025-11-05T10:40:47.693Z] [32MINFO[39M: 📥 [2025-11-05T10:40:47.693Z] GET /api/categories
[2025-11-05T10:40:47.694Z] [32MINFO[39M: 📥 [2025-11-05T10:40:47.694Z] GET /api/count/webview
[2025-11-05T10:40:47.694Z] [32MINFO[39M: 📥 [2025-11-05T10:40:47.694Z] GET /api/categories
[2025-11-05T10:40:47.701Z] [32MINFO[39M: 📥 [2025-11-05T10:40:47.701Z] GET /api/count/webview
[2025-11-05T10:44:09.275Z] [32MINFO[39M: 📥 [2025-11-05T10:44:09.275Z] GET /api/count/webview
[2025-11-05T10:44:09.366Z] [32MINFO[39M: 📥 [2025-11-05T10:44:09.366Z] GET /api/count/webview
[2025-11-05T10:44:09.368Z] [32MINFO[39M: 📥 [2025-11-05T10:44:09.368Z] GET /api/categories
[2025-11-05T10:44:09.680Z] [32MINFO[39M: 📥 [2025-11-05T10:44:09.680Z] GET /api/categories
[2025-11-05T10:46:58.317Z] [32MINFO[39M: 📥 [2025-11-05T10:46:58.317Z] GET /api/businesses?isVerified=true&categoryslug=restaurant
[2025-11-05T10:46:58.617Z] [32MINFO[39M: 📥 [2025-11-05T10:46:58.617Z] GET /api/businesses?isVerified=true&categoryslug=restaurant
[2025-11-05T10:47:08.961Z] [32MINFO[39M: 📥 [2025-11-05T10:47:08.961Z] GET /api/businesses?subcategory=restaurant
[2025-11-05T10:47:09.091Z] [32MINFO[39M: 📥 [2025-11-05T10:47:09.091Z] GET /api/businesses?subcategory=restaurant
[2025-11-05T10:47:11.356Z] [32MINFO[39M: 📥 [2025-11-05T10:47:11.355Z] GET /api/businesses?isVerified=true&categoryslug=restaurant
[2025-11-05T10:47:11.522Z] [32MINFO[39M: 📥 [2025-11-05T10:47:11.522Z] GET /api/businesses?isVerified=true&categoryslug=restaurant
[2025-11-05T10:47:55.048Z] [32MINFO[39M: 📥 [2025-11-05T10:47:55.048Z] GET /api/count/webview
[2025-11-05T10:47:55.054Z] [32MINFO[39M: 📥 [2025-11-05T10:47:55.054Z] GET /api/businesses?isVerified=true&categoryslug=restaurant
[2025-11-05T10:47:55.870Z] [32MINFO[39M: 📥 [2025-11-05T10:47:55.870Z] GET /api/businesses?isVerified=true&categoryslug=restaurant
[2025-11-05T10:47:55.871Z] [32MINFO[39M: 📥 [2025-11-05T10:47:55.871Z] GET /api/count/webview
[2025-11-05T10:47:55.877Z] [32MINFO[39M: 📥 [2025-11-05T10:47:55.877Z] GET /api/businesses?isVerified=true&categoryslug=restaurant
[2025-11-05T10:47:55.879Z] [32MINFO[39M: 📥 [2025-11-05T10:47:55.879Z] GET /api/count/webview
[2025-11-05T10:49:36.916Z] [32MINFO[39M: 📥 [2025-11-05T10:49:36.916Z] GET /api/businesses?subcategory=south-indian-restaurant
[2025-11-05T10:49:37.602Z] [32MINFO[39M: 📥 [2025-11-05T10:49:37.602Z] GET /api/businesses?subcategory=south-indian-restaurant
[2025-11-05T10:49:44.943Z] [32MINFO[39M: 📥 [2025-11-05T10:49:44.943Z] GET /api/count/webview
[2025-11-05T10:49:44.979Z] [32MINFO[39M: 📥 [2025-11-05T10:49:44.979Z] GET /api/count/webview
[2025-11-05T10:49:44.980Z] [32MINFO[39M: 📥 [2025-11-05T10:49:44.980Z] GET /api/businesses?subcategory=south-indian-restaurant
[2025-11-05T10:49:44.988Z] [32MINFO[39M: 📥 [2025-11-05T10:49:44.988Z] GET /api/businesses?subcategory=south-indian-restaurant
[2025-11-05T10:57:22.213Z] [32MINFO[39M: 📥 [2025-11-05T10:57:22.213Z] GET /api/count/webview
[2025-11-05T10:57:22.221Z] [32MINFO[39M: 📥 [2025-11-05T10:57:22.221Z] GET /api/businesses?subcategory=south-indian-restaurant
[2025-11-05T10:57:22.262Z] [32MINFO[39M: 📥 [2025-11-05T10:57:22.262Z] GET /api/count/webview
[2025-11-05T10:57:22.269Z] [32MINFO[39M: 📥 [2025-11-05T10:57:22.269Z] GET /api/businesses?subcategory=south-indian-restaurant
[2025-11-05T10:57:48.572Z] [32MINFO[39M: 📥 [2025-11-05T10:57:48.572Z] GET /api/count/webview
[2025-11-05T10:57:48.573Z] [32MINFO[39M: 📥 [2025-11-05T10:57:48.573Z] GET /api/categories
[2025-11-05T10:57:48.657Z] [32MINFO[39M: 📥 [2025-11-05T10:57:48.657Z] GET /api/count/webview
[2025-11-05T10:57:48.683Z] [32MINFO[39M: 📥 [2025-11-05T10:57:48.683Z] GET /api/categories
[2025-11-05T10:58:21.212Z] [32MINFO[39M: 📥 [2025-11-05T10:58:21.212Z] GET /api/businesses?isVerified=true&categoryslug=clothing
[2025-11-05T10:58:21.213Z] [32MINFO[39M: 📥 [2025-11-05T10:58:21.213Z] GET /api/count/webview
[2025-11-05T10:58:21.226Z] [32MINFO[39M: 📥 [2025-11-05T10:58:21.226Z] GET /api/businesses?isVerified=true&categoryslug=clothing
[2025-11-05T10:58:21.234Z] [32MINFO[39M: 📥 [2025-11-05T10:58:21.234Z] GET /api/count/webview
[2025-11-05T11:00:07.103Z] [32MINFO[39M: 📥 [2025-11-05T11:00:07.103Z] GET /api/businesses?isVerified=true&categoryslug=clothing
[2025-11-05T11:00:07.106Z] [32MINFO[39M: 📥 [2025-11-05T11:00:07.106Z] GET /api/count/webview
[2025-11-05T11:00:07.120Z] [32MINFO[39M: 📥 [2025-11-05T11:00:07.119Z] GET /api/businesses?isVerified=true&categoryslug=clothing
[2025-11-05T11:00:07.220Z] [32MINFO[39M: 📥 [2025-11-05T11:00:07.220Z] GET /api/count/webview
[2025-11-05T11:00:59.499Z] [32MINFO[39M: 📥 [2025-11-05T11:00:59.499Z] GET /api/count/webview
[2025-11-05T11:00:59.670Z] [32MINFO[39M: 📥 [2025-11-05T11:00:59.670Z] GET /api/businesses?isVerified=true&categoryslug=clothing
[2025-11-05T11:00:59.671Z] [32MINFO[39M: 📥 [2025-11-05T11:00:59.671Z] GET /api/count/webview
[2025-11-05T11:00:59.732Z] [32MINFO[39M: 📥 [2025-11-05T11:00:59.732Z] GET /api/businesses?isVerified=true&categoryslug=clothing
[2025-11-05T11:01:24.096Z] [32MINFO[39M: 📥 [2025-11-05T11:01:24.096Z] GET /api/businesses?subcategory=designer-studios
[2025-11-05T11:01:24.104Z] [32MINFO[39M: 📥 [2025-11-05T11:01:24.104Z] GET /api/businesses?subcategory=designer-studios
[2025-11-05T11:01:53.225Z] [32MINFO[39M: 📥 [2025-11-05T11:01:53.225Z] GET /api/count/webview
[2025-11-05T11:01:53.389Z] [32MINFO[39M: 📥 [2025-11-05T11:01:53.389Z] GET /api/count/webview
[2025-11-05T11:01:53.390Z] [32MINFO[39M: 📥 [2025-11-05T11:01:53.390Z] GET /api/businesses?isVerified=true&categoryslug=clothing
[2025-11-05T11:01:53.397Z] [32MINFO[39M: 📥 [2025-11-05T11:01:53.397Z] GET /api/businesses?isVerified=true&categoryslug=clothing
[2025-11-05T11:01:53.404Z] [32MINFO[39M: 📥 [2025-11-05T11:01:53.404Z] GET /api/businesses?isVerified=true&categoryslug=clothing
[2025-11-05T11:01:54.791Z] [32MINFO[39M: 📥 [2025-11-05T11:01:54.791Z] GET /api/count/webview
[2025-11-05T11:01:54.792Z] [32MINFO[39M: 📥 [2025-11-05T11:01:54.792Z] GET /api/businesses?isVerified=true&categoryslug=clothing
[2025-11-05T11:01:54.797Z] [32MINFO[39M: 📥 [2025-11-05T11:01:54.797Z] GET /api/businesses?isVerified=true&categoryslug=clothing
[2025-11-05T11:01:54.804Z] [32MINFO[39M: 📥 [2025-11-05T11:01:54.804Z] GET /api/count/webview
[2025-11-05T11:01:56.668Z] [32MINFO[39M: 📥 [2025-11-05T11:01:56.668Z] GET /api/businesses?subcategory=lingere-shops
[2025-11-05T11:01:56.675Z] [32MINFO[39M: 📥 [2025-11-05T11:01:56.675Z] GET /api/businesses?subcategory=lingere-shops
[2025-11-05T11:02:27.635Z] [32MINFO[39M: 📥 [2025-11-05T11:02:27.635Z] GET /api/businesses?isVerified=true&categoryslug=clothing
[2025-11-05T11:02:27.807Z] [32MINFO[39M: 📥 [2025-11-05T11:02:27.807Z] GET /api/businesses?isVerified=true&categoryslug=clothing
[2025-11-05T11:02:29.099Z] [32MINFO[39M: 📥 [2025-11-05T11:02:29.099Z] GET /api/businesses?subcategory=womens-wear
[2025-11-05T11:02:29.231Z] [32MINFO[39M: 📥 [2025-11-05T11:02:29.231Z] GET /api/businesses?subcategory=womens-wear
[2025-11-05T11:02:30.901Z] [32MINFO[39M: 📥 [2025-11-05T11:02:30.901Z] GET /api/businesses?isVerified=true&categoryslug=clothing
[2025-11-05T11:02:30.909Z] [32MINFO[39M: 📥 [2025-11-05T11:02:30.909Z] GET /api/businesses?isVerified=true&categoryslug=clothing
[2025-11-05T11:10:35.047Z] [32MINFO[39M: 📥 [2025-11-05T11:10:35.047Z] GET /api/businesses?isVerified=true&categoryslug=clothing
[2025-11-05T11:10:35.048Z] [32MINFO[39M: 📥 [2025-11-05T11:10:35.048Z] GET /api/count/webview
[2025-11-05T11:10:35.057Z] [32MINFO[39M: 📥 [2025-11-05T11:10:35.057Z] GET /api/businesses?isVerified=true&categoryslug=clothing
[2025-11-05T11:10:35.061Z] [32MINFO[39M: 📥 [2025-11-05T11:10:35.061Z] GET /api/count/webview
[2025-11-05T11:10:50.473Z] [32MINFO[39M: 📥 [2025-11-05T11:10:50.473Z] GET /api/businesses?subcategory=lingere-shops
[2025-11-05T11:10:50.487Z] [32MINFO[39M: 📥 [2025-11-05T11:10:50.487Z] GET /api/businesses?subcategory=lingere-shops
[2025-11-05T11:11:04.176Z] [32MINFO[39M: 📥 [2025-11-05T11:11:04.176Z] GET /api/businesses?isVerified=true&categoryslug=clothing
[2025-11-05T11:11:04.368Z] [32MINFO[39M: 📥 [2025-11-05T11:11:04.368Z] GET /api/businesses?isVerified=true&categoryslug=clothing
[2025-11-05T11:11:05.975Z] [32MINFO[39M: 📥 [2025-11-05T11:11:05.975Z] GET /api/businesses?subcategory=ethnic-wear
[2025-11-05T11:11:06.135Z] [32MINFO[39M: 📥 [2025-11-05T11:11:06.135Z] GET /api/businesses?subcategory=ethnic-wear
[2025-11-05T11:11:08.381Z] [32MINFO[39M: 📥 [2025-11-05T11:11:08.381Z] GET /api/businesses?isVerified=true&categoryslug=clothing
[2025-11-05T11:11:08.392Z] [32MINFO[39M: 📥 [2025-11-05T11:11:08.392Z] GET /api/businesses?isVerified=true&categoryslug=clothing
[2025-11-05T11:11:53.589Z] [32MINFO[39M: 📥 [2025-11-05T11:11:53.589Z] GET /api/businesses?subcategory=womens-wear
[2025-11-05T11:11:53.600Z] [32MINFO[39M: 📥 [2025-11-05T11:11:53.600Z] GET /api/businesses?subcategory=womens-wear
[2025-11-05T11:11:56.096Z] [32MINFO[39M: 📥 [2025-11-05T11:11:56.096Z] GET /api/businesses?isVerified=true&categoryslug=clothing
[2025-11-05T11:11:56.298Z] [32MINFO[39M: 📥 [2025-11-05T11:11:56.298Z] GET /api/businesses?isVerified=true&categoryslug=clothing
[2025-11-05T11:13:22.915Z] [32MINFO[39M: 📥 [2025-11-05T11:13:22.915Z] GET /api/count/webview
[2025-11-05T11:13:22.916Z] [32MINFO[39M: 📥 [2025-11-05T11:13:22.916Z] GET /api/businesses?isVerified=true&categoryslug=clothing
[2025-11-05T11:13:22.924Z] [32MINFO[39M: 📥 [2025-11-05T11:13:22.924Z] GET /api/businesses?isVerified=true&categoryslug=clothing
[2025-11-05T11:13:22.930Z] [32MINFO[39M: 📥 [2025-11-05T11:13:22.930Z] GET /api/count/webview
[2025-11-05T11:13:29.812Z] [32MINFO[39M: 📥 [2025-11-05T11:13:29.812Z] GET /api/businesses?subcategory=mens-wear
[2025-11-05T11:13:29.825Z] [32MINFO[39M: 📥 [2025-11-05T11:13:29.825Z] GET /api/businesses?subcategory=mens-wear
[2025-11-05T11:13:31.707Z] [32MINFO[39M: 📥 [2025-11-05T11:13:31.707Z] GET /api/businesses?isVerified=true&categoryslug=clothing
[2025-11-05T11:13:31.771Z] [32MINFO[39M: 📥 [2025-11-05T11:13:31.771Z] GET /api/businesses?isVerified=true&categoryslug=clothing
[2025-11-05T11:13:54.819Z] [32MINFO[39M: 📥 [2025-11-05T11:13:54.819Z] GET /api/count/webview
[2025-11-05T11:13:54.820Z] [32MINFO[39M: 📥 [2025-11-05T11:13:54.820Z] GET /api/businesses?isVerified=true&categoryslug=clothing
[2025-11-05T11:13:56.551Z] [32MINFO[39M: 📥 [2025-11-05T11:13:56.551Z] GET /api/count/webview
[2025-11-05T11:13:56.566Z] [32MINFO[39M: 📥 [2025-11-05T11:13:56.566Z] GET /api/businesses?isVerified=true&categoryslug=clothing
[2025-11-05T11:13:56.568Z] [32MINFO[39M: 📥 [2025-11-05T11:13:56.568Z] GET /api/count/webview
[2025-11-05T11:13:56.571Z] [32MINFO[39M: 📥 [2025-11-05T11:13:56.571Z] GET /api/businesses?isVerified=true&categoryslug=clothing
[2025-11-05T11:15:07.823Z] [32MINFO[39M: 📥 [2025-11-05T11:15:07.823Z] GET /api/count/webview
[2025-11-05T11:15:07.825Z] [32MINFO[39M: 📥 [2025-11-05T11:15:07.825Z] GET /api/businesses?isVerified=true&categoryslug=clothing
[2025-11-05T11:15:07.835Z] [32MINFO[39M: 📥 [2025-11-05T11:15:07.835Z] GET /api/count/webview
[2025-11-05T11:15:07.841Z] [32MINFO[39M: 📥 [2025-11-05T11:15:07.841Z] GET /api/businesses?isVerified=true&categoryslug=clothing
[2025-11-05T11:15:11.297Z] [32MINFO[39M: 📥 [2025-11-05T11:15:11.297Z] GET /api/businesses?subcategory=ethnic-wear
[2025-11-05T11:15:11.400Z] [32MINFO[39M: 📥 [2025-11-05T11:15:11.400Z] GET /api/businesses?subcategory=ethnic-wear
[2025-11-05T11:17:31.904Z] [32MINFO[39M: 📥 [2025-11-05T11:17:31.904Z] GET /api/businesses?isVerified=true&categoryslug=clothing
[2025-11-05T11:17:31.911Z] [32MINFO[39M: 📥 [2025-11-05T11:17:31.911Z] GET /api/businesses?isVerified=true&categoryslug=clothing
[2025-11-05T11:17:34.429Z] [32MINFO[39M: 📥 [2025-11-05T11:17:34.429Z] GET /api/businesses?category=clothing&subcategory=womens-wear
[2025-11-05T11:17:34.683Z] [32MINFO[39M: 📥 [2025-11-05T11:17:34.683Z] GET /api/businesses?category=clothing&subcategory=womens-wear
[2025-11-05T11:17:51.565Z] [32MINFO[39M: 📥 [2025-11-05T11:17:51.565Z] GET /api/businesses?isVerified=true&categoryslug=clothing
[2025-11-05T11:17:51.873Z] [32MINFO[39M: 📥 [2025-11-05T11:17:51.873Z] GET /api/businesses?isVerified=true&categoryslug=clothing
[2025-11-05T11:17:53.815Z] [32MINFO[39M: 📥 [2025-11-05T11:17:53.815Z] GET /api/businesses?isVerified=true&categoryslug=clothing
[2025-11-05T11:17:53.816Z] [32MINFO[39M: 📥 [2025-11-05T11:17:53.816Z] GET /api/count/webview
[2025-11-05T11:17:53.829Z] [32MINFO[39M: 📥 [2025-11-05T11:17:53.829Z] GET /api/count/webview
[2025-11-05T11:17:53.835Z] [32MINFO[39M: 📥 [2025-11-05T11:17:53.835Z] GET /api/businesses?isVerified=true&categoryslug=clothing
[2025-11-05T11:18:42.273Z] [32MINFO[39M: 📥 [2025-11-05T11:18:42.273Z] GET /api/businesses?category=clothing&subcategory=womens-wear
[2025-11-05T11:18:42.499Z] [32MINFO[39M: 📥 [2025-11-05T11:18:42.499Z] GET /api/businesses?category=clothing&subcategory=womens-wear
[2025-11-05T11:23:38.855Z] [32MINFO[39M: 📥 [2025-11-05T11:23:38.855Z] GET /api/businesses?category=clothing&subcategory=womens-wear
[2025-11-05T11:23:51.890Z] [32MINFO[39M: 📥 [2025-11-05T11:23:51.890Z] GET /api/businesses?category=clothing&subcategory=womens-wear
[2025-11-05T11:23:51.891Z] [32MINFO[39M: 📥 [2025-11-05T11:23:51.891Z] GET /api/count/webview
[2025-11-05T11:23:51.955Z] [32MINFO[39M: 📥 [2025-11-05T11:23:51.955Z] GET /api/count/webview
[2025-11-05T11:23:51.956Z] [32MINFO[39M: 📥 [2025-11-05T11:23:51.956Z] GET /api/businesses?category=clothing&subcategory=womens-wear
[2025-11-05T11:23:52.534Z] [32MINFO[39M: 📥 [2025-11-05T11:23:52.534Z] GET /api/businesses?isVerified=true&categoryslug=clothing
[2025-11-05T11:23:52.535Z] [32MINFO[39M: 📥 [2025-11-05T11:23:52.535Z] GET /api/count/webview
[2025-11-05T11:23:52.541Z] [32MINFO[39M: 📥 [2025-11-05T11:23:52.541Z] GET /api/businesses?isVerified=true&categoryslug=clothing
[2025-11-05T11:23:52.543Z] [32MINFO[39M: 📥 [2025-11-05T11:23:52.543Z] GET /api/count/webview
[2025-11-05T11:23:55.394Z] [32MINFO[39M: 📥 [2025-11-05T11:23:55.394Z] GET /api/businesses?isVerified=true&categoryslug=clothing
[2025-11-05T11:23:55.480Z] [32MINFO[39M: 📥 [2025-11-05T11:23:55.480Z] GET /api/businesses?isVerified=true&categoryslug=clothing
[2025-11-05T11:23:59.893Z] [32MINFO[39M: 📥 [2025-11-05T11:23:59.893Z] GET /api/businesses?category=clothing&subcategory=mens-wear
[2025-11-05T11:24:00.209Z] [32MINFO[39M: 📥 [2025-11-05T11:24:00.209Z] GET /api/businesses?category=clothing&subcategory=mens-wear
[2025-11-05T11:24:35.539Z] [32MINFO[39M: 📥 [2025-11-05T11:24:35.539Z] GET /api/categories
[2025-11-05T11:24:35.549Z] [32MINFO[39M: 📥 [2025-11-05T11:24:35.549Z] GET /api/categories
[2025-11-05T11:24:39.143Z] [32MINFO[39M: 📥 [2025-11-05T11:24:39.143Z] GET /api/count/webview
[2025-11-05T11:24:39.149Z] [32MINFO[39M: 📥 [2025-11-05T11:24:39.149Z] GET /api/categories
[2025-11-05T11:24:39.150Z] [32MINFO[39M: 📥 [2025-11-05T11:24:39.150Z] GET /api/count/webview
[2025-11-05T11:24:39.169Z] [32MINFO[39M: 📥 [2025-11-05T11:24:39.169Z] GET /api/categories
[2025-11-05T11:26:49.803Z] [32MINFO[39M: 📥 [2025-11-05T11:26:49.803Z] GET /api/businesses?isVerified=true&categoryslug=bulk-sms-services
[2025-11-05T11:26:49.813Z] [32MINFO[39M: 📥 [2025-11-05T11:26:49.813Z] GET /api/businesses?isVerified=true&categoryslug=bulk-sms-services
[2025-11-05T11:29:41.342Z] [32MINFO[39M: 📥 [2025-11-05T11:29:41.342Z] GET /api/categories
[2025-11-05T11:29:41.344Z] [32MINFO[39M: 📥 [2025-11-05T11:29:41.344Z] GET /api/businesses&categoryslug=bulk-sms-services
[2025-11-05T11:29:41.482Z] [32MINFO[39M: 📥 [2025-11-05T11:29:41.482Z] GET /api/businesses&categoryslug=bulk-sms-services
[2025-11-05T11:29:44.476Z] [32MINFO[39M: 📥 [2025-11-05T11:29:44.476Z] GET /api/categories
[2025-11-05T11:29:44.684Z] [32MINFO[39M: 📥 [2025-11-05T11:29:44.684Z] GET /api/categories
[2025-11-05T11:29:48.147Z] [32MINFO[39M: 📥 [2025-11-05T11:29:48.147Z] GET /api/count/webview
[2025-11-05T11:29:48.162Z] [32MINFO[39M: 📥 [2025-11-05T11:29:48.162Z] GET /api/count/webview
[2025-11-05T11:29:48.164Z] [32MINFO[39M: 📥 [2025-11-05T11:29:48.164Z] GET /api/categories
[2025-11-05T11:29:48.186Z] [32MINFO[39M: 📥 [2025-11-05T11:29:48.186Z] GET /api/categories
[2025-11-05T11:29:53.360Z] [32MINFO[39M: 📥 [2025-11-05T11:29:53.360Z] GET /api/businesses&categoryslug=rainy-needs
[2025-11-05T11:29:53.367Z] [32MINFO[39M: 📥 [2025-11-05T11:29:53.367Z] GET /api/businesses&categoryslug=rainy-needs
[2025-11-05T11:30:13.579Z] [32MINFO[39M: 📥 [2025-11-05T11:30:13.579Z] GET /api/businesses?category=rainy-needs&subcategory=tadpatri
[2025-11-05T11:30:13.595Z] [32MINFO[39M: 📥 [2025-11-05T11:30:13.595Z] GET /api/businesses?category=rainy-needs&subcategory=tadpatri
[2025-11-05T11:30:26.634Z] [32MINFO[39M: 📥 [2025-11-05T11:30:26.634Z] GET /api/businesses&categoryslug=rainy-needs
[2025-11-05T11:30:26.643Z] [32MINFO[39M: 📥 [2025-11-05T11:30:26.643Z] GET /api/businesses&categoryslug=rainy-needs
[2025-11-05T11:33:03.713Z] [32MINFO[39M: 📥 [2025-11-05T11:33:03.712Z] GET /api/categories
[2025-11-05T11:33:03.763Z] [32MINFO[39M: 📥 [2025-11-05T11:33:03.763Z] GET /api/businesses?isVerified=true&categoryslug=rainy-needs
[2025-11-05T11:33:03.851Z] [32MINFO[39M: 📥 [2025-11-05T11:33:03.851Z] GET /api/businesses?isVerified=true&categoryslug=rainy-needs
[2025-11-05T11:33:33.164Z] [32MINFO[39M: 📥 [2025-11-05T11:33:33.164Z] GET /api/categories
[2025-11-05T11:33:33.425Z] [32MINFO[39M: 📥 [2025-11-05T11:33:33.425Z] GET /api/businesses?category=undefined&subcategory=undefined
[2025-11-05T11:33:33.528Z] [32MINFO[39M: 📥 [2025-11-05T11:33:33.528Z] GET /api/businesses?category=undefined&subcategory=undefined
[2025-11-05T11:33:40.145Z] [32MINFO[39M: 📥 [2025-11-05T11:33:40.145Z] GET /api/categories
[2025-11-05T11:33:40.238Z] [32MINFO[39M: 📥 [2025-11-05T11:33:40.238Z] GET /api/businesses?isVerified=true&categoryslug=rainy-needs
[2025-11-05T11:33:40.314Z] [32MINFO[39M: 📥 [2025-11-05T11:33:40.313Z] GET /api/businesses?isVerified=true&categoryslug=rainy-needs
[2025-11-05T11:33:43.869Z] [32MINFO[39M: 📥 [2025-11-05T11:33:43.868Z] GET /api/categories
[2025-11-05T11:33:43.920Z] [32MINFO[39M: 📥 [2025-11-05T11:33:43.920Z] GET /api/businesses?category=undefined&subcategory=undefined
[2025-11-05T11:33:44.147Z] [32MINFO[39M: 📥 [2025-11-05T11:33:44.147Z] GET /api/businesses?category=undefined&subcategory=undefined
[2025-11-05T11:33:47.630Z] [32MINFO[39M: 📥 [2025-11-05T11:33:47.630Z] GET /api/categories
[2025-11-05T11:33:47.705Z] [32MINFO[39M: 📥 [2025-11-05T11:33:47.705Z] GET /api/businesses?category=undefined&subcategory=undefined
[2025-11-05T11:33:47.733Z] [32MINFO[39M: 📥 [2025-11-05T11:33:47.733Z] GET /api/businesses?category=undefined&subcategory=undefined
[2025-11-05T11:34:37.696Z] [32MINFO[39M: 📥 [2025-11-05T11:34:37.696Z] GET /api/categories
[2025-11-05T11:34:37.697Z] [32MINFO[39M: 📥 [2025-11-05T11:34:37.697Z] GET /api/businesses?category=undefined&subcategory=undefined
[2025-11-05T11:34:38.016Z] [32MINFO[39M: 📥 [2025-11-05T11:34:38.016Z] GET /api/businesses?category=undefined&subcategory=undefined
[2025-11-05T11:37:02.688Z] [32MINFO[39M: 📥 [2025-11-05T11:37:02.688Z] GET /api/count/webview
[2025-11-05T11:37:02.691Z] [32MINFO[39M: 📥 [2025-11-05T11:37:02.691Z] GET /api/businesses?category=undefined&subcategory=undefined
[2025-11-05T11:37:02.805Z] [32MINFO[39M: 📥 [2025-11-05T11:37:02.805Z] GET /api/count/webview
[2025-11-05T11:37:02.809Z] [32MINFO[39M: 📥 [2025-11-05T11:37:02.809Z] GET /api/businesses?category=undefined&subcategory=undefined
[2025-11-05T11:40:49.250Z] [32MINFO[39M: 📥 [2025-11-05T11:40:49.250Z] GET /api/count/webview
[2025-11-05T11:40:49.252Z] [32MINFO[39M: 📥 [2025-11-05T11:40:49.252Z] GET /api/businesses?category=rainy-needs&subcategory=tadpatri
[2025-11-05T11:40:49.285Z] [32MINFO[39M: 📥 [2025-11-05T11:40:49.285Z] GET /api/count/webview
[2025-11-05T11:40:49.286Z] [32MINFO[39M: 📥 [2025-11-05T11:40:49.286Z] GET /api/businesses?category=rainy-needs&subcategory=tadpatri
[2025-11-05T11:40:52.124Z] [32MINFO[39M: 📥 [2025-11-05T11:40:52.124Z] GET /api/businesses?category=undefined&subcategory=undefined
[2025-11-05T11:40:52.146Z] [32MINFO[39M: 📥 [2025-11-05T11:40:52.146Z] GET /api/businesses?category=undefined&subcategory=undefined
[2025-11-05T11:41:16.285Z] [32MINFO[39M: 📥 [2025-11-05T11:41:16.284Z] GET /api/businesses?category=rainy-needs&subcategory=tadpatri
[2025-11-05T11:41:16.307Z] [32MINFO[39M: 📥 [2025-11-05T11:41:16.307Z] GET /api/businesses?category=rainy-needs&subcategory=tadpatri
[2025-11-05T11:41:18.259Z] [32MINFO[39M: 📥 [2025-11-05T11:41:18.259Z] GET /api/businesses?category=undefined&subcategory=undefined
[2025-11-05T11:41:18.267Z] [32MINFO[39M: 📥 [2025-11-05T11:41:18.267Z] GET /api/businesses?category=undefined&subcategory=undefined
[2025-11-05T11:41:26.440Z] [32MINFO[39M: 📥 [2025-11-05T11:41:26.440Z] GET /api/businesses?category=rainy-needs&subcategory=tadpatri
[2025-11-05T11:41:26.645Z] [32MINFO[39M: 📥 [2025-11-05T11:41:26.645Z] GET /api/businesses?category=rainy-needs&subcategory=tadpatri
[2025-11-05T11:41:33.134Z] [32MINFO[39M: 📥 [2025-11-05T11:41:33.134Z] GET /api/businesses?category=undefined&subcategory=undefined
[2025-11-05T11:41:33.381Z] [32MINFO[39M: 📥 [2025-11-05T11:41:33.381Z] GET /api/businesses?category=undefined&subcategory=undefined
[2025-11-05T11:42:27.502Z] [32MINFO[39M: 📥 [2025-11-05T11:42:27.502Z] GET /api/count/webview
[2025-11-05T11:42:27.503Z] [32MINFO[39M: 📥 [2025-11-05T11:42:27.503Z] GET /api/businesses?category=undefined&subcategory=undefined
[2025-11-05T11:42:27.514Z] [32MINFO[39M: 📥 [2025-11-05T11:42:27.514Z] GET /api/count/webview
[2025-11-05T11:42:27.515Z] [32MINFO[39M: 📥 [2025-11-05T11:42:27.515Z] GET /api/businesses?category=undefined&subcategory=undefined
[2025-11-05T11:47:33.768Z] [32MINFO[39M: 📥 [2025-11-05T11:47:33.768Z] GET /api/count/webview
[2025-11-05T11:47:33.770Z] [32MINFO[39M: 📥 [2025-11-05T11:47:33.770Z] GET /api/businesses?category=rainy-needs&subcategory=tadpatri
[2025-11-05T11:47:33.777Z] [32MINFO[39M: 📥 [2025-11-05T11:47:33.777Z] GET /api/businesses?category=rainy-needs&subcategory=tadpatri
[2025-11-05T11:47:33.779Z] [32MINFO[39M: 📥 [2025-11-05T11:47:33.779Z] GET /api/count/webview
[2025-11-05T11:47:36.869Z] [32MINFO[39M: 📥 [2025-11-05T11:47:36.869Z] GET /api/businesses?category=undefined&subcategory=undefined
[2025-11-05T11:47:36.877Z] [32MINFO[39M: 📥 [2025-11-05T11:47:36.877Z] GET /api/businesses?category=undefined&subcategory=undefined
[2025-11-05T11:47:38.769Z] [32MINFO[39M: 📥 [2025-11-05T11:47:38.769Z] GET /api/businesses?category=rainy-needs&subcategory=raincoat-umbrella
[2025-11-05T11:47:38.778Z] [32MINFO[39M: 📥 [2025-11-05T11:47:38.778Z] GET /api/businesses?category=rainy-needs&subcategory=raincoat-umbrella
[2025-11-05T11:53:11.839Z] [32MINFO[39M: 📥 [2025-11-05T11:53:11.839Z] GET /api/businesses?category=rainy-needs&subcategory=raincoat-umbrella
[2025-11-05T11:53:21.849Z] [32MINFO[39M: 📥 [2025-11-05T11:53:21.849Z] GET /api/businesses?category=rainy-needs&subcategory=raincoat-umbrella
[2025-11-05T11:53:24.299Z] [32MINFO[39M: 📥 [2025-11-05T11:53:24.299Z] GET /api/businesses?category=undefined&subcategory=undefined
[2025-11-05T11:53:24.306Z] [32MINFO[39M: 📥 [2025-11-05T11:53:24.306Z] GET /api/businesses?category=undefined&subcategory=undefined
[2025-11-05T11:53:25.326Z] [32MINFO[39M: 📥 [2025-11-05T11:53:25.326Z] GET /api/categories
[2025-11-05T11:53:26.000Z] [32MINFO[39M: 📥 [2025-11-05T11:53:26.000Z] GET /api/categories
[2025-11-05T11:53:27.511Z] [32MINFO[39M: 📥 [2025-11-05T11:53:27.511Z] GET /api/categories
[2025-11-05T11:53:27.512Z] [32MINFO[39M: 📥 [2025-11-05T11:53:27.512Z] GET /api/count/webview
[2025-11-05T11:53:27.640Z] [32MINFO[39M: 📥 [2025-11-05T11:53:27.640Z] GET /api/count/webview
[2025-11-05T11:53:27.641Z] [32MINFO[39M: 📥 [2025-11-05T11:53:27.641Z] GET /api/categories
[2025-11-05T11:53:41.210Z] [32MINFO[39M: 📥 [2025-11-05T11:53:41.210Z] GET /api/businesses?category=undefined&subcategory=undefined
[2025-11-05T11:53:41.223Z] [32MINFO[39M: 📥 [2025-11-05T11:53:41.223Z] GET /api/businesses?category=undefined&subcategory=undefined
[2025-11-05T11:53:43.955Z] [32MINFO[39M: 📥 [2025-11-05T11:53:43.955Z] GET /api/businesses?category=clothing&subcategory=womens-wear
[2025-11-05T11:53:43.965Z] [32MINFO[39M: 📥 [2025-11-05T11:53:43.965Z] GET /api/businesses?category=clothing&subcategory=womens-wear
[2025-11-05T11:54:18.258Z] [32MINFO[39M: 📥 [2025-11-05T11:54:18.258Z] GET /api/business?category=clothing&subcategory=womens-wear
[2025-11-05T11:54:51.993Z] [32MINFO[39M: 📥 [2025-11-05T11:54:51.992Z] GET /api/count/webview
[2025-11-05T11:54:51.994Z] [32MINFO[39M: 📥 [2025-11-05T11:54:51.994Z] GET /api/business?category=clothing&subcategory=womens-wear
[2025-11-05T11:54:52.012Z] [32MINFO[39M: 📥 [2025-11-05T11:54:52.012Z] GET /api/count/webview
[2025-11-05T11:54:52.018Z] [32MINFO[39M: 📥 [2025-11-05T11:54:52.018Z] GET /api/business?category=clothing&subcategory=womens-wear
[2025-11-05T11:54:55.302Z] [32MINFO[39M: 📥 [2025-11-05T11:54:55.302Z] GET /api/business?category=undefined&subcategory=undefined
[2025-11-05T11:54:55.342Z] [32MINFO[39M: 📥 [2025-11-05T11:54:55.342Z] GET /api/business?category=undefined&subcategory=undefined
[2025-11-05T11:55:00.111Z] [32MINFO[39M: 📥 [2025-11-05T11:55:00.111Z] GET /api/business?category=clothing&subcategory=ethnic-wear
[2025-11-05T11:55:00.126Z] [32MINFO[39M: 📥 [2025-11-05T11:55:00.126Z] GET /api/business?category=clothing&subcategory=ethnic-wear
[2025-11-05T11:56:05.526Z] [32MINFO[39M: 📥 [2025-11-05T11:56:05.526Z] GET /api/undefined?category=clothing&subcategory=ethnic-wear
[2025-11-05T11:56:20.838Z] [32MINFO[39M: 📥 [2025-11-05T11:56:20.837Z] GET /api/undefined?category=clothing&subcategory=ethnic-wear
[2025-11-05T11:56:21.966Z] [32MINFO[39M: 📥 [2025-11-05T11:56:21.966Z] GET /api/business?category=clothing&subcategory=ethnic-wear
[2025-11-05T11:56:33.639Z] [32MINFO[39M: 📥 [2025-11-05T11:56:33.639Z] GET /api/count/webview
[2025-11-05T11:56:33.640Z] [32MINFO[39M: 📥 [2025-11-05T11:56:33.640Z] GET /api/business?category=clothing&subcategory=ethnic-wear
[2025-11-05T11:56:33.642Z] [32MINFO[39M: 📥 [2025-11-05T11:56:33.642Z] GET /api/count/webview
[2025-11-05T11:56:33.643Z] [32MINFO[39M: 📥 [2025-11-05T11:56:33.643Z] GET /api/business?category=clothing&subcategory=ethnic-wear
[2025-11-05T11:56:40.185Z] [32MINFO[39M: 📥 [2025-11-05T11:56:40.185Z] GET /api/business?category=undefined&subcategory=undefined
[2025-11-05T11:56:40.201Z] [32MINFO[39M: 📥 [2025-11-05T11:56:40.201Z] GET /api/business?category=undefined&subcategory=undefined
[2025-11-05T11:56:41.804Z] [32MINFO[39M: 📥 [2025-11-05T11:56:41.804Z] GET /api/business?category=clothing&subcategory=mens-wear
[2025-11-05T11:56:41.815Z] [32MINFO[39M: 📥 [2025-11-05T11:56:41.815Z] GET /api/business?category=clothing&subcategory=mens-wear
[2025-11-05T11:58:01.666Z] [32MINFO[39M: 📥 [2025-11-05T11:58:01.666Z] GET /api/business?category=clothing&subcategory=mens-wear
[2025-11-05T11:58:07.989Z] [32MINFO[39M: 📥 [2025-11-05T11:58:07.989Z] GET /api/business?category=clothing&subcategory=mens-wear
[2025-11-05T11:58:10.351Z] [32MINFO[39M: 📥 [2025-11-05T11:58:10.351Z] GET /api/count/webview
[2025-11-05T11:58:10.437Z] [32MINFO[39M: 📥 [2025-11-05T11:58:10.437Z] GET /api/count/webview
[2025-11-05T11:58:10.438Z] [32MINFO[39M: 📥 [2025-11-05T11:58:10.438Z] GET /api/business?category=clothing&subcategory=mens-wear
[2025-11-05T11:58:10.486Z] [32MINFO[39M: 📥 [2025-11-05T11:58:10.486Z] GET /api/business?category=clothing&subcategory=mens-wear
[2025-11-05T11:58:18.863Z] [32MINFO[39M: 📥 [2025-11-05T11:58:18.863Z] GET /api/count/webview
[2025-11-05T11:58:18.864Z] [32MINFO[39M: 📥 [2025-11-05T11:58:18.864Z] GET /api/business?category=clothing&subcategory=mens-wear
[2025-11-05T11:58:19.096Z] [32MINFO[39M: 📥 [2025-11-05T11:58:19.096Z] GET /api/count/webview
[2025-11-05T11:58:19.106Z] [32MINFO[39M: 📥 [2025-11-05T11:58:19.106Z] GET /api/business?category=clothing&subcategory=mens-wear
[2025-11-05T12:01:15.487Z] [32MINFO[39M: 📥 [2025-11-05T12:01:15.487Z] GET /api/business?category=clothing&subcategory=mens-wear
[2025-11-05T12:03:20.816Z] [32MINFO[39M: 📥 [2025-11-05T12:03:20.816Z] GET /api/business?category=clothing&subcategory=mens-wear
[2025-11-05T12:03:28.901Z] [32MINFO[39M: 📥 [2025-11-05T12:03:28.901Z] GET /api/business?category=clothing&subcategory=mens-wear
[2025-11-05T12:03:34.515Z] [32MINFO[39M: 📥 [2025-11-05T12:03:34.515Z] GET /api/count/webview
[2025-11-05T12:03:34.516Z] [32MINFO[39M: 📥 [2025-11-05T12:03:34.516Z] GET /api/categories
[2025-11-05T12:03:34.526Z] [32MINFO[39M: 📥 [2025-11-05T12:03:34.526Z] GET /api/count/webview
[2025-11-05T12:03:34.532Z] [32MINFO[39M: 📥 [2025-11-05T12:03:34.532Z] GET /api/categories
[2025-11-05T12:03:39.323Z] [32MINFO[39M: 📥 [2025-11-05T12:03:39.323Z] GET /api/business?category=undefined&subcategory=undefined
[2025-11-05T12:03:39.557Z] [32MINFO[39M: 📥 [2025-11-05T12:03:39.557Z] GET /api/business?category=undefined&subcategory=undefined
[2025-11-05T12:03:45.225Z] [32MINFO[39M: 📥 [2025-11-05T12:03:45.224Z] GET /api/business?category=foods&subcategory=snack-corners
[2025-11-05T12:03:45.539Z] [32MINFO[39M: 📥 [2025-11-05T12:03:45.539Z] GET /api/business?category=foods&subcategory=snack-corners
[2025-11-05T12:05:18.245Z] [32MINFO[39M: 📥 [2025-11-05T12:05:18.245Z] GET /api/businesses//business?category=foods&subcategory=snack-corners
[2025-11-05T12:05:20.044Z] [32MINFO[39M: 📥 [2025-11-05T12:05:20.044Z] GET /api/businesses//business?category=undefined&subcategory=undefined
[2025-11-05T12:05:20.051Z] [32MINFO[39M: 📥 [2025-11-05T12:05:20.051Z] GET /api/businesses//business?category=undefined&subcategory=undefined
[2025-11-05T12:05:22.993Z] [32MINFO[39M: 📥 [2025-11-05T12:05:22.993Z] GET /api/count/webview
[2025-11-05T12:05:22.994Z] [32MINFO[39M: 📥 [2025-11-05T12:05:22.994Z] GET /api/businesses//business?category=undefined&subcategory=undefined
[2025-11-05T12:05:23.004Z] [32MINFO[39M: 📥 [2025-11-05T12:05:23.004Z] GET /api/count/webview
[2025-11-05T12:05:23.005Z] [32MINFO[39M: 📥 [2025-11-05T12:05:23.005Z] GET /api/businesses//business?category=undefined&subcategory=undefined
[2025-11-05T12:05:25.038Z] [32MINFO[39M: 📥 [2025-11-05T12:05:25.038Z] GET /api/businesses//business?category=foods&subcategory=tiffin-services
[2025-11-05T12:05:25.054Z] [32MINFO[39M: 📥 [2025-11-05T12:05:25.054Z] GET /api/businesses//business?category=foods&subcategory=tiffin-services
[2025-11-05T12:08:20.891Z] [32MINFO[39M: 📥 [2025-11-05T12:08:20.891Z] GET /api/undefined?category=foods&subcategory=tiffin-services
[2025-11-05T12:12:06.586Z] [32MINFO[39M: 📥 [2025-11-05T12:12:06.586Z] GET /api/count/webview
[2025-11-05T12:12:06.595Z] [32MINFO[39M: 📥 [2025-11-05T12:12:06.595Z] GET /api/count/webview
[2025-11-05T12:14:07.915Z] [32MINFO[39M: 📥 [2025-11-05T12:14:07.915Z] GET /api/api//business?category=foods&subcategory=cafes
[2025-11-05T12:14:40.179Z] [32MINFO[39M: 📥 [2025-11-05T12:14:40.179Z] GET /api/businesses//business?category=foods&subcategory=cafes
[2025-11-05T12:16:37.427Z] [32MINFO[39M:  Server running on port  http://localhost:5004
[2025-11-05T12:16:37.448Z] [32MINFO[39M: MySQL Database Connected
[2025-11-05T12:16:44.497Z] [32MINFO[39M: 📥 [2025-11-05T12:16:44.497Z] GET /api/count/webview
[2025-11-05T12:16:44.523Z] [32MINFO[39M: 📥 [2025-11-05T12:16:44.523Z] GET /api/categories
[2025-11-05T12:16:44.525Z] [32MINFO[39M: 📥 [2025-11-05T12:16:44.525Z] GET /api/count/webview
[2025-11-05T12:16:44.542Z] [32MINFO[39M: 📥 [2025-11-05T12:16:44.542Z] GET /api/categories
[2025-11-05T12:17:07.543Z] [32MINFO[39M: 📥 [2025-11-05T12:17:07.543Z] GET /api/businesses//business?category=undefined&subcategory=undefined
[2025-11-05T12:17:07.554Z] [32MINFO[39M: 📥 [2025-11-05T12:17:07.554Z] GET /api/businesses//business?category=undefined&subcategory=undefined
[2025-11-05T12:17:09.690Z] [32MINFO[39M: 📥 [2025-11-05T12:17:09.690Z] GET /api/businesses//business?category=jewellery-stores&subcategory=diamond-stores
[2025-11-05T12:17:09.707Z] [32MINFO[39M: 📥 [2025-11-05T12:17:09.706Z] GET /api/businesses//business?category=jewellery-stores&subcategory=diamond-stores
[2025-11-05T12:18:25.799Z] [32MINFO[39M: 📥 [2025-11-05T12:18:25.799Z] GET /api/businesses//business?category=jewellery-stores&subcategory=diamond-stores
[2025-11-05T12:18:28.647Z] [32MINFO[39M: 📥 [2025-11-05T12:18:28.647Z] GET /api/businesses//business?category=undefined&subcategory=undefined
[2025-11-05T12:18:28.780Z] [32MINFO[39M: 📥 [2025-11-05T12:18:28.780Z] GET /api/businesses//business?category=undefined&subcategory=undefined
[2025-11-05T12:18:30.467Z] [32MINFO[39M: 📥 [2025-11-05T12:18:30.467Z] GET /api/businesses//business?category=jewellery-stores&subcategory=gold-jewellers
[2025-11-05T12:18:30.758Z] [32MINFO[39M: 📥 [2025-11-05T12:18:30.758Z] GET /api/businesses//business?category=jewellery-stores&subcategory=gold-jewellers
[2025-11-05T12:18:45.992Z] [32MINFO[39M: 📥 [2025-11-05T12:18:45.992Z] GET /api/businesses/business?category=jewellery-stores&subcategory=gold-jewellers
[2025-11-05T12:18:51.318Z] [32MINFO[39M: 📥 [2025-11-05T12:18:51.318Z] GET /api/businesses/business?category=jewellery-stores&subcategory=gold-jewellers
[2025-11-05T12:18:51.320Z] [32MINFO[39M: 📥 [2025-11-05T12:18:51.320Z] GET /api/count/webview
[2025-11-05T12:18:51.335Z] [32MINFO[39M: 📥 [2025-11-05T12:18:51.335Z] GET /api/count/webview
[2025-11-05T12:18:51.336Z] [32MINFO[39M: 📥 [2025-11-05T12:18:51.336Z] GET /api/businesses/business?category=jewellery-stores&subcategory=gold-jewellers
[2025-11-05T12:18:59.097Z] [32MINFO[39M: 📥 [2025-11-05T12:18:59.097Z] GET /api/businesses/business?category=undefined&subcategory=undefined
[2025-11-05T12:18:59.121Z] [32MINFO[39M: 📥 [2025-11-05T12:18:59.121Z] GET /api/businesses/business?category=undefined&subcategory=undefined
[2025-11-05T12:19:05.600Z] [32MINFO[39M: 📥 [2025-11-05T12:19:05.600Z] GET /api/businesses/business?category=jewellery-stores&subcategory=gold-jewellers
[2025-11-05T12:19:05.786Z] [32MINFO[39M: 📥 [2025-11-05T12:19:05.786Z] GET /api/businesses/business?category=jewellery-stores&subcategory=gold-jewellers
[2025-11-05T12:21:47.556Z] [32MINFO[39M: 📥 [2025-11-05T12:21:47.556Z] GET /api/business?category=jewellery-stores&subcategory=gold-jewellers
[2025-11-05T12:22:00.674Z] [32MINFO[39M: 📥 [2025-11-05T12:22:00.674Z] GET /api/count/webview
[2025-11-05T12:22:00.676Z] [32MINFO[39M: 📥 [2025-11-05T12:22:00.676Z] GET /api/categories
[2025-11-05T12:22:00.688Z] [32MINFO[39M: 📥 [2025-11-05T12:22:00.688Z] GET /api/count/webview
[2025-11-05T12:22:00.698Z] [32MINFO[39M: 📥 [2025-11-05T12:22:00.698Z] GET /api/categories
[2025-11-05T12:22:04.560Z] [32MINFO[39M: 📥 [2025-11-05T12:22:04.560Z] GET /api/business?category=undefined&subcategory=undefined
[2025-11-05T12:22:04.771Z] [32MINFO[39M: 📥 [2025-11-05T12:22:04.771Z] GET /api/business?category=undefined&subcategory=undefined
[2025-11-05T12:22:07.628Z] [32MINFO[39M: 📥 [2025-11-05T12:22:07.628Z] GET /api/business?category=laundry-dry-cleanings&subcategory=dry-cleaning
[2025-11-05T12:22:07.636Z] [32MINFO[39M: 📥 [2025-11-05T12:22:07.636Z] GET /api/business?category=laundry-dry-cleanings&subcategory=dry-cleaning
[2025-11-05T12:24:23.458Z] [32MINFO[39M: 📥 [2025-11-05T12:24:23.458Z] GET /api/business?category=undefined&subcategory=undefined
[2025-11-05T12:24:23.757Z] [32MINFO[39M: 📥 [2025-11-05T12:24:23.757Z] GET /api/business?category=undefined&subcategory=undefined
[2025-11-05T12:24:30.435Z] [32MINFO[39M: 📥 [2025-11-05T12:24:30.435Z] GET /api/categories
[2025-11-05T12:24:30.600Z] [32MINFO[39M: 📥 [2025-11-05T12:24:30.600Z] GET /api/categories
[2025-11-05T12:24:33.653Z] [32MINFO[39M: 📥 [2025-11-05T12:24:33.653Z] GET /api/business?category=undefined&subcategory=undefined
[2025-11-05T12:24:34.000Z] [32MINFO[39M: 📥 [2025-11-05T12:24:34.000Z] GET /api/business?category=undefined&subcategory=undefined
[2025-11-05T12:24:37.296Z] [32MINFO[39M: 📥 [2025-11-05T12:24:37.296Z] GET /api/business?category=babies&subcategory=diaper-house
[2025-11-05T12:24:37.476Z] [32MINFO[39M: 📥 [2025-11-05T12:24:37.476Z] GET /api/business?category=babies&subcategory=diaper-house
[2025-11-05T12:25:51.054Z] [32MINFO[39M: 📥 [2025-11-05T12:25:51.054Z] GET /api/count/webview
[2025-11-05T12:25:51.057Z] [32MINFO[39M: 📥 [2025-11-05T12:25:51.057Z] GET /api/business?category=babies&subcategory=diaper-house
[2025-11-05T12:25:51.067Z] [32MINFO[39M: 📥 [2025-11-05T12:25:51.067Z] GET /api/count/webview
[2025-11-05T12:25:51.070Z] [32MINFO[39M: 📥 [2025-11-05T12:25:51.070Z] GET /api/business?category=babies&subcategory=diaper-house
[2025-11-05T12:26:10.000Z] [32MINFO[39M: 📥 [2025-11-05T12:26:10.000Z] GET /api/business?category=undefined&subcategory=undefined
[2025-11-05T12:26:10.380Z] [32MINFO[39M: 📥 [2025-11-05T12:26:10.380Z] GET /api/business?category=undefined&subcategory=undefined
[2025-11-05T12:34:20.052Z] [32MINFO[39M: 📥 [2025-11-05T12:34:20.052Z] GET /api/categories
[2025-11-05T12:44:46.219Z] [32MINFO[39M: 📥 [2025-11-05T12:44:46.219Z] GET /api/business?category=babies&subcategory=kids-wear
[2025-11-05T12:44:46.285Z] [32MINFO[39M: 📥 [2025-11-05T12:44:46.285Z] GET /api/business?category=babies&subcategory=kids-wear
[2025-11-05T12:46:48.297Z] [32MINFO[39M: 📥 [2025-11-05T12:46:48.297Z] GET /api/count/webview
[2025-11-05T12:46:48.640Z] [32MINFO[39M: 📥 [2025-11-05T12:46:48.640Z] GET /api/count/webview
[2025-11-05T12:46:59.434Z] [32MINFO[39M: 📥 [2025-11-05T12:46:59.434Z] GET /api/business?category=babies&subcategory=kids-wear
[2025-11-05T12:46:59.450Z] [32MINFO[39M: 📥 [2025-11-05T12:46:59.450Z] GET /api/business?category=babies&subcategory=kids-wear
[2025-11-05T12:49:37.748Z] [32MINFO[39M: 📥 [2025-11-05T12:49:37.748Z] GET /api/categories
[2025-11-05T12:49:37.760Z] [32MINFO[39M: 📥 [2025-11-05T12:49:37.760Z] GET /api/categories
[2025-11-05T12:49:50.393Z] [32MINFO[39M: 📥 [2025-11-05T12:49:50.393Z] GET /api/categories
[2025-11-05T12:49:50.404Z] [32MINFO[39M: 📥 [2025-11-05T12:49:50.404Z] GET /api/categories
[2025-11-05T12:49:54.213Z] [32MINFO[39M: 📥 [2025-11-05T12:49:54.213Z] GET /api/business?category=foods&subcategory=bakeries
[2025-11-05T12:49:54.367Z] [32MINFO[39M: 📥 [2025-11-05T12:49:54.367Z] GET /api/business?category=foods&subcategory=bakeries
[2025-11-05T12:51:55.008Z] [32MINFO[39M: 📥 [2025-11-05T12:51:55.008Z] GET /api/count/webview
[2025-11-05T12:51:55.017Z] [32MINFO[39M: 📥 [2025-11-05T12:51:55.017Z] GET /api/count/webview
[2025-11-05T12:52:14.366Z] [32MINFO[39M: 📥 [2025-11-05T12:52:14.366Z] GET /api/count/webview
[2025-11-05T12:52:14.388Z] [32MINFO[39M: 📥 [2025-11-05T12:52:14.388Z] GET /api/count/webview
[2025-11-05T12:52:25.769Z] [32MINFO[39M: 📥 [2025-11-05T12:52:25.769Z] GET /api/business?category=foods&subcategory=cafes
[2025-11-05T12:52:25.771Z] [32MINFO[39M: 📥 [2025-11-05T12:52:25.771Z] GET /api/count/webview
[2025-11-05T12:52:25.780Z] [32MINFO[39M: 📥 [2025-11-05T12:52:25.780Z] GET /api/business?category=foods&subcategory=cafes
[2025-11-05T12:52:25.782Z] [32MINFO[39M: 📥 [2025-11-05T12:52:25.782Z] GET /api/count/webview
[2025-11-05T12:53:08.352Z] [32MINFO[39M: 📥 [2025-11-05T12:53:08.352Z] GET /api/business?category=foods&subcategory=cafes
[2025-11-05T12:57:30.146Z] [32MINFO[39M: 📥 [2025-11-05T12:57:30.146Z] GET /api/count/webview
[2025-11-05T12:57:30.164Z] [32MINFO[39M: 📥 [2025-11-05T12:57:30.164Z] GET /api/count/webview
[2025-11-05T12:57:32.932Z] [32MINFO[39M: 📥 [2025-11-05T12:57:32.932Z] GET /api/business?category=foods&subcategory=tiffin-services
[2025-11-05T12:57:33.109Z] [32MINFO[39M: 📥 [2025-11-05T12:57:33.109Z] GET /api/business?category=foods&subcategory=tiffin-services
[2025-11-05T12:58:56.478Z] [32MINFO[39M: 📥 [2025-11-05T12:58:56.478Z] GET /api/business?category=foods&subcategory=tiffin-services
[2025-11-05T12:58:56.480Z] [32MINFO[39M: 📥 [2025-11-05T12:58:56.480Z] GET /api/count/webview
[2025-11-05T12:58:56.610Z] [32MINFO[39M: 📥 [2025-11-05T12:58:56.610Z] GET /api/business?category=foods&subcategory=tiffin-services
[2025-11-05T12:58:56.612Z] [32MINFO[39M: 📥 [2025-11-05T12:58:56.612Z] GET /api/count/webview
[2025-11-05T12:58:57.929Z] [32MINFO[39M: 📥 [2025-11-05T12:58:57.929Z] GET /api/count/webview
[2025-11-05T12:58:57.934Z] [32MINFO[39M: 📥 [2025-11-05T12:58:57.934Z] GET /api/business?category=foods&subcategory=tiffin-services
[2025-11-05T12:58:58.028Z] [32MINFO[39M: 📥 [2025-11-05T12:58:58.028Z] GET /api/count/webview
[2025-11-05T12:58:58.029Z] [32MINFO[39M: 📥 [2025-11-05T12:58:58.029Z] GET /api/business?category=foods&subcategory=tiffin-services
[2025-11-05T13:01:05.545Z] [32MINFO[39M: 📥 [2025-11-05T13:01:05.544Z] GET /api/business?category=foods&subcategory=snack-corners
[2025-11-05T13:01:05.558Z] [32MINFO[39M: 📥 [2025-11-05T13:01:05.558Z] GET /api/business?category=foods&subcategory=snack-corners
[2025-11-05T13:01:49.988Z] [32MINFO[39M: 📥 [2025-11-05T13:01:49.988Z] GET /api/count/webview
[2025-11-05T13:01:49.998Z] [32MINFO[39M: 📥 [2025-11-05T13:01:49.998Z] GET /api/categories
[2025-11-05T13:01:50.012Z] [32MINFO[39M: 📥 [2025-11-05T13:01:50.012Z] GET /api/count/webview
[2025-11-05T13:01:50.017Z] [32MINFO[39M: 📥 [2025-11-05T13:01:50.017Z] GET /api/categories
[2025-11-05T13:03:56.959Z] [32MINFO[39M: 📥 [2025-11-05T13:03:56.959Z] GET /api/categories
[2025-11-05T13:03:56.972Z] [32MINFO[39M: 📥 [2025-11-05T13:03:56.972Z] GET /api/categories
[2025-11-05T13:04:02.127Z] [32MINFO[39M: 📥 [2025-11-05T13:04:02.127Z] GET /api/categories
[2025-11-05T13:04:02.198Z] [32MINFO[39M: 📥 [2025-11-05T13:04:02.198Z] GET /api/categories
[2025-11-05T13:04:07.018Z] [32MINFO[39M: 📥 [2025-11-05T13:04:07.018Z] GET /api/categories
[2025-11-05T13:04:07.223Z] [32MINFO[39M: 📥 [2025-11-05T13:04:07.222Z] GET /api/categories
[2025-11-05T13:04:11.557Z] [32MINFO[39M: 📥 [2025-11-05T13:04:11.557Z] GET /api/categories
[2025-11-05T13:04:11.694Z] [32MINFO[39M: 📥 [2025-11-05T13:04:11.694Z] GET /api/categories
[2025-11-05T13:07:35.202Z] [32MINFO[39M: 📥 [2025-11-05T13:07:35.202Z] GET /api/categories
[2025-11-05T13:07:35.215Z] [32MINFO[39M: 📥 [2025-11-05T13:07:35.215Z] GET /api/categories
[2025-11-05T13:13:50.718Z] [32MINFO[39M: 📥 [2025-11-05T13:13:50.718Z] GET /api/categories
[2025-11-05T13:13:50.723Z] [32MINFO[39M: 📥 [2025-11-05T13:13:50.723Z] GET /api/count/webview
[2025-11-05T13:13:50.779Z] [32MINFO[39M: 📥 [2025-11-05T13:13:50.779Z] GET /api/count/webview
[2025-11-05T13:13:50.780Z] [32MINFO[39M: 📥 [2025-11-05T13:13:50.780Z] GET /api/categories
[2025-11-05T13:14:57.371Z] [32MINFO[39M: 📥 [2025-11-05T13:14:57.371Z] GET /api/business?category=babies&subcategory=toy-stores-gift-shops
[2025-11-05T13:14:57.385Z] [32MINFO[39M: 📥 [2025-11-05T13:14:57.385Z] GET /api/business?category=babies&subcategory=toy-stores-gift-shops
[2025-11-05T13:15:00.187Z] [32MINFO[39M: 📥 [2025-11-05T13:15:00.187Z] GET /api/categories
[2025-11-05T13:15:00.441Z] [32MINFO[39M: 📥 [2025-11-05T13:15:00.441Z] GET /api/categories
[2025-11-05T13:17:33.426Z] [32MINFO[39M: 📥 [2025-11-05T13:17:33.426Z] GET /api/business?category=tailoring&subcategory=bag-tailor
[2025-11-05T13:17:33.627Z] [32MINFO[39M: 📥 [2025-11-05T13:17:33.627Z] GET /api/business?category=tailoring&subcategory=bag-tailor
[2025-11-05T13:17:35.978Z] [32MINFO[39M: 📥 [2025-11-05T13:17:35.978Z] GET /api/categories
[2025-11-05T13:17:36.099Z] [32MINFO[39M: 📥 [2025-11-05T13:17:36.099Z] GET /api/categories
[2025-11-05T13:19:32.330Z] [32MINFO[39M: 📥 [2025-11-05T13:19:32.330Z] GET /api/categories
[2025-11-05T13:19:32.340Z] [32MINFO[39M: 📥 [2025-11-05T13:19:32.340Z] GET /api/categories
[2025-11-05T13:45:46.205Z] [32MINFO[39M: 📥 [2025-11-05T13:45:46.205Z] GET /api/categories
[2025-11-05T13:45:46.220Z] [32MINFO[39M: 📥 [2025-11-05T13:45:46.220Z] GET /api/categories
[2025-11-05T13:45:57.640Z] [32MINFO[39M: 📥 [2025-11-05T13:45:57.640Z] GET /api/categories
[2025-11-05T13:45:57.657Z] [32MINFO[39M: 📥 [2025-11-05T13:45:57.657Z] GET /api/categories
[2025-11-05T13:46:16.028Z] [32MINFO[39M: 📥 [2025-11-05T13:46:16.028Z] GET /api/categories
[2025-11-05T13:46:16.044Z] [32MINFO[39M: 📥 [2025-11-05T13:46:16.044Z] GET /api/categories
[2025-11-05T13:47:51.755Z] [32MINFO[39M: 📥 [2025-11-05T13:47:51.755Z] GET /api/count/webview
[2025-11-05T13:47:51.756Z] [32MINFO[39M: 📥 [2025-11-05T13:47:51.756Z] GET /api/categories
[2025-11-05T13:47:51.765Z] [32MINFO[39M: 📥 [2025-11-05T13:47:51.765Z] GET /api/count/webview
[2025-11-05T13:47:51.770Z] [32MINFO[39M: 📥 [2025-11-05T13:47:51.770Z] GET /api/categories
[2025-11-05T13:48:03.810Z] [32MINFO[39M: 📥 [2025-11-05T13:48:03.810Z] GET /api/count/webview
[2025-11-05T13:48:03.811Z] [32MINFO[39M: 📥 [2025-11-05T13:48:03.811Z] GET /api/categories
[2025-11-05T13:48:03.828Z] [32MINFO[39M: 📥 [2025-11-05T13:48:03.828Z] GET /api/count/webview
[2025-11-05T13:48:03.831Z] [32MINFO[39M: 📥 [2025-11-05T13:48:03.831Z] GET /api/categories
[2025-11-05T13:48:18.750Z] [32MINFO[39M: 📥 [2025-11-05T13:48:18.750Z] GET /api/categories
[2025-11-05T13:48:18.765Z] [32MINFO[39M: 📥 [2025-11-05T13:48:18.765Z] GET /api/categories
[2025-11-05T13:48:36.213Z] [32MINFO[39M: 📥 [2025-11-05T13:48:36.213Z] GET /api/count/webview
[2025-11-05T13:48:36.220Z] [32MINFO[39M: 📥 [2025-11-05T13:48:36.220Z] GET /api/count/webview
[2025-11-05T13:48:38.555Z] [32MINFO[39M: 📥 [2025-11-05T13:48:38.555Z] GET /api/categories
[2025-11-05T13:48:38.583Z] [32MINFO[39M: 📥 [2025-11-05T13:48:38.583Z] GET /api/categories
[2025-11-05T13:48:47.460Z] [32MINFO[39M: 📥 [2025-11-05T13:48:47.460Z] OPTIONS /api/otp/send
[2025-11-05T13:48:47.599Z] [32MINFO[39M: 📥 [2025-11-05T13:48:47.599Z] POST /api/otp/send
[2025-11-05T13:48:47.605Z] [32MINFO[39M: Received from frontend: [object Object]
[2025-11-05T13:48:47.609Z] [32MINFO[39M: Generated OTP for 8451060827: 581684
[2025-11-05T13:48:55.593Z] [32MINFO[39M: 📥 [2025-11-05T13:48:55.593Z] OPTIONS /api/otp/verify
[2025-11-05T13:48:55.602Z] [32MINFO[39M: 📥 [2025-11-05T13:48:55.602Z] POST /api/otp/verify
[2025-11-05T13:48:55.604Z] [32MINFO[39M: Received in verifyOTP: [object Object]
[2025-11-05T13:49:05.619Z] [32MINFO[39M: 📥 [2025-11-05T13:49:05.619Z] GET /api/users?page=1&limit=10&search=
[2025-11-05T13:49:05.624Z] [31MERROR[39M: Error validating token: Error: Authorization token missing or invalid
[2025-11-05T13:49:05.686Z] [32MINFO[39M: 📥 [2025-11-05T13:49:05.686Z] GET /api/users?page=1&limit=10&search=
[2025-11-05T13:49:05.687Z] [31MERROR[39M: Error validating token: Error: Authorization token missing or invalid
[2025-11-05T13:49:06.740Z] [32MINFO[39M: 📥 [2025-11-05T13:49:06.740Z] GET /api/count/webview
[2025-11-05T13:49:06.746Z] [32MINFO[39M: 📥 [2025-11-05T13:49:06.746Z] GET /api/categories
[2025-11-05T13:49:06.747Z] [32MINFO[39M: 📥 [2025-11-05T13:49:06.747Z] GET /api/count/webview
[2025-11-05T13:49:06.758Z] [32MINFO[39M: 📥 [2025-11-05T13:49:06.758Z] GET /api/categories
[2025-11-05T17:25:55.925Z] [32MINFO[39M:  Server running on port  http://localhost:5004
[2025-11-05T17:25:55.958Z] [32MINFO[39M: MySQL Database Connected
[2025-11-05T17:26:15.165Z] [32MINFO[39M: 📥 [2025-11-05T17:26:15.165Z] GET /api/count/webview
[2025-11-05T17:26:15.171Z] [32MINFO[39M: 📥 [2025-11-05T17:26:15.171Z] GET /api/categories
[2025-11-05T17:26:15.237Z] [32MINFO[39M: 📥 [2025-11-05T17:26:15.237Z] GET /api/count/webview
[2025-11-05T17:26:15.238Z] [32MINFO[39M: 📥 [2025-11-05T17:26:15.238Z] GET /api/categories
[2025-11-05T17:28:32.850Z] [32MINFO[39M: 📥 [2025-11-05T17:28:32.850Z] GET /api/categories
[2025-11-05T17:28:32.861Z] [32MINFO[39M: 📥 [2025-11-05T17:28:32.861Z] GET /api/categories
[2025-11-05T17:29:44.940Z] [32MINFO[39M: 📥 [2025-11-05T17:29:44.940Z] GET /api/business?category=tailoring&subcategory=tailoring-classes
[2025-11-05T17:29:44.949Z] [32MINFO[39M: 📥 [2025-11-05T17:29:44.949Z] GET /api/business?category=tailoring&subcategory=tailoring-classes
[2025-11-05T17:29:49.317Z] [32MINFO[39M: 📥 [2025-11-05T17:29:49.316Z] GET /api/categories
[2025-11-05T17:29:49.328Z] [32MINFO[39M: 📥 [2025-11-05T17:29:49.328Z] GET /api/categories
[2025-11-05T17:30:05.562Z] [32MINFO[39M: 📥 [2025-11-05T17:30:05.562Z] OPTIONS /api/otp/send
[2025-11-05T17:30:05.591Z] [32MINFO[39M: 📥 [2025-11-05T17:30:05.591Z] POST /api/otp/send
[2025-11-05T17:30:05.593Z] [32MINFO[39M: Received from frontend: [object Object]
[2025-11-05T17:30:05.593Z] [32MINFO[39M: Generated OTP for 8451060827: 347701
[2025-11-05T17:30:14.838Z] [32MINFO[39M: 📥 [2025-11-05T17:30:14.838Z] OPTIONS /api/otp/verify
[2025-11-05T17:30:14.845Z] [32MINFO[39M: 📥 [2025-11-05T17:30:14.845Z] POST /api/otp/verify
[2025-11-05T17:30:14.847Z] [32MINFO[39M: Received in verifyOTP: [object Object]
[2025-11-05T17:30:26.574Z] [32MINFO[39M: 📥 [2025-11-05T17:30:26.574Z] GET /api/users
[2025-11-05T17:30:26.578Z] [31MERROR[39M: Error validating token: Error: Authorization token missing or invalid
[2025-11-05T17:30:26.669Z] [32MINFO[39M: 📥 [2025-11-05T17:30:26.669Z] GET /api/users
[2025-11-05T17:30:26.670Z] [31MERROR[39M: Error validating token: Error: Authorization token missing or invalid
[2025-11-05T17:30:27.880Z] [32MINFO[39M: 📥 [2025-11-05T17:30:27.880Z] GET /api/categories
[2025-11-05T17:30:27.883Z] [32MINFO[39M: 📥 [2025-11-05T17:30:27.883Z] GET /api/count/webview
[2025-11-05T17:30:27.934Z] [32MINFO[39M: 📥 [2025-11-05T17:30:27.934Z] GET /api/count/webview
[2025-11-05T17:30:27.950Z] [32MINFO[39M: 📥 [2025-11-05T17:30:27.950Z] GET /api/categories
[2025-11-05T17:43:22.392Z] [32MINFO[39M: 📥 [2025-11-05T17:43:22.391Z] GET /api/users?page=1&limit=10&search=
[2025-11-05T17:43:22.393Z] [31MERROR[39M: Error validating token: Error: Authorization token missing or invalid
[2025-11-05T17:43:22.411Z] [32MINFO[39M: 📥 [2025-11-05T17:43:22.411Z] GET /api/users?page=1&limit=10&search=
[2025-11-05T17:43:22.412Z] [31MERROR[39M: Error validating token: Error: Authorization token missing or invalid
[2025-11-05T17:43:24.267Z] [32MINFO[39M: 📥 [2025-11-05T17:43:24.267Z] GET /api/count/webview
[2025-11-05T17:43:24.293Z] [32MINFO[39M: 📥 [2025-11-05T17:43:24.293Z] GET /api/categories
[2025-11-05T17:43:24.295Z] [32MINFO[39M: 📥 [2025-11-05T17:43:24.295Z] GET /api/count/webview
[2025-11-05T17:43:24.317Z] [32MINFO[39M: 📥 [2025-11-05T17:43:24.317Z] GET /api/categories
[2025-11-05T17:43:40.599Z] [32MINFO[39M: 📥 [2025-11-05T17:43:40.599Z] OPTIONS /api/otp/send
[2025-11-05T17:43:40.674Z] [32MINFO[39M: 📥 [2025-11-05T17:43:40.674Z] POST /api/otp/send
[2025-11-05T17:43:40.675Z] [32MINFO[39M: Received from frontend: [object Object]
[2025-11-05T17:43:40.675Z] [32MINFO[39M: Generated OTP for 8451060827: 997987
[2025-11-05T17:43:55.719Z] [32MINFO[39M: 📥 [2025-11-05T17:43:55.719Z] OPTIONS /api/otp/verify
[2025-11-05T17:43:55.733Z] [32MINFO[39M: 📥 [2025-11-05T17:43:55.733Z] POST /api/otp/verify
[2025-11-05T17:43:55.734Z] [32MINFO[39M: Received in verifyOTP: [object Object]
[2025-11-05T17:44:05.792Z] [32MINFO[39M: 📥 [2025-11-05T17:44:05.792Z] GET /api/users?page=1&limit=10&search=
[2025-11-05T17:44:05.793Z] [31MERROR[39M: Error validating token: Error: Authorization token missing or invalid
[2025-11-05T17:44:05.818Z] [32MINFO[39M: 📥 [2025-11-05T17:44:05.818Z] GET /api/users?page=1&limit=10&search=
[2025-11-05T17:44:05.820Z] [31MERROR[39M: Error validating token: Error: Authorization token missing or invalid
[2025-11-05T17:44:08.657Z] [32MINFO[39M: 📥 [2025-11-05T17:44:08.657Z] GET /api/count/webview
[2025-11-05T17:44:08.796Z] [32MINFO[39M: 📥 [2025-11-05T17:44:08.796Z] GET /api/categories
[2025-11-05T17:44:08.797Z] [32MINFO[39M: 📥 [2025-11-05T17:44:08.797Z] GET /api/count/webview
[2025-11-05T17:44:09.001Z] [32MINFO[39M: 📥 [2025-11-05T17:44:09.001Z] GET /api/categories
[2025-11-05T18:07:58.262Z] [32MINFO[39M:  Server running on port  http://localhost:5004
[2025-11-05T18:07:58.279Z] [32MINFO[39M: MySQL Database Connected
[2025-11-05T18:08:03.387Z] [32MINFO[39M: 📥 [2025-11-05T18:08:03.387Z] GET /api/count/webview
[2025-11-05T18:08:03.394Z] [32MINFO[39M: 📥 [2025-11-05T18:08:03.394Z] GET /api/categories
[2025-11-05T18:08:03.488Z] [32MINFO[39M: 📥 [2025-11-05T18:08:03.487Z] GET /api/count/webview
[2025-11-05T18:08:03.490Z] [32MINFO[39M: 📥 [2025-11-05T18:08:03.490Z] GET /api/categories
[2025-11-05T18:08:07.704Z] [32MINFO[39M: 📥 [2025-11-05T18:08:07.704Z] OPTIONS /api/otp/send
[2025-11-05T18:08:07.722Z] [32MINFO[39M: 📥 [2025-11-05T18:08:07.722Z] POST /api/otp/send
[2025-11-05T18:08:07.723Z] [32MINFO[39M: Received from frontend: [object Object]
[2025-11-05T18:08:07.724Z] [32MINFO[39M: Generated OTP for 8451060827: 451130
[2025-11-05T18:08:14.043Z] [32MINFO[39M: 📥 [2025-11-05T18:08:14.043Z] OPTIONS /api/otp/verify
[2025-11-05T18:08:14.050Z] [32MINFO[39M: 📥 [2025-11-05T18:08:14.050Z] POST /api/otp/verify
[2025-11-05T18:08:14.051Z] [32MINFO[39M: Received in verifyOTP: [object Object]
[2025-11-05T18:08:26.914Z] [32MINFO[39M: 📥 [2025-11-05T18:08:26.913Z] GET /api/users?page=1&limit=10&search=
[2025-11-05T18:08:26.915Z] [31MERROR[39M: Error validating token: Error: Authorization token missing or invalid
[2025-11-05T18:08:26.927Z] [32MINFO[39M: 📥 [2025-11-05T18:08:26.927Z] GET /api/users?page=1&limit=10&search=
[2025-11-05T18:08:26.928Z] [31MERROR[39M: Error validating token: Error: Authorization token missing or invalid
[2025-11-05T18:08:28.528Z] [32MINFO[39M: 📥 [2025-11-05T18:08:28.528Z] GET /api/count/webview
[2025-11-05T18:08:28.535Z] [32MINFO[39M: 📥 [2025-11-05T18:08:28.535Z] GET /api/categories
[2025-11-05T18:08:28.546Z] [32MINFO[39M: 📥 [2025-11-05T18:08:28.546Z] GET /api/count/webview
[2025-11-05T18:08:28.547Z] [32MINFO[39M: 📥 [2025-11-05T18:08:28.547Z] GET /api/categories
[2025-11-05T18:10:51.199Z] [32MINFO[39M: 📥 [2025-11-05T18:10:51.199Z] GET /api/count/webview
[2025-11-05T18:10:51.200Z] [32MINFO[39M: 📥 [2025-11-05T18:10:51.200Z] GET /api/categories
[2025-11-05T18:10:51.208Z] [32MINFO[39M: 📥 [2025-11-05T18:10:51.208Z] GET /api/count/webview
[2025-11-05T18:10:51.213Z] [32MINFO[39M: 📥 [2025-11-05T18:10:51.213Z] GET /api/categories
[2025-11-05T18:10:55.409Z] [32MINFO[39M: 📥 [2025-11-05T18:10:55.409Z] OPTIONS /api/otp/send
[2025-11-05T18:10:55.421Z] [32MINFO[39M: 📥 [2025-11-05T18:10:55.421Z] POST /api/otp/send
[2025-11-05T18:10:55.422Z] [32MINFO[39M: Received from frontend: [object Object]
[2025-11-05T18:10:55.422Z] [32MINFO[39M: Generated OTP for 8451060827: 401726
[2025-11-05T18:11:06.112Z] [32MINFO[39M: 📥 [2025-11-05T18:11:06.112Z] OPTIONS /api/otp/verify
[2025-11-05T18:11:06.120Z] [32MINFO[39M: 📥 [2025-11-05T18:11:06.120Z] POST /api/otp/verify
[2025-11-05T18:11:06.121Z] [32MINFO[39M: Received in verifyOTP: [object Object]
[2025-11-05T18:11:09.507Z] [32MINFO[39M: 📥 [2025-11-05T18:11:09.507Z] GET /api/count/webview
[2025-11-05T18:11:09.516Z] [32MINFO[39M: 📥 [2025-11-05T18:11:09.516Z] GET /api/count/webview
[2025-11-05T18:11:19.336Z] [32MINFO[39M: 📥 [2025-11-05T18:11:19.336Z] GET /api/users
[2025-11-05T18:11:19.337Z] [31MERROR[39M: Error validating token: Error: Authorization token missing or invalid
[2025-11-05T18:11:19.348Z] [32MINFO[39M: 📥 [2025-11-05T18:11:19.348Z] GET /api/users
[2025-11-05T18:11:19.348Z] [31MERROR[39M: Error validating token: Error: Authorization token missing or invalid
[2025-11-05T18:11:20.632Z] [32MINFO[39M: 📥 [2025-11-05T18:11:20.632Z] GET /api/count/webview
[2025-11-05T18:11:20.636Z] [32MINFO[39M: 📥 [2025-11-05T18:11:20.636Z] GET /api/categories
[2025-11-05T18:11:20.640Z] [32MINFO[39M: 📥 [2025-11-05T18:11:20.640Z] GET /api/count/webview
[2025-11-05T18:11:20.649Z] [32MINFO[39M: 📥 [2025-11-05T18:11:20.649Z] GET /api/categories
[2025-11-05T18:11:31.749Z] [32MINFO[39M: 📥 [2025-11-05T18:11:31.749Z] OPTIONS /api/otp/send
[2025-11-05T18:11:31.758Z] [32MINFO[39M: 📥 [2025-11-05T18:11:31.758Z] POST /api/otp/send
[2025-11-05T18:11:31.758Z] [32MINFO[39M: Received from frontend: [object Object]
[2025-11-05T18:11:31.758Z] [32MINFO[39M: Generated OTP for 8451060827: 403912
[2025-11-05T18:11:40.429Z] [32MINFO[39M: 📥 [2025-11-05T18:11:40.428Z] OPTIONS /api/otp/verify
[2025-11-05T18:11:40.437Z] [32MINFO[39M: 📥 [2025-11-05T18:11:40.437Z] POST /api/otp/verify
[2025-11-05T18:11:40.437Z] [32MINFO[39M: Received in verifyOTP: [object Object]
[2025-11-05T18:12:04.517Z] [32MINFO[39M: 📥 [2025-11-05T18:12:04.517Z] GET /api/count/webview
[2025-11-05T18:12:04.533Z] [32MINFO[39M: 📥 [2025-11-05T18:12:04.533Z] GET /api/count/webview
[2025-11-05T18:24:40.744Z] [32MINFO[39M: 📥 [2025-11-05T18:24:40.744Z] GET /api/business?category=admin&subcategory=contact
[2025-11-05T18:24:40.746Z] [32MINFO[39M: 📥 [2025-11-05T18:24:40.745Z] GET /api/count/webview
[2025-11-05T18:24:40.754Z] [32MINFO[39M: 📥 [2025-11-05T18:24:40.754Z] GET /api/count/webview
[2025-11-05T18:24:40.756Z] [32MINFO[39M: 📥 [2025-11-05T18:24:40.756Z] GET /api/business?category=admin&subcategory=contact
[2025-11-05T18:25:11.886Z] [32MINFO[39M: 📥 [2025-11-05T18:25:11.886Z] GET /api/users
[2025-11-05T18:25:11.887Z] [31MERROR[39M: Error validating token: Error: Authorization token missing or invalid
[2025-11-05T18:25:12.087Z] [32MINFO[39M: 📥 [2025-11-05T18:25:12.087Z] GET /api/users
[2025-11-05T18:25:12.087Z] [31MERROR[39M: Error validating token: Error: Authorization token missing or invalid
[2025-11-05T18:25:13.151Z] [32MINFO[39M: 📥 [2025-11-05T18:25:13.151Z] GET /api/count/webview
[2025-11-05T18:25:13.198Z] [32MINFO[39M: 📥 [2025-11-05T18:25:13.198Z] GET /api/categories
[2025-11-05T18:25:13.200Z] [32MINFO[39M: 📥 [2025-11-05T18:25:13.200Z] GET /api/count/webview
[2025-11-05T18:25:13.209Z] [32MINFO[39M: 📥 [2025-11-05T18:25:13.209Z] GET /api/categories
[2025-11-05T18:36:15.770Z] [32MINFO[39M: 📥 [2025-11-05T18:36:15.769Z] GET /api/count/webview
[2025-11-05T18:36:15.772Z] [32MINFO[39M: 📥 [2025-11-05T18:36:15.772Z] GET /api/categories
[2025-11-05T18:36:15.776Z] [32MINFO[39M: 📥 [2025-11-05T18:36:15.776Z] GET /api/count/webview
[2025-11-05T18:36:15.784Z] [32MINFO[39M: 📥 [2025-11-05T18:36:15.784Z] GET /api/categories
[2025-11-05T18:36:22.263Z] [32MINFO[39M: 📥 [2025-11-05T18:36:22.263Z] OPTIONS /api/otp/send
[2025-11-05T18:36:22.270Z] [32MINFO[39M: 📥 [2025-11-05T18:36:22.270Z] POST /api/otp/send
[2025-11-05T18:36:22.270Z] [32MINFO[39M: Received from frontend: [object Object]
[2025-11-05T18:36:22.270Z] [32MINFO[39M: Generated OTP for 8451060827: 842110
[2025-11-05T18:36:29.458Z] [32MINFO[39M: 📥 [2025-11-05T18:36:29.458Z] OPTIONS /api/otp/verify
[2025-11-05T18:36:29.468Z] [32MINFO[39M: 📥 [2025-11-05T18:36:29.467Z] POST /api/otp/verify
[2025-11-05T18:36:29.469Z] [32MINFO[39M: Received in verifyOTP: [object Object]
[2025-11-05T18:56:29.989Z] [32MINFO[39M: 📥 [2025-11-05T18:56:29.989Z] GET /api/count/webview
[2025-11-05T18:56:29.990Z] [32MINFO[39M: 📥 [2025-11-05T18:56:29.990Z] GET /api/categories
[2025-11-05T18:56:30.008Z] [32MINFO[39M: 📥 [2025-11-05T18:56:30.008Z] GET /api/count/webview
[2025-11-05T18:56:30.011Z] [32MINFO[39M: 📥 [2025-11-05T18:56:30.011Z] GET /api/categories
[2025-11-05T18:56:38.807Z] [32MINFO[39M: 📥 [2025-11-05T18:56:38.807Z] GET /api/count/webview
[2025-11-05T18:56:38.808Z] [32MINFO[39M: 📥 [2025-11-05T18:56:38.808Z] GET /api/categories
[2025-11-05T18:56:38.832Z] [32MINFO[39M: 📥 [2025-11-05T18:56:38.832Z] GET /api/count/webview
[2025-11-05T18:56:38.833Z] [32MINFO[39M: 📥 [2025-11-05T18:56:38.833Z] GET /api/categories
[2025-11-05T19:04:45.895Z] [32MINFO[39M: 📥 [2025-11-05T19:04:45.895Z] GET /api/count/webview
[2025-11-05T19:04:45.896Z] [32MINFO[39M: 📥 [2025-11-05T19:04:45.896Z] GET /api/categories
[2025-11-05T19:04:45.904Z] [32MINFO[39M: 📥 [2025-11-05T19:04:45.904Z] GET /api/count/webview
[2025-11-05T19:04:45.906Z] [32MINFO[39M: 📥 [2025-11-05T19:04:45.906Z] GET /api/categories
[2025-11-05T19:04:53.122Z] [32MINFO[39M: 📥 [2025-11-05T19:04:53.122Z] OPTIONS /api/otp/send
[2025-11-05T19:04:53.169Z] [32MINFO[39M: 📥 [2025-11-05T19:04:53.169Z] POST /api/otp/send
[2025-11-05T19:04:53.169Z] [32MINFO[39M: Received from frontend: [object Object]
[2025-11-05T19:04:53.169Z] [32MINFO[39M: Generated OTP for 8451060827: 653438
[2025-11-05T19:05:02.486Z] [32MINFO[39M: 📥 [2025-11-05T19:05:02.486Z] OPTIONS /api/otp/verify
[2025-11-05T19:05:02.519Z] [32MINFO[39M: 📥 [2025-11-05T19:05:02.519Z] POST /api/otp/verify
[2025-11-05T19:05:02.520Z] [32MINFO[39M: Received in verifyOTP: [object Object]
