[2025-11-23T08:23:14.911Z] [32MINFO[39M:  Server running on port  http://localhost:5009
[2025-11-23T08:23:14.935Z] [32MINFO[39M: MySQL Database Connected
[2025-11-23T08:23:53.719Z] [32MINFO[39M: 📥 [2025-11-23T08:23:53.719Z] OPTIONS /api/count/webview
[2025-11-23T08:23:53.726Z] [32MINFO[39M: 📥 [2025-11-23T08:23:53.726Z] OPTIONS /api/categories
[2025-11-23T08:23:53.727Z] [32MINFO[39M: 📥 [2025-11-23T08:23:53.727Z] OPTIONS /api/categories
[2025-11-23T08:23:53.729Z] [32MINFO[39M: 📥 [2025-11-23T08:23:53.729Z] OPTIONS /api/count/webview
[2025-11-23T08:24:31.363Z] [32MINFO[39M: 📥 [2025-11-23T08:24:31.363Z] OPTIONS /api/count/webview
[2025-11-23T08:24:31.365Z] [32MINFO[39M: 📥 [2025-11-23T08:24:31.364Z] OPTIONS /api/categories
[2025-11-23T08:24:31.366Z] [32MINFO[39M: 📥 [2025-11-23T08:24:31.365Z] OPTIONS /api/categories
[2025-11-23T08:24:31.367Z] [32MINFO[39M: 📥 [2025-11-23T08:24:31.367Z] OPTIONS /api/count/webview
[2025-11-23T08:24:31.396Z] [32MINFO[39M: 📥 [2025-11-23T08:24:31.396Z] GET /api/count/webview
[2025-11-23T08:24:31.400Z] [32MINFO[39M: 📥 [2025-11-23T08:24:31.400Z] GET /api/categories
[2025-11-23T08:24:31.444Z] [32MINFO[39M: 📥 [2025-11-23T08:24:31.444Z] GET /api/count/webview
[2025-11-23T08:24:31.482Z] [32MINFO[39M: 📥 [2025-11-23T08:24:31.482Z] GET /api/categories
[2025-11-23T08:24:50.861Z] [32MINFO[39M: 📥 [2025-11-23T08:24:50.861Z] OPTIONS /api/otp/send
[2025-11-23T08:24:50.883Z] [32MINFO[39M: 📥 [2025-11-23T08:24:50.883Z] POST /api/otp/send
[2025-11-23T08:24:50.884Z] [32MINFO[39M: Received from frontend: [object Object]
[2025-11-23T08:24:50.884Z] [32MINFO[39M: Generated OTP for 8451060827: 767271
[2025-11-23T08:25:00.254Z] [32MINFO[39M: 📥 [2025-11-23T08:25:00.254Z] OPTIONS /api/otp/verify
[2025-11-23T08:25:00.267Z] [32MINFO[39M: 📥 [2025-11-23T08:25:00.267Z] POST /api/otp/verify
[2025-11-23T08:25:00.268Z] [32MINFO[39M: Received in verifyOTP: [object Object]
[2025-11-23T08:25:06.435Z] [32MINFO[39M: 📥 [2025-11-23T08:25:06.435Z] OPTIONS /api/users?page=1&limit=10&search=
[2025-11-23T08:25:06.436Z] [32MINFO[39M: 📥 [2025-11-23T08:25:06.436Z] OPTIONS /api/users?page=1&limit=10&search=
[2025-11-23T08:25:06.468Z] [32MINFO[39M: 📥 [2025-11-23T08:25:06.468Z] GET /api/users?page=1&limit=10&search=
[2025-11-23T08:25:06.472Z] [32MINFO[39M: 4
[2025-11-23T08:25:06.473Z] [32MINFO[39M: Controller: getAllUsers called
[2025-11-23T08:25:06.473Z] [32MINFO[39M: Final Query: SELECT * FROM users WHERE 1=1 LIMIT 10 OFFSET 0
[2025-11-23T08:25:06.473Z] [32MINFO[39M: Query Params: 
[2025-11-23T08:25:06.555Z] [32MINFO[39M: 📥 [2025-11-23T08:25:06.555Z] GET /api/users?page=1&limit=10&search=
[2025-11-23T08:25:06.560Z] [32MINFO[39M: 4
[2025-11-23T08:25:06.560Z] [32MINFO[39M: Controller: getAllUsers called
[2025-11-23T08:25:06.560Z] [32MINFO[39M: Final Query: SELECT * FROM users WHERE 1=1 LIMIT 10 OFFSET 0
[2025-11-23T08:25:06.560Z] [32MINFO[39M: Query Params: 
[2025-11-23T08:25:21.772Z] [32MINFO[39M: 📥 [2025-11-23T08:25:21.772Z] OPTIONS /api/users?page=1&limit=10&search=
[2025-11-23T08:25:21.774Z] [32MINFO[39M: 📥 [2025-11-23T08:25:21.774Z] OPTIONS /api/users?page=1&limit=10&search=
[2025-11-23T08:25:21.787Z] [32MINFO[39M: 📥 [2025-11-23T08:25:21.787Z] GET /api/users?page=1&limit=10&search=
[2025-11-23T08:25:21.790Z] [32MINFO[39M: 4
[2025-11-23T08:25:21.790Z] [32MINFO[39M: Controller: getAllUsers called
[2025-11-23T08:25:21.790Z] [32MINFO[39M: Final Query: SELECT * FROM users WHERE 1=1 LIMIT 10 OFFSET 0
[2025-11-23T08:25:21.790Z] [32MINFO[39M: Query Params: 
[2025-11-23T08:25:21.802Z] [32MINFO[39M: 📥 [2025-11-23T08:25:21.801Z] GET /api/users?page=1&limit=10&search=
[2025-11-23T08:25:21.804Z] [32MINFO[39M: 4
[2025-11-23T08:25:21.804Z] [32MINFO[39M: Controller: getAllUsers called
[2025-11-23T08:25:21.805Z] [32MINFO[39M: Final Query: SELECT * FROM users WHERE 1=1 LIMIT 10 OFFSET 0
[2025-11-23T08:25:21.805Z] [32MINFO[39M: Query Params: 
[2025-11-23T08:36:22.394Z] [32MINFO[39M: 📥 [2025-11-23T08:36:22.394Z] OPTIONS /api/businesses
[2025-11-23T08:36:22.421Z] [32MINFO[39M: 📥 [2025-11-23T08:36:22.421Z] POST /api/businesses
[2025-11-23T08:36:22.424Z] [32MINFO[39M: 4
[2025-11-23T08:36:22.425Z] [32MINFO[39M: Creating business...
[2025-11-23T08:36:22.425Z] [32MINFO[39M: [object Object]
[2025-11-23T08:36:22.425Z] [32MINFO[39M: 4
[2025-11-23T08:37:40.840Z] [32MINFO[39M: 📥 [2025-11-23T08:37:40.840Z] OPTIONS /api/businesses
[2025-11-23T08:37:40.859Z] [32MINFO[39M: 📥 [2025-11-23T08:37:40.859Z] POST /api/businesses
[2025-11-23T08:37:40.862Z] [32MINFO[39M: 4
[2025-11-23T08:37:40.862Z] [32MINFO[39M: Creating business...
[2025-11-23T08:37:40.862Z] [32MINFO[39M: [object Object]
[2025-11-23T08:37:40.862Z] [32MINFO[39M: 4
[2025-11-23T08:37:40.864Z] [32MINFO[39M: [object Object]
[2025-11-23T08:37:40.865Z] [32MINFO[39M: timingstring {"monday":{"open":"09:00","close":"18:00","closed":false},"tuesday":{"open":"09:00","close":"18:00","closed":true},"wednesday":{"open":"13:00","close":"22:00","closed":false},"thursday":{"open":"09:00","close":"18:00","closed":true},"friday":{"open":"09:00","close":"18:00","closed":true},"saturday":{"open":"09:00","close":"18:00","closed":false},"sunday":{"open":"09:00","close":"18:00","closed":true}}
[2025-11-23T08:37:40.865Z] [32MINFO[39M: Final Data to Insert into DB: 4,Akshata Books,1,229,400709,103 PLOT NO.C 51 SAIRAJ APT
SECTOR NO 19 KOPARKHIRANE,,,Amar Nagar,7738771193,,,  l,,{"monday":{"open":"09:00","close":"18:00","closed":false},"tuesday":{"open":"09:00","close":"18:00","closed":true},"wednesday":{"open":"13:00","close":"22:00","closed":false},"thursday":{"open":"09:00","close":"18:00","closed":true},"friday":{"open":"09:00","close":"18:00","closed":true},"saturday":{"open":"09:00","close":"18:00","closed":false},"sunday":{"open":"09:00","close":"18:00","closed":true}},akshata-books-amar-nagar,,
[2025-11-23T08:39:28.726Z] [32MINFO[39M: 📥 [2025-11-23T08:39:28.726Z] OPTIONS /api/count/webview
[2025-11-23T08:39:28.727Z] [32MINFO[39M: 📥 [2025-11-23T08:39:28.727Z] OPTIONS /api/count/webview
[2025-11-23T08:39:28.728Z] [32MINFO[39M: 📥 [2025-11-23T08:39:28.728Z] OPTIONS /api/categories
[2025-11-23T08:39:28.728Z] [32MINFO[39M: 📥 [2025-11-23T08:39:28.728Z] OPTIONS /api/categories
[2025-11-23T08:39:28.782Z] [32MINFO[39M: 📥 [2025-11-23T08:39:28.782Z] GET /api/count/webview
[2025-11-23T08:39:28.789Z] [32MINFO[39M: 📥 [2025-11-23T08:39:28.789Z] GET /api/categories
[2025-11-23T08:39:28.841Z] [32MINFO[39M: 📥 [2025-11-23T08:39:28.841Z] GET /api/count/webview
[2025-11-23T08:39:28.842Z] [32MINFO[39M: 📥 [2025-11-23T08:39:28.842Z] GET /api/categories
[2025-11-23T08:40:14.055Z] [32MINFO[39M: 📥 [2025-11-23T08:40:14.055Z] OPTIONS /api/businesses/user
[2025-11-23T08:40:14.057Z] [32MINFO[39M: 📥 [2025-11-23T08:40:14.057Z] OPTIONS /api/businesses/user
[2025-11-23T08:40:14.076Z] [32MINFO[39M: 📥 [2025-11-23T08:40:14.076Z] GET /api/businesses/user
[2025-11-23T08:40:14.079Z] [32MINFO[39M: 4
[2025-11-23T08:40:14.080Z] [32MINFO[39M: Fetching businesses for userId: 4
[2025-11-23T08:40:14.085Z] [32MINFO[39M: [object Object]
[2025-11-23T08:40:14.087Z] [32MINFO[39M: Image rows: 
[2025-11-23T08:40:14.088Z] [32MINFO[39M: Final business payload: [object Object],[object Object],[object Object],[object Object],[object Object],[object Object],[object Object],[object Object],[object Object]
[2025-11-23T08:40:14.109Z] [32MINFO[39M: 📥 [2025-11-23T08:40:14.109Z] GET /api/businesses/user
[2025-11-23T08:40:14.112Z] [32MINFO[39M: 4
[2025-11-23T08:40:14.112Z] [32MINFO[39M: Fetching businesses for userId: 4
[2025-11-23T08:40:14.114Z] [32MINFO[39M: [object Object]
[2025-11-23T08:40:14.115Z] [32MINFO[39M: Image rows: 
[2025-11-23T08:40:14.115Z] [32MINFO[39M: Final business payload: [object Object],[object Object],[object Object],[object Object],[object Object],[object Object],[object Object],[object Object],[object Object]
[2025-11-23T08:40:30.742Z] [32MINFO[39M: 📥 [2025-11-23T08:40:30.742Z] OPTIONS /api/businesses/user
[2025-11-23T08:40:30.743Z] [32MINFO[39M: 📥 [2025-11-23T08:40:30.743Z] OPTIONS /api/businesses/user
[2025-11-23T08:40:30.752Z] [32MINFO[39M: 📥 [2025-11-23T08:40:30.752Z] GET /api/businesses/user
[2025-11-23T08:40:30.756Z] [32MINFO[39M: 4
[2025-11-23T08:40:30.756Z] [32MINFO[39M: Fetching businesses for userId: 4
[2025-11-23T08:40:30.757Z] [32MINFO[39M: [object Object]
[2025-11-23T08:40:30.758Z] [32MINFO[39M: Image rows: 
[2025-11-23T08:40:30.759Z] [32MINFO[39M: Final business payload: [object Object],[object Object],[object Object],[object Object],[object Object],[object Object],[object Object],[object Object],[object Object]
[2025-11-23T08:40:30.764Z] [32MINFO[39M: 📥 [2025-11-23T08:40:30.764Z] GET /api/businesses/user
[2025-11-23T08:40:30.767Z] [32MINFO[39M: 4
[2025-11-23T08:40:30.767Z] [32MINFO[39M: Fetching businesses for userId: 4
[2025-11-23T08:40:30.769Z] [32MINFO[39M: [object Object]
[2025-11-23T08:40:30.770Z] [32MINFO[39M: Image rows: 
[2025-11-23T08:40:30.770Z] [32MINFO[39M: Final business payload: [object Object],[object Object],[object Object],[object Object],[object Object],[object Object],[object Object],[object Object],[object Object]
[2025-11-23T08:40:36.144Z] [32MINFO[39M: 📥 [2025-11-23T08:40:36.144Z] OPTIONS /api/categories
[2025-11-23T08:40:36.145Z] [32MINFO[39M: 📥 [2025-11-23T08:40:36.145Z] OPTIONS /api/categories
[2025-11-23T08:40:36.165Z] [32MINFO[39M: 📥 [2025-11-23T08:40:36.165Z] GET /api/categories
[2025-11-23T08:40:36.191Z] [32MINFO[39M: 📥 [2025-11-23T08:40:36.191Z] GET /api/categories
[2025-11-23T08:40:53.824Z] [32MINFO[39M: 📥 [2025-11-23T08:40:53.824Z] OPTIONS /api/count/webview
[2025-11-23T08:40:53.831Z] [32MINFO[39M: 📥 [2025-11-23T08:40:53.831Z] OPTIONS /api/categories
[2025-11-23T08:40:53.833Z] [32MINFO[39M: 📥 [2025-11-23T08:40:53.833Z] OPTIONS /api/count/webview
[2025-11-23T08:40:53.835Z] [32MINFO[39M: 📥 [2025-11-23T08:40:53.835Z] OPTIONS /api/categories
[2025-11-23T08:40:53.840Z] [32MINFO[39M: 📥 [2025-11-23T08:40:53.840Z] GET /api/count/webview
[2025-11-23T08:40:53.866Z] [32MINFO[39M: 📥 [2025-11-23T08:40:53.866Z] GET /api/categories
[2025-11-23T08:40:53.867Z] [32MINFO[39M: 📥 [2025-11-23T08:40:53.867Z] GET /api/count/webview
[2025-11-23T08:40:53.888Z] [32MINFO[39M: 📥 [2025-11-23T08:40:53.888Z] GET /api/categories
[2025-11-23T08:50:18.400Z] [32MINFO[39M: 📥 [2025-11-23T08:50:18.400Z] OPTIONS /api/businesses
[2025-11-23T08:50:18.408Z] [32MINFO[39M: 📥 [2025-11-23T08:50:18.408Z] POST /api/businesses
[2025-11-23T08:50:18.411Z] [32MINFO[39M: 4
[2025-11-23T08:50:18.411Z] [32MINFO[39M: Creating business...
[2025-11-23T08:50:18.411Z] [32MINFO[39M: [object Object]
[2025-11-23T08:50:18.411Z] [32MINFO[39M: 4
[2025-11-23T08:50:18.414Z] [32MINFO[39M: [object Object]
[2025-11-23T08:50:18.414Z] [32MINFO[39M: timingstring {"monday":{"open":"09:00","close":"18:00","closed":false},"tuesday":{"open":"09:00","close":"18:00","closed":true},"wednesday":{"open":"13:00","close":"22:00","closed":false},"thursday":{"open":"09:00","close":"18:00","closed":true},"friday":{"open":"09:00","close":"18:00","closed":true},"saturday":{"open":"09:00","close":"18:00","closed":false},"sunday":{"open":"09:00","close":"18:00","closed":true}}
[2025-11-23T08:50:18.414Z] [32MINFO[39M: Final Data to Insert into DB: 4,Akshata Books,1,229,400709,103 PLOT NO.C 51 SAIRAJ APT
SECTOR NO 19 KOPARKHIRANE,,,Amar Nagar,7738771193,,,  l,,{"monday":{"open":"09:00","close":"18:00","closed":false},"tuesday":{"open":"09:00","close":"18:00","closed":true},"wednesday":{"open":"13:00","close":"22:00","closed":false},"thursday":{"open":"09:00","close":"18:00","closed":true},"friday":{"open":"09:00","close":"18:00","closed":true},"saturday":{"open":"09:00","close":"18:00","closed":false},"sunday":{"open":"09:00","close":"18:00","closed":true}},akshata-books-amar-nagar-1,,
[2025-11-23T09:21:59.377Z] [32MINFO[39M: 📥 [2025-11-23T09:21:59.377Z] OPTIONS /api/businesses
[2025-11-23T09:21:59.413Z] [32MINFO[39M: 📥 [2025-11-23T09:21:59.413Z] POST /api/businesses
[2025-11-23T09:21:59.415Z] [32MINFO[39M: 4
[2025-11-23T09:21:59.417Z] [32MINFO[39M: Creating business...
[2025-11-23T09:21:59.417Z] [32MINFO[39M: [object Object]
[2025-11-23T09:21:59.417Z] [32MINFO[39M: 4
[2025-11-23T09:21:59.419Z] [32MINFO[39M: [object Object]
[2025-11-23T09:21:59.419Z] [32MINFO[39M: timingstring {"monday":{"open":"09:00","close":"18:00","closed":true},"tuesday":{"open":"09:00","close":"18:00","closed":true},"wednesday":{"open":"09:00","close":"18:00","closed":true},"thursday":{"open":"09:00","close":"18:00","closed":false},"friday":{"open":"09:00","close":"18:00","closed":false},"saturday":{"open":"09:00","close":"18:00","closed":false},"sunday":{"open":"09:00","close":"18:00","closed":false}}
[2025-11-23T09:21:59.420Z] [32MINFO[39M: Final Data to Insert into DB: 4,Akshata Books,1,229,400709,103 PLOT NO.C 51 SAIRAJ APT
SECTOR NO 19 KOPARKHIRANE,,,Amar Nagar,8451060827,,,b,,{"monday":{"open":"09:00","close":"18:00","closed":true},"tuesday":{"open":"09:00","close":"18:00","closed":true},"wednesday":{"open":"09:00","close":"18:00","closed":true},"thursday":{"open":"09:00","close":"18:00","closed":false},"friday":{"open":"09:00","close":"18:00","closed":false},"saturday":{"open":"09:00","close":"18:00","closed":false},"sunday":{"open":"09:00","close":"18:00","closed":false}},akshata-books-amar-nagar-2,,
[2025-11-23T09:22:33.670Z] [32MINFO[39M:  Server running on port  http://localhost:5009
[2025-11-23T09:22:33.688Z] [32MINFO[39M: MySQL Database Connected
[2025-11-23T09:25:13.104Z] [32MINFO[39M: 📥 [2025-11-23T09:25:13.104Z] OPTIONS /api/businesses
[2025-11-23T09:25:13.126Z] [32MINFO[39M: 📥 [2025-11-23T09:25:13.126Z] POST /api/businesses
[2025-11-23T09:25:13.142Z] [32MINFO[39M: 4
[2025-11-23T09:25:13.144Z] [32MINFO[39M: Creating business...
[2025-11-23T09:25:13.156Z] [32MINFO[39M: Business created: 50
[2025-11-23T10:25:11.748Z] [32MINFO[39M: 📥 [2025-11-23T10:25:11.746Z] OPTIONS /api/count/webview
[2025-11-23T10:25:11.767Z] [32MINFO[39M: 📥 [2025-11-23T10:25:11.767Z] OPTIONS /api/count/webview
[2025-11-23T10:25:11.769Z] [32MINFO[39M: 📥 [2025-11-23T10:25:11.769Z] OPTIONS /api/categories
[2025-11-23T10:25:11.771Z] [32MINFO[39M: 📥 [2025-11-23T10:25:11.771Z] OPTIONS /api/categories
[2025-11-23T10:25:11.931Z] [32MINFO[39M: 📥 [2025-11-23T10:25:11.931Z] GET /api/count/webview
[2025-11-23T10:25:11.938Z] [32MINFO[39M: 📥 [2025-11-23T10:25:11.938Z] GET /api/categories
[2025-11-23T10:25:11.971Z] [32MINFO[39M: 📥 [2025-11-23T10:25:11.971Z] GET /api/count/webview
[2025-11-23T10:25:12.033Z] [32MINFO[39M: 📥 [2025-11-23T10:25:12.033Z] GET /api/categories
[2025-11-23T10:25:52.786Z] [32MINFO[39M: 📥 [2025-11-23T10:25:52.786Z] OPTIONS /api/count/webview
[2025-11-23T10:25:52.792Z] [32MINFO[39M: 📥 [2025-11-23T10:25:52.792Z] OPTIONS /api/count/webview
[2025-11-23T10:25:52.794Z] [32MINFO[39M: 📥 [2025-11-23T10:25:52.794Z] GET /api/count/webview
[2025-11-23T10:25:52.805Z] [32MINFO[39M: 📥 [2025-11-23T10:25:52.805Z] GET /api/count/webview
[2025-11-23T10:26:32.132Z] [32MINFO[39M: 📥 [2025-11-23T10:26:32.132Z] OPTIONS /api/count/webview
[2025-11-23T10:26:32.134Z] [32MINFO[39M: 📥 [2025-11-23T10:26:32.134Z] OPTIONS /api/categories
[2025-11-23T10:26:32.135Z] [32MINFO[39M: 📥 [2025-11-23T10:26:32.135Z] OPTIONS /api/categories
[2025-11-23T10:26:32.136Z] [32MINFO[39M: 📥 [2025-11-23T10:26:32.136Z] OPTIONS /api/count/webview
[2025-11-23T10:26:32.159Z] [32MINFO[39M: 📥 [2025-11-23T10:26:32.159Z] GET /api/count/webview
[2025-11-23T10:26:32.160Z] [32MINFO[39M: 📥 [2025-11-23T10:26:32.160Z] GET /api/categories
[2025-11-23T10:26:32.171Z] [32MINFO[39M: 📥 [2025-11-23T10:26:32.171Z] GET /api/count/webview
[2025-11-23T10:26:32.188Z] [32MINFO[39M: 📥 [2025-11-23T10:26:32.188Z] GET /api/categories
[2025-11-23T10:26:53.056Z] [32MINFO[39M: 📥 [2025-11-23T10:26:53.056Z] OPTIONS /api/categories
[2025-11-23T10:26:53.058Z] [32MINFO[39M: 📥 [2025-11-23T10:26:53.058Z] OPTIONS /api/categories
[2025-11-23T10:26:53.092Z] [32MINFO[39M: 📥 [2025-11-23T10:26:53.092Z] GET /api/categories
[2025-11-23T10:26:53.111Z] [32MINFO[39M: 📥 [2025-11-23T10:26:53.111Z] GET /api/categories
[2025-11-23T10:28:10.465Z] [32MINFO[39M: 📥 [2025-11-23T10:28:10.465Z] OPTIONS /api/count/webview
[2025-11-23T10:28:10.467Z] [32MINFO[39M: 📥 [2025-11-23T10:28:10.467Z] OPTIONS /api/count/webview
[2025-11-23T10:28:10.478Z] [32MINFO[39M: 📥 [2025-11-23T10:28:10.478Z] GET /api/count/webview
[2025-11-23T10:28:10.501Z] [32MINFO[39M: 📥 [2025-11-23T10:28:10.501Z] GET /api/count/webview
[2025-11-23T10:28:17.132Z] [32MINFO[39M: 📥 [2025-11-23T10:28:17.132Z] OPTIONS /api/count/webview
[2025-11-23T10:28:17.133Z] [32MINFO[39M: 📥 [2025-11-23T10:28:17.133Z] OPTIONS /api/categories
[2025-11-23T10:28:17.133Z] [32MINFO[39M: 📥 [2025-11-23T10:28:17.133Z] OPTIONS /api/categories
[2025-11-23T10:28:17.134Z] [32MINFO[39M: 📥 [2025-11-23T10:28:17.134Z] OPTIONS /api/count/webview
[2025-11-23T10:37:58.319Z] [32MINFO[39M:  Server running on port  http://localhost:5009
[2025-11-23T10:37:58.342Z] [32MINFO[39M: MySQL Database Connected
[2025-11-23T10:38:11.344Z] [32MINFO[39M: 📥 [2025-11-23T10:38:11.344Z] OPTIONS /api/businesses?isVerified=true&page=1&limit=10
[2025-11-23T10:38:11.355Z] [32MINFO[39M: 📥 [2025-11-23T10:38:11.355Z] OPTIONS /api/businesses?isVerified=true&page=1&limit=10
[2025-11-23T10:38:11.395Z] [32MINFO[39M: 📥 [2025-11-23T10:38:11.395Z] GET /api/businesses?isVerified=true&page=1&limit=10
[2025-11-23T10:38:11.398Z] [32MINFO[39M: Fetching businesses with params: {"page":1,"limit":10,"verified":1}
[2025-11-23T10:38:11.450Z] [32MINFO[39M: 📥 [2025-11-23T10:38:11.450Z] GET /api/businesses?isVerified=true&page=1&limit=10
[2025-11-23T10:38:11.451Z] [32MINFO[39M: Fetching businesses with params: {"page":1,"limit":10,"verified":1}
[2025-11-23T10:38:20.011Z] [32MINFO[39M: 📥 [2025-11-23T10:38:20.011Z] OPTIONS /api/businesses?isVerified=false&page=1&limit=10
[2025-11-23T10:38:20.015Z] [32MINFO[39M: 📥 [2025-11-23T10:38:20.015Z] OPTIONS /api/businesses?isVerified=false&page=1&limit=10
[2025-11-23T10:38:20.032Z] [32MINFO[39M: 📥 [2025-11-23T10:38:20.032Z] GET /api/businesses?isVerified=false&page=1&limit=10
[2025-11-23T10:38:20.035Z] [32MINFO[39M: Fetching businesses with params: {"page":1,"limit":10,"verified":0}
[2025-11-23T10:38:20.065Z] [32MINFO[39M: 📥 [2025-11-23T10:38:20.065Z] GET /api/businesses?isVerified=false&page=1&limit=10
[2025-11-23T10:38:20.066Z] [32MINFO[39M: Fetching businesses with params: {"page":1,"limit":10,"verified":0}
[2025-11-23T10:38:26.767Z] [32MINFO[39M: 📥 [2025-11-23T10:38:26.767Z] OPTIONS /api/businesses/verify/50
[2025-11-23T10:38:26.784Z] [32MINFO[39M: 📥 [2025-11-23T10:38:26.784Z] PUT /api/businesses/verify/50
[2025-11-23T10:38:26.785Z] [32MINFO[39M: [VERIFY] Attempting to verify business with ID: 50
[2025-11-23T10:38:26.792Z] [32MINFO[39M: [VERIFY] MySQL result: [object Object]
[2025-11-23T10:38:26.792Z] [32MINFO[39M: [VERIFY] Business with ID 50 verified successfully
[2025-11-23T10:38:29.902Z] [32MINFO[39M: 📥 [2025-11-23T10:38:29.902Z] OPTIONS /api/businesses?isVerified=true&page=1&limit=10
[2025-11-23T10:38:29.915Z] [32MINFO[39M: 📥 [2025-11-23T10:38:29.915Z] OPTIONS /api/businesses?isVerified=true&page=1&limit=10
[2025-11-23T10:38:29.916Z] [32MINFO[39M: 📥 [2025-11-23T10:38:29.916Z] GET /api/businesses?isVerified=true&page=1&limit=10
[2025-11-23T10:38:29.917Z] [32MINFO[39M: Fetching businesses with params: {"page":1,"limit":10,"verified":1}
[2025-11-23T10:38:29.932Z] [32MINFO[39M: 📥 [2025-11-23T10:38:29.932Z] GET /api/businesses?isVerified=true&page=1&limit=10
[2025-11-23T10:38:29.933Z] [32MINFO[39M: Fetching businesses with params: {"page":1,"limit":10,"verified":1}
[2025-11-23T10:38:41.122Z] [32MINFO[39M: 📥 [2025-11-23T10:38:41.122Z] OPTIONS /api/businesses/50
[2025-11-23T10:38:41.144Z] [32MINFO[39M: 📥 [2025-11-23T10:38:41.144Z] PUT /api/businesses/50
[2025-11-23T10:38:41.154Z] [32MINFO[39M: 4
[2025-11-23T10:38:41.154Z] [32MINFO[39M: Business ID: 50
[2025-11-23T10:38:41.155Z] [32MINFO[39M: Current User ID: 4
[2025-11-23T10:38:41.155Z] [32MINFO[39M: User Role: admin
[2025-11-23T10:38:41.155Z] [32MINFO[39M: User: [object Object]
[2025-11-23T10:38:41.155Z] [32MINFO[39M: Request Body: [object Object]
[2025-11-23T10:38:41.157Z] [32MINFO[39M: Latitude:  Longitude: 
[2025-11-23T10:38:41.157Z] [32MINFO[39M:  admin is updating the business directly...
[2025-11-23T10:38:41.157Z] [32MINFO[39M: Timing JSON: {"monday":{"open":"09:00","close":"18:00","closed":false},"tuesday":{"open":"09:00","close":"18:00","closed":false},"wednesday":{"open":"09:00","close":"18:00","closed":true},"thursday":{"open":"09:00","close":"18:00","closed":true},"friday":{"open":"09:00","close":"18:00","closed":false},"saturday":{"open":"09:00","close":"18:00","closed":false},"sunday":{"open":"09:00","close":"18:00","closed":false}}
[2025-11-23T10:38:41.158Z] [32MINFO[39M: Timing length: 406
[2025-11-23T10:38:41.163Z] [32MINFO[39M: Update result: [object Object]
[2025-11-23T10:39:10.830Z] [32MINFO[39M: 📥 [2025-11-23T10:39:10.830Z] OPTIONS /api/businesses?isVerified=false&page=1&limit=10
[2025-11-23T10:39:10.831Z] [32MINFO[39M: 📥 [2025-11-23T10:39:10.831Z] OPTIONS /api/businesses?isVerified=false&page=1&limit=10
[2025-11-23T10:39:10.838Z] [32MINFO[39M: 📥 [2025-11-23T10:39:10.838Z] GET /api/businesses?isVerified=false&page=1&limit=10
[2025-11-23T10:39:10.839Z] [32MINFO[39M: Fetching businesses with params: {"page":1,"limit":10,"verified":0}
[2025-11-23T10:39:10.849Z] [32MINFO[39M: 📥 [2025-11-23T10:39:10.849Z] GET /api/businesses?isVerified=false&page=1&limit=10
[2025-11-23T10:39:10.851Z] [32MINFO[39M: Fetching businesses with params: {"page":1,"limit":10,"verified":0}
[2025-11-23T10:39:51.399Z] [32MINFO[39M: 📥 [2025-11-23T10:39:51.399Z] OPTIONS /api/businesses?isVerified=true&page=1&limit=10
[2025-11-23T10:39:51.401Z] [32MINFO[39M: 📥 [2025-11-23T10:39:51.401Z] OPTIONS /api/businesses?isVerified=true&page=1&limit=10
[2025-11-23T10:39:51.415Z] [32MINFO[39M: 📥 [2025-11-23T10:39:51.415Z] GET /api/businesses?isVerified=true&page=1&limit=10
[2025-11-23T10:39:51.416Z] [32MINFO[39M: Fetching businesses with params: {"page":1,"limit":10,"verified":1}
[2025-11-23T10:39:51.459Z] [32MINFO[39M: 📥 [2025-11-23T10:39:51.459Z] GET /api/businesses?isVerified=true&page=1&limit=10
[2025-11-23T10:39:51.459Z] [32MINFO[39M: Fetching businesses with params: {"page":1,"limit":10,"verified":1}
[2025-11-23T10:40:40.610Z] [32MINFO[39M: 📥 [2025-11-23T10:40:40.610Z] OPTIONS /api/businesses/50
[2025-11-23T10:40:40.640Z] [32MINFO[39M: 📥 [2025-11-23T10:40:40.640Z] PUT /api/businesses/50
[2025-11-23T10:40:40.645Z] [32MINFO[39M: 4
[2025-11-23T10:40:40.645Z] [32MINFO[39M: Business ID: 50
[2025-11-23T10:40:40.645Z] [32MINFO[39M: Current User ID: 4
[2025-11-23T10:40:40.645Z] [32MINFO[39M: User Role: admin
[2025-11-23T10:40:40.645Z] [32MINFO[39M: User: [object Object]
[2025-11-23T10:40:40.645Z] [32MINFO[39M: Request Body: [object Object]
[2025-11-23T10:40:40.647Z] [32MINFO[39M: Latitude:  Longitude: 
[2025-11-23T10:40:40.647Z] [32MINFO[39M:  admin is updating the business directly...
[2025-11-23T10:40:40.647Z] [32MINFO[39M: Timing JSON: {"monday":{"open":"09:00","close":"18:00","closed":false},"tuesday":{"open":"09:00","close":"18:00","closed":false},"wednesday":{"open":"09:00","close":"18:00","closed":true},"thursday":{"open":"09:00","close":"18:00","closed":true},"friday":{"open":"09:00","close":"18:00","closed":false},"saturday":{"open":"09:00","close":"18:00","closed":false},"sunday":{"open":"09:00","close":"18:00","closed":false}}
[2025-11-23T10:40:40.647Z] [32MINFO[39M: Timing length: 406
[2025-11-23T10:40:40.648Z] [32MINFO[39M: Update result: [object Object]
[2025-11-23T10:41:06.929Z] [32MINFO[39M: 📥 [2025-11-23T10:41:06.929Z] OPTIONS /api/businesses?isVerified=true&page=1&limit=10
[2025-11-23T10:41:06.930Z] [32MINFO[39M: 📥 [2025-11-23T10:41:06.930Z] OPTIONS /api/businesses?isVerified=true&page=1&limit=10
[2025-11-23T10:41:06.951Z] [32MINFO[39M: 📥 [2025-11-23T10:41:06.951Z] GET /api/businesses?isVerified=true&page=1&limit=10
[2025-11-23T10:41:06.953Z] [32MINFO[39M: Fetching businesses with params: {"page":1,"limit":10,"verified":1}
[2025-11-23T10:41:06.984Z] [32MINFO[39M: 📥 [2025-11-23T10:41:06.984Z] GET /api/businesses?isVerified=true&page=1&limit=10
[2025-11-23T10:41:06.985Z] [32MINFO[39M: Fetching businesses with params: {"page":1,"limit":10,"verified":1}
[2025-11-23T10:41:11.486Z] [32MINFO[39M: 📥 [2025-11-23T10:41:11.486Z] OPTIONS /api/businesses/50
[2025-11-23T10:41:11.532Z] [32MINFO[39M: 📥 [2025-11-23T10:41:11.532Z] PUT /api/businesses/50
[2025-11-23T10:41:11.535Z] [32MINFO[39M: 4
[2025-11-23T10:41:11.535Z] [32MINFO[39M: Business ID: 50
[2025-11-23T10:41:11.535Z] [32MINFO[39M: Current User ID: 4
[2025-11-23T10:41:11.535Z] [32MINFO[39M: User Role: admin
[2025-11-23T10:41:11.535Z] [32MINFO[39M: User: [object Object]
[2025-11-23T10:41:11.536Z] [32MINFO[39M: Request Body: [object Object]
[2025-11-23T10:41:11.537Z] [32MINFO[39M: Latitude:  Longitude: 
[2025-11-23T10:41:11.537Z] [32MINFO[39M:  admin is updating the business directly...
[2025-11-23T10:41:11.537Z] [32MINFO[39M: Timing JSON: {"monday":{"open":"09:00","close":"18:00","closed":false},"tuesday":{"open":"09:00","close":"18:00","closed":false},"wednesday":{"open":"09:00","close":"18:00","closed":true},"thursday":{"open":"09:00","close":"18:00","closed":true},"friday":{"open":"09:00","close":"18:00","closed":false},"saturday":{"open":"09:00","close":"18:00","closed":false},"sunday":{"open":"09:00","close":"18:00","closed":false}}
[2025-11-23T10:41:11.538Z] [32MINFO[39M: Timing length: 406
[2025-11-23T10:41:11.542Z] [32MINFO[39M: Update result: [object Object]
[2025-11-23T10:41:34.526Z] [32MINFO[39M: 📥 [2025-11-23T10:41:34.526Z] OPTIONS /api/businesses?isVerified=false&page=1&limit=10
[2025-11-23T10:41:34.536Z] [32MINFO[39M: 📥 [2025-11-23T10:41:34.536Z] OPTIONS /api/businesses?isVerified=false&page=1&limit=10
[2025-11-23T10:41:34.552Z] [32MINFO[39M: 📥 [2025-11-23T10:41:34.552Z] GET /api/businesses?isVerified=false&page=1&limit=10
[2025-11-23T10:41:34.553Z] [32MINFO[39M: Fetching businesses with params: {"page":1,"limit":10,"verified":0}
[2025-11-23T10:41:34.565Z] [32MINFO[39M: 📥 [2025-11-23T10:41:34.565Z] GET /api/businesses?isVerified=false&page=1&limit=10
[2025-11-23T10:41:34.565Z] [32MINFO[39M: Fetching businesses with params: {"page":1,"limit":10,"verified":0}
[2025-11-23T10:41:41.412Z] [32MINFO[39M: 📥 [2025-11-23T10:41:41.412Z] OPTIONS /api/businesses/admin/pending?businesses=true
[2025-11-23T10:41:41.413Z] [32MINFO[39M: 📥 [2025-11-23T10:41:41.413Z] OPTIONS /api/businesses/admin/pending?businesses=true
[2025-11-23T10:41:41.422Z] [32MINFO[39M: 📥 [2025-11-23T10:41:41.422Z] GET /api/businesses/admin/pending?businesses=true
[2025-11-23T10:41:41.426Z] [32MINFO[39M: 4
[2025-11-23T10:41:41.428Z] [32MINFO[39M: 4
[2025-11-23T10:41:41.443Z] [32MINFO[39M: Fetched pending updates: 2
[2025-11-23T10:41:41.474Z] [32MINFO[39M: 📥 [2025-11-23T10:41:41.474Z] GET /api/businesses/admin/pending?businesses=true
[2025-11-23T10:41:41.477Z] [32MINFO[39M: 4
[2025-11-23T10:41:41.479Z] [32MINFO[39M: 4
[2025-11-23T10:41:41.484Z] [32MINFO[39M: Fetched pending updates: 2
[2025-11-23T10:41:43.651Z] [32MINFO[39M: 📥 [2025-11-23T10:41:43.651Z] OPTIONS /api/businesses?isVerified=false&page=1&limit=10
[2025-11-23T10:41:43.652Z] [32MINFO[39M: 📥 [2025-11-23T10:41:43.652Z] OPTIONS /api/businesses?isVerified=false&page=1&limit=10
[2025-11-23T10:41:43.661Z] [32MINFO[39M: 📥 [2025-11-23T10:41:43.661Z] GET /api/businesses?isVerified=false&page=1&limit=10
[2025-11-23T10:41:43.661Z] [32MINFO[39M: Fetching businesses with params: {"page":1,"limit":10,"verified":0}
[2025-11-23T10:41:43.671Z] [32MINFO[39M: 📥 [2025-11-23T10:41:43.670Z] GET /api/businesses?isVerified=false&page=1&limit=10
[2025-11-23T10:41:43.671Z] [32MINFO[39M: Fetching businesses with params: {"page":1,"limit":10,"verified":0}
[2025-11-23T10:42:39.164Z] [32MINFO[39M: 📥 [2025-11-23T10:42:39.164Z] OPTIONS /api/businesses?isVerified=true&page=1&limit=10
[2025-11-23T10:42:39.172Z] [32MINFO[39M: 📥 [2025-11-23T10:42:39.172Z] OPTIONS /api/businesses?isVerified=true&page=1&limit=10
[2025-11-23T10:42:39.173Z] [32MINFO[39M: 📥 [2025-11-23T10:42:39.173Z] GET /api/businesses?isVerified=true&page=1&limit=10
[2025-11-23T10:42:39.173Z] [32MINFO[39M: Fetching businesses with params: {"page":1,"limit":10,"verified":1}
[2025-11-23T10:42:39.192Z] [32MINFO[39M: 📥 [2025-11-23T10:42:39.192Z] GET /api/businesses?isVerified=true&page=1&limit=10
[2025-11-23T10:42:39.193Z] [32MINFO[39M: Fetching businesses with params: {"page":1,"limit":10,"verified":1}
[2025-11-23T10:43:08.282Z] [32MINFO[39M: 📥 [2025-11-23T10:43:08.281Z] OPTIONS /api/businesses/admin/pending?businesses=true
[2025-11-23T10:43:08.293Z] [32MINFO[39M: 📥 [2025-11-23T10:43:08.293Z] OPTIONS /api/businesses/admin/pending?businesses=true
[2025-11-23T10:43:08.298Z] [32MINFO[39M: 📥 [2025-11-23T10:43:08.298Z] GET /api/businesses/admin/pending?businesses=true
[2025-11-23T10:43:08.301Z] [32MINFO[39M: 4
[2025-11-23T10:43:08.303Z] [32MINFO[39M: 4
[2025-11-23T10:43:08.317Z] [32MINFO[39M: Fetched pending updates: 2
[2025-11-23T10:43:08.326Z] [32MINFO[39M: 📥 [2025-11-23T10:43:08.326Z] GET /api/businesses/admin/pending?businesses=true
[2025-11-23T10:43:08.330Z] [32MINFO[39M: 4
[2025-11-23T10:43:08.332Z] [32MINFO[39M: 4
[2025-11-23T10:43:08.336Z] [32MINFO[39M: Fetched pending updates: 2
[2025-11-23T10:45:44.169Z] [32MINFO[39M: 📥 [2025-11-23T10:45:44.169Z] OPTIONS /api/businesses?isVerified=true&page=1&limit=10
[2025-11-23T10:45:44.174Z] [32MINFO[39M: 📥 [2025-11-23T10:45:44.174Z] OPTIONS /api/businesses?isVerified=true&page=1&limit=10
[2025-11-23T10:45:44.185Z] [32MINFO[39M: 📥 [2025-11-23T10:45:44.185Z] GET /api/businesses?isVerified=true&page=1&limit=10
[2025-11-23T10:45:44.186Z] [32MINFO[39M: Fetching businesses with params: {"page":1,"limit":10,"verified":1}
[2025-11-23T10:45:44.203Z] [32MINFO[39M: 📥 [2025-11-23T10:45:44.203Z] GET /api/businesses?isVerified=true&page=1&limit=10
[2025-11-23T10:45:44.204Z] [32MINFO[39M: Fetching businesses with params: {"page":1,"limit":10,"verified":1}
[2025-11-23T10:45:49.118Z] [32MINFO[39M: 📥 [2025-11-23T10:45:49.118Z] OPTIONS /api/businesses/admin/pending?businesses=true
[2025-11-23T10:45:49.119Z] [32MINFO[39M: 📥 [2025-11-23T10:45:49.119Z] OPTIONS /api/businesses/admin/pending?businesses=true
[2025-11-23T10:45:49.142Z] [32MINFO[39M: 📥 [2025-11-23T10:45:49.142Z] GET /api/businesses/admin/pending?businesses=true
[2025-11-23T10:45:49.145Z] [32MINFO[39M: 4
[2025-11-23T10:45:49.147Z] [32MINFO[39M: 4
[2025-11-23T10:45:49.162Z] [32MINFO[39M: Fetched pending updates: 2
[2025-11-23T10:45:49.303Z] [32MINFO[39M: 📥 [2025-11-23T10:45:49.303Z] GET /api/businesses/admin/pending?businesses=true
[2025-11-23T10:45:49.306Z] [32MINFO[39M: 4
[2025-11-23T10:45:49.309Z] [32MINFO[39M: 4
[2025-11-23T10:45:49.319Z] [32MINFO[39M: Fetched pending updates: 2
[2025-11-23T10:45:54.726Z] [32MINFO[39M: 📥 [2025-11-23T10:45:54.725Z] OPTIONS /api/businesses?isVerified=true&page=1&limit=10
[2025-11-23T10:45:54.727Z] [32MINFO[39M: 📥 [2025-11-23T10:45:54.727Z] OPTIONS /api/businesses?isVerified=true&page=1&limit=10
[2025-11-23T10:45:54.735Z] [32MINFO[39M: 📥 [2025-11-23T10:45:54.735Z] GET /api/businesses?isVerified=true&page=1&limit=10
[2025-11-23T10:45:54.736Z] [32MINFO[39M: Fetching businesses with params: {"page":1,"limit":10,"verified":1}
[2025-11-23T10:45:54.751Z] [32MINFO[39M: 📥 [2025-11-23T10:45:54.751Z] GET /api/businesses?isVerified=true&page=1&limit=10
[2025-11-23T10:45:54.752Z] [32MINFO[39M: Fetching businesses with params: {"page":1,"limit":10,"verified":1}
[2025-11-23T10:45:57.845Z] [32MINFO[39M: 📥 [2025-11-23T10:45:57.845Z] OPTIONS /api/businesses/admin/pending?businesses=true
[2025-11-23T10:45:57.847Z] [32MINFO[39M: 📥 [2025-11-23T10:45:57.847Z] OPTIONS /api/businesses/admin/pending?businesses=true
[2025-11-23T10:45:57.856Z] [32MINFO[39M: 📥 [2025-11-23T10:45:57.856Z] GET /api/businesses/admin/pending?businesses=true
[2025-11-23T10:45:57.859Z] [32MINFO[39M: 4
[2025-11-23T10:45:57.860Z] [32MINFO[39M: 4
[2025-11-23T10:45:57.864Z] [32MINFO[39M: Fetched pending updates: 2
[2025-11-23T10:45:57.877Z] [32MINFO[39M: 📥 [2025-11-23T10:45:57.877Z] GET /api/businesses/admin/pending?businesses=true
[2025-11-23T10:45:57.880Z] [32MINFO[39M: 4
[2025-11-23T10:45:57.881Z] [32MINFO[39M: 4
[2025-11-23T10:45:57.885Z] [32MINFO[39M: Fetched pending updates: 2
[2025-11-23T10:47:33.752Z] [32MINFO[39M: 📥 [2025-11-23T10:47:33.752Z] OPTIONS /api/users?page=1&limit=10&search=
[2025-11-23T10:47:33.772Z] [32MINFO[39M: 📥 [2025-11-23T10:47:33.772Z] OPTIONS /api/users?page=1&limit=10&search=
[2025-11-23T10:47:33.774Z] [32MINFO[39M: 📥 [2025-11-23T10:47:33.774Z] GET /api/users?page=1&limit=10&search=
[2025-11-23T10:47:33.776Z] [32MINFO[39M: 4
[2025-11-23T10:47:33.777Z] [32MINFO[39M: Controller: getAllUsers called
[2025-11-23T10:47:33.777Z] [32MINFO[39M: Final Query: SELECT * FROM users WHERE 1=1 LIMIT 10 OFFSET 0
[2025-11-23T10:47:33.777Z] [32MINFO[39M: Query Params: 
[2025-11-23T10:47:33.791Z] [32MINFO[39M: 📥 [2025-11-23T10:47:33.791Z] GET /api/users?page=1&limit=10&search=
[2025-11-23T10:47:33.793Z] [32MINFO[39M: 4
[2025-11-23T10:47:33.793Z] [32MINFO[39M: Controller: getAllUsers called
[2025-11-23T10:47:33.794Z] [32MINFO[39M: Final Query: SELECT * FROM users WHERE 1=1 LIMIT 10 OFFSET 0
[2025-11-23T10:47:33.794Z] [32MINFO[39M: Query Params: 
[2025-11-23T10:49:07.066Z] [32MINFO[39M: 📥 [2025-11-23T10:49:07.066Z] OPTIONS /api/users?page=1&limit=10&search=&is_blocked=0
[2025-11-23T10:49:07.098Z] [32MINFO[39M: 📥 [2025-11-23T10:49:07.098Z] GET /api/users?page=1&limit=10&search=&is_blocked=0
[2025-11-23T10:49:07.101Z] [32MINFO[39M: 4
[2025-11-23T10:49:07.101Z] [32MINFO[39M: Controller: getAllUsers called
[2025-11-23T10:49:07.101Z] [32MINFO[39M: Final Query: SELECT * FROM users WHERE 1=1 AND is_blocked = ? LIMIT 10 OFFSET 0
[2025-11-23T10:49:07.101Z] [32MINFO[39M: Query Params: 0
[2025-11-23T10:49:09.122Z] [32MINFO[39M: 📥 [2025-11-23T10:49:09.122Z] OPTIONS /api/users?page=1&limit=10&search=&is_blocked=1
[2025-11-23T10:49:09.367Z] [32MINFO[39M: 📥 [2025-11-23T10:49:09.367Z] GET /api/users?page=1&limit=10&search=&is_blocked=1
[2025-11-23T10:49:09.370Z] [32MINFO[39M: 4
[2025-11-23T10:49:09.370Z] [32MINFO[39M: Controller: getAllUsers called
[2025-11-23T10:49:09.370Z] [32MINFO[39M: Final Query: SELECT * FROM users WHERE 1=1 AND is_blocked = ? LIMIT 10 OFFSET 0
[2025-11-23T10:49:09.370Z] [32MINFO[39M: Query Params: 1
[2025-11-23T10:49:11.131Z] [32MINFO[39M: 📥 [2025-11-23T10:49:11.131Z] OPTIONS /api/users?page=1&limit=10&search=
[2025-11-23T10:49:11.154Z] [32MINFO[39M: 📥 [2025-11-23T10:49:11.154Z] GET /api/users?page=1&limit=10&search=
[2025-11-23T10:49:11.157Z] [32MINFO[39M: 4
[2025-11-23T10:49:11.157Z] [32MINFO[39M: Controller: getAllUsers called
[2025-11-23T10:49:11.157Z] [32MINFO[39M: Final Query: SELECT * FROM users WHERE 1=1 LIMIT 10 OFFSET 0
[2025-11-23T10:49:11.158Z] [32MINFO[39M: Query Params: 
[2025-11-23T10:49:43.364Z] [32MINFO[39M: 📥 [2025-11-23T10:49:43.364Z] OPTIONS /api/users?page=1&limit=5&search=
[2025-11-23T10:49:43.380Z] [32MINFO[39M: 📥 [2025-11-23T10:49:43.380Z] GET /api/users?page=1&limit=5&search=
[2025-11-23T10:49:43.383Z] [32MINFO[39M: 4
[2025-11-23T10:49:43.383Z] [32MINFO[39M: Controller: getAllUsers called
[2025-11-23T10:49:43.383Z] [32MINFO[39M: Final Query: SELECT * FROM users WHERE 1=1 LIMIT 5 OFFSET 0
[2025-11-23T10:49:43.383Z] [32MINFO[39M: Query Params: 
[2025-11-23T10:49:45.792Z] [32MINFO[39M: 📥 [2025-11-23T10:49:45.792Z] OPTIONS /api/users?page=1&limit=10&search=
[2025-11-23T10:49:45.804Z] [32MINFO[39M: 📥 [2025-11-23T10:49:45.804Z] GET /api/users?page=1&limit=10&search=
[2025-11-23T10:49:45.807Z] [32MINFO[39M: 4
[2025-11-23T10:49:45.808Z] [32MINFO[39M: Controller: getAllUsers called
[2025-11-23T10:49:45.808Z] [32MINFO[39M: Final Query: SELECT * FROM users WHERE 1=1 LIMIT 10 OFFSET 0
[2025-11-23T10:49:45.808Z] [32MINFO[39M: Query Params: 
[2025-11-23T10:49:48.735Z] [32MINFO[39M: 📥 [2025-11-23T10:49:48.735Z] OPTIONS /api/users?page=1&limit=20&search=
[2025-11-23T10:49:48.746Z] [32MINFO[39M: 📥 [2025-11-23T10:49:48.746Z] GET /api/users?page=1&limit=20&search=
[2025-11-23T10:49:48.749Z] [32MINFO[39M: 4
[2025-11-23T10:49:48.749Z] [32MINFO[39M: Controller: getAllUsers called
[2025-11-23T10:49:48.750Z] [32MINFO[39M: Final Query: SELECT * FROM users WHERE 1=1 LIMIT 20 OFFSET 0
[2025-11-23T10:49:48.750Z] [32MINFO[39M: Query Params: 
[2025-11-23T10:49:52.891Z] [32MINFO[39M: 📥 [2025-11-23T10:49:52.891Z] OPTIONS /api/users?page=1&limit=50&search=
[2025-11-23T10:49:52.909Z] [32MINFO[39M: 📥 [2025-11-23T10:49:52.909Z] GET /api/users?page=1&limit=50&search=
[2025-11-23T10:49:52.912Z] [32MINFO[39M: 4
[2025-11-23T10:49:52.913Z] [32MINFO[39M: Controller: getAllUsers called
[2025-11-23T10:49:52.913Z] [32MINFO[39M: Final Query: SELECT * FROM users WHERE 1=1 LIMIT 50 OFFSET 0
[2025-11-23T10:49:52.913Z] [32MINFO[39M: Query Params: 
[2025-11-23T10:49:55.346Z] [32MINFO[39M: 📥 [2025-11-23T10:49:55.346Z] OPTIONS /api/users?page=1&limit=10&search=
[2025-11-23T10:49:55.359Z] [32MINFO[39M: 📥 [2025-11-23T10:49:55.359Z] GET /api/users?page=1&limit=10&search=
[2025-11-23T10:49:55.362Z] [32MINFO[39M: 4
[2025-11-23T10:49:55.362Z] [32MINFO[39M: Controller: getAllUsers called
[2025-11-23T10:49:55.362Z] [32MINFO[39M: Final Query: SELECT * FROM users WHERE 1=1 LIMIT 10 OFFSET 0
[2025-11-23T10:49:55.362Z] [32MINFO[39M: Query Params: 
[2025-11-23T10:50:02.769Z] [32MINFO[39M: 📥 [2025-11-23T10:50:02.769Z] OPTIONS /api/businesses?isVerified=true&page=1&limit=10
[2025-11-23T10:50:02.792Z] [32MINFO[39M: 📥 [2025-11-23T10:50:02.792Z] OPTIONS /api/businesses?isVerified=true&page=1&limit=10
[2025-11-23T10:50:02.801Z] [32MINFO[39M: 📥 [2025-11-23T10:50:02.801Z] GET /api/businesses?isVerified=true&page=1&limit=10
[2025-11-23T10:50:02.803Z] [32MINFO[39M: Fetching businesses with params: {"page":1,"limit":10,"verified":1}
[2025-11-23T10:50:02.824Z] [32MINFO[39M: 📥 [2025-11-23T10:50:02.824Z] GET /api/businesses?isVerified=true&page=1&limit=10
[2025-11-23T10:50:02.824Z] [32MINFO[39M: Fetching businesses with params: {"page":1,"limit":10,"verified":1}
[2025-11-23T10:50:13.962Z] [32MINFO[39M: 📥 [2025-11-23T10:50:13.962Z] OPTIONS /api/businesses/admin/pending?businesses=true
[2025-11-23T10:50:13.963Z] [32MINFO[39M: 📥 [2025-11-23T10:50:13.963Z] OPTIONS /api/businesses/admin/pending?businesses=true
[2025-11-23T10:50:13.981Z] [32MINFO[39M: 📥 [2025-11-23T10:50:13.980Z] GET /api/businesses/admin/pending?businesses=true
[2025-11-23T10:50:13.984Z] [32MINFO[39M: 4
[2025-11-23T10:50:13.987Z] [32MINFO[39M: 4
[2025-11-23T10:50:13.992Z] [32MINFO[39M: Fetched pending updates: 2
[2025-11-23T10:50:14.038Z] [32MINFO[39M: 📥 [2025-11-23T10:50:14.038Z] GET /api/businesses/admin/pending?businesses=true
[2025-11-23T10:50:14.041Z] [32MINFO[39M: 4
[2025-11-23T10:50:14.044Z] [32MINFO[39M: 4
[2025-11-23T10:50:14.049Z] [32MINFO[39M: Fetched pending updates: 2
[2025-11-23T10:50:15.935Z] [32MINFO[39M: 📥 [2025-11-23T10:50:15.935Z] OPTIONS /api/users?page=1&limit=10&search=
[2025-11-23T10:50:15.936Z] [32MINFO[39M: 📥 [2025-11-23T10:50:15.936Z] OPTIONS /api/users?page=1&limit=10&search=
[2025-11-23T10:50:15.975Z] [32MINFO[39M: 📥 [2025-11-23T10:50:15.975Z] GET /api/users?page=1&limit=10&search=
[2025-11-23T10:50:15.978Z] [32MINFO[39M: 4
[2025-11-23T10:50:15.978Z] [32MINFO[39M: Controller: getAllUsers called
[2025-11-23T10:50:15.978Z] [32MINFO[39M: Final Query: SELECT * FROM users WHERE 1=1 LIMIT 10 OFFSET 0
[2025-11-23T10:50:15.978Z] [32MINFO[39M: Query Params: 
[2025-11-23T10:50:16.231Z] [32MINFO[39M: 📥 [2025-11-23T10:50:16.231Z] GET /api/users?page=1&limit=10&search=
[2025-11-23T10:50:16.233Z] [32MINFO[39M: 4
[2025-11-23T10:50:16.234Z] [32MINFO[39M: Controller: getAllUsers called
[2025-11-23T10:50:16.234Z] [32MINFO[39M: Final Query: SELECT * FROM users WHERE 1=1 LIMIT 10 OFFSET 0
[2025-11-23T10:50:16.234Z] [32MINFO[39M: Query Params: 
[2025-11-23T10:50:52.943Z] [32MINFO[39M: 📥 [2025-11-23T10:50:52.943Z] OPTIONS /api/subadmin?page=1&limit=10&search=
[2025-11-23T10:50:52.945Z] [32MINFO[39M: 📥 [2025-11-23T10:50:52.945Z] OPTIONS /api/subadmin?page=1&limit=10&search=
[2025-11-23T10:50:52.955Z] [32MINFO[39M: 📥 [2025-11-23T10:50:52.955Z] GET /api/subadmin?page=1&limit=10&search=
[2025-11-23T10:50:53.186Z] [32MINFO[39M: 📥 [2025-11-23T10:50:53.186Z] GET /api/subadmin?page=1&limit=10&search=
[2025-11-23T10:50:57.226Z] [32MINFO[39M: 📥 [2025-11-23T10:50:57.226Z] OPTIONS /api/businesses/admin/pending?businesses=true
[2025-11-23T10:50:57.227Z] [32MINFO[39M: 📥 [2025-11-23T10:50:57.227Z] OPTIONS /api/businesses/admin/pending?businesses=true
[2025-11-23T10:50:57.254Z] [32MINFO[39M: 📥 [2025-11-23T10:50:57.254Z] GET /api/businesses/admin/pending?businesses=true
[2025-11-23T10:50:57.256Z] [32MINFO[39M: 4
[2025-11-23T10:50:57.259Z] [32MINFO[39M: 4
[2025-11-23T10:50:57.264Z] [32MINFO[39M: Fetched pending updates: 2
[2025-11-23T10:50:57.283Z] [32MINFO[39M: 📥 [2025-11-23T10:50:57.283Z] GET /api/businesses/admin/pending?businesses=true
[2025-11-23T10:50:57.286Z] [32MINFO[39M: 4
[2025-11-23T10:50:57.288Z] [32MINFO[39M: 4
[2025-11-23T10:50:57.294Z] [32MINFO[39M: Fetched pending updates: 2
[2025-11-23T10:51:20.870Z] [32MINFO[39M: 📥 [2025-11-23T10:51:20.870Z] OPTIONS /api/count/webview
[2025-11-23T10:51:20.871Z] [32MINFO[39M: 📥 [2025-11-23T10:51:20.871Z] OPTIONS /api/categories
[2025-11-23T10:51:20.872Z] [32MINFO[39M: 📥 [2025-11-23T10:51:20.872Z] OPTIONS /api/count/webview
[2025-11-23T10:51:20.872Z] [32MINFO[39M: 📥 [2025-11-23T10:51:20.872Z] OPTIONS /api/categories
[2025-11-23T10:51:20.879Z] [32MINFO[39M: 📥 [2025-11-23T10:51:20.879Z] GET /api/count/webview
[2025-11-23T10:51:20.880Z] [32MINFO[39M: 📥 [2025-11-23T10:51:20.880Z] GET /api/categories
[2025-11-23T10:51:20.893Z] [32MINFO[39M: 📥 [2025-11-23T10:51:20.893Z] GET /api/count/webview
[2025-11-23T10:51:20.919Z] [32MINFO[39M: 📥 [2025-11-23T10:51:20.918Z] GET /api/categories
[2025-11-23T10:51:49.349Z] [32MINFO[39M: 📥 [2025-11-23T10:51:49.349Z] OPTIONS /api/otp/send
[2025-11-23T10:51:49.370Z] [32MINFO[39M: 📥 [2025-11-23T10:51:49.370Z] POST /api/otp/send
[2025-11-23T10:51:49.371Z] [32MINFO[39M: Received from frontend: [object Object]
[2025-11-23T10:51:49.372Z] [32MINFO[39M: Generated OTP for 9967853969: 838743
[2025-11-23T10:51:55.978Z] [32MINFO[39M: 📥 [2025-11-23T10:51:55.978Z] OPTIONS /api/otp/verify
[2025-11-23T10:51:55.994Z] [32MINFO[39M: 📥 [2025-11-23T10:51:55.994Z] POST /api/otp/verify
[2025-11-23T10:51:55.995Z] [32MINFO[39M: Received in verifyOTP: [object Object]
[2025-11-23T10:52:16.715Z] [32MINFO[39M: 📥 [2025-11-23T10:52:16.715Z] OPTIONS /api/businesses?isVerified=false&page=1&limit=10
[2025-11-23T10:52:16.716Z] [32MINFO[39M: 📥 [2025-11-23T10:52:16.716Z] OPTIONS /api/businesses?isVerified=false&page=1&limit=10
[2025-11-23T10:52:16.749Z] [32MINFO[39M: 📥 [2025-11-23T10:52:16.749Z] GET /api/businesses?isVerified=false&page=1&limit=10
[2025-11-23T10:52:16.749Z] [32MINFO[39M: Fetching businesses with params: {"page":1,"limit":10,"verified":0}
[2025-11-23T10:52:16.767Z] [32MINFO[39M: 📥 [2025-11-23T10:52:16.767Z] GET /api/businesses?isVerified=false&page=1&limit=10
[2025-11-23T10:52:16.768Z] [32MINFO[39M: Fetching businesses with params: {"page":1,"limit":10,"verified":0}
[2025-11-23T10:52:18.761Z] [32MINFO[39M: 📥 [2025-11-23T10:52:18.761Z] OPTIONS /api/businesses/verify/50
[2025-11-23T10:52:18.807Z] [32MINFO[39M: 📥 [2025-11-23T10:52:18.806Z] PUT /api/businesses/verify/50
[2025-11-23T10:52:18.807Z] [32MINFO[39M: [VERIFY] Attempting to verify business with ID: 50
[2025-11-23T10:52:18.812Z] [32MINFO[39M: [VERIFY] MySQL result: [object Object]
[2025-11-23T10:52:18.813Z] [32MINFO[39M: [VERIFY] Business with ID 50 verified successfully
[2025-11-23T10:52:24.912Z] [32MINFO[39M: 📥 [2025-11-23T10:52:24.912Z] OPTIONS /api/subadmin?page=1&limit=10&search=
[2025-11-23T10:52:24.913Z] [32MINFO[39M: 📥 [2025-11-23T10:52:24.913Z] OPTIONS /api/subadmin?page=1&limit=10&search=
[2025-11-23T10:52:24.929Z] [32MINFO[39M: 📥 [2025-11-23T10:52:24.929Z] GET /api/subadmin?page=1&limit=10&search=
[2025-11-23T10:52:24.939Z] [32MINFO[39M: 📥 [2025-11-23T10:52:24.939Z] GET /api/subadmin?page=1&limit=10&search=
[2025-11-23T10:52:27.674Z] [32MINFO[39M: 📥 [2025-11-23T10:52:27.674Z] GET /api/subadmin?page=1&limit=10&search=
[2025-11-23T10:52:27.684Z] [32MINFO[39M: 📥 [2025-11-23T10:52:27.684Z] GET /api/subadmin?page=1&limit=10&search=
[2025-11-23T10:52:28.940Z] [32MINFO[39M: 📥 [2025-11-23T10:52:28.940Z] OPTIONS /api/businesses/admin/pending?businesses=true
[2025-11-23T10:52:28.941Z] [32MINFO[39M: 📥 [2025-11-23T10:52:28.941Z] OPTIONS /api/businesses/admin/pending?businesses=true
[2025-11-23T10:52:28.949Z] [32MINFO[39M: 📥 [2025-11-23T10:52:28.949Z] GET /api/businesses/admin/pending?businesses=true
[2025-11-23T10:52:28.952Z] [32MINFO[39M: 1
[2025-11-23T10:52:28.954Z] [32MINFO[39M: 1
[2025-11-23T10:52:28.958Z] [32MINFO[39M: Fetched pending updates: 2
[2025-11-23T10:52:28.963Z] [32MINFO[39M: 📥 [2025-11-23T10:52:28.963Z] GET /api/businesses/admin/pending?businesses=true
[2025-11-23T10:52:28.965Z] [32MINFO[39M: 1
[2025-11-23T10:52:28.967Z] [32MINFO[39M: 1
[2025-11-23T10:52:28.970Z] [32MINFO[39M: Fetched pending updates: 2
[2025-11-23T10:52:40.952Z] [32MINFO[39M: 📥 [2025-11-23T10:52:40.952Z] GET /api/count/webview
[2025-11-23T10:52:40.953Z] [32MINFO[39M: 📥 [2025-11-23T10:52:40.953Z] GET /api/categories
[2025-11-23T10:52:40.996Z] [32MINFO[39M: 📥 [2025-11-23T10:52:40.996Z] GET /api/count/webview
[2025-11-23T10:52:40.998Z] [32MINFO[39M: 📥 [2025-11-23T10:52:40.998Z] GET /api/categories
[2025-11-23T10:52:45.729Z] [32MINFO[39M: 📥 [2025-11-23T10:52:45.729Z] GET /api/count/webview
[2025-11-23T10:52:45.730Z] [32MINFO[39M: 📥 [2025-11-23T10:52:45.730Z] GET /api/categories
[2025-11-23T10:52:45.744Z] [32MINFO[39M: 📥 [2025-11-23T10:52:45.744Z] GET /api/categories
[2025-11-23T10:52:45.745Z] [32MINFO[39M: 📥 [2025-11-23T10:52:45.745Z] GET /api/count/webview
