[2025-11-06T05:30:51.714Z] [32MINFO[39M:  Server running on port  http://localhost:5004
[2025-11-06T05:30:51.733Z] [32MINFO[39M: MySQL Database Connected
[2025-11-06T05:32:30.745Z] [32MINFO[39M: 📥 [2025-11-06T05:32:30.745Z] OPTIONS /api/count/webview
[2025-11-06T05:32:30.844Z] [32MINFO[39M: 📥 [2025-11-06T05:32:30.844Z] OPTIONS /api/categories
[2025-11-06T05:32:30.846Z] [32MINFO[39M: 📥 [2025-11-06T05:32:30.846Z] OPTIONS /api/count/webview
[2025-11-06T05:32:30.847Z] [32MINFO[39M: 📥 [2025-11-06T05:32:30.847Z] OPTIONS /api/categories
[2025-11-06T05:33:07.990Z] [32MINFO[39M: 📥 [2025-11-06T05:33:07.990Z] OPTIONS /api/count/webview
[2025-11-06T05:33:07.995Z] [32MINFO[39M: 📥 [2025-11-06T05:33:07.995Z] OPTIONS /api/categories
[2025-11-06T05:33:07.999Z] [32MINFO[39M: 📥 [2025-11-06T05:33:07.999Z] OPTIONS /api/count/webview
[2025-11-06T05:33:08.002Z] [32MINFO[39M: 📥 [2025-11-06T05:33:08.002Z] OPTIONS /api/categories
[2025-11-06T05:33:40.716Z] [32MINFO[39M: 📥 [2025-11-06T05:33:40.716Z] OPTIONS /api/count/webview
[2025-11-06T05:33:40.718Z] [32MINFO[39M: 📥 [2025-11-06T05:33:40.718Z] OPTIONS /api/categories
[2025-11-06T05:33:40.719Z] [32MINFO[39M: 📥 [2025-11-06T05:33:40.719Z] OPTIONS /api/count/webview
[2025-11-06T05:33:40.720Z] [32MINFO[39M: 📥 [2025-11-06T05:33:40.720Z] OPTIONS /api/categories
[2025-11-06T05:33:56.473Z] [32MINFO[39M: 📥 [2025-11-06T05:33:56.473Z] OPTIONS /api/count/webview
[2025-11-06T05:33:56.474Z] [32MINFO[39M: 📥 [2025-11-06T05:33:56.474Z] OPTIONS /api/categories
[2025-11-06T05:33:56.477Z] [32MINFO[39M: 📥 [2025-11-06T05:33:56.477Z] OPTIONS /api/count/webview
[2025-11-06T05:33:56.479Z] [32MINFO[39M: 📥 [2025-11-06T05:33:56.479Z] OPTIONS /api/categories
[2025-11-06T05:33:56.499Z] [32MINFO[39M: 📥 [2025-11-06T05:33:56.499Z] GET /api/categories
[2025-11-06T05:33:56.506Z] [32MINFO[39M: 📥 [2025-11-06T05:33:56.506Z] GET /api/count/webview
[2025-11-06T05:33:56.538Z] [32MINFO[39M: 📥 [2025-11-06T05:33:56.538Z] GET /api/count/webview
[2025-11-06T05:33:56.548Z] [32MINFO[39M: 📥 [2025-11-06T05:33:56.548Z] GET /api/categories
[2025-11-06T05:36:40.492Z] [32MINFO[39M: 📥 [2025-11-06T05:36:40.492Z] GET /api/count/webview
[2025-11-06T05:36:40.493Z] [32MINFO[39M: 📥 [2025-11-06T05:36:40.493Z] GET /api/categories
[2025-11-06T05:36:40.498Z] [32MINFO[39M: 📥 [2025-11-06T05:36:40.498Z] GET /api/count/webview
[2025-11-06T05:36:40.512Z] [32MINFO[39M: 📥 [2025-11-06T05:36:40.512Z] GET /api/categories
[2025-11-06T05:36:50.883Z] [32MINFO[39M: 📥 [2025-11-06T05:36:50.883Z] GET /api/count/webview
[2025-11-06T05:36:50.886Z] [32MINFO[39M: 📥 [2025-11-06T05:36:50.886Z] GET /api/categories
[2025-11-06T05:36:50.892Z] [32MINFO[39M: 📥 [2025-11-06T05:36:50.892Z] GET /api/count/webview
[2025-11-06T05:36:50.902Z] [32MINFO[39M: 📥 [2025-11-06T05:36:50.902Z] GET /api/categories
[2025-11-06T05:37:10.611Z] [32MINFO[39M: 📥 [2025-11-06T05:37:10.611Z] OPTIONS /api/otp/send
[2025-11-06T05:37:48.531Z] [32MINFO[39M: 📥 [2025-11-06T05:37:48.531Z] GET /api/count/webview
[2025-11-06T05:37:48.540Z] [32MINFO[39M: 📥 [2025-11-06T05:37:48.540Z] GET /api/count/webview
[2025-11-06T05:37:55.395Z] [32MINFO[39M: 📥 [2025-11-06T05:37:55.395Z] OPTIONS /api/otp/send
[2025-11-06T05:37:55.418Z] [32MINFO[39M: 📥 [2025-11-06T05:37:55.418Z] POST /api/otp/send
[2025-11-06T05:37:55.419Z] [32MINFO[39M: Received from frontend: [object Object]
[2025-11-06T05:37:55.420Z] [32MINFO[39M: Generated OTP for 9967853969: 674556
[2025-11-06T05:38:05.868Z] [32MINFO[39M: 📥 [2025-11-06T05:38:05.868Z] OPTIONS /api/otp/verify
[2025-11-06T05:38:06.008Z] [32MINFO[39M: 📥 [2025-11-06T05:38:06.008Z] POST /api/otp/verify
[2025-11-06T05:38:06.011Z] [32MINFO[39M: Received in verifyOTP: [object Object]
[2025-11-06T05:48:28.556Z] [32MINFO[39M: 📥 [2025-11-06T05:48:28.556Z] OPTIONS /api/count/webview
[2025-11-06T05:48:28.561Z] [32MINFO[39M: 📥 [2025-11-06T05:48:28.561Z] OPTIONS /api/categories
[2025-11-06T05:48:28.562Z] [32MINFO[39M: 📥 [2025-11-06T05:48:28.562Z] OPTIONS /api/count/webview
[2025-11-06T05:48:28.563Z] [32MINFO[39M: 📥 [2025-11-06T05:48:28.563Z] OPTIONS /api/categories
[2025-11-06T05:48:28.586Z] [32MINFO[39M: 📥 [2025-11-06T05:48:28.586Z] GET /api/count/webview
[2025-11-06T05:48:28.591Z] [32MINFO[39M: 📥 [2025-11-06T05:48:28.591Z] GET /api/categories
[2025-11-06T05:48:28.599Z] [32MINFO[39M: 📥 [2025-11-06T05:48:28.599Z] GET /api/count/webview
[2025-11-06T05:48:28.606Z] [32MINFO[39M: 📥 [2025-11-06T05:48:28.606Z] GET /api/categories
[2025-11-06T05:48:33.461Z] [32MINFO[39M: 📥 [2025-11-06T05:48:33.461Z] GET /api/categories
[2025-11-06T05:48:33.463Z] [32MINFO[39M: 📥 [2025-11-06T05:48:33.463Z] GET /api/count/webview
[2025-11-06T05:48:33.469Z] [32MINFO[39M: 📥 [2025-11-06T05:48:33.469Z] GET /api/count/webview
[2025-11-06T05:48:33.472Z] [32MINFO[39M: 📥 [2025-11-06T05:48:33.472Z] GET /api/categories
[2025-11-06T05:48:41.719Z] [32MINFO[39M: 📥 [2025-11-06T05:48:41.719Z] OPTIONS /api/otp/send
[2025-11-06T05:48:41.727Z] [32MINFO[39M: 📥 [2025-11-06T05:48:41.727Z] POST /api/otp/send
[2025-11-06T05:48:41.727Z] [32MINFO[39M: Received from frontend: [object Object]
[2025-11-06T05:48:41.728Z] [32MINFO[39M: Generated OTP for 8451060827: 310949
[2025-11-06T05:48:48.487Z] [32MINFO[39M: 📥 [2025-11-06T05:48:48.487Z] OPTIONS /api/otp/verify
[2025-11-06T05:48:48.878Z] [32MINFO[39M: 📥 [2025-11-06T05:48:48.877Z] POST /api/otp/verify
[2025-11-06T05:48:48.878Z] [32MINFO[39M: Received in verifyOTP: [object Object]
[2025-11-06T05:50:57.189Z] [32MINFO[39M: 📥 [2025-11-06T05:50:57.189Z] OPTIONS /api/count/webview
[2025-11-06T05:50:57.192Z] [32MINFO[39M: 📥 [2025-11-06T05:50:57.192Z] OPTIONS /api/categories
[2025-11-06T05:50:57.193Z] [32MINFO[39M: 📥 [2025-11-06T05:50:57.193Z] OPTIONS /api/count/webview
[2025-11-06T05:50:57.196Z] [32MINFO[39M: 📥 [2025-11-06T05:50:57.196Z] OPTIONS /api/categories
[2025-11-06T05:50:57.207Z] [32MINFO[39M: 📥 [2025-11-06T05:50:57.207Z] GET /api/count/webview
[2025-11-06T05:50:57.215Z] [32MINFO[39M: 📥 [2025-11-06T05:50:57.215Z] GET /api/categories
[2025-11-06T05:50:57.218Z] [32MINFO[39M: 📥 [2025-11-06T05:50:57.218Z] GET /api/count/webview
[2025-11-06T05:50:57.226Z] [32MINFO[39M: 📥 [2025-11-06T05:50:57.226Z] GET /api/categories
[2025-11-06T05:51:03.534Z] [32MINFO[39M: 📥 [2025-11-06T05:51:03.534Z] OPTIONS /api/otp/send
[2025-11-06T05:51:03.541Z] [32MINFO[39M: 📥 [2025-11-06T05:51:03.541Z] POST /api/otp/send
[2025-11-06T05:51:03.542Z] [32MINFO[39M: Received from frontend: [object Object]
[2025-11-06T05:51:03.542Z] [32MINFO[39M: Generated OTP for 8451060827: 892223
[2025-11-06T05:51:10.179Z] [32MINFO[39M: 📥 [2025-11-06T05:51:10.179Z] OPTIONS /api/otp/verify
[2025-11-06T05:51:10.187Z] [32MINFO[39M: 📥 [2025-11-06T05:51:10.187Z] POST /api/otp/verify
[2025-11-06T05:51:10.188Z] [32MINFO[39M: Received in verifyOTP: [object Object]
[2025-11-06T06:06:25.519Z] [32MINFO[39M: 📥 [2025-11-06T06:06:25.519Z] OPTIONS /api/users?page=1&limit=10&search=
[2025-11-06T06:06:25.520Z] [32MINFO[39M: 📥 [2025-11-06T06:06:25.520Z] OPTIONS /api/users?page=1&limit=10&search=
[2025-11-06T06:06:25.556Z] [32MINFO[39M: 📥 [2025-11-06T06:06:25.556Z] GET /api/users?page=1&limit=10&search=
[2025-11-06T06:06:25.565Z] [32MINFO[39M: Controller: getAllUsers called
[2025-11-06T06:06:25.565Z] [32MINFO[39M: Final Query: SELECT * FROM users WHERE 1=1 LIMIT 10 OFFSET 0
[2025-11-06T06:06:25.565Z] [32MINFO[39M: Query Params: 
[2025-11-06T06:06:25.587Z] [32MINFO[39M: 📥 [2025-11-06T06:06:25.586Z] GET /api/users?page=1&limit=10&search=
[2025-11-06T06:06:25.589Z] [32MINFO[39M: Controller: getAllUsers called
[2025-11-06T06:06:25.590Z] [32MINFO[39M: Final Query: SELECT * FROM users WHERE 1=1 LIMIT 10 OFFSET 0
[2025-11-06T06:06:25.590Z] [32MINFO[39M: Query Params: 
[2025-11-06T06:06:28.620Z] [32MINFO[39M: 📥 [2025-11-06T06:06:28.619Z] OPTIONS /api/users
[2025-11-06T06:06:28.623Z] [32MINFO[39M: 📥 [2025-11-06T06:06:28.623Z] OPTIONS /api/users
[2025-11-06T06:06:28.731Z] [32MINFO[39M: 📥 [2025-11-06T06:06:28.731Z] GET /api/users
[2025-11-06T06:06:28.735Z] [32MINFO[39M: Controller: getAllUsers called
[2025-11-06T06:06:28.735Z] [32MINFO[39M: Final Query: SELECT * FROM users WHERE 1=1 LIMIT 10 OFFSET 0
[2025-11-06T06:06:28.736Z] [32MINFO[39M: Query Params: 
[2025-11-06T06:06:28.746Z] [32MINFO[39M: 📥 [2025-11-06T06:06:28.746Z] GET /api/users
[2025-11-06T06:06:28.750Z] [32MINFO[39M: Controller: getAllUsers called
[2025-11-06T06:06:28.750Z] [32MINFO[39M: Final Query: SELECT * FROM users WHERE 1=1 LIMIT 10 OFFSET 0
[2025-11-06T06:06:28.750Z] [32MINFO[39M: Query Params: 
[2025-11-06T06:06:32.883Z] [32MINFO[39M: 📥 [2025-11-06T06:06:32.883Z] OPTIONS /api/business?category=admin&subcategory=reviews
[2025-11-06T06:06:32.884Z] [32MINFO[39M: 📥 [2025-11-06T06:06:32.884Z] OPTIONS /api/count/webview
[2025-11-06T06:06:32.895Z] [32MINFO[39M: 📥 [2025-11-06T06:06:32.895Z] OPTIONS /api/count/webview
[2025-11-06T06:06:32.896Z] [32MINFO[39M: 📥 [2025-11-06T06:06:32.896Z] OPTIONS /api/business?category=admin&subcategory=reviews
[2025-11-06T06:06:32.921Z] [32MINFO[39M: 📥 [2025-11-06T06:06:32.921Z] GET /api/business?category=admin&subcategory=reviews
[2025-11-06T06:06:32.924Z] [32MINFO[39M: 📥 [2025-11-06T06:06:32.924Z] GET /api/count/webview
[2025-11-06T06:06:32.929Z] [32MINFO[39M: 📥 [2025-11-06T06:06:32.929Z] GET /api/business?category=admin&subcategory=reviews
[2025-11-06T06:06:32.935Z] [32MINFO[39M: 📥 [2025-11-06T06:06:32.935Z] GET /api/count/webview
[2025-11-06T06:07:16.817Z] [32MINFO[39M: 📥 [2025-11-06T06:07:16.817Z] OPTIONS /api/users?page=1&limit=10&search=
[2025-11-06T06:07:16.818Z] [32MINFO[39M: 📥 [2025-11-06T06:07:16.818Z] OPTIONS /api/users?page=1&limit=10&search=
[2025-11-06T06:07:16.826Z] [32MINFO[39M: 📥 [2025-11-06T06:07:16.826Z] GET /api/users?page=1&limit=10&search=
[2025-11-06T06:07:16.829Z] [32MINFO[39M: Controller: getAllUsers called
[2025-11-06T06:07:16.829Z] [32MINFO[39M: Final Query: SELECT * FROM users WHERE 1=1 LIMIT 10 OFFSET 0
[2025-11-06T06:07:16.830Z] [32MINFO[39M: Query Params: 
[2025-11-06T06:07:16.838Z] [32MINFO[39M: 📥 [2025-11-06T06:07:16.838Z] GET /api/users?page=1&limit=10&search=
[2025-11-06T06:07:16.840Z] [32MINFO[39M: Controller: getAllUsers called
[2025-11-06T06:07:16.840Z] [32MINFO[39M: Final Query: SELECT * FROM users WHERE 1=1 LIMIT 10 OFFSET 0
[2025-11-06T06:07:16.841Z] [32MINFO[39M: Query Params: 
[2025-11-06T06:08:31.701Z] [32MINFO[39M: 📥 [2025-11-06T06:08:31.701Z] OPTIONS /api/count/webview
[2025-11-06T06:08:31.702Z] [32MINFO[39M: 📥 [2025-11-06T06:08:31.702Z] OPTIONS /api/categories
[2025-11-06T06:08:31.702Z] [32MINFO[39M: 📥 [2025-11-06T06:08:31.702Z] OPTIONS /api/categories
[2025-11-06T06:08:31.703Z] [32MINFO[39M: 📥 [2025-11-06T06:08:31.703Z] OPTIONS /api/count/webview
[2025-11-06T06:08:31.753Z] [32MINFO[39M: 📥 [2025-11-06T06:08:31.753Z] GET /api/count/webview
[2025-11-06T06:08:31.754Z] [32MINFO[39M: 📥 [2025-11-06T06:08:31.754Z] GET /api/categories
[2025-11-06T06:08:31.761Z] [32MINFO[39M: 📥 [2025-11-06T06:08:31.760Z] GET /api/count/webview
[2025-11-06T06:08:31.773Z] [32MINFO[39M: 📥 [2025-11-06T06:08:31.773Z] GET /api/categories
[2025-11-06T06:08:41.147Z] [32MINFO[39M: 📥 [2025-11-06T06:08:41.147Z] OPTIONS /api/otp/send
[2025-11-06T06:08:41.152Z] [32MINFO[39M: 📥 [2025-11-06T06:08:41.152Z] POST /api/otp/send
[2025-11-06T06:08:41.154Z] [32MINFO[39M: Received from frontend: [object Object]
[2025-11-06T06:08:41.154Z] [32MINFO[39M: Generated OTP for 9967853969: 679053
[2025-11-06T06:08:49.290Z] [32MINFO[39M: 📥 [2025-11-06T06:08:49.290Z] OPTIONS /api/otp/verify
[2025-11-06T06:08:49.296Z] [32MINFO[39M: 📥 [2025-11-06T06:08:49.296Z] POST /api/otp/verify
[2025-11-06T06:08:49.297Z] [32MINFO[39M: Received in verifyOTP: [object Object]
[2025-11-06T06:08:53.466Z] [32MINFO[39M: 📥 [2025-11-06T06:08:53.466Z] OPTIONS /api/users?page=1&limit=10&search=
[2025-11-06T06:08:53.522Z] [32MINFO[39M: 📥 [2025-11-06T06:08:53.521Z] OPTIONS /api/users?page=1&limit=10&search=
[2025-11-06T06:08:53.532Z] [32MINFO[39M: 📥 [2025-11-06T06:08:53.532Z] GET /api/users?page=1&limit=10&search=
[2025-11-06T06:08:53.535Z] [32MINFO[39M: Controller: getAllUsers called
[2025-11-06T06:08:53.535Z] [32MINFO[39M: Final Query: SELECT * FROM users WHERE 1=1 LIMIT 10 OFFSET 0
[2025-11-06T06:08:53.535Z] [32MINFO[39M: Query Params: 
[2025-11-06T06:08:53.542Z] [32MINFO[39M: 📥 [2025-11-06T06:08:53.542Z] GET /api/users?page=1&limit=10&search=
[2025-11-06T06:08:53.544Z] [32MINFO[39M: Controller: getAllUsers called
[2025-11-06T06:08:53.544Z] [32MINFO[39M: Final Query: SELECT * FROM users WHERE 1=1 LIMIT 10 OFFSET 0
[2025-11-06T06:08:53.544Z] [32MINFO[39M: Query Params: 
[2025-11-06T06:08:55.123Z] [32MINFO[39M: 📥 [2025-11-06T06:08:55.123Z] OPTIONS /api/users
[2025-11-06T06:08:55.123Z] [32MINFO[39M: 📥 [2025-11-06T06:08:55.123Z] OPTIONS /api/users
[2025-11-06T06:08:55.158Z] [32MINFO[39M: 📥 [2025-11-06T06:08:55.158Z] GET /api/users
[2025-11-06T06:08:55.161Z] [32MINFO[39M: Controller: getAllUsers called
[2025-11-06T06:08:55.161Z] [32MINFO[39M: Final Query: SELECT * FROM users WHERE 1=1 LIMIT 10 OFFSET 0
[2025-11-06T06:08:55.161Z] [32MINFO[39M: Query Params: 
[2025-11-06T06:08:55.179Z] [32MINFO[39M: 📥 [2025-11-06T06:08:55.179Z] GET /api/users
[2025-11-06T06:08:55.182Z] [32MINFO[39M: Controller: getAllUsers called
[2025-11-06T06:08:55.182Z] [32MINFO[39M: Final Query: SELECT * FROM users WHERE 1=1 LIMIT 10 OFFSET 0
[2025-11-06T06:08:55.182Z] [32MINFO[39M: Query Params: 
[2025-11-06T06:08:57.193Z] [32MINFO[39M: 📥 [2025-11-06T06:08:57.193Z] GET /api/users?page=1&limit=10&search=
[2025-11-06T06:08:57.195Z] [32MINFO[39M: Controller: getAllUsers called
[2025-11-06T06:08:57.195Z] [32MINFO[39M: Final Query: SELECT * FROM users WHERE 1=1 LIMIT 10 OFFSET 0
[2025-11-06T06:08:57.195Z] [32MINFO[39M: Query Params: 
[2025-11-06T06:08:57.214Z] [32MINFO[39M: 📥 [2025-11-06T06:08:57.214Z] GET /api/users?page=1&limit=10&search=
[2025-11-06T06:08:57.217Z] [32MINFO[39M: Controller: getAllUsers called
[2025-11-06T06:08:57.217Z] [32MINFO[39M: Final Query: SELECT * FROM users WHERE 1=1 LIMIT 10 OFFSET 0
[2025-11-06T06:08:57.217Z] [32MINFO[39M: Query Params: 
[2025-11-06T06:41:18.030Z] [32MINFO[39M: 📥 [2025-11-06T06:41:18.030Z] GET /api/users?page=1&limit=10&search=
[2025-11-06T06:41:18.037Z] [31MERROR[39M: Error validating token: Error: Authorization token missing or invalid
[2025-11-06T06:41:18.045Z] [32MINFO[39M: 📥 [2025-11-06T06:41:18.045Z] GET /api/users?page=1&limit=10&search=
[2025-11-06T06:41:18.046Z] [31MERROR[39M: Error validating token: Error: Authorization token missing or invalid
[2025-11-06T06:41:19.165Z] [32MINFO[39M: 📥 [2025-11-06T06:41:19.165Z] GET /api/count/webview
[2025-11-06T06:41:19.170Z] [32MINFO[39M: 📥 [2025-11-06T06:41:19.170Z] GET /api/categories
[2025-11-06T06:41:19.180Z] [32MINFO[39M: 📥 [2025-11-06T06:41:19.180Z] GET /api/count/webview
[2025-11-06T06:41:19.181Z] [32MINFO[39M: 📥 [2025-11-06T06:41:19.181Z] GET /api/categories
[2025-11-06T06:41:30.964Z] [32MINFO[39M: 📥 [2025-11-06T06:41:30.964Z] OPTIONS /api/otp/send
[2025-11-06T06:41:30.972Z] [32MINFO[39M: 📥 [2025-11-06T06:41:30.972Z] POST /api/otp/send
[2025-11-06T06:41:30.973Z] [32MINFO[39M: Received from frontend: [object Object]
[2025-11-06T06:41:30.974Z] [32MINFO[39M: Generated OTP for 8451060827: 458216
[2025-11-06T06:41:42.295Z] [32MINFO[39M: 📥 [2025-11-06T06:41:42.295Z] OPTIONS /api/otp/verify
[2025-11-06T06:41:42.302Z] [32MINFO[39M: 📥 [2025-11-06T06:41:42.302Z] POST /api/otp/verify
[2025-11-06T06:41:42.303Z] [32MINFO[39M: Received in verifyOTP: [object Object]
[2025-11-06T06:41:48.129Z] [32MINFO[39M: 📥 [2025-11-06T06:41:48.129Z] OPTIONS /api/users?page=1&limit=10&search=
[2025-11-06T06:41:48.131Z] [32MINFO[39M: 📥 [2025-11-06T06:41:48.131Z] OPTIONS /api/users?page=1&limit=10&search=
[2025-11-06T06:41:48.157Z] [32MINFO[39M: 📥 [2025-11-06T06:41:48.157Z] GET /api/users?page=1&limit=10&search=
[2025-11-06T06:41:48.162Z] [32MINFO[39M: Controller: getAllUsers called
[2025-11-06T06:41:48.162Z] [32MINFO[39M: Final Query: SELECT * FROM users WHERE 1=1 LIMIT 10 OFFSET 0
[2025-11-06T06:41:48.162Z] [32MINFO[39M: Query Params: 
[2025-11-06T06:41:48.182Z] [32MINFO[39M: 📥 [2025-11-06T06:41:48.181Z] GET /api/users?page=1&limit=10&search=
[2025-11-06T06:41:48.185Z] [32MINFO[39M: Controller: getAllUsers called
[2025-11-06T06:41:48.185Z] [32MINFO[39M: Final Query: SELECT * FROM users WHERE 1=1 LIMIT 10 OFFSET 0
[2025-11-06T06:41:48.185Z] [32MINFO[39M: Query Params: 
[2025-11-06T06:41:50.631Z] [32MINFO[39M: 📥 [2025-11-06T06:41:50.631Z] OPTIONS /api/users
[2025-11-06T06:41:50.633Z] [32MINFO[39M: 📥 [2025-11-06T06:41:50.632Z] OPTIONS /api/users
[2025-11-06T06:41:50.785Z] [32MINFO[39M: 📥 [2025-11-06T06:41:50.785Z] GET /api/users
[2025-11-06T06:41:50.789Z] [32MINFO[39M: Controller: getAllUsers called
[2025-11-06T06:41:50.789Z] [32MINFO[39M: Final Query: SELECT * FROM users WHERE 1=1 LIMIT 10 OFFSET 0
[2025-11-06T06:41:50.789Z] [32MINFO[39M: Query Params: 
[2025-11-06T06:41:50.806Z] [32MINFO[39M: 📥 [2025-11-06T06:41:50.806Z] GET /api/users
[2025-11-06T06:41:50.808Z] [32MINFO[39M: Controller: getAllUsers called
[2025-11-06T06:41:50.808Z] [32MINFO[39M: Final Query: SELECT * FROM users WHERE 1=1 LIMIT 10 OFFSET 0
[2025-11-06T06:41:50.808Z] [32MINFO[39M: Query Params: 
[2025-11-06T06:41:53.287Z] [32MINFO[39M: 📥 [2025-11-06T06:41:53.287Z] OPTIONS /api/count/webview
[2025-11-06T06:41:53.288Z] [32MINFO[39M: 📥 [2025-11-06T06:41:53.288Z] OPTIONS /api/business?category=admin&subcategory=reviews
[2025-11-06T06:41:53.305Z] [32MINFO[39M: 📥 [2025-11-06T06:41:53.305Z] OPTIONS /api/business?category=admin&subcategory=reviews
[2025-11-06T06:41:53.306Z] [32MINFO[39M: 📥 [2025-11-06T06:41:53.306Z] GET /api/count/webview
[2025-11-06T06:41:53.306Z] [32MINFO[39M: 📥 [2025-11-06T06:41:53.306Z] GET /api/business?category=admin&subcategory=reviews
[2025-11-06T06:41:53.312Z] [32MINFO[39M: 📥 [2025-11-06T06:41:53.312Z] OPTIONS /api/count/webview
[2025-11-06T06:41:53.340Z] [32MINFO[39M: 📥 [2025-11-06T06:41:53.340Z] GET /api/business?category=admin&subcategory=reviews
[2025-11-06T06:41:53.342Z] [32MINFO[39M: 📥 [2025-11-06T06:41:53.342Z] GET /api/count/webview
[2025-11-06T06:41:55.096Z] [32MINFO[39M: 📥 [2025-11-06T06:41:55.096Z] GET /api/users
[2025-11-06T06:41:55.099Z] [32MINFO[39M: Controller: getAllUsers called
[2025-11-06T06:41:55.099Z] [32MINFO[39M: Final Query: SELECT * FROM users WHERE 1=1 LIMIT 10 OFFSET 0
[2025-11-06T06:41:55.099Z] [32MINFO[39M: Query Params: 
[2025-11-06T06:41:55.111Z] [32MINFO[39M: 📥 [2025-11-06T06:41:55.111Z] GET /api/users
[2025-11-06T06:41:55.113Z] [32MINFO[39M: Controller: getAllUsers called
[2025-11-06T06:41:55.113Z] [32MINFO[39M: Final Query: SELECT * FROM users WHERE 1=1 LIMIT 10 OFFSET 0
[2025-11-06T06:41:55.113Z] [32MINFO[39M: Query Params: 
[2025-11-06T06:41:58.139Z] [32MINFO[39M: 📥 [2025-11-06T06:41:58.139Z] OPTIONS /api/subadmin?page=1&limit=10&search=
[2025-11-06T06:41:58.140Z] [32MINFO[39M: 📥 [2025-11-06T06:41:58.140Z] OPTIONS /api/subadmin?page=1&limit=10&search=
[2025-11-06T06:41:58.559Z] [32MINFO[39M: 📥 [2025-11-06T06:41:58.559Z] GET /api/subadmin?page=1&limit=10&search=
[2025-11-06T06:41:58.569Z] [32MINFO[39M: 📥 [2025-11-06T06:41:58.569Z] GET /api/subadmin?page=1&limit=10&search=
[2025-11-06T06:43:17.991Z] [32MINFO[39M: 📥 [2025-11-06T06:43:17.990Z] OPTIONS /api/subadmin?page=1&limit=10&search=
[2025-11-06T06:43:17.991Z] [32MINFO[39M: 📥 [2025-11-06T06:43:17.991Z] OPTIONS /api/subadmin?page=1&limit=10&search=
[2025-11-06T06:43:18.005Z] [32MINFO[39M: 📥 [2025-11-06T06:43:18.005Z] GET /api/subadmin?page=1&limit=10&search=
[2025-11-06T06:43:18.011Z] [32MINFO[39M: 📥 [2025-11-06T06:43:18.011Z] GET /api/subadmin?page=1&limit=10&search=
[2025-11-06T06:43:21.570Z] [32MINFO[39M: 📥 [2025-11-06T06:43:21.570Z] OPTIONS /api/users?page=1&limit=10&search=
[2025-11-06T06:43:21.573Z] [32MINFO[39M: 📥 [2025-11-06T06:43:21.573Z] OPTIONS /api/users?page=1&limit=10&search=
[2025-11-06T06:43:21.579Z] [32MINFO[39M: 📥 [2025-11-06T06:43:21.579Z] GET /api/users?page=1&limit=10&search=
[2025-11-06T06:43:21.582Z] [32MINFO[39M: Controller: getAllUsers called
[2025-11-06T06:43:21.582Z] [32MINFO[39M: Final Query: SELECT * FROM users WHERE 1=1 LIMIT 10 OFFSET 0
[2025-11-06T06:43:21.582Z] [32MINFO[39M: Query Params: 
[2025-11-06T06:43:21.597Z] [32MINFO[39M: 📥 [2025-11-06T06:43:21.597Z] GET /api/users?page=1&limit=10&search=
[2025-11-06T06:43:21.600Z] [32MINFO[39M: Controller: getAllUsers called
[2025-11-06T06:43:21.600Z] [32MINFO[39M: Final Query: SELECT * FROM users WHERE 1=1 LIMIT 10 OFFSET 0
[2025-11-06T06:43:21.600Z] [32MINFO[39M: Query Params: 
[2025-11-06T06:43:23.282Z] [32MINFO[39M: 📥 [2025-11-06T06:43:23.282Z] OPTIONS /api/users
[2025-11-06T06:43:23.283Z] [32MINFO[39M: 📥 [2025-11-06T06:43:23.283Z] OPTIONS /api/users
[2025-11-06T06:43:23.325Z] [32MINFO[39M: 📥 [2025-11-06T06:43:23.325Z] GET /api/users
[2025-11-06T06:43:23.328Z] [32MINFO[39M: Controller: getAllUsers called
[2025-11-06T06:43:23.328Z] [32MINFO[39M: Final Query: SELECT * FROM users WHERE 1=1 LIMIT 10 OFFSET 0
[2025-11-06T06:43:23.328Z] [32MINFO[39M: Query Params: 
[2025-11-06T06:43:23.335Z] [32MINFO[39M: 📥 [2025-11-06T06:43:23.335Z] GET /api/users
[2025-11-06T06:43:23.337Z] [32MINFO[39M: Controller: getAllUsers called
[2025-11-06T06:43:23.337Z] [32MINFO[39M: Final Query: SELECT * FROM users WHERE 1=1 LIMIT 10 OFFSET 0
[2025-11-06T06:43:23.337Z] [32MINFO[39M: Query Params: 
[2025-11-06T06:43:41.438Z] [32MINFO[39M: 📥 [2025-11-06T06:43:41.438Z] GET /api/count/webview
[2025-11-06T06:43:41.440Z] [32MINFO[39M: 📥 [2025-11-06T06:43:41.440Z] GET /api/categories
[2025-11-06T06:43:41.451Z] [32MINFO[39M: 📥 [2025-11-06T06:43:41.451Z] GET /api/count/webview
[2025-11-06T06:43:41.460Z] [32MINFO[39M: 📥 [2025-11-06T06:43:41.460Z] GET /api/categories
[2025-11-06T06:43:50.398Z] [32MINFO[39M: 📥 [2025-11-06T06:43:50.398Z] OPTIONS /api/otp/send
[2025-11-06T06:43:50.406Z] [32MINFO[39M: 📥 [2025-11-06T06:43:50.406Z] POST /api/otp/send
[2025-11-06T06:43:50.407Z] [32MINFO[39M: Received from frontend: [object Object]
[2025-11-06T06:43:50.407Z] [32MINFO[39M: Generated OTP for 9967853969: 392838
[2025-11-06T06:44:03.083Z] [32MINFO[39M: 📥 [2025-11-06T06:44:03.083Z] OPTIONS /api/otp/verify
[2025-11-06T06:44:03.093Z] [32MINFO[39M: 📥 [2025-11-06T06:44:03.093Z] POST /api/otp/verify
[2025-11-06T06:44:03.094Z] [32MINFO[39M: Received in verifyOTP: [object Object]
[2025-11-06T06:44:11.987Z] [32MINFO[39M: 📥 [2025-11-06T06:44:11.987Z] OPTIONS /api/users?page=1&limit=10&search=
[2025-11-06T06:44:11.988Z] [32MINFO[39M: 📥 [2025-11-06T06:44:11.988Z] OPTIONS /api/users?page=1&limit=10&search=
[2025-11-06T06:44:11.996Z] [32MINFO[39M: 📥 [2025-11-06T06:44:11.996Z] GET /api/users?page=1&limit=10&search=
[2025-11-06T06:44:11.998Z] [32MINFO[39M: Controller: getAllUsers called
[2025-11-06T06:44:11.999Z] [32MINFO[39M: Final Query: SELECT * FROM users WHERE 1=1 LIMIT 10 OFFSET 0
[2025-11-06T06:44:11.999Z] [32MINFO[39M: Query Params: 
[2025-11-06T06:44:12.007Z] [32MINFO[39M: 📥 [2025-11-06T06:44:12.007Z] GET /api/users?page=1&limit=10&search=
[2025-11-06T06:44:12.010Z] [32MINFO[39M: Controller: getAllUsers called
[2025-11-06T06:44:12.010Z] [32MINFO[39M: Final Query: SELECT * FROM users WHERE 1=1 LIMIT 10 OFFSET 0
[2025-11-06T06:44:12.010Z] [32MINFO[39M: Query Params: 
[2025-11-06T06:44:13.873Z] [32MINFO[39M: 📥 [2025-11-06T06:44:13.873Z] OPTIONS /api/users
[2025-11-06T06:44:13.874Z] [32MINFO[39M: 📥 [2025-11-06T06:44:13.874Z] OPTIONS /api/users
[2025-11-06T06:44:13.890Z] [32MINFO[39M: 📥 [2025-11-06T06:44:13.890Z] GET /api/users
[2025-11-06T06:44:13.893Z] [32MINFO[39M: Controller: getAllUsers called
[2025-11-06T06:44:13.894Z] [32MINFO[39M: Final Query: SELECT * FROM users WHERE 1=1 LIMIT 10 OFFSET 0
[2025-11-06T06:44:13.894Z] [32MINFO[39M: Query Params: 
[2025-11-06T06:44:13.901Z] [32MINFO[39M: 📥 [2025-11-06T06:44:13.901Z] GET /api/users
[2025-11-06T06:44:13.903Z] [32MINFO[39M: Controller: getAllUsers called
[2025-11-06T06:44:13.903Z] [32MINFO[39M: Final Query: SELECT * FROM users WHERE 1=1 LIMIT 10 OFFSET 0
[2025-11-06T06:44:13.903Z] [32MINFO[39M: Query Params: 
[2025-11-06T06:45:39.439Z] [32MINFO[39M: 📥 [2025-11-06T06:45:39.439Z] OPTIONS /api/users?page=1&limit=10&search=
[2025-11-06T06:45:39.440Z] [32MINFO[39M: 📥 [2025-11-06T06:45:39.440Z] OPTIONS /api/users?page=1&limit=10&search=
[2025-11-06T06:45:39.447Z] [32MINFO[39M: 📥 [2025-11-06T06:45:39.447Z] GET /api/users?page=1&limit=10&search=
[2025-11-06T06:45:39.450Z] [32MINFO[39M: Controller: getAllUsers called
[2025-11-06T06:45:39.450Z] [32MINFO[39M: Final Query: SELECT * FROM users WHERE 1=1 LIMIT 10 OFFSET 0
[2025-11-06T06:45:39.450Z] [32MINFO[39M: Query Params: 
[2025-11-06T06:45:39.458Z] [32MINFO[39M: 📥 [2025-11-06T06:45:39.458Z] GET /api/users?page=1&limit=10&search=
[2025-11-06T06:45:39.461Z] [32MINFO[39M: Controller: getAllUsers called
[2025-11-06T06:45:39.461Z] [32MINFO[39M: Final Query: SELECT * FROM users WHERE 1=1 LIMIT 10 OFFSET 0
[2025-11-06T06:45:39.461Z] [32MINFO[39M: Query Params: 
[2025-11-06T06:47:59.496Z] [32MINFO[39M: 📥 [2025-11-06T06:47:59.496Z] GET /api/count/webview
[2025-11-06T06:47:59.498Z] [32MINFO[39M: 📥 [2025-11-06T06:47:59.498Z] GET /api/categories
[2025-11-06T06:47:59.564Z] [32MINFO[39M: 📥 [2025-11-06T06:47:59.564Z] GET /api/categories
[2025-11-06T06:47:59.566Z] [32MINFO[39M: 📥 [2025-11-06T06:47:59.566Z] GET /api/count/webview
[2025-11-06T06:49:18.137Z] [32MINFO[39M: 📥 [2025-11-06T06:49:18.137Z] GET /api/business?category=clothing&subcategory=womens-wear
[2025-11-06T06:49:18.150Z] [32MINFO[39M: 📥 [2025-11-06T06:49:18.150Z] GET /api/business?category=clothing&subcategory=womens-wear
[2025-11-06T06:49:32.850Z] [32MINFO[39M: 📥 [2025-11-06T06:49:32.850Z] GET /api/categories
[2025-11-06T06:49:32.915Z] [32MINFO[39M: 📥 [2025-11-06T06:49:32.915Z] GET /api/categories
[2025-11-06T06:49:38.364Z] [32MINFO[39M: 📥 [2025-11-06T06:49:38.364Z] GET /api/categories
[2025-11-06T06:49:38.383Z] [32MINFO[39M: 📥 [2025-11-06T06:49:38.383Z] GET /api/categories
[2025-11-06T06:49:40.605Z] [32MINFO[39M: 📥 [2025-11-06T06:49:40.605Z] GET /api/categories
[2025-11-06T06:49:40.615Z] [32MINFO[39M: 📥 [2025-11-06T06:49:40.615Z] GET /api/categories
[2025-11-06T06:51:14.866Z] [32MINFO[39M: 📥 [2025-11-06T06:51:14.866Z] GET /api/categories
[2025-11-06T06:51:14.867Z] [32MINFO[39M: 📥 [2025-11-06T06:51:14.867Z] GET /api/count/webview
[2025-11-06T06:51:14.877Z] [32MINFO[39M: 📥 [2025-11-06T06:51:14.877Z] GET /api/categories
[2025-11-06T06:51:14.878Z] [32MINFO[39M: 📥 [2025-11-06T06:51:14.878Z] GET /api/count/webview
[2025-11-06T06:52:27.835Z] [32MINFO[39M: 📥 [2025-11-06T06:52:27.835Z] GET /api/count/webview
[2025-11-06T06:52:27.836Z] [32MINFO[39M: 📥 [2025-11-06T06:52:27.836Z] GET /api/categories
[2025-11-06T06:52:27.842Z] [32MINFO[39M: 📥 [2025-11-06T06:52:27.842Z] GET /api/count/webview
[2025-11-06T06:52:27.844Z] [32MINFO[39M: 📥 [2025-11-06T06:52:27.844Z] GET /api/categories
[2025-11-06T06:54:39.946Z] [32MINFO[39M: 📥 [2025-11-06T06:54:39.946Z] GET /api/count/webview
[2025-11-06T06:54:39.948Z] [32MINFO[39M: 📥 [2025-11-06T06:54:39.948Z] GET /api/categories
[2025-11-06T06:54:39.955Z] [32MINFO[39M: 📥 [2025-11-06T06:54:39.954Z] GET /api/count/webview
[2025-11-06T06:54:39.956Z] [32MINFO[39M: 📥 [2025-11-06T06:54:39.956Z] GET /api/categories
[2025-11-06T06:54:51.443Z] [32MINFO[39M: 📥 [2025-11-06T06:54:51.443Z] OPTIONS /api/otp/send
[2025-11-06T06:54:51.450Z] [32MINFO[39M: 📥 [2025-11-06T06:54:51.450Z] POST /api/otp/send
[2025-11-06T06:54:51.451Z] [32MINFO[39M: Received from frontend: [object Object]
[2025-11-06T06:54:51.451Z] [32MINFO[39M: Generated OTP for 9898989898: 874232
[2025-11-06T06:54:57.680Z] [32MINFO[39M: 📥 [2025-11-06T06:54:57.680Z] OPTIONS /api/otp/verify
[2025-11-06T06:54:57.695Z] [32MINFO[39M: 📥 [2025-11-06T06:54:57.695Z] POST /api/otp/verify
[2025-11-06T06:54:57.696Z] [32MINFO[39M: Received in verifyOTP: [object Object]
[2025-11-06T06:54:58.143Z] [32MINFO[39M: 📥 [2025-11-06T06:54:58.142Z] OPTIONS /api/categories
[2025-11-06T06:54:58.244Z] [32MINFO[39M: 📥 [2025-11-06T06:54:58.244Z] OPTIONS /api/categories
[2025-11-06T06:54:58.244Z] [32MINFO[39M: 📥 [2025-11-06T06:54:58.244Z] GET /api/categories
[2025-11-06T06:54:58.256Z] [32MINFO[39M: 📥 [2025-11-06T06:54:58.256Z] GET /api/categories
[2025-11-06T06:55:05.718Z] [32MINFO[39M: 📥 [2025-11-06T06:55:05.718Z] OPTIONS /api/categories
[2025-11-06T06:55:05.719Z] [32MINFO[39M: 📥 [2025-11-06T06:55:05.719Z] OPTIONS /api/count/webview
[2025-11-06T06:55:05.719Z] [32MINFO[39M: 📥 [2025-11-06T06:55:05.719Z] OPTIONS /api/count/webview
[2025-11-06T06:55:05.720Z] [32MINFO[39M: 📥 [2025-11-06T06:55:05.720Z] OPTIONS /api/categories
[2025-11-06T06:55:05.728Z] [32MINFO[39M: 📥 [2025-11-06T06:55:05.728Z] GET /api/categories
[2025-11-06T06:55:05.728Z] [32MINFO[39M: 📥 [2025-11-06T06:55:05.728Z] GET /api/count/webview
[2025-11-06T06:55:05.736Z] [32MINFO[39M: 📥 [2025-11-06T06:55:05.736Z] GET /api/count/webview
[2025-11-06T06:55:05.737Z] [32MINFO[39M: 📥 [2025-11-06T06:55:05.737Z] GET /api/categories
[2025-11-06T06:55:07.483Z] [32MINFO[39M: 📥 [2025-11-06T06:55:07.483Z] GET /api/categories
[2025-11-06T06:55:07.494Z] [32MINFO[39M: 📥 [2025-11-06T06:55:07.494Z] GET /api/categories
[2025-11-06T06:55:11.504Z] [32MINFO[39M: 📥 [2025-11-06T06:55:11.504Z] OPTIONS /api/categories
[2025-11-06T06:55:11.565Z] [32MINFO[39M: 📥 [2025-11-06T06:55:11.565Z] OPTIONS /api/categories
[2025-11-06T06:55:11.565Z] [32MINFO[39M: 📥 [2025-11-06T06:55:11.565Z] GET /api/categories
[2025-11-06T06:55:11.575Z] [32MINFO[39M: 📥 [2025-11-06T06:55:11.575Z] GET /api/categories
[2025-11-06T06:58:03.650Z] [32MINFO[39M: 📥 [2025-11-06T06:58:03.650Z] GET /api/count/webview
[2025-11-06T06:58:03.658Z] [32MINFO[39M: 📥 [2025-11-06T06:58:03.657Z] GET /api/count/webview
[2025-11-06T06:59:41.529Z] [32MINFO[39M: 📥 [2025-11-06T06:59:41.528Z] OPTIONS /api/otp/send
[2025-11-06T06:59:41.536Z] [32MINFO[39M: 📥 [2025-11-06T06:59:41.536Z] POST /api/otp/send
[2025-11-06T06:59:41.536Z] [32MINFO[39M: Received from frontend: [object Object]
[2025-11-06T06:59:41.537Z] [32MINFO[39M: Generated OTP for 9898989898: 995738
[2025-11-06T06:59:49.892Z] [32MINFO[39M: 📥 [2025-11-06T06:59:49.892Z] OPTIONS /api/otp/verify
[2025-11-06T06:59:49.902Z] [32MINFO[39M: 📥 [2025-11-06T06:59:49.902Z] POST /api/otp/verify
[2025-11-06T06:59:49.903Z] [32MINFO[39M: Received in verifyOTP: [object Object]
[2025-11-06T06:59:50.550Z] [32MINFO[39M: 📥 [2025-11-06T06:59:50.550Z] OPTIONS /api/categories
[2025-11-06T06:59:50.557Z] [32MINFO[39M: 📥 [2025-11-06T06:59:50.557Z] OPTIONS /api/categories
[2025-11-06T06:59:50.578Z] [32MINFO[39M: 📥 [2025-11-06T06:59:50.578Z] GET /api/categories
[2025-11-06T06:59:50.589Z] [32MINFO[39M: 📥 [2025-11-06T06:59:50.589Z] GET /api/categories
[2025-11-06T06:59:57.157Z] [32MINFO[39M: 📥 [2025-11-06T06:59:57.157Z] OPTIONS /api/count/webview
[2025-11-06T06:59:57.159Z] [32MINFO[39M: 📥 [2025-11-06T06:59:57.159Z] OPTIONS /api/count/webview
[2025-11-06T06:59:57.159Z] [32MINFO[39M: 📥 [2025-11-06T06:59:57.159Z] OPTIONS /api/categories
[2025-11-06T06:59:57.160Z] [32MINFO[39M: 📥 [2025-11-06T06:59:57.160Z] OPTIONS /api/categories
[2025-11-06T06:59:57.260Z] [32MINFO[39M: 📥 [2025-11-06T06:59:57.260Z] GET /api/count/webview
[2025-11-06T06:59:57.261Z] [32MINFO[39M: 📥 [2025-11-06T06:59:57.261Z] GET /api/categories
[2025-11-06T06:59:57.268Z] [32MINFO[39M: 📥 [2025-11-06T06:59:57.268Z] GET /api/count/webview
[2025-11-06T06:59:57.270Z] [32MINFO[39M: 📥 [2025-11-06T06:59:57.270Z] GET /api/categories
[2025-11-06T06:59:58.298Z] [32MINFO[39M: 📥 [2025-11-06T06:59:58.298Z] GET /api/categories
[2025-11-06T06:59:58.313Z] [32MINFO[39M: 📥 [2025-11-06T06:59:58.313Z] GET /api/categories
[2025-11-06T07:03:25.075Z] [32MINFO[39M: 📥 [2025-11-06T07:03:25.075Z] GET /api/categories
[2025-11-06T07:03:25.089Z] [32MINFO[39M: 📥 [2025-11-06T07:03:25.089Z] GET /api/categories
[2025-11-06T07:03:29.288Z] [32MINFO[39M: 📥 [2025-11-06T07:03:29.288Z] OPTIONS /api/otp/send
[2025-11-06T07:03:29.296Z] [32MINFO[39M: 📥 [2025-11-06T07:03:29.296Z] POST /api/otp/send
[2025-11-06T07:03:29.297Z] [32MINFO[39M: Received from frontend: [object Object]
[2025-11-06T07:03:29.297Z] [32MINFO[39M: Generated OTP for 9898989898: 870754
[2025-11-06T07:03:34.941Z] [32MINFO[39M: 📥 [2025-11-06T07:03:34.941Z] OPTIONS /api/otp/verify
[2025-11-06T07:03:34.949Z] [32MINFO[39M: 📥 [2025-11-06T07:03:34.949Z] POST /api/otp/verify
[2025-11-06T07:03:34.950Z] [32MINFO[39M: Received in verifyOTP: [object Object]
[2025-11-06T07:03:35.267Z] [32MINFO[39M: 📥 [2025-11-06T07:03:35.267Z] OPTIONS /api/categories
[2025-11-06T07:03:35.272Z] [32MINFO[39M: 📥 [2025-11-06T07:03:35.272Z] OPTIONS /api/categories
[2025-11-06T07:03:35.276Z] [32MINFO[39M: 📥 [2025-11-06T07:03:35.276Z] GET /api/categories
[2025-11-06T07:03:35.285Z] [32MINFO[39M: 📥 [2025-11-06T07:03:35.285Z] GET /api/categories
[2025-11-06T07:03:40.607Z] [32MINFO[39M: 📥 [2025-11-06T07:03:40.607Z] OPTIONS /api/categories
[2025-11-06T07:03:40.608Z] [32MINFO[39M: 📥 [2025-11-06T07:03:40.608Z] OPTIONS /api/count/webview
[2025-11-06T07:03:40.609Z] [32MINFO[39M: 📥 [2025-11-06T07:03:40.609Z] OPTIONS /api/count/webview
[2025-11-06T07:03:40.610Z] [32MINFO[39M: 📥 [2025-11-06T07:03:40.610Z] OPTIONS /api/categories
[2025-11-06T07:03:40.614Z] [32MINFO[39M: 📥 [2025-11-06T07:03:40.614Z] GET /api/categories
[2025-11-06T07:03:40.615Z] [32MINFO[39M: 📥 [2025-11-06T07:03:40.615Z] GET /api/count/webview
[2025-11-06T07:03:40.624Z] [32MINFO[39M: 📥 [2025-11-06T07:03:40.624Z] GET /api/categories
[2025-11-06T07:03:40.627Z] [32MINFO[39M: 📥 [2025-11-06T07:03:40.627Z] GET /api/count/webview
[2025-11-06T07:03:44.210Z] [32MINFO[39M: 📥 [2025-11-06T07:03:44.210Z] GET /api/categories
[2025-11-06T07:03:44.218Z] [32MINFO[39M: 📥 [2025-11-06T07:03:44.218Z] GET /api/categories
[2025-11-06T07:07:24.330Z] [32MINFO[39M: 📥 [2025-11-06T07:07:24.330Z] OPTIONS /api/count/webview
[2025-11-06T07:07:24.331Z] [32MINFO[39M: 📥 [2025-11-06T07:07:24.331Z] OPTIONS /api/categories
[2025-11-06T07:07:24.331Z] [32MINFO[39M: 📥 [2025-11-06T07:07:24.331Z] OPTIONS /api/count/webview
[2025-11-06T07:07:24.332Z] [32MINFO[39M: 📥 [2025-11-06T07:07:24.332Z] OPTIONS /api/categories
[2025-11-06T07:07:24.337Z] [32MINFO[39M: 📥 [2025-11-06T07:07:24.337Z] GET /api/count/webview
[2025-11-06T07:07:24.341Z] [32MINFO[39M: 📥 [2025-11-06T07:07:24.341Z] GET /api/categories
[2025-11-06T07:07:24.346Z] [32MINFO[39M: 📥 [2025-11-06T07:07:24.346Z] GET /api/count/webview
[2025-11-06T07:07:24.349Z] [32MINFO[39M: 📥 [2025-11-06T07:07:24.349Z] GET /api/categories
[2025-11-06T07:07:26.247Z] [32MINFO[39M: 📥 [2025-11-06T07:07:26.246Z] GET /api/categories
[2025-11-06T07:07:26.262Z] [32MINFO[39M: 📥 [2025-11-06T07:07:26.262Z] GET /api/categories
[2025-11-06T07:09:31.637Z] [32MINFO[39M: 📥 [2025-11-06T07:09:31.637Z] OPTIONS /api/count/webview
[2025-11-06T07:09:31.638Z] [32MINFO[39M: 📥 [2025-11-06T07:09:31.638Z] OPTIONS /api/categories
[2025-11-06T07:09:31.638Z] [32MINFO[39M: 📥 [2025-11-06T07:09:31.638Z] OPTIONS /api/count/webview
[2025-11-06T07:09:31.639Z] [32MINFO[39M: 📥 [2025-11-06T07:09:31.639Z] OPTIONS /api/categories
[2025-11-06T07:09:31.647Z] [32MINFO[39M: 📥 [2025-11-06T07:09:31.647Z] GET /api/count/webview
[2025-11-06T07:09:31.648Z] [32MINFO[39M: 📥 [2025-11-06T07:09:31.648Z] GET /api/categories
[2025-11-06T07:09:31.660Z] [32MINFO[39M: 📥 [2025-11-06T07:09:31.660Z] GET /api/count/webview
[2025-11-06T07:09:31.661Z] [32MINFO[39M: 📥 [2025-11-06T07:09:31.661Z] GET /api/categories
[2025-11-06T07:09:33.391Z] [32MINFO[39M: 📥 [2025-11-06T07:09:33.391Z] GET /api/count/webview
[2025-11-06T07:09:33.393Z] [32MINFO[39M: 📥 [2025-11-06T07:09:33.393Z] GET /api/categories
[2025-11-06T07:09:33.470Z] [32MINFO[39M: 📥 [2025-11-06T07:09:33.470Z] GET /api/count/webview
[2025-11-06T07:09:33.471Z] [32MINFO[39M: 📥 [2025-11-06T07:09:33.471Z] GET /api/categories
[2025-11-06T07:10:55.184Z] [32MINFO[39M: 📥 [2025-11-06T07:10:55.184Z] OPTIONS /api/businesses
[2025-11-06T07:10:55.205Z] [32MINFO[39M: 📥 [2025-11-06T07:10:55.205Z] POST /api/businesses
[2025-11-06T07:10:55.216Z] [32MINFO[39M: CREating business
[2025-11-06T07:11:46.197Z] [32MINFO[39M: 📥 [2025-11-06T07:11:46.197Z] OPTIONS /api/categories
[2025-11-06T07:11:46.199Z] [32MINFO[39M: 📥 [2025-11-06T07:11:46.199Z] OPTIONS /api/count/webview
[2025-11-06T07:11:46.200Z] [32MINFO[39M: 📥 [2025-11-06T07:11:46.200Z] OPTIONS /api/count/webview
[2025-11-06T07:11:46.201Z] [32MINFO[39M: 📥 [2025-11-06T07:11:46.201Z] OPTIONS /api/categories
[2025-11-06T07:11:46.211Z] [32MINFO[39M: 📥 [2025-11-06T07:11:46.211Z] GET /api/categories
[2025-11-06T07:11:46.230Z] [32MINFO[39M: 📥 [2025-11-06T07:11:46.230Z] GET /api/categories
[2025-11-06T07:11:46.231Z] [32MINFO[39M: 📥 [2025-11-06T07:11:46.231Z] GET /api/count/webview
[2025-11-06T07:11:46.242Z] [32MINFO[39M: 📥 [2025-11-06T07:11:46.242Z] GET /api/count/webview
[2025-11-06T07:11:49.044Z] [32MINFO[39M: 📥 [2025-11-06T07:11:49.044Z] GET /api/count/webview
[2025-11-06T07:11:49.046Z] [32MINFO[39M: 📥 [2025-11-06T07:11:49.046Z] GET /api/categories
[2025-11-06T07:11:49.067Z] [32MINFO[39M: 📥 [2025-11-06T07:11:49.067Z] GET /api/count/webview
[2025-11-06T07:11:49.068Z] [32MINFO[39M: 📥 [2025-11-06T07:11:49.068Z] GET /api/categories
[2025-11-06T07:12:02.901Z] [32MINFO[39M: 📥 [2025-11-06T07:12:02.901Z] OPTIONS /api/otp/send
[2025-11-06T07:12:02.969Z] [32MINFO[39M: 📥 [2025-11-06T07:12:02.969Z] POST /api/otp/send
[2025-11-06T07:12:02.970Z] [32MINFO[39M: Received from frontend: [object Object]
[2025-11-06T07:12:02.971Z] [32MINFO[39M: Generated OTP for 8451060827: 754706
[2025-11-06T07:12:10.562Z] [32MINFO[39M: 📥 [2025-11-06T07:12:10.562Z] OPTIONS /api/otp/verify
[2025-11-06T07:12:10.571Z] [32MINFO[39M: 📥 [2025-11-06T07:12:10.571Z] POST /api/otp/verify
[2025-11-06T07:12:10.572Z] [32MINFO[39M: Received in verifyOTP: [object Object]
[2025-11-06T07:12:14.382Z] [32MINFO[39M: 📥 [2025-11-06T07:12:14.382Z] OPTIONS /api/users?page=1&limit=10&search=
[2025-11-06T07:12:14.395Z] [32MINFO[39M: 📥 [2025-11-06T07:12:14.395Z] OPTIONS /api/users?page=1&limit=10&search=
[2025-11-06T07:12:14.398Z] [32MINFO[39M: 📥 [2025-11-06T07:12:14.398Z] GET /api/users?page=1&limit=10&search=
[2025-11-06T07:12:14.401Z] [32MINFO[39M: Controller: getAllUsers called
[2025-11-06T07:12:14.401Z] [32MINFO[39M: Final Query: SELECT * FROM users WHERE 1=1 LIMIT 10 OFFSET 0
[2025-11-06T07:12:14.401Z] [32MINFO[39M: Query Params: 
[2025-11-06T07:12:14.411Z] [32MINFO[39M: 📥 [2025-11-06T07:12:14.411Z] GET /api/users?page=1&limit=10&search=
[2025-11-06T07:12:14.413Z] [32MINFO[39M: Controller: getAllUsers called
[2025-11-06T07:12:14.413Z] [32MINFO[39M: Final Query: SELECT * FROM users WHERE 1=1 LIMIT 10 OFFSET 0
[2025-11-06T07:12:14.413Z] [32MINFO[39M: Query Params: 
[2025-11-06T07:12:23.303Z] [32MINFO[39M: 📥 [2025-11-06T07:12:23.303Z] OPTIONS /api/users
[2025-11-06T07:12:23.304Z] [32MINFO[39M: 📥 [2025-11-06T07:12:23.304Z] OPTIONS /api/users
[2025-11-06T07:12:23.356Z] [32MINFO[39M: 📥 [2025-11-06T07:12:23.356Z] GET /api/users
[2025-11-06T07:12:23.359Z] [32MINFO[39M: Controller: getAllUsers called
[2025-11-06T07:12:23.359Z] [32MINFO[39M: Final Query: SELECT * FROM users WHERE 1=1 LIMIT 10 OFFSET 0
[2025-11-06T07:12:23.359Z] [32MINFO[39M: Query Params: 
[2025-11-06T07:12:23.550Z] [32MINFO[39M: 📥 [2025-11-06T07:12:23.550Z] GET /api/users
[2025-11-06T07:12:23.554Z] [32MINFO[39M: Controller: getAllUsers called
[2025-11-06T07:12:23.554Z] [32MINFO[39M: Final Query: SELECT * FROM users WHERE 1=1 LIMIT 10 OFFSET 0
[2025-11-06T07:12:23.554Z] [32MINFO[39M: Query Params: 
[2025-11-06T18:05:30.864Z] [32MINFO[39M:  Server running on port  http://localhost:5004
[2025-11-06T18:05:30.983Z] [32MINFO[39M: MySQL Database Connected
[2025-11-06T18:05:39.695Z] [32MINFO[39M:  Server running on port  http://localhost:5004
[2025-11-06T18:05:39.708Z] [32MINFO[39M: MySQL Database Connected
[2025-11-06T18:06:16.191Z] [32MINFO[39M: 📥 [2025-11-06T18:06:16.191Z] OPTIONS /api/categories
[2025-11-06T18:06:16.195Z] [32MINFO[39M: 📥 [2025-11-06T18:06:16.194Z] OPTIONS /api/count/webview
[2025-11-06T18:06:16.196Z] [32MINFO[39M: 📥 [2025-11-06T18:06:16.196Z] OPTIONS /api/count/webview
[2025-11-06T18:06:16.197Z] [32MINFO[39M: 📥 [2025-11-06T18:06:16.197Z] OPTIONS /api/categories
[2025-11-06T18:06:16.266Z] [32MINFO[39M: 📥 [2025-11-06T18:06:16.266Z] GET /api/categories
[2025-11-06T18:06:16.273Z] [32MINFO[39M: 📥 [2025-11-06T18:06:16.273Z] GET /api/count/webview
[2025-11-06T18:06:16.385Z] [32MINFO[39M: 📥 [2025-11-06T18:06:16.385Z] GET /api/count/webview
[2025-11-06T18:06:16.387Z] [32MINFO[39M: 📥 [2025-11-06T18:06:16.387Z] GET /api/categories
[2025-11-06T18:15:30.462Z] [32MINFO[39M: 📥 [2025-11-06T18:15:30.462Z] OPTIONS /api/count/webview
[2025-11-06T18:15:30.464Z] [32MINFO[39M: 📥 [2025-11-06T18:15:30.464Z] OPTIONS /api/categories
[2025-11-06T18:15:30.465Z] [32MINFO[39M: 📥 [2025-11-06T18:15:30.465Z] OPTIONS /api/count/webview
[2025-11-06T18:15:30.466Z] [32MINFO[39M: 📥 [2025-11-06T18:15:30.466Z] OPTIONS /api/categories
[2025-11-06T18:15:30.473Z] [32MINFO[39M: 📥 [2025-11-06T18:15:30.473Z] GET /api/count/webview
[2025-11-06T18:15:30.474Z] [32MINFO[39M: 📥 [2025-11-06T18:15:30.474Z] GET /api/categories
[2025-11-06T18:15:30.487Z] [32MINFO[39M: 📥 [2025-11-06T18:15:30.487Z] GET /api/count/webview
[2025-11-06T18:15:30.490Z] [32MINFO[39M: 📥 [2025-11-06T18:15:30.490Z] GET /api/categories
[2025-11-06T18:15:31.758Z] [32MINFO[39M: 📥 [2025-11-06T18:15:31.758Z] GET /api/count/webview
[2025-11-06T18:15:31.762Z] [32MINFO[39M: 📥 [2025-11-06T18:15:31.762Z] GET /api/categories
[2025-11-06T18:15:31.783Z] [32MINFO[39M: 📥 [2025-11-06T18:15:31.782Z] GET /api/categories
[2025-11-06T18:15:31.785Z] [32MINFO[39M: 📥 [2025-11-06T18:15:31.785Z] GET /api/count/webview
[2025-11-06T18:23:43.883Z] [32MINFO[39M: 📥 [2025-11-06T18:23:43.883Z] OPTIONS /api/count/webview
[2025-11-06T18:23:43.884Z] [32MINFO[39M: 📥 [2025-11-06T18:23:43.884Z] OPTIONS /api/categories
[2025-11-06T18:23:43.885Z] [32MINFO[39M: 📥 [2025-11-06T18:23:43.885Z] OPTIONS /api/count/webview
[2025-11-06T18:23:43.886Z] [32MINFO[39M: 📥 [2025-11-06T18:23:43.886Z] OPTIONS /api/categories
[2025-11-06T18:23:43.891Z] [32MINFO[39M: 📥 [2025-11-06T18:23:43.891Z] GET /api/count/webview
[2025-11-06T18:23:43.892Z] [32MINFO[39M: 📥 [2025-11-06T18:23:43.892Z] GET /api/categories
[2025-11-06T18:23:43.904Z] [32MINFO[39M: 📥 [2025-11-06T18:23:43.904Z] GET /api/count/webview
[2025-11-06T18:23:43.905Z] [32MINFO[39M: 📥 [2025-11-06T18:23:43.905Z] GET /api/categories
[2025-11-06T18:27:00.106Z] [32MINFO[39M: 📥 [2025-11-06T18:27:00.106Z] OPTIONS /api/count/webview
[2025-11-06T18:27:00.109Z] [32MINFO[39M: 📥 [2025-11-06T18:27:00.109Z] OPTIONS /api/categories
[2025-11-06T18:27:00.110Z] [32MINFO[39M: 📥 [2025-11-06T18:27:00.110Z] OPTIONS /api/count/webview
[2025-11-06T18:27:00.111Z] [32MINFO[39M: 📥 [2025-11-06T18:27:00.111Z] OPTIONS /api/categories
[2025-11-06T18:27:00.114Z] [32MINFO[39M: 📥 [2025-11-06T18:27:00.114Z] GET /api/count/webview
[2025-11-06T18:27:00.118Z] [32MINFO[39M: 📥 [2025-11-06T18:27:00.118Z] GET /api/categories
[2025-11-06T18:27:00.120Z] [32MINFO[39M: 📥 [2025-11-06T18:27:00.120Z] GET /api/count/webview
[2025-11-06T18:27:00.133Z] [32MINFO[39M: 📥 [2025-11-06T18:27:00.133Z] GET /api/categories
[2025-11-06T18:31:11.130Z] [32MINFO[39M: 📥 [2025-11-06T18:31:11.130Z] OPTIONS /api/count/webview
[2025-11-06T18:31:11.131Z] [32MINFO[39M: 📥 [2025-11-06T18:31:11.131Z] OPTIONS /api/categories
[2025-11-06T18:31:11.133Z] [32MINFO[39M: 📥 [2025-11-06T18:31:11.133Z] OPTIONS /api/count/webview
[2025-11-06T18:31:11.135Z] [32MINFO[39M: 📥 [2025-11-06T18:31:11.135Z] OPTIONS /api/categories
[2025-11-06T18:31:11.147Z] [32MINFO[39M: 📥 [2025-11-06T18:31:11.147Z] GET /api/count/webview
[2025-11-06T18:31:11.149Z] [32MINFO[39M: 📥 [2025-11-06T18:31:11.149Z] GET /api/categories
[2025-11-06T18:31:11.310Z] [32MINFO[39M: 📥 [2025-11-06T18:31:11.310Z] GET /api/categories
[2025-11-06T18:31:11.312Z] [32MINFO[39M: 📥 [2025-11-06T18:31:11.312Z] GET /api/count/webview
[2025-11-06T18:33:09.072Z] [32MINFO[39M: 📥 [2025-11-06T18:33:09.071Z] OPTIONS /api/count/webview
[2025-11-06T18:33:09.073Z] [32MINFO[39M: 📥 [2025-11-06T18:33:09.073Z] OPTIONS /api/count/webview
[2025-11-06T18:33:09.073Z] [32MINFO[39M: 📥 [2025-11-06T18:33:09.073Z] OPTIONS /api/categories
[2025-11-06T18:33:09.074Z] [32MINFO[39M: 📥 [2025-11-06T18:33:09.074Z] OPTIONS /api/categories
[2025-11-06T18:33:09.099Z] [32MINFO[39M: 📥 [2025-11-06T18:33:09.099Z] GET /api/count/webview
[2025-11-06T18:33:09.100Z] [32MINFO[39M: 📥 [2025-11-06T18:33:09.100Z] GET /api/categories
[2025-11-06T18:33:09.106Z] [32MINFO[39M: 📥 [2025-11-06T18:33:09.106Z] GET /api/count/webview
[2025-11-06T18:33:09.530Z] [32MINFO[39M: 📥 [2025-11-06T18:33:09.530Z] GET /api/categories
[2025-11-06T18:33:10.285Z] [32MINFO[39M: 📥 [2025-11-06T18:33:10.285Z] GET /api/categories
[2025-11-06T18:33:10.287Z] [32MINFO[39M: 📥 [2025-11-06T18:33:10.287Z] GET /api/count/webview
[2025-11-06T18:33:10.308Z] [32MINFO[39M: 📥 [2025-11-06T18:33:10.308Z] GET /api/count/webview
[2025-11-06T18:33:10.309Z] [32MINFO[39M: 📥 [2025-11-06T18:33:10.309Z] GET /api/categories
[2025-11-06T18:42:20.447Z] [32MINFO[39M: 📥 [2025-11-06T18:42:20.447Z] OPTIONS /api/count/webview
[2025-11-06T18:42:20.448Z] [32MINFO[39M: 📥 [2025-11-06T18:42:20.448Z] OPTIONS /api/count/webview
[2025-11-06T18:42:20.459Z] [32MINFO[39M: 📥 [2025-11-06T18:42:20.459Z] GET /api/count/webview
[2025-11-06T18:42:20.467Z] [32MINFO[39M: 📥 [2025-11-06T18:42:20.467Z] GET /api/count/webview
[2025-11-06T18:48:05.315Z] [32MINFO[39M: 📥 [2025-11-06T18:48:05.315Z] OPTIONS /api/categories
[2025-11-06T18:48:05.316Z] [32MINFO[39M: 📥 [2025-11-06T18:48:05.316Z] OPTIONS /api/categories
[2025-11-06T18:48:05.330Z] [32MINFO[39M: 📥 [2025-11-06T18:48:05.330Z] GET /api/categories
[2025-11-06T18:48:05.340Z] [32MINFO[39M: 📥 [2025-11-06T18:48:05.340Z] GET /api/categories
[2025-11-06T18:51:24.595Z] [32MINFO[39M: 📥 [2025-11-06T18:51:24.595Z] OPTIONS /api/categories
[2025-11-06T18:51:24.596Z] [32MINFO[39M: 📥 [2025-11-06T18:51:24.596Z] OPTIONS /api/categories
[2025-11-06T18:51:24.658Z] [32MINFO[39M: 📥 [2025-11-06T18:51:24.658Z] GET /api/categories
[2025-11-06T18:51:24.667Z] [32MINFO[39M: 📥 [2025-11-06T18:51:24.667Z] GET /api/categories
[2025-11-06T18:51:44.581Z] [32MINFO[39M: 📥 [2025-11-06T18:51:44.581Z] OPTIONS /api/business?category=home-services&subcategory=plumber
[2025-11-06T18:51:44.582Z] [32MINFO[39M: 📥 [2025-11-06T18:51:44.582Z] OPTIONS /api/business?category=home-services&subcategory=plumber
[2025-11-06T18:51:44.587Z] [32MINFO[39M: 📥 [2025-11-06T18:51:44.587Z] GET /api/business?category=home-services&subcategory=plumber
[2025-11-06T18:51:44.592Z] [32MINFO[39M: 📥 [2025-11-06T18:51:44.592Z] GET /api/business?category=home-services&subcategory=plumber
[2025-11-06T18:54:56.475Z] [32MINFO[39M: 📥 [2025-11-06T18:54:56.475Z] OPTIONS /api/count/webview
[2025-11-06T18:54:56.476Z] [32MINFO[39M: 📥 [2025-11-06T18:54:56.476Z] OPTIONS /api/count/webview
[2025-11-06T18:54:56.484Z] [32MINFO[39M: 📥 [2025-11-06T18:54:56.484Z] GET /api/count/webview
[2025-11-06T18:54:56.491Z] [32MINFO[39M: 📥 [2025-11-06T18:54:56.491Z] GET /api/count/webview
[2025-11-06T18:54:57.697Z] [32MINFO[39M: 📥 [2025-11-06T18:54:57.697Z] GET /api/count/webview
[2025-11-06T18:54:57.714Z] [32MINFO[39M: 📥 [2025-11-06T18:54:57.714Z] GET /api/count/webview
[2025-11-06T18:55:07.892Z] [32MINFO[39M: 📥 [2025-11-06T18:55:07.892Z] OPTIONS /api/business?category=home-services&subcategory=carpenter
[2025-11-06T18:55:07.893Z] [32MINFO[39M: 📥 [2025-11-06T18:55:07.893Z] OPTIONS /api/business?category=home-services&subcategory=carpenter
[2025-11-06T18:55:08.102Z] [32MINFO[39M: 📥 [2025-11-06T18:55:08.102Z] GET /api/business?category=home-services&subcategory=carpenter
[2025-11-06T18:55:08.122Z] [32MINFO[39M: 📥 [2025-11-06T18:55:08.122Z] GET /api/business?category=home-services&subcategory=carpenter
[2025-11-06T18:58:15.383Z] [32MINFO[39M: 📥 [2025-11-06T18:58:15.383Z] OPTIONS /api/count/webview
[2025-11-06T18:58:15.384Z] [32MINFO[39M: 📥 [2025-11-06T18:58:15.384Z] OPTIONS /api/business?category=home-services&subcategory=carpenter
[2025-11-06T18:58:15.385Z] [32MINFO[39M: 📥 [2025-11-06T18:58:15.385Z] OPTIONS /api/count/webview
[2025-11-06T18:58:15.385Z] [32MINFO[39M: 📥 [2025-11-06T18:58:15.385Z] OPTIONS /api/business?category=home-services&subcategory=carpenter
[2025-11-06T18:58:15.394Z] [32MINFO[39M: 📥 [2025-11-06T18:58:15.394Z] GET /api/count/webview
[2025-11-06T18:58:15.396Z] [32MINFO[39M: 📥 [2025-11-06T18:58:15.396Z] GET /api/business?category=home-services&subcategory=carpenter
[2025-11-06T18:58:15.407Z] [32MINFO[39M: 📥 [2025-11-06T18:58:15.407Z] GET /api/count/webview
[2025-11-06T18:58:15.408Z] [32MINFO[39M: 📥 [2025-11-06T18:58:15.408Z] GET /api/business?category=home-services&subcategory=carpenter
[2025-11-06T18:59:49.032Z] [32MINFO[39M: 📥 [2025-11-06T18:59:49.032Z] OPTIONS /api/count/webview
[2025-11-06T18:59:49.033Z] [32MINFO[39M: 📥 [2025-11-06T18:59:49.033Z] OPTIONS /api/business?category=home-services&subcategory=carpenter
[2025-11-06T18:59:49.033Z] [32MINFO[39M: 📥 [2025-11-06T18:59:49.033Z] OPTIONS /api/business?category=home-services&subcategory=carpenter
[2025-11-06T18:59:49.034Z] [32MINFO[39M: 📥 [2025-11-06T18:59:49.034Z] OPTIONS /api/count/webview
[2025-11-06T18:59:49.039Z] [32MINFO[39M: 📥 [2025-11-06T18:59:49.039Z] GET /api/count/webview
[2025-11-06T18:59:49.080Z] [32MINFO[39M: 📥 [2025-11-06T18:59:49.080Z] GET /api/business?category=home-services&subcategory=carpenter
[2025-11-06T18:59:49.094Z] [32MINFO[39M: 📥 [2025-11-06T18:59:49.094Z] GET /api/business?category=home-services&subcategory=carpenter
[2025-11-06T18:59:49.105Z] [32MINFO[39M: 📥 [2025-11-06T18:59:49.105Z] GET /api/count/webview
[2025-11-06T19:00:13.248Z] [32MINFO[39M: 📥 [2025-11-06T19:00:13.248Z] OPTIONS /api/count/webview
[2025-11-06T19:00:13.256Z] [32MINFO[39M: 📥 [2025-11-06T19:00:13.256Z] OPTIONS /api/count/webview
[2025-11-06T19:00:13.257Z] [32MINFO[39M: 📥 [2025-11-06T19:00:13.257Z] OPTIONS /api/business?category=home-services&subcategory=carpenter
[2025-11-06T19:00:13.258Z] [32MINFO[39M: 📥 [2025-11-06T19:00:13.258Z] OPTIONS /api/business?category=home-services&subcategory=carpenter
[2025-11-06T19:00:13.265Z] [32MINFO[39M: 📥 [2025-11-06T19:00:13.265Z] GET /api/count/webview
[2025-11-06T19:00:13.288Z] [32MINFO[39M: 📥 [2025-11-06T19:00:13.288Z] GET /api/count/webview
[2025-11-06T19:00:13.289Z] [32MINFO[39M: 📥 [2025-11-06T19:00:13.289Z] GET /api/business?category=home-services&subcategory=carpenter
[2025-11-06T19:00:13.300Z] [32MINFO[39M: 📥 [2025-11-06T19:00:13.300Z] GET /api/business?category=home-services&subcategory=carpenter
[2025-11-06T19:00:40.007Z] [32MINFO[39M: 📥 [2025-11-06T19:00:40.007Z] OPTIONS /api/count/webview
[2025-11-06T19:00:40.009Z] [32MINFO[39M: 📥 [2025-11-06T19:00:40.009Z] OPTIONS /api/business?category=home-services&subcategory=carpenter
[2025-11-06T19:00:40.015Z] [32MINFO[39M: 📥 [2025-11-06T19:00:40.015Z] OPTIONS /api/count/webview
[2025-11-06T19:00:40.022Z] [32MINFO[39M: 📥 [2025-11-06T19:00:40.022Z] OPTIONS /api/business?category=home-services&subcategory=carpenter
[2025-11-06T19:00:40.031Z] [32MINFO[39M: 📥 [2025-11-06T19:00:40.031Z] GET /api/business?category=home-services&subcategory=carpenter
[2025-11-06T19:00:40.033Z] [32MINFO[39M: 📥 [2025-11-06T19:00:40.033Z] GET /api/count/webview
[2025-11-06T19:00:40.038Z] [32MINFO[39M: 📥 [2025-11-06T19:00:40.038Z] GET /api/business?category=home-services&subcategory=carpenter
[2025-11-06T19:00:40.040Z] [32MINFO[39M: 📥 [2025-11-06T19:00:40.040Z] GET /api/count/webview
[2025-11-06T19:01:30.859Z] [32MINFO[39M: 📥 [2025-11-06T19:01:30.859Z] OPTIONS /api/count/webview
[2025-11-06T19:01:30.868Z] [32MINFO[39M: 📥 [2025-11-06T19:01:30.868Z] OPTIONS /api/business?category=home-services&subcategory=carpenter
[2025-11-06T19:01:30.869Z] [32MINFO[39M: 📥 [2025-11-06T19:01:30.869Z] OPTIONS /api/count/webview
[2025-11-06T19:01:30.869Z] [32MINFO[39M: 📥 [2025-11-06T19:01:30.869Z] OPTIONS /api/business?category=home-services&subcategory=carpenter
[2025-11-06T19:01:30.873Z] [32MINFO[39M: 📥 [2025-11-06T19:01:30.873Z] GET /api/count/webview
[2025-11-06T19:01:30.879Z] [32MINFO[39M: 📥 [2025-11-06T19:01:30.879Z] GET /api/business?category=home-services&subcategory=carpenter
[2025-11-06T19:01:30.881Z] [32MINFO[39M: 📥 [2025-11-06T19:01:30.881Z] GET /api/count/webview
[2025-11-06T19:01:30.889Z] [32MINFO[39M: 📥 [2025-11-06T19:01:30.889Z] GET /api/business?category=home-services&subcategory=carpenter
[2025-11-06T19:03:24.635Z] [32MINFO[39M: 📥 [2025-11-06T19:03:24.635Z] OPTIONS /api/count/webview
[2025-11-06T19:03:24.636Z] [32MINFO[39M: 📥 [2025-11-06T19:03:24.636Z] OPTIONS /api/business?category=home-services&subcategory=carpenter
[2025-11-06T19:03:24.638Z] [32MINFO[39M: 📥 [2025-11-06T19:03:24.638Z] OPTIONS /api/count/webview
[2025-11-06T19:03:24.638Z] [32MINFO[39M: 📥 [2025-11-06T19:03:24.638Z] OPTIONS /api/business?category=home-services&subcategory=carpenter
[2025-11-06T19:03:24.648Z] [32MINFO[39M: 📥 [2025-11-06T19:03:24.648Z] GET /api/count/webview
[2025-11-06T19:03:24.649Z] [32MINFO[39M: 📥 [2025-11-06T19:03:24.649Z] GET /api/business?category=home-services&subcategory=carpenter
[2025-11-06T19:03:24.655Z] [32MINFO[39M: 📥 [2025-11-06T19:03:24.655Z] GET /api/count/webview
[2025-11-06T19:03:24.655Z] [32MINFO[39M: 📥 [2025-11-06T19:03:24.655Z] GET /api/business?category=home-services&subcategory=carpenter
[2025-11-06T19:05:03.901Z] [32MINFO[39M: 📥 [2025-11-06T19:05:03.901Z] OPTIONS /api/undefined?category=home-services&subcategory=carpenter
[2025-11-06T19:05:04.005Z] [32MINFO[39M: 📥 [2025-11-06T19:05:04.005Z] GET /api/undefined?category=home-services&subcategory=carpenter
[2025-11-06T19:05:38.021Z] [32MINFO[39M: 📥 [2025-11-06T19:05:38.021Z] OPTIONS /api/undefined?category=home-services&subcategory=carpenter
[2025-11-06T19:05:38.022Z] [32MINFO[39M: 📥 [2025-11-06T19:05:38.022Z] OPTIONS /api/count/webview
[2025-11-06T19:05:38.034Z] [32MINFO[39M: 📥 [2025-11-06T19:05:38.034Z] OPTIONS /api/count/webview
[2025-11-06T19:05:38.035Z] [32MINFO[39M: 📥 [2025-11-06T19:05:38.035Z] OPTIONS /api/undefined?category=home-services&subcategory=carpenter
[2025-11-06T19:05:38.042Z] [32MINFO[39M: 📥 [2025-11-06T19:05:38.042Z] GET /api/count/webview
[2025-11-06T19:05:38.050Z] [32MINFO[39M: 📥 [2025-11-06T19:05:38.050Z] GET /api/undefined?category=home-services&subcategory=carpenter
[2025-11-06T19:05:38.055Z] [32MINFO[39M: 📥 [2025-11-06T19:05:38.055Z] GET /api/count/webview
[2025-11-06T19:05:38.250Z] [32MINFO[39M: 📥 [2025-11-06T19:05:38.250Z] GET /api/undefined?category=home-services&subcategory=carpenter
[2025-11-06T19:06:43.336Z] [32MINFO[39M: 📥 [2025-11-06T19:06:43.336Z] OPTIONS /api/undefined?category=home-services&subcategory=carpenter
[2025-11-06T19:06:43.336Z] [32MINFO[39M: 📥 [2025-11-06T19:06:43.336Z] OPTIONS /api/count/webview
[2025-11-06T19:06:43.337Z] [32MINFO[39M: 📥 [2025-11-06T19:06:43.337Z] OPTIONS /api/count/webview
[2025-11-06T19:06:43.337Z] [32MINFO[39M: 📥 [2025-11-06T19:06:43.337Z] OPTIONS /api/undefined?category=home-services&subcategory=carpenter
[2025-11-06T19:06:43.360Z] [32MINFO[39M: 📥 [2025-11-06T19:06:43.360Z] GET /api/undefined?category=home-services&subcategory=carpenter
[2025-11-06T19:06:43.362Z] [32MINFO[39M: 📥 [2025-11-06T19:06:43.362Z] GET /api/count/webview
[2025-11-06T19:06:43.370Z] [32MINFO[39M: 📥 [2025-11-06T19:06:43.369Z] GET /api/undefined?category=home-services&subcategory=carpenter
[2025-11-06T19:06:43.378Z] [32MINFO[39M: 📥 [2025-11-06T19:06:43.378Z] GET /api/count/webview
[2025-11-06T19:08:27.614Z] [32MINFO[39M: 📥 [2025-11-06T19:08:27.614Z] OPTIONS /api/business?category=home-services&subcategory=carpenter
[2025-11-06T19:08:27.620Z] [32MINFO[39M: 📥 [2025-11-06T19:08:27.620Z] GET /api/business?category=home-services&subcategory=carpenter
[2025-11-06T19:08:31.317Z] [32MINFO[39M: 📥 [2025-11-06T19:08:31.317Z] OPTIONS /api/count/webview
[2025-11-06T19:08:31.324Z] [32MINFO[39M: 📥 [2025-11-06T19:08:31.324Z] OPTIONS /api/count/webview
[2025-11-06T19:08:31.324Z] [32MINFO[39M: 📥 [2025-11-06T19:08:31.324Z] GET /api/business?category=home-services&subcategory=carpenter
[2025-11-06T19:08:31.330Z] [32MINFO[39M: 📥 [2025-11-06T19:08:31.330Z] GET /api/business?category=home-services&subcategory=carpenter
[2025-11-06T19:08:31.351Z] [32MINFO[39M: 📥 [2025-11-06T19:08:31.351Z] GET /api/count/webview
[2025-11-06T19:08:31.365Z] [32MINFO[39M: 📥 [2025-11-06T19:08:31.365Z] GET /api/count/webview
[2025-11-06T19:10:29.206Z] [32MINFO[39M: 📥 [2025-11-06T19:10:29.206Z] OPTIONS /api/undefined?category=home-services&subcategory=carpenter
[2025-11-06T19:10:29.213Z] [32MINFO[39M: 📥 [2025-11-06T19:10:29.213Z] GET /api/undefined?category=home-services&subcategory=carpenter
[2025-11-06T19:10:37.936Z] [32MINFO[39M: 📥 [2025-11-06T19:10:37.936Z] OPTIONS /api/businesses?category=home-services&subcategory=carpenter
[2025-11-06T19:10:38.102Z] [32MINFO[39M: 📥 [2025-11-06T19:10:38.102Z] GET /api/businesses?category=home-services&subcategory=carpenter
[2025-11-06T19:10:47.855Z] [32MINFO[39M: 📥 [2025-11-06T19:10:47.855Z] OPTIONS /api/count/webview
[2025-11-06T19:10:47.858Z] [32MINFO[39M: 📥 [2025-11-06T19:10:47.858Z] OPTIONS /api/categories
[2025-11-06T19:10:47.858Z] [32MINFO[39M: 📥 [2025-11-06T19:10:47.858Z] OPTIONS /api/count/webview
[2025-11-06T19:10:47.859Z] [32MINFO[39M: 📥 [2025-11-06T19:10:47.859Z] OPTIONS /api/categories
[2025-11-06T19:10:47.863Z] [32MINFO[39M: 📥 [2025-11-06T19:10:47.863Z] GET /api/count/webview
[2025-11-06T19:10:47.877Z] [32MINFO[39M: 📥 [2025-11-06T19:10:47.877Z] GET /api/count/webview
[2025-11-06T19:10:47.878Z] [32MINFO[39M: 📥 [2025-11-06T19:10:47.878Z] GET /api/categories
[2025-11-06T19:10:47.886Z] [32MINFO[39M: 📥 [2025-11-06T19:10:47.886Z] GET /api/categories
[2025-11-06T19:11:04.752Z] [32MINFO[39M: 📥 [2025-11-06T19:11:04.752Z] OPTIONS /api/count/webview
[2025-11-06T19:11:04.753Z] [32MINFO[39M: 📥 [2025-11-06T19:11:04.753Z] OPTIONS /api/count/webview
[2025-11-06T19:11:04.760Z] [32MINFO[39M: 📥 [2025-11-06T19:11:04.760Z] GET /api/count/webview
[2025-11-06T19:11:04.768Z] [32MINFO[39M: 📥 [2025-11-06T19:11:04.767Z] GET /api/count/webview
[2025-11-06T19:11:08.248Z] [32MINFO[39M: 📥 [2025-11-06T19:11:08.248Z] OPTIONS /api/businesses?category=clothing&subcategory=womens-wear
[2025-11-06T19:11:08.249Z] [32MINFO[39M: 📥 [2025-11-06T19:11:08.249Z] OPTIONS /api/businesses?category=clothing&subcategory=womens-wear
[2025-11-06T19:11:08.355Z] [32MINFO[39M: 📥 [2025-11-06T19:11:08.355Z] GET /api/businesses?category=clothing&subcategory=womens-wear
[2025-11-06T19:11:08.363Z] [32MINFO[39M: 📥 [2025-11-06T19:11:08.363Z] GET /api/businesses?category=clothing&subcategory=womens-wear
[2025-11-06T19:20:12.186Z] [32MINFO[39M:  Server running on port  http://localhost:5004
[2025-11-06T19:20:12.205Z] [32MINFO[39M: MySQL Database Connected
[2025-11-06T19:20:17.128Z] [32MINFO[39M: 📥 [2025-11-06T19:20:17.128Z] OPTIONS /api/businesses?category=clothing&subcategory=womens-wear
[2025-11-06T19:20:17.133Z] [32MINFO[39M: 📥 [2025-11-06T19:20:17.133Z] OPTIONS /api/count/webview
[2025-11-06T19:20:17.134Z] [32MINFO[39M: 📥 [2025-11-06T19:20:17.134Z] OPTIONS /api/count/webview
[2025-11-06T19:20:17.135Z] [32MINFO[39M: 📥 [2025-11-06T19:20:17.135Z] OPTIONS /api/businesses?category=clothing&subcategory=womens-wear
[2025-11-06T19:20:17.181Z] [32MINFO[39M: 📥 [2025-11-06T19:20:17.181Z] GET /api/businesses?category=clothing&subcategory=womens-wear
[2025-11-06T19:20:17.187Z] [32MINFO[39M: 📥 [2025-11-06T19:20:17.187Z] GET /api/count/webview
[2025-11-06T19:20:17.193Z] [32MINFO[39M: 📥 [2025-11-06T19:20:17.193Z] GET /api/businesses?category=clothing&subcategory=womens-wear
[2025-11-06T19:20:17.206Z] [32MINFO[39M: 📥 [2025-11-06T19:20:17.206Z] GET /api/count/webview
[2025-11-06T19:23:42.341Z] [32MINFO[39M: 📥 [2025-11-06T19:23:42.341Z] OPTIONS /api/count/webview
[2025-11-06T19:23:42.355Z] [32MINFO[39M: 📥 [2025-11-06T19:23:42.355Z] OPTIONS /api/businesses?category=clothing&subcategory=womens-wear
[2025-11-06T19:23:42.357Z] [32MINFO[39M: 📥 [2025-11-06T19:23:42.357Z] OPTIONS /api/count/webview
[2025-11-06T19:23:42.361Z] [32MINFO[39M: 📥 [2025-11-06T19:23:42.361Z] OPTIONS /api/businesses?category=clothing&subcategory=womens-wear
[2025-11-06T19:23:42.365Z] [32MINFO[39M: 📥 [2025-11-06T19:23:42.365Z] GET /api/count/webview
[2025-11-06T19:23:42.370Z] [32MINFO[39M: 📥 [2025-11-06T19:23:42.370Z] GET /api/businesses?category=clothing&subcategory=womens-wear
[2025-11-06T19:23:42.379Z] [32MINFO[39M: 📥 [2025-11-06T19:23:42.379Z] GET /api/count/webview
[2025-11-06T19:23:42.380Z] [32MINFO[39M: 📥 [2025-11-06T19:23:42.380Z] GET /api/businesses?category=clothing&subcategory=womens-wear
[2025-11-06T19:24:23.349Z] [32MINFO[39M: 📥 [2025-11-06T19:24:23.349Z] OPTIONS /api/businesses?category=clothing&subcategory=womens-wear
[2025-11-06T19:24:23.357Z] [32MINFO[39M: 📥 [2025-11-06T19:24:23.357Z] GET /api/businesses?category=clothing&subcategory=womens-wear
[2025-11-06T19:25:23.372Z] [32MINFO[39M: 📥 [2025-11-06T19:25:23.372Z] OPTIONS /api/count/webview
[2025-11-06T19:25:23.373Z] [32MINFO[39M: 📥 [2025-11-06T19:25:23.373Z] OPTIONS /api/count/webview
[2025-11-06T19:25:23.382Z] [32MINFO[39M: 📥 [2025-11-06T19:25:23.382Z] GET /api/count/webview
[2025-11-06T19:25:23.391Z] [32MINFO[39M: 📥 [2025-11-06T19:25:23.391Z] GET /api/count/webview
[2025-11-06T19:26:22.884Z] [32MINFO[39M: 📥 [2025-11-06T19:26:22.884Z] OPTIONS /api/count/webview
[2025-11-06T19:26:22.885Z] [32MINFO[39M: 📥 [2025-11-06T19:26:22.885Z] OPTIONS /api/count/webview
[2025-11-06T19:26:22.894Z] [32MINFO[39M: 📥 [2025-11-06T19:26:22.894Z] GET /api/count/webview
[2025-11-06T19:26:22.904Z] [32MINFO[39M: 📥 [2025-11-06T19:26:22.904Z] GET /api/count/webview
[2025-11-06T19:29:11.262Z] [32MINFO[39M: 📥 [2025-11-06T19:29:11.262Z] OPTIONS /api/count/webview
[2025-11-06T19:29:11.266Z] [32MINFO[39M: 📥 [2025-11-06T19:29:11.266Z] OPTIONS /api/count/webview
[2025-11-06T19:29:11.270Z] [32MINFO[39M: 📥 [2025-11-06T19:29:11.270Z] GET /api/count/webview
[2025-11-06T19:29:11.279Z] [32MINFO[39M: 📥 [2025-11-06T19:29:11.279Z] GET /api/count/webview
[2025-11-06T19:31:33.997Z] [32MINFO[39M: 📥 [2025-11-06T19:31:33.997Z] OPTIONS /api/count/webview
[2025-11-06T19:31:33.998Z] [32MINFO[39M: 📥 [2025-11-06T19:31:33.998Z] OPTIONS /api/count/webview
[2025-11-06T19:31:34.007Z] [32MINFO[39M: 📥 [2025-11-06T19:31:34.007Z] GET /api/count/webview
[2025-11-06T19:31:34.017Z] [32MINFO[39M: 📥 [2025-11-06T19:31:34.017Z] GET /api/count/webview
[2025-11-06T19:32:55.513Z] [32MINFO[39M: 📥 [2025-11-06T19:32:55.513Z] OPTIONS /api/businesses?categoryslug=undefined
[2025-11-06T19:32:55.521Z] [32MINFO[39M: 📥 [2025-11-06T19:32:55.521Z] GET /api/businesses?categoryslug=undefined
[2025-11-06T19:32:58.581Z] [32MINFO[39M: 📥 [2025-11-06T19:32:58.581Z] OPTIONS /api/count/webview
[2025-11-06T19:32:58.589Z] [32MINFO[39M: 📥 [2025-11-06T19:32:58.589Z] GET /api/businesses?categoryslug=undefined
[2025-11-06T19:32:58.623Z] [32MINFO[39M: 📥 [2025-11-06T19:32:58.623Z] OPTIONS /api/count/webview
[2025-11-06T19:32:58.624Z] [32MINFO[39M: 📥 [2025-11-06T19:32:58.624Z] GET /api/businesses?categoryslug=undefined
[2025-11-06T19:32:58.636Z] [32MINFO[39M: 📥 [2025-11-06T19:32:58.636Z] GET /api/count/webview
[2025-11-06T19:32:58.645Z] [32MINFO[39M: 📥 [2025-11-06T19:32:58.645Z] GET /api/count/webview
[2025-11-06T19:33:25.994Z] [32MINFO[39M: 📥 [2025-11-06T19:33:25.994Z] OPTIONS /api/businesses?category=undefined&subcategory=undefined
[2025-11-06T19:33:26.072Z] [32MINFO[39M: 📥 [2025-11-06T19:33:26.072Z] GET /api/businesses?category=undefined&subcategory=undefined
[2025-11-06T19:33:32.801Z] [32MINFO[39M: 📥 [2025-11-06T19:33:32.801Z] OPTIONS /api/count/webview
[2025-11-06T19:33:32.802Z] [32MINFO[39M: 📥 [2025-11-06T19:33:32.802Z] OPTIONS /api/businesses?category=undefined&subcategory=undefined
[2025-11-06T19:33:32.803Z] [32MINFO[39M: 📥 [2025-11-06T19:33:32.803Z] OPTIONS /api/businesses?category=undefined&subcategory=undefined
[2025-11-06T19:33:32.803Z] [32MINFO[39M: 📥 [2025-11-06T19:33:32.803Z] OPTIONS /api/count/webview
[2025-11-06T19:33:32.851Z] [32MINFO[39M: 📥 [2025-11-06T19:33:32.851Z] GET /api/businesses?category=undefined&subcategory=undefined
[2025-11-06T19:33:32.852Z] [32MINFO[39M: 📥 [2025-11-06T19:33:32.852Z] GET /api/count/webview
[2025-11-06T19:33:32.867Z] [32MINFO[39M: 📥 [2025-11-06T19:33:32.867Z] GET /api/businesses?category=undefined&subcategory=undefined
[2025-11-06T19:33:32.869Z] [32MINFO[39M: 📥 [2025-11-06T19:33:32.869Z] GET /api/count/webview
[2025-11-06T19:34:03.036Z] [32MINFO[39M: 📥 [2025-11-06T19:34:03.036Z] OPTIONS /api/businesses?category=clothing&subcategory=lingere-shops
[2025-11-06T19:34:03.048Z] [32MINFO[39M: 📥 [2025-11-06T19:34:03.048Z] GET /api/businesses?category=clothing&subcategory=lingere-shops
[2025-11-06T19:34:05.700Z] [32MINFO[39M: 📥 [2025-11-06T19:34:05.700Z] OPTIONS /api/count/webview
[2025-11-06T19:34:05.705Z] [32MINFO[39M: 📥 [2025-11-06T19:34:05.705Z] OPTIONS /api/count/webview
[2025-11-06T19:34:05.706Z] [32MINFO[39M: 📥 [2025-11-06T19:34:05.706Z] GET /api/businesses?category=clothing&subcategory=lingere-shops
[2025-11-06T19:34:05.712Z] [32MINFO[39M: 📥 [2025-11-06T19:34:05.712Z] GET /api/businesses?category=clothing&subcategory=lingere-shops
[2025-11-06T19:34:05.715Z] [32MINFO[39M: 📥 [2025-11-06T19:34:05.715Z] GET /api/count/webview
[2025-11-06T19:34:05.730Z] [32MINFO[39M: 📥 [2025-11-06T19:34:05.730Z] GET /api/count/webview
