[2025-11-22T16:13:37.382Z] [32MINFO[39M:  Server running on port  http://localhost:5009
[2025-11-22T16:13:37.405Z] [32MINFO[39M: MySQL Database Connected
[2025-11-22T16:15:48.901Z] [32MINFO[39M: 📥 [2025-11-22T16:15:48.900Z] OPTIONS /api/categories
[2025-11-22T16:15:48.913Z] [32MINFO[39M: 📥 [2025-11-22T16:15:48.913Z] OPTIONS /api/categories
[2025-11-22T16:15:48.915Z] [32MINFO[39M: 📥 [2025-11-22T16:15:48.915Z] OPTIONS /api/count/webview
[2025-11-22T16:15:48.918Z] [32MINFO[39M: 📥 [2025-11-22T16:15:48.918Z] OPTIONS /api/count/webview
[2025-11-22T16:16:04.748Z] [32MINFO[39M: 📥 [2025-11-22T16:16:04.748Z] GET /api/count/webview
[2025-11-22T16:16:04.767Z] [32MINFO[39M: 📥 [2025-11-22T16:16:04.767Z] GET /api/categories
[2025-11-22T16:16:05.124Z] [32MINFO[39M: 📥 [2025-11-22T16:16:05.124Z] GET /api/count/webview
[2025-11-22T16:16:05.189Z] [32MINFO[39M: 📥 [2025-11-22T16:16:05.189Z] GET /api/categories
[2025-11-22T16:17:19.960Z] [32MINFO[39M: 📥 [2025-11-22T16:17:19.960Z] OPTIONS /api/count/webview
[2025-11-22T16:17:19.961Z] [32MINFO[39M: 📥 [2025-11-22T16:17:19.961Z] OPTIONS /api/categories
[2025-11-22T16:17:19.962Z] [32MINFO[39M: 📥 [2025-11-22T16:17:19.962Z] OPTIONS /api/categories
[2025-11-22T16:17:19.963Z] [32MINFO[39M: 📥 [2025-11-22T16:17:19.963Z] OPTIONS /api/count/webview
[2025-11-22T16:17:19.973Z] [32MINFO[39M: 📥 [2025-11-22T16:17:19.973Z] GET /api/count/webview
[2025-11-22T16:17:19.974Z] [32MINFO[39M: 📥 [2025-11-22T16:17:19.974Z] GET /api/categories
[2025-11-22T16:17:20.019Z] [32MINFO[39M: 📥 [2025-11-22T16:17:20.019Z] GET /api/categories
[2025-11-22T16:17:20.020Z] [32MINFO[39M: 📥 [2025-11-22T16:17:20.020Z] GET /api/count/webview
[2025-11-22T16:17:21.416Z] [32MINFO[39M: 📥 [2025-11-22T16:17:21.416Z] GET /api/count/webview
[2025-11-22T16:17:21.417Z] [32MINFO[39M: 📥 [2025-11-22T16:17:21.417Z] GET /api/categories
[2025-11-22T16:17:21.424Z] [32MINFO[39M: 📥 [2025-11-22T16:17:21.424Z] GET /api/count/webview
[2025-11-22T16:17:21.433Z] [32MINFO[39M: 📥 [2025-11-22T16:17:21.433Z] GET /api/categories
[2025-11-22T16:17:29.114Z] [32MINFO[39M: 📥 [2025-11-22T16:17:29.114Z] OPTIONS /api/count/webview
[2025-11-22T16:17:29.115Z] [32MINFO[39M: 📥 [2025-11-22T16:17:29.115Z] OPTIONS /api/categories
[2025-11-22T16:17:29.116Z] [32MINFO[39M: 📥 [2025-11-22T16:17:29.116Z] OPTIONS /api/count/webview
[2025-11-22T16:17:29.119Z] [32MINFO[39M: 📥 [2025-11-22T16:17:29.119Z] OPTIONS /api/categories
[2025-11-22T16:17:29.125Z] [32MINFO[39M: 📥 [2025-11-22T16:17:29.125Z] GET /api/count/webview
[2025-11-22T16:17:29.126Z] [32MINFO[39M: 📥 [2025-11-22T16:17:29.126Z] GET /api/categories
[2025-11-22T16:17:29.135Z] [32MINFO[39M: 📥 [2025-11-22T16:17:29.135Z] GET /api/count/webview
[2025-11-22T16:17:29.137Z] [32MINFO[39M: 📥 [2025-11-22T16:17:29.137Z] GET /api/categories
[2025-11-22T16:18:23.549Z] [32MINFO[39M: 📥 [2025-11-22T16:18:23.549Z] OPTIONS /api/otp/send
[2025-11-22T16:18:23.578Z] [32MINFO[39M: 📥 [2025-11-22T16:18:23.578Z] POST /api/otp/send
[2025-11-22T16:18:23.580Z] [32MINFO[39M: Received from frontend: [object Object]
[2025-11-22T16:18:23.580Z] [32MINFO[39M: Generated OTP for 8451060827: 613096
[2025-11-22T16:18:31.968Z] [32MINFO[39M: 📥 [2025-11-22T16:18:31.968Z] OPTIONS /api/otp/verify
[2025-11-22T16:18:32.190Z] [32MINFO[39M: 📥 [2025-11-22T16:18:32.190Z] POST /api/otp/verify
[2025-11-22T16:18:32.191Z] [32MINFO[39M: Received in verifyOTP: [object Object]
[2025-11-22T16:19:22.744Z] [32MINFO[39M: 📥 [2025-11-22T16:19:22.744Z] OPTIONS /api/users?page=1&limit=10&search=
[2025-11-22T16:19:22.745Z] [32MINFO[39M: 📥 [2025-11-22T16:19:22.745Z] OPTIONS /api/users?page=1&limit=10&search=
[2025-11-22T16:19:22.752Z] [32MINFO[39M: 📥 [2025-11-22T16:19:22.752Z] GET /api/users?page=1&limit=10&search=
[2025-11-22T16:19:22.757Z] [32MINFO[39M: 4
[2025-11-22T16:19:22.757Z] [32MINFO[39M: Controller: getAllUsers called
[2025-11-22T16:19:22.757Z] [32MINFO[39M: Final Query: SELECT * FROM users WHERE 1=1 LIMIT 10 OFFSET 0
[2025-11-22T16:19:22.757Z] [32MINFO[39M: Query Params: 
[2025-11-22T16:19:22.782Z] [32MINFO[39M: 📥 [2025-11-22T16:19:22.782Z] GET /api/users?page=1&limit=10&search=
[2025-11-22T16:19:22.785Z] [32MINFO[39M: 4
[2025-11-22T16:19:22.785Z] [32MINFO[39M: Controller: getAllUsers called
[2025-11-22T16:19:22.785Z] [32MINFO[39M: Final Query: SELECT * FROM users WHERE 1=1 LIMIT 10 OFFSET 0
[2025-11-22T16:19:22.785Z] [32MINFO[39M: Query Params: 
