[2025-11-07T05:54:56.038Z] [32MINFO[39M:  Server running on port  http://localhost:5004
[2025-11-07T05:54:56.081Z] [32MINFO[39M: MySQL Database Connected
[2025-11-07T05:56:05.642Z] [32MINFO[39M: 📥 [2025-11-07T05:56:05.641Z] OPTIONS /api/categories
[2025-11-07T05:56:05.651Z] [32MINFO[39M: 📥 [2025-11-07T05:56:05.650Z] OPTIONS /api/count/webview
[2025-11-07T05:56:05.652Z] [32MINFO[39M: 📥 [2025-11-07T05:56:05.652Z] OPTIONS /api/count/webview
[2025-11-07T05:56:05.654Z] [32MINFO[39M: 📥 [2025-11-07T05:56:05.654Z] OPTIONS /api/categories
[2025-11-07T05:56:05.657Z] [32MINFO[39M: 📥 [2025-11-07T05:56:05.657Z] GET /api/categories
[2025-11-07T05:56:05.668Z] [32MINFO[39M: 📥 [2025-11-07T05:56:05.668Z] GET /api/count/webview
[2025-11-07T05:56:05.705Z] [32MINFO[39M: 📥 [2025-11-07T05:56:05.705Z] GET /api/count/webview
[2025-11-07T05:56:05.728Z] [32MINFO[39M: 📥 [2025-11-07T05:56:05.728Z] GET /api/categories
[2025-11-07T05:57:36.449Z] [32MINFO[39M: 📥 [2025-11-07T05:57:36.449Z] OPTIONS /api/categories
[2025-11-07T05:57:36.451Z] [32MINFO[39M: 📥 [2025-11-07T05:57:36.450Z] OPTIONS /api/count/webview
[2025-11-07T05:57:36.451Z] [32MINFO[39M: 📥 [2025-11-07T05:57:36.451Z] OPTIONS /api/categories
[2025-11-07T05:57:36.452Z] [32MINFO[39M: 📥 [2025-11-07T05:57:36.452Z] OPTIONS /api/count/webview
[2025-11-07T05:58:33.464Z] [32MINFO[39M: 📥 [2025-11-07T05:58:33.464Z] OPTIONS /api/otp/send
[2025-11-07T05:58:33.495Z] [32MINFO[39M: 📥 [2025-11-07T05:58:33.495Z] POST /api/otp/send
[2025-11-07T05:58:33.497Z] [32MINFO[39M: Received from frontend: [object Object]
[2025-11-07T05:58:33.497Z] [32MINFO[39M: Generated OTP for 8451060827: 907069
[2025-11-07T05:58:43.018Z] [32MINFO[39M: 📥 [2025-11-07T05:58:43.018Z] OPTIONS /api/otp/verify
[2025-11-07T05:58:43.034Z] [32MINFO[39M: 📥 [2025-11-07T05:58:43.034Z] POST /api/otp/verify
[2025-11-07T05:58:43.035Z] [32MINFO[39M: Received in verifyOTP: [object Object]
[2025-11-07T05:59:10.753Z] [32MINFO[39M: 📥 [2025-11-07T05:59:10.753Z] OPTIONS /api/count/webview
[2025-11-07T05:59:10.754Z] [32MINFO[39M: 📥 [2025-11-07T05:59:10.754Z] OPTIONS /api/count/webview
[2025-11-07T05:59:10.755Z] [32MINFO[39M: 📥 [2025-11-07T05:59:10.755Z] OPTIONS /api/categories
[2025-11-07T05:59:10.757Z] [32MINFO[39M: 📥 [2025-11-07T05:59:10.757Z] OPTIONS /api/categories
[2025-11-07T05:59:10.760Z] [32MINFO[39M: 📥 [2025-11-07T05:59:10.760Z] GET /api/count/webview
[2025-11-07T05:59:10.776Z] [32MINFO[39M: 📥 [2025-11-07T05:59:10.776Z] GET /api/count/webview
[2025-11-07T05:59:10.777Z] [32MINFO[39M: 📥 [2025-11-07T05:59:10.777Z] GET /api/categories
[2025-11-07T05:59:10.794Z] [32MINFO[39M: 📥 [2025-11-07T05:59:10.794Z] GET /api/categories
[2025-11-07T05:59:26.500Z] [32MINFO[39M: 📥 [2025-11-07T05:59:26.500Z] OPTIONS /api/categories
[2025-11-07T05:59:26.501Z] [32MINFO[39M: 📥 [2025-11-07T05:59:26.501Z] OPTIONS /api/count/webview
[2025-11-07T05:59:26.502Z] [32MINFO[39M: 📥 [2025-11-07T05:59:26.502Z] OPTIONS /api/count/webview
[2025-11-07T05:59:26.502Z] [32MINFO[39M: 📥 [2025-11-07T05:59:26.502Z] OPTIONS /api/categories
[2025-11-07T05:59:26.510Z] [32MINFO[39M: 📥 [2025-11-07T05:59:26.510Z] GET /api/categories
[2025-11-07T05:59:26.511Z] [32MINFO[39M: 📥 [2025-11-07T05:59:26.511Z] GET /api/count/webview
[2025-11-07T05:59:26.525Z] [32MINFO[39M: 📥 [2025-11-07T05:59:26.525Z] GET /api/categories
[2025-11-07T05:59:26.526Z] [32MINFO[39M: 📥 [2025-11-07T05:59:26.526Z] GET /api/count/webview
[2025-11-07T06:00:32.620Z] [32MINFO[39M: 📥 [2025-11-07T06:00:32.619Z] OPTIONS /api/otp/send
[2025-11-07T06:00:32.633Z] [32MINFO[39M: 📥 [2025-11-07T06:00:32.633Z] POST /api/otp/send
[2025-11-07T06:00:32.635Z] [32MINFO[39M: Received from frontend: [object Object]
[2025-11-07T06:00:32.636Z] [32MINFO[39M: Generated OTP for 9967853969: 432938
[2025-11-07T06:00:41.057Z] [32MINFO[39M: 📥 [2025-11-07T06:00:41.057Z] OPTIONS /api/otp/verify
[2025-11-07T06:00:41.065Z] [32MINFO[39M: 📥 [2025-11-07T06:00:41.065Z] POST /api/otp/verify
[2025-11-07T06:00:41.066Z] [32MINFO[39M: Received in verifyOTP: [object Object]
[2025-11-07T06:01:33.144Z] [32MINFO[39M: 📥 [2025-11-07T06:01:33.144Z] OPTIONS /api/users?page=1&limit=10&search=
[2025-11-07T06:01:33.146Z] [32MINFO[39M: 📥 [2025-11-07T06:01:33.146Z] OPTIONS /api/users?page=1&limit=10&search=
[2025-11-07T06:01:33.271Z] [32MINFO[39M: 📥 [2025-11-07T06:01:33.271Z] GET /api/users?page=1&limit=10&search=
[2025-11-07T06:01:33.277Z] [32MINFO[39M: Controller: getAllUsers called
[2025-11-07T06:01:33.277Z] [32MINFO[39M: Final Query: SELECT * FROM users WHERE 1=1 LIMIT 10 OFFSET 0
[2025-11-07T06:01:33.277Z] [32MINFO[39M: Query Params: 
[2025-11-07T06:01:33.479Z] [32MINFO[39M: 📥 [2025-11-07T06:01:33.479Z] GET /api/users?page=1&limit=10&search=
[2025-11-07T06:01:33.482Z] [32MINFO[39M: Controller: getAllUsers called
[2025-11-07T06:01:33.483Z] [32MINFO[39M: Final Query: SELECT * FROM users WHERE 1=1 LIMIT 10 OFFSET 0
[2025-11-07T06:01:33.483Z] [32MINFO[39M: Query Params: 
[2025-11-07T06:01:36.497Z] [32MINFO[39M: 📥 [2025-11-07T06:01:36.497Z] OPTIONS /api/users
[2025-11-07T06:01:36.498Z] [32MINFO[39M: 📥 [2025-11-07T06:01:36.498Z] OPTIONS /api/users
[2025-11-07T06:01:36.591Z] [32MINFO[39M: 📥 [2025-11-07T06:01:36.591Z] GET /api/users
[2025-11-07T06:01:36.595Z] [32MINFO[39M: Controller: getAllUsers called
[2025-11-07T06:01:36.595Z] [32MINFO[39M: Final Query: SELECT * FROM users WHERE 1=1 LIMIT 10 OFFSET 0
[2025-11-07T06:01:36.595Z] [32MINFO[39M: Query Params: 
[2025-11-07T06:01:36.672Z] [32MINFO[39M: 📥 [2025-11-07T06:01:36.672Z] GET /api/users
[2025-11-07T06:01:36.675Z] [32MINFO[39M: Controller: getAllUsers called
[2025-11-07T06:01:36.675Z] [32MINFO[39M: Final Query: SELECT * FROM users WHERE 1=1 LIMIT 10 OFFSET 0
[2025-11-07T06:01:36.675Z] [32MINFO[39M: Query Params: 
[2025-11-07T06:01:38.316Z] [32MINFO[39M: 📥 [2025-11-07T06:01:38.316Z] OPTIONS /api/users?page=1&limit=10&search=
[2025-11-07T06:01:38.317Z] [32MINFO[39M: 📥 [2025-11-07T06:01:38.317Z] OPTIONS /api/users?page=1&limit=10&search=
[2025-11-07T06:01:38.500Z] [32MINFO[39M: 📥 [2025-11-07T06:01:38.500Z] GET /api/users?page=1&limit=10&search=
[2025-11-07T06:01:38.504Z] [32MINFO[39M: Controller: getAllUsers called
[2025-11-07T06:01:38.504Z] [32MINFO[39M: Final Query: SELECT * FROM users WHERE 1=1 LIMIT 10 OFFSET 0
[2025-11-07T06:01:38.504Z] [32MINFO[39M: Query Params: 
[2025-11-07T06:01:38.558Z] [32MINFO[39M: 📥 [2025-11-07T06:01:38.558Z] GET /api/users?page=1&limit=10&search=
[2025-11-07T06:01:38.561Z] [32MINFO[39M: Controller: getAllUsers called
[2025-11-07T06:01:38.561Z] [32MINFO[39M: Final Query: SELECT * FROM users WHERE 1=1 LIMIT 10 OFFSET 0
[2025-11-07T06:01:38.561Z] [32MINFO[39M: Query Params: 
[2025-11-07T06:05:07.136Z] [32MINFO[39M: 📥 [2025-11-07T06:05:07.136Z] OPTIONS /api/users?page=1&limit=10&search=
[2025-11-07T06:05:07.137Z] [32MINFO[39M: 📥 [2025-11-07T06:05:07.137Z] OPTIONS /api/users?page=1&limit=10&search=
[2025-11-07T06:05:07.333Z] [32MINFO[39M: 📥 [2025-11-07T06:05:07.333Z] GET /api/users?page=1&limit=10&search=
[2025-11-07T06:05:07.338Z] [32MINFO[39M: Controller: getAllUsers called
[2025-11-07T06:05:07.338Z] [32MINFO[39M: Final Query: SELECT * FROM users WHERE 1=1 LIMIT 10 OFFSET 0
[2025-11-07T06:05:07.338Z] [32MINFO[39M: Query Params: 
[2025-11-07T06:05:07.541Z] [32MINFO[39M: 📥 [2025-11-07T06:05:07.541Z] GET /api/users?page=1&limit=10&search=
[2025-11-07T06:05:07.544Z] [32MINFO[39M: Controller: getAllUsers called
[2025-11-07T06:05:07.544Z] [32MINFO[39M: Final Query: SELECT * FROM users WHERE 1=1 LIMIT 10 OFFSET 0
[2025-11-07T06:05:07.544Z] [32MINFO[39M: Query Params: 
[2025-11-07T06:22:07.041Z] [32MINFO[39M: 📥 [2025-11-07T06:22:07.041Z] OPTIONS /api/businesses
[2025-11-07T06:22:07.050Z] [32MINFO[39M: 📥 [2025-11-07T06:22:07.050Z] POST /api/businesses
[2025-11-07T06:22:07.056Z] [32MINFO[39M: CREating business
[2025-11-07T06:22:07.072Z] [31MERROR[39M: BUSINESS create error: Error: Column 'category_id' cannot be null
[2025-11-07T06:25:30.297Z] [32MINFO[39M:  Server running on port  http://localhost:5004
[2025-11-07T06:25:30.315Z] [32MINFO[39M: MySQL Database Connected
[2025-11-07T06:25:37.935Z] [32MINFO[39M: 📥 [2025-11-07T06:25:37.935Z] OPTIONS /api/businesses
[2025-11-07T06:25:38.782Z] [32MINFO[39M: 📥 [2025-11-07T06:25:38.782Z] POST /api/businesses
[2025-11-07T06:25:38.809Z] [32MINFO[39M: CREating business
[2025-11-07T06:25:38.816Z] [32MINFO[39M: [object Object]
[2025-11-07T06:25:38.817Z] [32MINFO[39M: Final Data to Insert into DB: 4,,,,,nerul,Near Cnc web world,,Near Station,,,,,,"{\"monday\":{\"open\":\"11:00\",\"close\":\"02:00\",\"closed\":false},\"tuesday\":{\"open\":\"12:00\",\"close\":\"05:00\",\"closed\":false},\"wednesday\":{\"open\":\"13:00\",\"close\":\"15:00\",\"closed\":false},\"thursday\":{\"open\":\"12:00\",\"close\":\"04:00\",\"closed\":false},\"friday\":{\"open\":\"11:00\",\"close\":\"23:00\",\"closed\":false},\"saturday\":{\"open\":\"05:00\",\"close\":\"08:00\",\"closed\":false},\"sunday\":{\"open\":\"14:00\",\"close\":\"23:00\",\"closed\":false}}",undefined-near-station,,
[2025-11-07T06:25:38.820Z] [32MINFO[39M: BUSINESS create error 
[2025-11-07T06:25:38.820Z] [32MINFO[39M: Column 'name' cannot be null
[2025-11-07T06:29:19.750Z] [32MINFO[39M:  Server running on port  http://localhost:5004
[2025-11-07T06:29:19.767Z] [32MINFO[39M: MySQL Database Connected
[2025-11-07T06:31:55.710Z] [32MINFO[39M: 📥 [2025-11-07T06:31:55.710Z] OPTIONS /api/businesses
[2025-11-07T06:31:55.744Z] [32MINFO[39M: 📥 [2025-11-07T06:31:55.744Z] POST /api/businesses
[2025-11-07T06:31:55.766Z] [32MINFO[39M: Creating business...
[2025-11-07T06:39:31.952Z] [32MINFO[39M: 📥 [2025-11-07T06:39:31.952Z] OPTIONS /api/businesses
[2025-11-07T06:39:31.970Z] [32MINFO[39M: 📥 [2025-11-07T06:39:31.970Z] POST /api/businesses
[2025-11-07T06:39:31.975Z] [32MINFO[39M: Creating business...
[2025-11-07T06:41:11.019Z] [32MINFO[39M: 📥 [2025-11-07T06:41:11.019Z] OPTIONS /api/businesses
[2025-11-07T06:41:11.028Z] [32MINFO[39M: 📥 [2025-11-07T06:41:11.028Z] POST /api/businesses
[2025-11-07T06:41:11.033Z] [32MINFO[39M: Creating business...
[2025-11-07T06:42:54.342Z] [32MINFO[39M: 📥 [2025-11-07T06:42:54.342Z] OPTIONS /api/businesses
[2025-11-07T06:42:54.352Z] [32MINFO[39M: 📥 [2025-11-07T06:42:54.352Z] POST /api/businesses
[2025-11-07T06:42:54.356Z] [32MINFO[39M: Creating business...
[2025-11-07T06:43:58.407Z] [32MINFO[39M: 📥 [2025-11-07T06:43:58.407Z] OPTIONS /api/businesses
[2025-11-07T06:43:58.416Z] [32MINFO[39M: 📥 [2025-11-07T06:43:58.416Z] POST /api/businesses
[2025-11-07T06:43:58.419Z] [32MINFO[39M: Creating business...
[2025-11-07T06:52:52.049Z] [32MINFO[39M: 📥 [2025-11-07T06:52:52.049Z] OPTIONS /api/businesses
[2025-11-07T06:52:52.286Z] [32MINFO[39M: 📥 [2025-11-07T06:52:52.286Z] POST /api/businesses
[2025-11-07T06:52:52.289Z] [32MINFO[39M: Creating business...
[2025-11-07T06:58:37.049Z] [32MINFO[39M: 📥 [2025-11-07T06:58:37.049Z] OPTIONS /api/businesses
[2025-11-07T06:58:37.061Z] [32MINFO[39M: 📥 [2025-11-07T06:58:37.061Z] POST /api/businesses
[2025-11-07T06:58:37.064Z] [32MINFO[39M: Creating business...
[2025-11-07T06:58:39.852Z] [32MINFO[39M: 📥 [2025-11-07T06:58:39.852Z] POST /api/businesses
[2025-11-07T06:58:39.854Z] [32MINFO[39M: Creating business...
[2025-11-07T07:09:23.757Z] [32MINFO[39M: 📥 [2025-11-07T07:09:23.757Z] OPTIONS /api/businesses
[2025-11-07T07:09:23.766Z] [32MINFO[39M: 📥 [2025-11-07T07:09:23.766Z] POST /api/businesses
[2025-11-07T07:09:23.771Z] [32MINFO[39M: Creating business...
[2025-11-07T07:11:44.499Z] [32MINFO[39M: 📥 [2025-11-07T07:11:44.499Z] OPTIONS /api/businesses
[2025-11-07T07:11:44.509Z] [32MINFO[39M: 📥 [2025-11-07T07:11:44.509Z] POST /api/businesses
[2025-11-07T07:11:44.512Z] [32MINFO[39M: Creating business...
[2025-11-07T07:11:44.521Z] [32MINFO[39M: Final Data to Insert into DB: 4,test,2,258,400706,okk,Near Cnc web world,,Near Station,,,,,,"",test-near-station-4,NaN,NaN
[2025-11-07T07:11:44.524Z] [31MERROR[39M: BUSINESS create error: Error: Unknown column 'NaN' in 'field list'
[2025-11-07T07:13:53.571Z] [32MINFO[39M:  Server running on port  http://localhost:5004
[2025-11-07T07:13:53.588Z] [32MINFO[39M: MySQL Database Connected
[2025-11-07T07:15:03.492Z] [32MINFO[39M: 📥 [2025-11-07T07:15:03.492Z] OPTIONS /api/businesses
[2025-11-07T07:15:03.536Z] [32MINFO[39M: 📥 [2025-11-07T07:15:03.536Z] POST /api/businesses
[2025-11-07T07:15:03.574Z] [32MINFO[39M: Creating business...
[2025-11-07T07:15:03.606Z] [32MINFO[39M: Final Data to Insert into DB: 4,test,1,229,400706,okkk,Near Station,,Near Station,,,,,,"",test-near-station-4,,
[2025-11-07T07:24:04.120Z] [32MINFO[39M: 📥 [2025-11-07T07:24:04.120Z] OPTIONS /api/businesses
[2025-11-07T07:24:04.395Z] [32MINFO[39M: 📥 [2025-11-07T07:24:04.395Z] POST /api/businesses
[2025-11-07T07:24:04.399Z] [32MINFO[39M: Creating business...
[2025-11-07T07:24:41.753Z] [32MINFO[39M: 📥 [2025-11-07T07:24:41.753Z] OPTIONS /api/businesses
[2025-11-07T07:24:41.762Z] [32MINFO[39M: 📥 [2025-11-07T07:24:41.762Z] POST /api/businesses
[2025-11-07T07:24:41.765Z] [32MINFO[39M: Creating business...
[2025-11-07T07:26:28.332Z] [32MINFO[39M: 📥 [2025-11-07T07:26:28.332Z] OPTIONS /api/businesses
[2025-11-07T07:26:28.340Z] [32MINFO[39M: 📥 [2025-11-07T07:26:28.340Z] POST /api/businesses
[2025-11-07T07:26:28.343Z] [32MINFO[39M: Creating business...
[2025-11-07T07:26:28.344Z] [32MINFO[39M: Final Data to Insert into DB: 1,test,4,384,400709,ok,stn,,hospital,,,,,,"",test-hospital,,
[2025-11-07T07:26:28.367Z] [31MERROR[39M: BUSINESS create error: Error: Table 'dev_mazhiMumbai.admin_actions' doesn't exist
[2025-11-07T07:27:10.259Z] [32MINFO[39M:  Server running on port  http://localhost:5004
[2025-11-07T07:27:10.274Z] [32MINFO[39M: MySQL Database Connected
[2025-11-07T07:27:14.718Z] [32MINFO[39M: 📥 [2025-11-07T07:27:14.718Z] OPTIONS /api/businesses
[2025-11-07T07:27:14.738Z] [32MINFO[39M: 📥 [2025-11-07T07:27:14.738Z] POST /api/businesses
[2025-11-07T07:27:14.757Z] [32MINFO[39M: Creating business...
[2025-11-07T07:27:14.762Z] [32MINFO[39M: [object Object]
[2025-11-07T07:27:14.762Z] [32MINFO[39M: Final Data to Insert into DB: 1,test,4,384,400709,ok,stn,,hospital,,,,,,"",test-hospital-1,,
[2025-11-07T07:32:40.071Z] [32MINFO[39M: 📥 [2025-11-07T07:32:40.071Z] OPTIONS /api/users?page=1&limit=10&search=
[2025-11-07T07:32:40.073Z] [32MINFO[39M: 📥 [2025-11-07T07:32:40.073Z] OPTIONS /api/users?page=1&limit=10&search=
[2025-11-07T07:32:40.079Z] [32MINFO[39M: 📥 [2025-11-07T07:32:40.079Z] GET /api/users?page=1&limit=10&search=
[2025-11-07T07:32:40.085Z] [32MINFO[39M: Controller: getAllUsers called
[2025-11-07T07:32:40.086Z] [32MINFO[39M: Final Query: SELECT * FROM users WHERE 1=1 LIMIT 10 OFFSET 0
[2025-11-07T07:32:40.086Z] [32MINFO[39M: Query Params: 
[2025-11-07T07:32:40.103Z] [32MINFO[39M: 📥 [2025-11-07T07:32:40.103Z] GET /api/users?page=1&limit=10&search=
[2025-11-07T07:32:40.107Z] [32MINFO[39M: Controller: getAllUsers called
[2025-11-07T07:32:40.107Z] [32MINFO[39M: Final Query: SELECT * FROM users WHERE 1=1 LIMIT 10 OFFSET 0
[2025-11-07T07:32:40.107Z] [32MINFO[39M: Query Params: 
[2025-11-07T07:32:47.127Z] [32MINFO[39M: 📥 [2025-11-07T07:32:47.127Z] OPTIONS /api/count/webview
[2025-11-07T07:32:47.129Z] [32MINFO[39M: 📥 [2025-11-07T07:32:47.129Z] OPTIONS /api/categories
[2025-11-07T07:32:47.130Z] [32MINFO[39M: 📥 [2025-11-07T07:32:47.130Z] OPTIONS /api/count/webview
[2025-11-07T07:32:47.131Z] [32MINFO[39M: 📥 [2025-11-07T07:32:47.131Z] OPTIONS /api/categories
[2025-11-07T07:32:47.139Z] [32MINFO[39M: 📥 [2025-11-07T07:32:47.139Z] GET /api/count/webview
[2025-11-07T07:32:47.141Z] [32MINFO[39M: 📥 [2025-11-07T07:32:47.141Z] GET /api/categories
[2025-11-07T07:32:47.152Z] [32MINFO[39M: 📥 [2025-11-07T07:32:47.152Z] GET /api/count/webview
[2025-11-07T07:32:47.180Z] [32MINFO[39M: 📥 [2025-11-07T07:32:47.180Z] GET /api/categories
[2025-11-07T07:34:22.548Z] [32MINFO[39M: 📥 [2025-11-07T07:34:22.548Z] OPTIONS /api/count/webview
[2025-11-07T07:34:22.552Z] [32MINFO[39M: 📥 [2025-11-07T07:34:22.552Z] OPTIONS /api/categories
[2025-11-07T07:34:22.553Z] [32MINFO[39M: 📥 [2025-11-07T07:34:22.553Z] OPTIONS /api/categories
[2025-11-07T07:34:22.554Z] [32MINFO[39M: 📥 [2025-11-07T07:34:22.554Z] OPTIONS /api/count/webview
[2025-11-07T07:34:22.554Z] [32MINFO[39M: 📥 [2025-11-07T07:34:22.554Z] GET /api/count/webview
[2025-11-07T07:34:22.563Z] [32MINFO[39M: 📥 [2025-11-07T07:34:22.563Z] GET /api/categories
[2025-11-07T07:34:22.569Z] [32MINFO[39M: 📥 [2025-11-07T07:34:22.568Z] GET /api/count/webview
[2025-11-07T07:34:22.582Z] [32MINFO[39M: 📥 [2025-11-07T07:34:22.582Z] GET /api/categories
[2025-11-07T07:34:23.596Z] [32MINFO[39M: 📥 [2025-11-07T07:34:23.596Z] GET /api/count/webview
[2025-11-07T07:34:23.599Z] [32MINFO[39M: 📥 [2025-11-07T07:34:23.599Z] GET /api/categories
[2025-11-07T07:34:23.607Z] [32MINFO[39M: 📥 [2025-11-07T07:34:23.607Z] GET /api/count/webview
[2025-11-07T07:34:23.609Z] [32MINFO[39M: 📥 [2025-11-07T07:34:23.609Z] GET /api/categories
[2025-11-07T07:36:31.383Z] [32MINFO[39M: 📥 [2025-11-07T07:36:31.383Z] OPTIONS /api/users?page=1&limit=10&search=
[2025-11-07T07:36:31.384Z] [32MINFO[39M: 📥 [2025-11-07T07:36:31.384Z] OPTIONS /api/users?page=1&limit=10&search=
[2025-11-07T07:36:31.392Z] [32MINFO[39M: 📥 [2025-11-07T07:36:31.392Z] GET /api/users?page=1&limit=10&search=
[2025-11-07T07:36:31.396Z] [32MINFO[39M: Controller: getAllUsers called
[2025-11-07T07:36:31.396Z] [32MINFO[39M: Final Query: SELECT * FROM users WHERE 1=1 LIMIT 10 OFFSET 0
[2025-11-07T07:36:31.396Z] [32MINFO[39M: Query Params: 
[2025-11-07T07:36:31.403Z] [32MINFO[39M: 📥 [2025-11-07T07:36:31.403Z] GET /api/users?page=1&limit=10&search=
[2025-11-07T07:36:31.407Z] [32MINFO[39M: Controller: getAllUsers called
[2025-11-07T07:36:31.407Z] [32MINFO[39M: Final Query: SELECT * FROM users WHERE 1=1 LIMIT 10 OFFSET 0
[2025-11-07T07:36:31.407Z] [32MINFO[39M: Query Params: 
[2025-11-07T07:37:22.403Z] [32MINFO[39M: 📥 [2025-11-07T07:37:22.403Z] GET /api/categories
[2025-11-07T07:37:22.405Z] [32MINFO[39M: 📥 [2025-11-07T07:37:22.405Z] GET /api/count/webview
[2025-11-07T07:37:22.432Z] [32MINFO[39M: 📥 [2025-11-07T07:37:22.432Z] GET /api/count/webview
[2025-11-07T07:37:22.434Z] [32MINFO[39M: 📥 [2025-11-07T07:37:22.434Z] GET /api/categories
[2025-11-07T08:36:59.775Z] [32MINFO[39M: 📥 [2025-11-07T08:36:59.768Z] OPTIONS /api/count/webview
[2025-11-07T08:36:59.819Z] [32MINFO[39M: 📥 [2025-11-07T08:36:59.819Z] OPTIONS /api/categories
[2025-11-07T08:36:59.821Z] [32MINFO[39M: 📥 [2025-11-07T08:36:59.820Z] OPTIONS /api/categories
[2025-11-07T08:36:59.821Z] [32MINFO[39M: 📥 [2025-11-07T08:36:59.821Z] OPTIONS /api/count/webview
[2025-11-07T08:36:59.837Z] [32MINFO[39M: 📥 [2025-11-07T08:36:59.837Z] GET /api/count/webview
[2025-11-07T08:36:59.870Z] [32MINFO[39M: 📥 [2025-11-07T08:36:59.870Z] GET /api/categories
[2025-11-07T08:37:00.011Z] [32MINFO[39M: 📥 [2025-11-07T08:37:00.011Z] GET /api/categories
[2025-11-07T08:37:00.012Z] [32MINFO[39M: 📥 [2025-11-07T08:37:00.012Z] GET /api/count/webview
[2025-11-07T08:37:12.866Z] [32MINFO[39M: 📥 [2025-11-07T08:37:12.866Z] OPTIONS /api/count/webview
[2025-11-07T08:37:12.870Z] [32MINFO[39M: 📥 [2025-11-07T08:37:12.870Z] OPTIONS /api/categories
[2025-11-07T08:37:12.872Z] [32MINFO[39M: 📥 [2025-11-07T08:37:12.872Z] OPTIONS /api/count/webview
[2025-11-07T08:37:12.879Z] [32MINFO[39M: 📥 [2025-11-07T08:37:12.879Z] OPTIONS /api/categories
[2025-11-07T08:37:12.904Z] [32MINFO[39M: 📥 [2025-11-07T08:37:12.904Z] GET /api/count/webview
[2025-11-07T08:37:12.906Z] [32MINFO[39M: 📥 [2025-11-07T08:37:12.906Z] GET /api/categories
[2025-11-07T08:37:12.914Z] [32MINFO[39M: 📥 [2025-11-07T08:37:12.914Z] GET /api/count/webview
[2025-11-07T08:37:12.918Z] [32MINFO[39M: 📥 [2025-11-07T08:37:12.918Z] GET /api/categories
[2025-11-07T08:37:25.098Z] [32MINFO[39M: 📥 [2025-11-07T08:37:25.098Z] OPTIONS /api/count/webview
[2025-11-07T08:37:25.099Z] [32MINFO[39M: 📥 [2025-11-07T08:37:25.099Z] OPTIONS /api/categories
[2025-11-07T08:37:25.100Z] [32MINFO[39M: 📥 [2025-11-07T08:37:25.100Z] OPTIONS /api/count/webview
[2025-11-07T08:37:25.101Z] [32MINFO[39M: 📥 [2025-11-07T08:37:25.101Z] OPTIONS /api/categories
[2025-11-07T08:37:25.130Z] [32MINFO[39M: 📥 [2025-11-07T08:37:25.130Z] GET /api/count/webview
[2025-11-07T08:37:25.133Z] [32MINFO[39M: 📥 [2025-11-07T08:37:25.133Z] GET /api/categories
[2025-11-07T08:37:25.141Z] [32MINFO[39M: 📥 [2025-11-07T08:37:25.141Z] GET /api/count/webview
[2025-11-07T08:37:25.148Z] [32MINFO[39M: 📥 [2025-11-07T08:37:25.148Z] GET /api/categories
[2025-11-07T08:37:32.801Z] [32MINFO[39M: 📥 [2025-11-07T08:37:32.801Z] OPTIONS /api/count/webview
[2025-11-07T08:37:32.801Z] [32MINFO[39M: 📥 [2025-11-07T08:37:32.801Z] OPTIONS /api/categories
[2025-11-07T08:37:32.802Z] [32MINFO[39M: 📥 [2025-11-07T08:37:32.802Z] OPTIONS /api/categories
[2025-11-07T08:37:32.803Z] [32MINFO[39M: 📥 [2025-11-07T08:37:32.803Z] OPTIONS /api/count/webview
[2025-11-07T08:37:32.812Z] [32MINFO[39M: 📥 [2025-11-07T08:37:32.812Z] GET /api/count/webview
[2025-11-07T08:37:32.813Z] [32MINFO[39M: 📥 [2025-11-07T08:37:32.813Z] GET /api/categories
[2025-11-07T08:37:32.830Z] [32MINFO[39M: 📥 [2025-11-07T08:37:32.830Z] GET /api/categories
[2025-11-07T08:37:32.854Z] [32MINFO[39M: 📥 [2025-11-07T08:37:32.854Z] GET /api/count/webview
[2025-11-07T08:37:56.016Z] [32MINFO[39M: 📥 [2025-11-07T08:37:56.016Z] OPTIONS /api/otp/send
[2025-11-07T08:37:56.032Z] [32MINFO[39M: 📥 [2025-11-07T08:37:56.032Z] POST /api/otp/send
[2025-11-07T08:37:56.042Z] [32MINFO[39M: Received from frontend: [object Object]
[2025-11-07T08:37:56.051Z] [32MINFO[39M: Generated OTP for 8451060827: 870311
[2025-11-07T08:38:05.829Z] [32MINFO[39M: 📥 [2025-11-07T08:38:05.829Z] OPTIONS /api/otp/verify
[2025-11-07T08:38:05.838Z] [32MINFO[39M: 📥 [2025-11-07T08:38:05.838Z] POST /api/otp/verify
[2025-11-07T08:38:05.842Z] [32MINFO[39M: Received in verifyOTP: [object Object]
[2025-11-07T08:38:11.580Z] [32MINFO[39M: 📥 [2025-11-07T08:38:11.580Z] OPTIONS /api/categories
[2025-11-07T08:38:11.581Z] [32MINFO[39M: 📥 [2025-11-07T08:38:11.581Z] OPTIONS /api/count/webview
[2025-11-07T08:38:11.582Z] [32MINFO[39M: 📥 [2025-11-07T08:38:11.582Z] OPTIONS /api/count/webview
[2025-11-07T08:38:11.589Z] [32MINFO[39M: 📥 [2025-11-07T08:38:11.589Z] OPTIONS /api/categories
[2025-11-07T08:38:11.619Z] [32MINFO[39M: 📥 [2025-11-07T08:38:11.619Z] GET /api/count/webview
[2025-11-07T08:38:11.621Z] [32MINFO[39M: 📥 [2025-11-07T08:38:11.621Z] GET /api/categories
[2025-11-07T08:38:11.633Z] [32MINFO[39M: 📥 [2025-11-07T08:38:11.633Z] GET /api/categories
[2025-11-07T08:38:11.636Z] [32MINFO[39M: 📥 [2025-11-07T08:38:11.636Z] GET /api/count/webview
[2025-11-07T08:39:33.569Z] [32MINFO[39M: 📥 [2025-11-07T08:39:33.569Z] OPTIONS /api/count/webview
[2025-11-07T08:39:33.578Z] [32MINFO[39M: 📥 [2025-11-07T08:39:33.578Z] GET /api/count/webview
[2025-11-07T08:42:58.349Z] [32MINFO[39M: 📥 [2025-11-07T08:42:58.349Z] OPTIONS /api/count/webview
[2025-11-07T08:42:58.350Z] [32MINFO[39M: 📥 [2025-11-07T08:42:58.350Z] OPTIONS /api/categories
[2025-11-07T08:42:58.351Z] [32MINFO[39M: 📥 [2025-11-07T08:42:58.351Z] OPTIONS /api/categories
[2025-11-07T08:42:58.351Z] [32MINFO[39M: 📥 [2025-11-07T08:42:58.351Z] OPTIONS /api/count/webview
[2025-11-07T08:42:58.373Z] [32MINFO[39M: 📥 [2025-11-07T08:42:58.372Z] GET /api/count/webview
[2025-11-07T08:42:58.374Z] [32MINFO[39M: 📥 [2025-11-07T08:42:58.374Z] GET /api/categories
[2025-11-07T08:42:58.383Z] [32MINFO[39M: 📥 [2025-11-07T08:42:58.383Z] GET /api/count/webview
[2025-11-07T08:42:58.384Z] [32MINFO[39M: 📥 [2025-11-07T08:42:58.384Z] GET /api/categories
[2025-11-07T08:42:59.997Z] [32MINFO[39M: 📥 [2025-11-07T08:42:59.997Z] GET /api/count/webview
[2025-11-07T08:42:59.998Z] [32MINFO[39M: 📥 [2025-11-07T08:42:59.998Z] GET /api/categories
[2025-11-07T08:43:00.173Z] [32MINFO[39M: 📥 [2025-11-07T08:43:00.173Z] GET /api/categories
[2025-11-07T08:43:00.174Z] [32MINFO[39M: 📥 [2025-11-07T08:43:00.174Z] GET /api/count/webview
[2025-11-07T08:43:07.748Z] [32MINFO[39M: 📥 [2025-11-07T08:43:07.748Z] OPTIONS /api/categories
[2025-11-07T08:43:07.749Z] [32MINFO[39M: 📥 [2025-11-07T08:43:07.749Z] OPTIONS /api/categories
[2025-11-07T08:43:07.758Z] [32MINFO[39M: 📥 [2025-11-07T08:43:07.758Z] GET /api/categories
[2025-11-07T08:43:07.774Z] [32MINFO[39M: 📥 [2025-11-07T08:43:07.774Z] GET /api/categories
[2025-11-07T08:43:10.458Z] [32MINFO[39M: 📥 [2025-11-07T08:43:10.458Z] GET /api/categories
[2025-11-07T08:43:10.515Z] [32MINFO[39M: 📥 [2025-11-07T08:43:10.515Z] GET /api/categories
[2025-11-07T08:43:18.214Z] [32MINFO[39M: 📥 [2025-11-07T08:43:18.214Z] OPTIONS /api/categories
[2025-11-07T08:43:18.215Z] [32MINFO[39M: 📥 [2025-11-07T08:43:18.215Z] OPTIONS /api/categories
[2025-11-07T08:43:18.223Z] [32MINFO[39M: 📥 [2025-11-07T08:43:18.223Z] GET /api/categories
[2025-11-07T08:43:18.233Z] [32MINFO[39M: 📥 [2025-11-07T08:43:18.233Z] GET /api/categories
[2025-11-07T08:43:41.952Z] [32MINFO[39M: 📥 [2025-11-07T08:43:41.952Z] OPTIONS /api/categories
[2025-11-07T08:43:41.953Z] [32MINFO[39M: 📥 [2025-11-07T08:43:41.953Z] OPTIONS /api/categories
[2025-11-07T08:43:41.953Z] [32MINFO[39M: 📥 [2025-11-07T08:43:41.953Z] OPTIONS /api/count/webview
[2025-11-07T08:43:41.954Z] [32MINFO[39M: 📥 [2025-11-07T08:43:41.954Z] OPTIONS /api/count/webview
[2025-11-07T08:43:41.961Z] [32MINFO[39M: 📥 [2025-11-07T08:43:41.961Z] GET /api/categories
[2025-11-07T08:43:41.962Z] [32MINFO[39M: 📥 [2025-11-07T08:43:41.962Z] GET /api/count/webview
[2025-11-07T08:43:41.971Z] [32MINFO[39M: 📥 [2025-11-07T08:43:41.971Z] GET /api/count/webview
[2025-11-07T08:43:41.973Z] [32MINFO[39M: 📥 [2025-11-07T08:43:41.973Z] GET /api/categories
[2025-11-07T08:44:53.282Z] [32MINFO[39M: 📥 [2025-11-07T08:44:53.282Z] OPTIONS /api/categories
[2025-11-07T08:44:53.283Z] [32MINFO[39M: 📥 [2025-11-07T08:44:53.283Z] OPTIONS /api/count/webview
[2025-11-07T08:44:53.284Z] [32MINFO[39M: 📥 [2025-11-07T08:44:53.284Z] OPTIONS /api/count/webview
[2025-11-07T08:44:53.286Z] [32MINFO[39M: 📥 [2025-11-07T08:44:53.286Z] OPTIONS /api/categories
[2025-11-07T08:44:53.293Z] [32MINFO[39M: 📥 [2025-11-07T08:44:53.293Z] GET /api/count/webview
[2025-11-07T08:44:53.295Z] [32MINFO[39M: 📥 [2025-11-07T08:44:53.295Z] GET /api/categories
[2025-11-07T08:44:53.340Z] [32MINFO[39M: 📥 [2025-11-07T08:44:53.340Z] GET /api/count/webview
[2025-11-07T08:44:53.341Z] [32MINFO[39M: 📥 [2025-11-07T08:44:53.341Z] GET /api/categories
[2025-11-07T10:28:58.622Z] [32MINFO[39M: 📥 [2025-11-07T10:28:58.616Z] OPTIONS /api/categories
[2025-11-07T10:28:58.668Z] [32MINFO[39M: 📥 [2025-11-07T10:28:58.668Z] OPTIONS /api/categories
[2025-11-07T10:28:58.673Z] [32MINFO[39M: 📥 [2025-11-07T10:28:58.673Z] OPTIONS /api/count/webview
[2025-11-07T10:28:58.674Z] [32MINFO[39M: 📥 [2025-11-07T10:28:58.674Z] OPTIONS /api/count/webview
[2025-11-07T10:28:58.744Z] [32MINFO[39M: 📥 [2025-11-07T10:28:58.744Z] GET /api/categories
[2025-11-07T10:28:58.785Z] [32MINFO[39M: 📥 [2025-11-07T10:28:58.785Z] GET /api/count/webview
[2025-11-07T10:28:58.828Z] [32MINFO[39M: 📥 [2025-11-07T10:28:58.828Z] GET /api/count/webview
[2025-11-07T10:28:58.834Z] [32MINFO[39M: 📥 [2025-11-07T10:28:58.834Z] GET /api/categories
[2025-11-07T10:48:14.056Z] [32MINFO[39M: 📥 [2025-11-07T10:48:14.056Z] OPTIONS /api/count/webview
[2025-11-07T10:48:14.058Z] [32MINFO[39M: 📥 [2025-11-07T10:48:14.058Z] OPTIONS /api/count/webview
[2025-11-07T10:48:14.058Z] [32MINFO[39M: 📥 [2025-11-07T10:48:14.058Z] OPTIONS /api/categories
[2025-11-07T10:48:14.063Z] [32MINFO[39M: 📥 [2025-11-07T10:48:14.063Z] OPTIONS /api/categories
[2025-11-07T10:48:14.231Z] [32MINFO[39M: 📥 [2025-11-07T10:48:14.231Z] GET /api/count/webview
[2025-11-07T10:48:14.233Z] [32MINFO[39M: 📥 [2025-11-07T10:48:14.233Z] GET /api/categories
[2025-11-07T10:48:14.247Z] [32MINFO[39M: 📥 [2025-11-07T10:48:14.247Z] GET /api/count/webview
[2025-11-07T10:48:14.256Z] [32MINFO[39M: 📥 [2025-11-07T10:48:14.256Z] GET /api/categories
[2025-11-07T10:53:23.376Z] [32MINFO[39M: 📥 [2025-11-07T10:53:23.376Z] OPTIONS /api/count/webview
[2025-11-07T10:53:23.377Z] [32MINFO[39M: 📥 [2025-11-07T10:53:23.377Z] OPTIONS /api/count/webview
[2025-11-07T10:53:23.377Z] [32MINFO[39M: 📥 [2025-11-07T10:53:23.377Z] OPTIONS /api/categories
[2025-11-07T10:53:23.379Z] [32MINFO[39M: 📥 [2025-11-07T10:53:23.379Z] OPTIONS /api/categories
[2025-11-07T10:53:23.384Z] [32MINFO[39M: 📥 [2025-11-07T10:53:23.384Z] GET /api/count/webview
[2025-11-07T10:53:23.387Z] [32MINFO[39M: 📥 [2025-11-07T10:53:23.387Z] GET /api/categories
[2025-11-07T10:53:23.404Z] [32MINFO[39M: 📥 [2025-11-07T10:53:23.404Z] GET /api/count/webview
[2025-11-07T10:53:23.406Z] [32MINFO[39M: 📥 [2025-11-07T10:53:23.406Z] GET /api/categories
[2025-11-07T10:55:04.048Z] [32MINFO[39M: 📥 [2025-11-07T10:55:04.048Z] OPTIONS /api/categories
[2025-11-07T10:55:04.049Z] [32MINFO[39M: 📥 [2025-11-07T10:55:04.049Z] OPTIONS /api/count/webview
[2025-11-07T10:55:04.054Z] [32MINFO[39M: 📥 [2025-11-07T10:55:04.054Z] OPTIONS /api/categories
[2025-11-07T10:55:04.058Z] [32MINFO[39M: 📥 [2025-11-07T10:55:04.058Z] OPTIONS /api/count/webview
[2025-11-07T10:55:04.106Z] [32MINFO[39M: 📥 [2025-11-07T10:55:04.106Z] GET /api/categories
[2025-11-07T10:55:04.111Z] [32MINFO[39M: 📥 [2025-11-07T10:55:04.111Z] GET /api/count/webview
[2025-11-07T10:55:04.175Z] [32MINFO[39M: 📥 [2025-11-07T10:55:04.174Z] GET /api/categories
[2025-11-07T10:55:04.180Z] [32MINFO[39M: 📥 [2025-11-07T10:55:04.180Z] GET /api/count/webview
[2025-11-07T11:02:33.672Z] [32MINFO[39M: 📥 [2025-11-07T11:02:33.672Z] OPTIONS /api/categories
[2025-11-07T11:02:33.673Z] [32MINFO[39M: 📥 [2025-11-07T11:02:33.673Z] OPTIONS /api/count/webview
[2025-11-07T11:02:33.674Z] [32MINFO[39M: 📥 [2025-11-07T11:02:33.674Z] OPTIONS /api/count/webview
[2025-11-07T11:02:33.677Z] [32MINFO[39M: 📥 [2025-11-07T11:02:33.677Z] OPTIONS /api/categories
[2025-11-07T11:02:33.679Z] [32MINFO[39M: 📥 [2025-11-07T11:02:33.679Z] GET /api/categories
[2025-11-07T11:02:33.680Z] [32MINFO[39M: 📥 [2025-11-07T11:02:33.680Z] GET /api/count/webview
[2025-11-07T11:02:33.688Z] [32MINFO[39M: 📥 [2025-11-07T11:02:33.688Z] GET /api/count/webview
[2025-11-07T11:02:33.692Z] [32MINFO[39M: 📥 [2025-11-07T11:02:33.692Z] GET /api/categories
[2025-11-07T11:02:49.525Z] [32MINFO[39M: 📥 [2025-11-07T11:02:49.525Z] OPTIONS /api/categories
[2025-11-07T11:02:49.526Z] [32MINFO[39M: 📥 [2025-11-07T11:02:49.526Z] OPTIONS /api/count/webview
[2025-11-07T11:02:49.527Z] [32MINFO[39M: 📥 [2025-11-07T11:02:49.527Z] OPTIONS /api/count/webview
[2025-11-07T11:02:49.527Z] [32MINFO[39M: 📥 [2025-11-07T11:02:49.527Z] OPTIONS /api/categories
[2025-11-07T11:02:49.533Z] [32MINFO[39M: 📥 [2025-11-07T11:02:49.533Z] GET /api/categories
[2025-11-07T11:02:49.537Z] [32MINFO[39M: 📥 [2025-11-07T11:02:49.537Z] GET /api/count/webview
[2025-11-07T11:02:49.542Z] [32MINFO[39M: 📥 [2025-11-07T11:02:49.542Z] GET /api/categories
[2025-11-07T11:02:49.543Z] [32MINFO[39M: 📥 [2025-11-07T11:02:49.543Z] GET /api/count/webview
[2025-11-07T11:06:46.728Z] [32MINFO[39M: 📥 [2025-11-07T11:06:46.728Z] OPTIONS /api/count/webview
[2025-11-07T11:06:46.729Z] [32MINFO[39M: 📥 [2025-11-07T11:06:46.729Z] OPTIONS /api/count/webview
[2025-11-07T11:06:46.736Z] [32MINFO[39M: 📥 [2025-11-07T11:06:46.736Z] GET /api/count/webview
[2025-11-07T11:06:46.746Z] [32MINFO[39M: 📥 [2025-11-07T11:06:46.746Z] GET /api/count/webview
[2025-11-07T11:09:32.129Z] [32MINFO[39M: 📥 [2025-11-07T11:09:32.129Z] OPTIONS /api/count/webview
[2025-11-07T11:09:32.130Z] [32MINFO[39M: 📥 [2025-11-07T11:09:32.130Z] OPTIONS /api/count/webview
[2025-11-07T11:09:32.135Z] [32MINFO[39M: 📥 [2025-11-07T11:09:32.135Z] GET /api/count/webview
[2025-11-07T11:09:32.142Z] [32MINFO[39M: 📥 [2025-11-07T11:09:32.141Z] GET /api/count/webview
[2025-11-07T11:11:22.062Z] [32MINFO[39M: 📥 [2025-11-07T11:11:22.062Z] OPTIONS /api/count/webview
[2025-11-07T11:11:22.063Z] [32MINFO[39M: 📥 [2025-11-07T11:11:22.063Z] OPTIONS /api/count/webview
[2025-11-07T11:11:22.071Z] [32MINFO[39M: 📥 [2025-11-07T11:11:22.071Z] GET /api/count/webview
[2025-11-07T11:11:22.079Z] [32MINFO[39M: 📥 [2025-11-07T11:11:22.079Z] GET /api/count/webview
[2025-11-07T11:11:22.713Z] [32MINFO[39M: 📥 [2025-11-07T11:11:22.713Z] GET /api/count/webview
[2025-11-07T11:11:22.721Z] [32MINFO[39M: 📥 [2025-11-07T11:11:22.721Z] GET /api/count/webview
[2025-11-07T11:23:53.817Z] [32MINFO[39M: 📥 [2025-11-07T11:23:53.817Z] GET /api/categories
[2025-11-07T11:23:53.837Z] [32MINFO[39M: 📥 [2025-11-07T11:23:53.837Z] GET /api/categories
[2025-11-07T11:23:55.931Z] [32MINFO[39M: 📥 [2025-11-07T11:23:55.931Z] GET /api/count/webview
[2025-11-07T11:23:55.934Z] [32MINFO[39M: 📥 [2025-11-07T11:23:55.934Z] GET /api/categories
[2025-11-07T11:23:55.939Z] [32MINFO[39M: 📥 [2025-11-07T11:23:55.939Z] GET /api/count/webview
[2025-11-07T11:23:55.942Z] [32MINFO[39M: 📥 [2025-11-07T11:23:55.942Z] GET /api/categories
[2025-11-07T11:24:05.085Z] [32MINFO[39M: 📥 [2025-11-07T11:24:05.085Z] OPTIONS /api/otp/send
[2025-11-07T11:24:05.103Z] [32MINFO[39M: 📥 [2025-11-07T11:24:05.103Z] POST /api/otp/send
[2025-11-07T11:24:05.105Z] [32MINFO[39M: Received from frontend: [object Object]
[2025-11-07T11:24:05.107Z] [32MINFO[39M: Generated OTP for 8451060827: 444952
[2025-11-07T11:24:11.870Z] [32MINFO[39M: 📥 [2025-11-07T11:24:11.870Z] OPTIONS /api/otp/verify
[2025-11-07T11:24:11.875Z] [32MINFO[39M: 📥 [2025-11-07T11:24:11.875Z] POST /api/otp/verify
[2025-11-07T11:24:11.876Z] [32MINFO[39M: Received in verifyOTP: [object Object]
[2025-11-07T11:24:20.743Z] [32MINFO[39M: 📥 [2025-11-07T11:24:20.743Z] OPTIONS /api/count/webview
[2025-11-07T11:24:20.744Z] [32MINFO[39M: 📥 [2025-11-07T11:24:20.744Z] OPTIONS /api/count/webview
[2025-11-07T11:24:20.744Z] [32MINFO[39M: 📥 [2025-11-07T11:24:20.744Z] OPTIONS /api/categories
[2025-11-07T11:24:20.745Z] [32MINFO[39M: 📥 [2025-11-07T11:24:20.745Z] OPTIONS /api/categories
[2025-11-07T11:24:20.759Z] [32MINFO[39M: 📥 [2025-11-07T11:24:20.759Z] GET /api/count/webview
[2025-11-07T11:24:20.760Z] [32MINFO[39M: 📥 [2025-11-07T11:24:20.760Z] GET /api/categories
[2025-11-07T11:24:20.769Z] [32MINFO[39M: 📥 [2025-11-07T11:24:20.769Z] GET /api/count/webview
[2025-11-07T11:24:20.773Z] [32MINFO[39M: 📥 [2025-11-07T11:24:20.773Z] GET /api/categories
[2025-11-07T11:24:42.163Z] [32MINFO[39M: 📥 [2025-11-07T11:24:42.163Z] OPTIONS /api/count/webview
[2025-11-07T11:24:42.169Z] [32MINFO[39M: 📥 [2025-11-07T11:24:42.169Z] OPTIONS /api/count/webview
[2025-11-07T11:24:42.184Z] [32MINFO[39M: 📥 [2025-11-07T11:24:42.184Z] GET /api/count/webview
[2025-11-07T11:24:42.204Z] [32MINFO[39M: 📥 [2025-11-07T11:24:42.204Z] GET /api/count/webview
[2025-11-07T11:27:12.190Z] [32MINFO[39M: 📥 [2025-11-07T11:27:12.190Z] OPTIONS /api/count/webview
[2025-11-07T11:27:12.191Z] [32MINFO[39M: 📥 [2025-11-07T11:27:12.191Z] OPTIONS /api/count/webview
[2025-11-07T11:27:12.220Z] [32MINFO[39M: 📥 [2025-11-07T11:27:12.220Z] GET /api/count/webview
[2025-11-07T11:27:12.244Z] [32MINFO[39M: 📥 [2025-11-07T11:27:12.244Z] GET /api/count/webview
[2025-11-07T11:27:32.772Z] [32MINFO[39M: 📥 [2025-11-07T11:27:32.771Z] OPTIONS /api/count/webview
[2025-11-07T11:27:32.773Z] [32MINFO[39M: 📥 [2025-11-07T11:27:32.772Z] OPTIONS /api/count/webview
[2025-11-07T11:27:32.793Z] [32MINFO[39M: 📥 [2025-11-07T11:27:32.793Z] GET /api/count/webview
[2025-11-07T11:27:32.802Z] [32MINFO[39M: 📥 [2025-11-07T11:27:32.802Z] GET /api/count/webview
[2025-11-07T11:27:34.980Z] [32MINFO[39M: 📥 [2025-11-07T11:27:34.980Z] OPTIONS /api/business/owner/null
[2025-11-07T11:27:34.981Z] [32MINFO[39M: 📥 [2025-11-07T11:27:34.981Z] OPTIONS /api/business/owner/null
[2025-11-07T11:27:34.986Z] [32MINFO[39M: 📥 [2025-11-07T11:27:34.986Z] GET /api/business/owner/null
[2025-11-07T11:27:34.995Z] [32MINFO[39M: 📥 [2025-11-07T11:27:34.995Z] GET /api/business/owner/null
[2025-11-07T11:27:48.306Z] [32MINFO[39M: 📥 [2025-11-07T11:27:48.306Z] OPTIONS /api/categories
[2025-11-07T11:27:48.308Z] [32MINFO[39M: 📥 [2025-11-07T11:27:48.308Z] OPTIONS /api/categories
[2025-11-07T11:27:48.330Z] [32MINFO[39M: 📥 [2025-11-07T11:27:48.330Z] GET /api/categories
[2025-11-07T11:27:48.343Z] [32MINFO[39M: 📥 [2025-11-07T11:27:48.343Z] GET /api/categories
[2025-11-07T11:27:53.329Z] [32MINFO[39M: 📥 [2025-11-07T11:27:53.329Z] OPTIONS /api/business/owner/null
[2025-11-07T11:27:53.339Z] [32MINFO[39M: 📥 [2025-11-07T11:27:53.339Z] OPTIONS /api/business/owner/null
[2025-11-07T11:27:53.344Z] [32MINFO[39M: 📥 [2025-11-07T11:27:53.344Z] GET /api/business/owner/null
[2025-11-07T11:27:53.353Z] [32MINFO[39M: 📥 [2025-11-07T11:27:53.353Z] GET /api/business/owner/null
[2025-11-07T11:31:00.245Z] [32MINFO[39M: 📥 [2025-11-07T11:31:00.245Z] OPTIONS /api/count/webview
[2025-11-07T11:31:00.247Z] [32MINFO[39M: 📥 [2025-11-07T11:31:00.247Z] OPTIONS /api/count/webview
[2025-11-07T11:31:00.251Z] [32MINFO[39M: 📥 [2025-11-07T11:31:00.251Z] GET /api/count/webview
[2025-11-07T11:31:00.279Z] [32MINFO[39M: 📥 [2025-11-07T11:31:00.279Z] GET /api/count/webview
[2025-11-07T11:33:48.436Z] [32MINFO[39M: 📥 [2025-11-07T11:33:48.436Z] OPTIONS /api/count/webview
[2025-11-07T11:33:48.437Z] [32MINFO[39M: 📥 [2025-11-07T11:33:48.437Z] OPTIONS /api/count/webview
[2025-11-07T11:33:48.442Z] [32MINFO[39M: 📥 [2025-11-07T11:33:48.442Z] GET /api/count/webview
[2025-11-07T11:33:48.451Z] [32MINFO[39M: 📥 [2025-11-07T11:33:48.451Z] GET /api/count/webview
[2025-11-07T11:34:01.868Z] [32MINFO[39M: 📥 [2025-11-07T11:34:01.868Z] OPTIONS /api/business/owner/null
[2025-11-07T11:34:01.877Z] [32MINFO[39M: 📥 [2025-11-07T11:34:01.877Z] OPTIONS /api/business/owner/null
[2025-11-07T11:34:01.892Z] [32MINFO[39M: 📥 [2025-11-07T11:34:01.892Z] GET /api/business/owner/null
[2025-11-07T11:34:01.905Z] [32MINFO[39M: 📥 [2025-11-07T11:34:01.905Z] GET /api/business/owner/null
[2025-11-07T11:41:29.331Z] [32MINFO[39M: 📥 [2025-11-07T11:41:29.331Z] OPTIONS /api/count/webview
[2025-11-07T11:41:29.333Z] [32MINFO[39M: 📥 [2025-11-07T11:41:29.333Z] OPTIONS /api/count/webview
[2025-11-07T11:41:29.337Z] [32MINFO[39M: 📥 [2025-11-07T11:41:29.337Z] GET /api/count/webview
[2025-11-07T11:41:29.351Z] [32MINFO[39M: 📥 [2025-11-07T11:41:29.351Z] GET /api/count/webview
[2025-11-07T11:41:38.120Z] [32MINFO[39M: 📥 [2025-11-07T11:41:38.120Z] OPTIONS /api/count/webview
[2025-11-07T11:41:38.121Z] [32MINFO[39M: 📥 [2025-11-07T11:41:38.120Z] OPTIONS /api/count/webview
[2025-11-07T11:41:38.236Z] [32MINFO[39M: 📥 [2025-11-07T11:41:38.236Z] GET /api/count/webview
[2025-11-07T11:41:38.264Z] [32MINFO[39M: 📥 [2025-11-07T11:41:38.264Z] GET /api/count/webview
[2025-11-07T11:42:13.069Z] [32MINFO[39M: 📥 [2025-11-07T11:42:13.069Z] OPTIONS /api/count/webview
[2025-11-07T11:42:13.117Z] [32MINFO[39M: 📥 [2025-11-07T11:42:13.117Z] OPTIONS /api/count/webview
[2025-11-07T11:42:13.127Z] [32MINFO[39M: 📥 [2025-11-07T11:42:13.127Z] GET /api/count/webview
[2025-11-07T11:42:13.195Z] [32MINFO[39M: 📥 [2025-11-07T11:42:13.195Z] GET /api/count/webview
[2025-11-07T11:50:50.868Z] [32MINFO[39M: 📥 [2025-11-07T11:50:50.868Z] OPTIONS /api/count/webview
[2025-11-07T11:50:50.870Z] [32MINFO[39M: 📥 [2025-11-07T11:50:50.870Z] OPTIONS /api/user
[2025-11-07T11:50:50.872Z] [32MINFO[39M: 📥 [2025-11-07T11:50:50.872Z] OPTIONS /api/count/webview
[2025-11-07T11:50:50.873Z] [32MINFO[39M: 📥 [2025-11-07T11:50:50.873Z] OPTIONS /api/user
[2025-11-07T11:50:50.896Z] [32MINFO[39M: 📥 [2025-11-07T11:50:50.896Z] GET /api/count/webview
[2025-11-07T11:50:50.898Z] [32MINFO[39M: 📥 [2025-11-07T11:50:50.898Z] GET /api/user
[2025-11-07T11:50:50.907Z] [32MINFO[39M: 📥 [2025-11-07T11:50:50.907Z] GET /api/count/webview
[2025-11-07T11:50:50.908Z] [32MINFO[39M: 📥 [2025-11-07T11:50:50.908Z] GET /api/user
[2025-11-07T11:51:46.373Z] [32MINFO[39M: 📥 [2025-11-07T11:51:46.373Z] OPTIONS /api/count/webview
[2025-11-07T11:51:46.375Z] [32MINFO[39M: 📥 [2025-11-07T11:51:46.375Z] OPTIONS /api/user
[2025-11-07T11:51:46.375Z] [32MINFO[39M: 📥 [2025-11-07T11:51:46.375Z] OPTIONS /api/count/webview
[2025-11-07T11:51:46.376Z] [32MINFO[39M: 📥 [2025-11-07T11:51:46.376Z] OPTIONS /api/user
[2025-11-07T11:51:46.381Z] [32MINFO[39M: 📥 [2025-11-07T11:51:46.381Z] GET /api/count/webview
[2025-11-07T11:51:46.382Z] [32MINFO[39M: 📥 [2025-11-07T11:51:46.382Z] GET /api/user
[2025-11-07T11:51:46.393Z] [32MINFO[39M: 📥 [2025-11-07T11:51:46.393Z] GET /api/count/webview
[2025-11-07T11:51:46.393Z] [32MINFO[39M: 📥 [2025-11-07T11:51:46.393Z] GET /api/user
[2025-11-07T11:52:29.313Z] [32MINFO[39M: 📥 [2025-11-07T11:52:29.313Z] OPTIONS /api/count/webview
[2025-11-07T11:52:29.314Z] [32MINFO[39M: 📥 [2025-11-07T11:52:29.314Z] OPTIONS /api/businesses/user
[2025-11-07T11:52:29.315Z] [32MINFO[39M: 📥 [2025-11-07T11:52:29.315Z] OPTIONS /api/count/webview
[2025-11-07T11:52:29.316Z] [32MINFO[39M: 📥 [2025-11-07T11:52:29.316Z] OPTIONS /api/businesses/user
[2025-11-07T11:52:29.445Z] [32MINFO[39M: 📥 [2025-11-07T11:52:29.444Z] GET /api/businesses/user
[2025-11-07T11:52:29.447Z] [32MINFO[39M: 📥 [2025-11-07T11:52:29.447Z] GET /api/count/webview
[2025-11-07T11:52:29.598Z] [32MINFO[39M: 📥 [2025-11-07T11:52:29.598Z] GET /api/businesses/user
[2025-11-07T11:52:29.603Z] [32MINFO[39M: 📥 [2025-11-07T11:52:29.603Z] GET /api/count/webview
[2025-11-07T11:53:03.874Z] [32MINFO[39M: 📥 [2025-11-07T11:53:03.874Z] OPTIONS /api/categories
[2025-11-07T11:53:03.875Z] [32MINFO[39M: 📥 [2025-11-07T11:53:03.875Z] OPTIONS /api/categories
[2025-11-07T11:53:03.928Z] [32MINFO[39M: 📥 [2025-11-07T11:53:03.927Z] GET /api/categories
[2025-11-07T11:53:03.945Z] [32MINFO[39M: 📥 [2025-11-07T11:53:03.945Z] GET /api/categories
[2025-11-07T11:54:09.450Z] [32MINFO[39M: 📥 [2025-11-07T11:54:09.450Z] OPTIONS /api/businesses
[2025-11-07T11:54:09.464Z] [32MINFO[39M: 📥 [2025-11-07T11:54:09.464Z] POST /api/businesses
[2025-11-07T11:54:09.479Z] [32MINFO[39M: Creating business...
[2025-11-07T11:55:40.035Z] [32MINFO[39M: 📥 [2025-11-07T11:55:40.035Z] OPTIONS /api/businesses
[2025-11-07T11:55:40.041Z] [32MINFO[39M: 📥 [2025-11-07T11:55:40.041Z] POST /api/businesses
[2025-11-07T11:55:40.044Z] [32MINFO[39M: Creating business...
[2025-11-07T11:55:40.046Z] [32MINFO[39M: [object Object]
[2025-11-07T11:55:40.046Z] [32MINFO[39M: Final Data to Insert into DB: 4,test,3,376,400706,nice,Near Sagar Vihar,,Near Park,8451060827,,test@gmail.com,okkk,,"",test-near-park,,
[2025-11-07T11:55:40.055Z] [31MERROR[39M: Failed to send BusinessRegistration SMS: sendSms is not defined
[2025-11-07T11:56:44.185Z] [32MINFO[39M: 📥 [2025-11-07T11:56:44.185Z] OPTIONS /api/businesses
[2025-11-07T11:56:44.194Z] [32MINFO[39M: 📥 [2025-11-07T11:56:44.194Z] POST /api/businesses
[2025-11-07T11:56:44.197Z] [32MINFO[39M: Creating business...
[2025-11-07T11:56:44.198Z] [32MINFO[39M: [object Object]
[2025-11-07T11:56:44.198Z] [32MINFO[39M: Final Data to Insert into DB: 4,test,3,376,400706,nice,Near Sagar Vihar,,Near Park,8451060827,,test@gmail.com,okkk,,"",test-near-park-1,,
[2025-11-07T11:56:44.204Z] [31MERROR[39M: Failed to send BusinessRegistration SMS: sendSms is not defined
[2025-11-07T11:56:52.078Z] [32MINFO[39M: 📥 [2025-11-07T11:56:52.078Z] OPTIONS /api/businesses/user
[2025-11-07T11:56:52.079Z] [32MINFO[39M: 📥 [2025-11-07T11:56:52.079Z] OPTIONS /api/businesses/user
[2025-11-07T11:56:52.091Z] [32MINFO[39M: 📥 [2025-11-07T11:56:52.091Z] GET /api/businesses/user
[2025-11-07T11:56:52.101Z] [32MINFO[39M: 📥 [2025-11-07T11:56:52.101Z] GET /api/businesses/user
[2025-11-07T11:56:59.510Z] [32MINFO[39M: 📥 [2025-11-07T11:56:59.510Z] OPTIONS /api/count/webview
[2025-11-07T11:56:59.516Z] [32MINFO[39M: 📥 [2025-11-07T11:56:59.516Z] OPTIONS /api/count/webview
[2025-11-07T11:56:59.517Z] [32MINFO[39M: 📥 [2025-11-07T11:56:59.517Z] OPTIONS /api/businesses/user
[2025-11-07T11:56:59.518Z] [32MINFO[39M: 📥 [2025-11-07T11:56:59.518Z] OPTIONS /api/businesses/user
[2025-11-07T11:56:59.552Z] [32MINFO[39M: 📥 [2025-11-07T11:56:59.552Z] GET /api/count/webview
[2025-11-07T11:56:59.553Z] [32MINFO[39M: 📥 [2025-11-07T11:56:59.553Z] GET /api/businesses/user
[2025-11-07T11:56:59.587Z] [32MINFO[39M: 📥 [2025-11-07T11:56:59.587Z] GET /api/count/webview
[2025-11-07T11:56:59.588Z] [32MINFO[39M: 📥 [2025-11-07T11:56:59.588Z] GET /api/businesses/user
[2025-11-07T12:40:01.237Z] [32MINFO[39M: 📥 [2025-11-07T12:40:01.225Z] OPTIONS /api/count/webview
[2025-11-07T12:40:01.303Z] [32MINFO[39M: 📥 [2025-11-07T12:40:01.303Z] OPTIONS /api/count/webview
[2025-11-07T12:40:01.318Z] [32MINFO[39M: 📥 [2025-11-07T12:40:01.318Z] OPTIONS /api/businesses/user
[2025-11-07T12:40:01.321Z] [32MINFO[39M: 📥 [2025-11-07T12:40:01.321Z] OPTIONS /api/businesses/user
[2025-11-07T12:40:01.330Z] [32MINFO[39M: 📥 [2025-11-07T12:40:01.330Z] GET /api/count/webview
[2025-11-07T12:40:01.420Z] [32MINFO[39M: 📥 [2025-11-07T12:40:01.420Z] GET /api/businesses/user
[2025-11-07T12:40:01.532Z] [32MINFO[39M: 📥 [2025-11-07T12:40:01.532Z] GET /api/count/webview
[2025-11-07T12:40:01.533Z] [32MINFO[39M: 📥 [2025-11-07T12:40:01.533Z] GET /api/businesses/user
[2025-11-07T12:42:03.677Z] [32MINFO[39M: 📥 [2025-11-07T12:42:03.677Z] OPTIONS /api/count/webview
[2025-11-07T12:42:03.684Z] [32MINFO[39M: 📥 [2025-11-07T12:42:03.684Z] OPTIONS /api/count/webview
[2025-11-07T12:42:03.689Z] [32MINFO[39M: 📥 [2025-11-07T12:42:03.689Z] OPTIONS /api/businesses/user
[2025-11-07T12:42:03.689Z] [32MINFO[39M: 📥 [2025-11-07T12:42:03.689Z] OPTIONS /api/businesses/user
[2025-11-07T12:42:03.965Z] [32MINFO[39M: 📥 [2025-11-07T12:42:03.965Z] GET /api/count/webview
[2025-11-07T12:42:03.972Z] [32MINFO[39M: 📥 [2025-11-07T12:42:03.972Z] GET /api/businesses/user
[2025-11-07T12:42:03.990Z] [32MINFO[39M: 📥 [2025-11-07T12:42:03.989Z] GET /api/count/webview
[2025-11-07T12:42:03.992Z] [32MINFO[39M: 📥 [2025-11-07T12:42:03.992Z] GET /api/businesses/user
[2025-11-07T12:48:52.078Z] [32MINFO[39M: 📥 [2025-11-07T12:48:52.078Z] OPTIONS /api/businesses/user
[2025-11-07T12:48:52.079Z] [32MINFO[39M: 📥 [2025-11-07T12:48:52.079Z] OPTIONS /api/businesses/user
[2025-11-07T12:48:52.090Z] [32MINFO[39M: 📥 [2025-11-07T12:48:52.090Z] GET /api/businesses/user
[2025-11-07T12:48:52.100Z] [32MINFO[39M: 📥 [2025-11-07T12:48:52.100Z] GET /api/businesses/user
[2025-11-07T12:50:48.586Z] [32MINFO[39M: 📥 [2025-11-07T12:50:48.586Z] OPTIONS /api/count/webview
[2025-11-07T12:50:48.587Z] [32MINFO[39M: 📥 [2025-11-07T12:50:48.587Z] OPTIONS /api/categories
[2025-11-07T12:50:48.587Z] [32MINFO[39M: 📥 [2025-11-07T12:50:48.587Z] OPTIONS /api/categories
[2025-11-07T12:50:48.591Z] [32MINFO[39M: 📥 [2025-11-07T12:50:48.591Z] OPTIONS /api/count/webview
[2025-11-07T12:50:48.600Z] [32MINFO[39M: 📥 [2025-11-07T12:50:48.600Z] GET /api/categories
[2025-11-07T12:50:48.601Z] [32MINFO[39M: 📥 [2025-11-07T12:50:48.601Z] GET /api/count/webview
[2025-11-07T12:50:48.660Z] [32MINFO[39M: 📥 [2025-11-07T12:50:48.660Z] GET /api/categories
[2025-11-07T12:50:48.663Z] [32MINFO[39M: 📥 [2025-11-07T12:50:48.663Z] GET /api/count/webview
[2025-11-07T12:50:55.375Z] [32MINFO[39M: 📥 [2025-11-07T12:50:55.375Z] OPTIONS /api/categories
[2025-11-07T12:50:55.376Z] [32MINFO[39M: 📥 [2025-11-07T12:50:55.376Z] OPTIONS /api/categories
[2025-11-07T12:50:55.377Z] [32MINFO[39M: 📥 [2025-11-07T12:50:55.377Z] OPTIONS /api/count/webview
[2025-11-07T12:50:55.378Z] [32MINFO[39M: 📥 [2025-11-07T12:50:55.378Z] OPTIONS /api/count/webview
[2025-11-07T12:50:55.523Z] [32MINFO[39M: 📥 [2025-11-07T12:50:55.523Z] GET /api/categories
[2025-11-07T12:50:55.524Z] [32MINFO[39M: 📥 [2025-11-07T12:50:55.524Z] GET /api/count/webview
[2025-11-07T12:50:55.534Z] [32MINFO[39M: 📥 [2025-11-07T12:50:55.534Z] GET /api/count/webview
[2025-11-07T12:50:55.548Z] [32MINFO[39M: 📥 [2025-11-07T12:50:55.548Z] GET /api/categories
[2025-11-07T12:51:04.585Z] [32MINFO[39M: 📥 [2025-11-07T12:51:04.585Z] OPTIONS /api/count/webview
[2025-11-07T12:51:04.730Z] [32MINFO[39M: 📥 [2025-11-07T12:51:04.730Z] OPTIONS /api/count/webview
[2025-11-07T12:51:04.735Z] [32MINFO[39M: 📥 [2025-11-07T12:51:04.735Z] GET /api/count/webview
[2025-11-07T12:51:04.749Z] [32MINFO[39M: 📥 [2025-11-07T12:51:04.749Z] GET /api/count/webview
[2025-11-07T12:51:10.662Z] [32MINFO[39M: 📥 [2025-11-07T12:51:10.662Z] OPTIONS /api/count/webview
[2025-11-07T12:51:10.663Z] [32MINFO[39M: 📥 [2025-11-07T12:51:10.663Z] OPTIONS /api/categories
[2025-11-07T12:51:10.664Z] [32MINFO[39M: 📥 [2025-11-07T12:51:10.664Z] OPTIONS /api/categories
[2025-11-07T12:51:10.665Z] [32MINFO[39M: 📥 [2025-11-07T12:51:10.665Z] OPTIONS /api/count/webview
[2025-11-07T12:51:10.671Z] [32MINFO[39M: 📥 [2025-11-07T12:51:10.671Z] GET /api/count/webview
[2025-11-07T12:51:10.672Z] [32MINFO[39M: 📥 [2025-11-07T12:51:10.672Z] GET /api/categories
[2025-11-07T12:51:10.678Z] [32MINFO[39M: 📥 [2025-11-07T12:51:10.678Z] GET /api/count/webview
[2025-11-07T12:51:10.680Z] [32MINFO[39M: 📥 [2025-11-07T12:51:10.680Z] GET /api/categories
[2025-11-07T12:51:19.212Z] [32MINFO[39M: 📥 [2025-11-07T12:51:19.212Z] OPTIONS /api/businesses/user
[2025-11-07T12:51:19.214Z] [32MINFO[39M: 📥 [2025-11-07T12:51:19.214Z] OPTIONS /api/businesses/user
[2025-11-07T12:51:19.372Z] [32MINFO[39M: 📥 [2025-11-07T12:51:19.372Z] GET /api/businesses/user
[2025-11-07T12:51:19.379Z] [32MINFO[39M: 📥 [2025-11-07T12:51:19.379Z] GET /api/businesses/user
[2025-11-07T12:51:25.465Z] [32MINFO[39M: 📥 [2025-11-07T12:51:25.465Z] OPTIONS /api/categories
[2025-11-07T12:51:25.466Z] [32MINFO[39M: 📥 [2025-11-07T12:51:25.466Z] OPTIONS /api/categories
[2025-11-07T12:51:25.491Z] [32MINFO[39M: 📥 [2025-11-07T12:51:25.491Z] GET /api/categories
[2025-11-07T12:51:25.502Z] [32MINFO[39M: 📥 [2025-11-07T12:51:25.502Z] GET /api/categories
[2025-11-07T12:52:13.711Z] [32MINFO[39M: 📥 [2025-11-07T12:52:13.711Z] OPTIONS /api/businesses
[2025-11-07T12:52:13.736Z] [32MINFO[39M: 📥 [2025-11-07T12:52:13.736Z] POST /api/businesses
[2025-11-07T12:52:13.755Z] [32MINFO[39M: Creating business...
[2025-11-07T12:52:13.763Z] [32MINFO[39M: [object Object]
[2025-11-07T12:52:13.763Z] [32MINFO[39M: Final Data to Insert into DB: 4,cnc,1,229,400706,okk,Near Sagar Vihar,,Near Station,8451060827,,abc2@gmail.com,nicee,,"",cnc-near-station-3,,
[2025-11-07T12:52:13.769Z] [31MERROR[39M: Failed to send BusinessRegistration SMS: sendSms is not defined
[2025-11-07T12:53:46.804Z] [32MINFO[39M: 📥 [2025-11-07T12:53:46.804Z] OPTIONS /api/businesses
[2025-11-07T12:53:46.812Z] [32MINFO[39M: 📥 [2025-11-07T12:53:46.812Z] POST /api/businesses
[2025-11-07T12:53:46.815Z] [32MINFO[39M: Creating business...
[2025-11-07T12:53:46.820Z] [32MINFO[39M: [object Object]
[2025-11-07T12:53:46.820Z] [32MINFO[39M: Final Data to Insert into DB: 4,cnc,1,229,400706,okk,Near Sagar Vihar,,Near Station,8451060827,,abc2@gmail.com,nicee,,"",cnc-near-station-4,,
[2025-11-07T12:53:46.824Z] [31MERROR[39M: Failed to send BusinessRegistration SMS: sendSms is not defined
[2025-11-07T12:54:04.090Z] [32MINFO[39M: 📥 [2025-11-07T12:54:04.090Z] OPTIONS /api/businesses
[2025-11-07T12:54:04.100Z] [32MINFO[39M: 📥 [2025-11-07T12:54:04.100Z] POST /api/businesses
[2025-11-07T12:54:04.104Z] [32MINFO[39M: Creating business...
[2025-11-07T12:54:04.113Z] [32MINFO[39M: [object Object]
[2025-11-07T12:54:04.114Z] [32MINFO[39M: Final Data to Insert into DB: 4,cnc,1,229,400706,okk,Near Sagar Vihar,,Near Station,8451060827,,abc2@gmail.com,nicee,,"",cnc-near-station-5,,
[2025-11-07T12:54:04.118Z] [31MERROR[39M: Failed to send BusinessRegistration SMS: sendSms is not defined
[2025-11-07T12:55:49.572Z] [32MINFO[39M: 📥 [2025-11-07T12:55:49.572Z] OPTIONS /api/businesses
[2025-11-07T12:55:49.583Z] [32MINFO[39M: 📥 [2025-11-07T12:55:49.583Z] POST /api/businesses
[2025-11-07T12:55:49.586Z] [32MINFO[39M: Creating business...
[2025-11-07T12:55:49.594Z] [32MINFO[39M: [object Object]
[2025-11-07T12:55:49.594Z] [32MINFO[39M: Final Data to Insert into DB: 4,cnc,1,229,400706,okk,Near Sagar Vihar,,Near Station,8451060827,,abc2@gmail.com,nicee,,"",cnc-near-station-6,,
[2025-11-07T12:55:49.598Z] [31MERROR[39M: Failed to send BusinessRegistration SMS: sendSms is not defined
[2025-11-07T12:55:54.804Z] [32MINFO[39M: 📥 [2025-11-07T12:55:54.804Z] OPTIONS /api/categories
[2025-11-07T12:55:54.805Z] [32MINFO[39M: 📥 [2025-11-07T12:55:54.805Z] OPTIONS /api/categories
[2025-11-07T12:55:54.806Z] [32MINFO[39M: 📥 [2025-11-07T12:55:54.806Z] OPTIONS /api/count/webview
[2025-11-07T12:55:54.814Z] [32MINFO[39M: 📥 [2025-11-07T12:55:54.814Z] OPTIONS /api/count/webview
[2025-11-07T12:55:54.821Z] [32MINFO[39M: 📥 [2025-11-07T12:55:54.821Z] GET /api/categories
[2025-11-07T12:55:54.840Z] [32MINFO[39M: 📥 [2025-11-07T12:55:54.840Z] GET /api/count/webview
[2025-11-07T12:55:54.878Z] [32MINFO[39M: 📥 [2025-11-07T12:55:54.878Z] GET /api/categories
[2025-11-07T12:55:54.879Z] [32MINFO[39M: 📥 [2025-11-07T12:55:54.879Z] GET /api/count/webview
[2025-11-07T12:56:03.337Z] [32MINFO[39M: 📥 [2025-11-07T12:56:03.337Z] OPTIONS /api/count/webview
[2025-11-07T12:56:03.338Z] [32MINFO[39M: 📥 [2025-11-07T12:56:03.338Z] OPTIONS /api/categories
[2025-11-07T12:56:03.339Z] [32MINFO[39M: 📥 [2025-11-07T12:56:03.339Z] OPTIONS /api/categories
[2025-11-07T12:56:03.339Z] [32MINFO[39M: 📥 [2025-11-07T12:56:03.339Z] OPTIONS /api/count/webview
[2025-11-07T12:56:03.361Z] [32MINFO[39M: 📥 [2025-11-07T12:56:03.361Z] GET /api/categories
[2025-11-07T12:56:03.362Z] [32MINFO[39M: 📥 [2025-11-07T12:56:03.362Z] GET /api/count/webview
[2025-11-07T12:56:03.374Z] [32MINFO[39M: 📥 [2025-11-07T12:56:03.374Z] GET /api/count/webview
[2025-11-07T12:56:03.380Z] [32MINFO[39M: 📥 [2025-11-07T12:56:03.379Z] GET /api/categories
[2025-11-07T12:56:13.929Z] [32MINFO[39M: 📥 [2025-11-07T12:56:13.929Z] OPTIONS /api/categories
[2025-11-07T12:56:13.930Z] [32MINFO[39M: 📥 [2025-11-07T12:56:13.930Z] OPTIONS /api/categories
[2025-11-07T12:56:13.937Z] [32MINFO[39M: 📥 [2025-11-07T12:56:13.937Z] GET /api/categories
[2025-11-07T12:56:13.948Z] [32MINFO[39M: 📥 [2025-11-07T12:56:13.948Z] GET /api/categories
[2025-11-07T12:56:56.677Z] [32MINFO[39M: 📥 [2025-11-07T12:56:56.677Z] OPTIONS /api/businesses
[2025-11-07T12:56:56.689Z] [32MINFO[39M: 📥 [2025-11-07T12:56:56.689Z] POST /api/businesses
[2025-11-07T12:56:56.693Z] [32MINFO[39M: Creating business...
[2025-11-07T12:56:56.698Z] [32MINFO[39M: [object Object]
[2025-11-07T12:56:56.698Z] [32MINFO[39M: Final Data to Insert into DB: 4,test,3,378,400706,ok,Near Sagar Vihar,,Near Park,8451060827,,bghyf@gmail.com,hii,,"",test-near-park-2,,
[2025-11-07T12:56:56.703Z] [31MERROR[39M: Failed to send BusinessRegistration SMS: sendSms is not defined
[2025-11-07T12:58:11.417Z] [32MINFO[39M: 📥 [2025-11-07T12:58:11.417Z] OPTIONS /api/businesses
[2025-11-07T12:58:11.426Z] [32MINFO[39M: 📥 [2025-11-07T12:58:11.426Z] POST /api/businesses
[2025-11-07T12:58:11.431Z] [32MINFO[39M: Creating business...
[2025-11-07T12:58:11.435Z] [32MINFO[39M: [object Object]
[2025-11-07T12:58:11.435Z] [32MINFO[39M: Final Data to Insert into DB: 4,test,3,378,400706,ok,Near Sagar Vihar,,Near Park,8451060827,,bghyf@gmail.com,hii,,"",test-near-park-3,,
[2025-11-07T12:58:11.440Z] [31MERROR[39M: Failed to send BusinessRegistration SMS: sendSms is not defined
[2025-11-07T12:59:07.180Z] [32MINFO[39M:  Server running on port  http://localhost:5004
[2025-11-07T12:59:07.206Z] [32MINFO[39M: MySQL Database Connected
[2025-11-07T12:59:11.952Z] [32MINFO[39M: 📥 [2025-11-07T12:59:11.952Z] OPTIONS /api/businesses
[2025-11-07T12:59:11.980Z] [32MINFO[39M: 📥 [2025-11-07T12:59:11.980Z] POST /api/businesses
[2025-11-07T12:59:12.004Z] [32MINFO[39M: Creating business...
[2025-11-07T12:59:12.012Z] [32MINFO[39M: [object Object]
[2025-11-07T12:59:12.013Z] [32MINFO[39M: Final Data to Insert into DB: 4,test,3,378,400706,ok,Near Sagar Vihar,,Near Park,8451060827,,bghyf@gmail.com,hii,,"",test-near-park-4,,
[2025-11-07T13:08:59.889Z] [32MINFO[39M: 📥 [2025-11-07T13:08:59.889Z] OPTIONS /api/count/webview
[2025-11-07T13:08:59.890Z] [32MINFO[39M: 📥 [2025-11-07T13:08:59.890Z] OPTIONS /api/count/webview
[2025-11-07T13:08:59.891Z] [32MINFO[39M: 📥 [2025-11-07T13:08:59.891Z] OPTIONS /api/categories
[2025-11-07T13:08:59.892Z] [32MINFO[39M: 📥 [2025-11-07T13:08:59.892Z] OPTIONS /api/categories
[2025-11-07T13:08:59.903Z] [32MINFO[39M: 📥 [2025-11-07T13:08:59.903Z] GET /api/count/webview
[2025-11-07T13:08:59.905Z] [32MINFO[39M: 📥 [2025-11-07T13:08:59.905Z] GET /api/categories
[2025-11-07T13:08:59.921Z] [32MINFO[39M: 📥 [2025-11-07T13:08:59.921Z] GET /api/count/webview
[2025-11-07T13:08:59.936Z] [32MINFO[39M: 📥 [2025-11-07T13:08:59.936Z] GET /api/categories
[2025-11-07T13:09:05.570Z] [32MINFO[39M: 📥 [2025-11-07T13:09:05.570Z] OPTIONS /api/count/webview
[2025-11-07T13:09:05.675Z] [32MINFO[39M: 📥 [2025-11-07T13:09:05.675Z] OPTIONS /api/count/webview
[2025-11-07T13:09:05.677Z] [32MINFO[39M: 📥 [2025-11-07T13:09:05.677Z] OPTIONS /api/categories
[2025-11-07T13:09:05.677Z] [32MINFO[39M: 📥 [2025-11-07T13:09:05.677Z] GET /api/count/webview
[2025-11-07T13:09:05.678Z] [32MINFO[39M: 📥 [2025-11-07T13:09:05.678Z] OPTIONS /api/categories
[2025-11-07T13:09:05.689Z] [32MINFO[39M: 📥 [2025-11-07T13:09:05.689Z] GET /api/categories
[2025-11-07T13:09:05.691Z] [32MINFO[39M: 📥 [2025-11-07T13:09:05.691Z] GET /api/count/webview
[2025-11-07T13:09:05.707Z] [32MINFO[39M: 📥 [2025-11-07T13:09:05.707Z] GET /api/categories
[2025-11-07T13:09:34.872Z] [32MINFO[39M: 📥 [2025-11-07T13:09:34.872Z] OPTIONS /api/businesses/user
[2025-11-07T13:09:34.873Z] [32MINFO[39M: 📥 [2025-11-07T13:09:34.873Z] OPTIONS /api/businesses/user
[2025-11-07T13:09:34.881Z] [32MINFO[39M: 📥 [2025-11-07T13:09:34.881Z] GET /api/businesses/user
[2025-11-07T13:09:34.885Z] [32MINFO[39M: Fetching businesses for userId: 4
[2025-11-07T13:09:34.887Z] [32MINFO[39M: [object Object]
[2025-11-07T13:09:34.917Z] [31MERROR[39M: Error fetching businesses by user ID: Error: Table 'dev_mazhiMumbai.business_images' doesn't exist
[2025-11-07T13:09:34.924Z] [32MINFO[39M: 📥 [2025-11-07T13:09:34.924Z] GET /api/businesses/user
[2025-11-07T13:09:34.927Z] [32MINFO[39M: Fetching businesses for userId: 4
[2025-11-07T13:09:34.929Z] [32MINFO[39M: [object Object]
[2025-11-07T13:09:34.930Z] [31MERROR[39M: Error fetching businesses by user ID: Error: Table 'dev_mazhiMumbai.business_images' doesn't exist
[2025-11-07T13:10:16.221Z] [32MINFO[39M: 📥 [2025-11-07T13:10:16.221Z] OPTIONS /api/categories
[2025-11-07T13:10:16.222Z] [32MINFO[39M: 📥 [2025-11-07T13:10:16.222Z] OPTIONS /api/count/webview
[2025-11-07T13:10:16.223Z] [32MINFO[39M: 📥 [2025-11-07T13:10:16.223Z] OPTIONS /api/count/webview
[2025-11-07T13:10:16.225Z] [32MINFO[39M: 📥 [2025-11-07T13:10:16.225Z] OPTIONS /api/categories
[2025-11-07T13:10:16.235Z] [32MINFO[39M: 📥 [2025-11-07T13:10:16.235Z] GET /api/categories
[2025-11-07T13:10:16.236Z] [32MINFO[39M: 📥 [2025-11-07T13:10:16.236Z] GET /api/count/webview
[2025-11-07T13:10:16.244Z] [32MINFO[39M: 📥 [2025-11-07T13:10:16.243Z] GET /api/count/webview
[2025-11-07T13:10:16.248Z] [32MINFO[39M: 📥 [2025-11-07T13:10:16.248Z] GET /api/categories
[2025-11-07T13:25:59.086Z] [32MINFO[39M: 📥 [2025-11-07T13:25:59.086Z] OPTIONS /api/otp/send
[2025-11-07T13:25:59.103Z] [32MINFO[39M: 📥 [2025-11-07T13:25:59.103Z] POST /api/otp/send
[2025-11-07T13:25:59.104Z] [32MINFO[39M: Received from frontend: [object Object]
[2025-11-07T13:25:59.105Z] [32MINFO[39M: Generated OTP for 9967853969: 374283
[2025-11-07T13:26:26.900Z] [32MINFO[39M: 📥 [2025-11-07T13:26:26.900Z] OPTIONS /api/otp/verify
[2025-11-07T13:26:26.910Z] [32MINFO[39M: 📥 [2025-11-07T13:26:26.910Z] POST /api/otp/verify
[2025-11-07T13:26:26.911Z] [32MINFO[39M: Received in verifyOTP: [object Object]
[2025-11-07T13:26:36.547Z] [32MINFO[39M: 📥 [2025-11-07T13:26:36.547Z] OPTIONS /api/users?page=1&limit=10&search=
[2025-11-07T13:26:36.548Z] [32MINFO[39M: 📥 [2025-11-07T13:26:36.548Z] OPTIONS /api/users?page=1&limit=10&search=
[2025-11-07T13:26:36.555Z] [32MINFO[39M: 📥 [2025-11-07T13:26:36.555Z] GET /api/users?page=1&limit=10&search=
[2025-11-07T13:26:36.559Z] [32MINFO[39M: Controller: getAllUsers called
[2025-11-07T13:26:36.559Z] [32MINFO[39M: Final Query: SELECT * FROM users WHERE 1=1 LIMIT 10 OFFSET 0
[2025-11-07T13:26:36.559Z] [32MINFO[39M: Query Params: 
[2025-11-07T13:26:36.595Z] [32MINFO[39M: 📥 [2025-11-07T13:26:36.595Z] GET /api/users?page=1&limit=10&search=
[2025-11-07T13:26:36.598Z] [32MINFO[39M: Controller: getAllUsers called
[2025-11-07T13:26:36.598Z] [32MINFO[39M: Final Query: SELECT * FROM users WHERE 1=1 LIMIT 10 OFFSET 0
[2025-11-07T13:26:36.599Z] [32MINFO[39M: Query Params: 
[2025-11-07T13:26:50.018Z] [32MINFO[39M: 📥 [2025-11-07T13:26:50.018Z] OPTIONS /api/users
[2025-11-07T13:26:50.019Z] [32MINFO[39M: 📥 [2025-11-07T13:26:50.019Z] OPTIONS /api/users
[2025-11-07T13:26:50.139Z] [32MINFO[39M: 📥 [2025-11-07T13:26:50.139Z] GET /api/users
[2025-11-07T13:26:50.142Z] [32MINFO[39M: Controller: getAllUsers called
[2025-11-07T13:26:50.142Z] [32MINFO[39M: Final Query: SELECT * FROM users WHERE 1=1 LIMIT 10 OFFSET 0
[2025-11-07T13:26:50.142Z] [32MINFO[39M: Query Params: 
[2025-11-07T13:26:50.216Z] [32MINFO[39M: 📥 [2025-11-07T13:26:50.216Z] GET /api/users
[2025-11-07T13:26:50.219Z] [32MINFO[39M: Controller: getAllUsers called
[2025-11-07T13:26:50.219Z] [32MINFO[39M: Final Query: SELECT * FROM users WHERE 1=1 LIMIT 10 OFFSET 0
[2025-11-07T13:26:50.220Z] [32MINFO[39M: Query Params: 
[2025-11-07T13:26:54.737Z] [32MINFO[39M: 📥 [2025-11-07T13:26:54.737Z] OPTIONS /api/users?page=1&limit=10&search=
[2025-11-07T13:26:54.738Z] [32MINFO[39M: 📥 [2025-11-07T13:26:54.738Z] OPTIONS /api/users?page=1&limit=10&search=
[2025-11-07T13:26:54.856Z] [32MINFO[39M: 📥 [2025-11-07T13:26:54.856Z] GET /api/users?page=1&limit=10&search=
[2025-11-07T13:26:54.860Z] [32MINFO[39M: Controller: getAllUsers called
[2025-11-07T13:26:54.860Z] [32MINFO[39M: Final Query: SELECT * FROM users WHERE 1=1 LIMIT 10 OFFSET 0
[2025-11-07T13:26:54.860Z] [32MINFO[39M: Query Params: 
[2025-11-07T13:26:54.877Z] [32MINFO[39M: 📥 [2025-11-07T13:26:54.877Z] GET /api/users?page=1&limit=10&search=
[2025-11-07T13:26:54.880Z] [32MINFO[39M: Controller: getAllUsers called
[2025-11-07T13:26:54.880Z] [32MINFO[39M: Final Query: SELECT * FROM users WHERE 1=1 LIMIT 10 OFFSET 0
[2025-11-07T13:26:54.880Z] [32MINFO[39M: Query Params: 
[2025-11-07T13:27:13.058Z] [32MINFO[39M: 📥 [2025-11-07T13:27:13.058Z] GET /api/count/webview
[2025-11-07T13:27:13.061Z] [32MINFO[39M: 📥 [2025-11-07T13:27:13.061Z] GET /api/categories
[2025-11-07T13:27:13.068Z] [32MINFO[39M: 📥 [2025-11-07T13:27:13.068Z] GET /api/count/webview
[2025-11-07T13:27:13.074Z] [32MINFO[39M: 📥 [2025-11-07T13:27:13.074Z] GET /api/categories
[2025-11-07T13:27:35.181Z] [32MINFO[39M: 📥 [2025-11-07T13:27:35.181Z] OPTIONS /api/otp/send
[2025-11-07T13:27:35.199Z] [32MINFO[39M: 📥 [2025-11-07T13:27:35.199Z] POST /api/otp/send
[2025-11-07T13:27:35.200Z] [32MINFO[39M: Received from frontend: [object Object]
[2025-11-07T13:27:35.200Z] [32MINFO[39M: Generated OTP for 9967853969: 611478
[2025-11-07T13:27:43.491Z] [32MINFO[39M: 📥 [2025-11-07T13:27:43.491Z] OPTIONS /api/otp/verify
[2025-11-07T13:27:43.508Z] [32MINFO[39M: 📥 [2025-11-07T13:27:43.508Z] POST /api/otp/verify
[2025-11-07T13:27:43.509Z] [32MINFO[39M: Received in verifyOTP: [object Object]
[2025-11-07T13:27:53.929Z] [32MINFO[39M: 📥 [2025-11-07T13:27:53.929Z] OPTIONS /api/count/webview
[2025-11-07T13:27:53.930Z] [32MINFO[39M: 📥 [2025-11-07T13:27:53.930Z] OPTIONS /api/categories
[2025-11-07T13:27:53.930Z] [32MINFO[39M: 📥 [2025-11-07T13:27:53.930Z] OPTIONS /api/categories
[2025-11-07T13:27:53.931Z] [32MINFO[39M: 📥 [2025-11-07T13:27:53.931Z] OPTIONS /api/count/webview
[2025-11-07T13:27:53.942Z] [32MINFO[39M: 📥 [2025-11-07T13:27:53.942Z] GET /api/count/webview
[2025-11-07T13:27:53.944Z] [32MINFO[39M: 📥 [2025-11-07T13:27:53.943Z] GET /api/categories
[2025-11-07T13:27:53.949Z] [32MINFO[39M: 📥 [2025-11-07T13:27:53.949Z] GET /api/count/webview
[2025-11-07T13:27:53.951Z] [32MINFO[39M: 📥 [2025-11-07T13:27:53.951Z] GET /api/categories
[2025-11-07T13:28:04.998Z] [32MINFO[39M: 📥 [2025-11-07T13:28:04.998Z] OPTIONS /api/businesses/user
[2025-11-07T13:28:05.009Z] [32MINFO[39M: 📥 [2025-11-07T13:28:05.009Z] OPTIONS /api/businesses/user
[2025-11-07T13:28:05.014Z] [32MINFO[39M: 📥 [2025-11-07T13:28:05.014Z] GET /api/businesses/user
[2025-11-07T13:28:05.018Z] [32MINFO[39M: Fetching businesses for userId: 1
[2025-11-07T13:28:05.021Z] [32MINFO[39M: [object Object]
[2025-11-07T13:28:05.049Z] [31MERROR[39M: Error fetching businesses by user ID: Error: Table 'dev_mazhiMumbai.business_images' doesn't exist
[2025-11-07T13:28:05.058Z] [32MINFO[39M: 📥 [2025-11-07T13:28:05.058Z] GET /api/businesses/user
[2025-11-07T13:28:05.062Z] [32MINFO[39M: Fetching businesses for userId: 1
[2025-11-07T13:28:05.064Z] [32MINFO[39M: [object Object]
[2025-11-07T13:28:05.066Z] [31MERROR[39M: Error fetching businesses by user ID: Error: Table 'dev_mazhiMumbai.business_images' doesn't exist
[2025-11-07T13:30:12.335Z] [32MINFO[39M: 📥 [2025-11-07T13:30:12.335Z] OPTIONS /api/count/webview
[2025-11-07T13:30:12.336Z] [32MINFO[39M: 📥 [2025-11-07T13:30:12.336Z] OPTIONS /api/count/webview
[2025-11-07T13:30:12.336Z] [32MINFO[39M: 📥 [2025-11-07T13:30:12.336Z] OPTIONS /api/categories
[2025-11-07T13:30:12.337Z] [32MINFO[39M: 📥 [2025-11-07T13:30:12.337Z] OPTIONS /api/categories
[2025-11-07T13:30:12.366Z] [32MINFO[39M: 📥 [2025-11-07T13:30:12.366Z] GET /api/categories
[2025-11-07T13:30:12.369Z] [32MINFO[39M: 📥 [2025-11-07T13:30:12.368Z] GET /api/count/webview
[2025-11-07T13:30:12.429Z] [32MINFO[39M: 📥 [2025-11-07T13:30:12.429Z] GET /api/count/webview
[2025-11-07T13:30:12.430Z] [32MINFO[39M: 📥 [2025-11-07T13:30:12.430Z] GET /api/categories
[2025-11-07T13:30:43.464Z] [32MINFO[39M: 📥 [2025-11-07T13:30:43.464Z] OPTIONS /api/count/webview
[2025-11-07T13:30:43.464Z] [32MINFO[39M: 📥 [2025-11-07T13:30:43.464Z] OPTIONS /api/count/webview
[2025-11-07T13:30:43.465Z] [32MINFO[39M: 📥 [2025-11-07T13:30:43.465Z] OPTIONS /api/categories
[2025-11-07T13:30:43.479Z] [32MINFO[39M: 📥 [2025-11-07T13:30:43.479Z] OPTIONS /api/categories
[2025-11-07T13:30:43.484Z] [32MINFO[39M: 📥 [2025-11-07T13:30:43.484Z] GET /api/count/webview
[2025-11-07T13:30:43.485Z] [32MINFO[39M: 📥 [2025-11-07T13:30:43.485Z] GET /api/categories
[2025-11-07T13:30:43.495Z] [32MINFO[39M: 📥 [2025-11-07T13:30:43.495Z] GET /api/count/webview
[2025-11-07T13:30:43.496Z] [32MINFO[39M: 📥 [2025-11-07T13:30:43.496Z] GET /api/categories
[2025-11-07T13:30:43.559Z] [32MINFO[39M: 📥 [2025-11-07T13:30:43.559Z] OPTIONS /api/count/webview
[2025-11-07T13:30:43.560Z] [32MINFO[39M: 📥 [2025-11-07T13:30:43.560Z] OPTIONS /api/categories
[2025-11-07T13:30:43.561Z] [32MINFO[39M: 📥 [2025-11-07T13:30:43.561Z] OPTIONS /api/count/webview
[2025-11-07T13:30:43.562Z] [32MINFO[39M: 📥 [2025-11-07T13:30:43.562Z] OPTIONS /api/categories
[2025-11-07T13:30:43.568Z] [32MINFO[39M: 📥 [2025-11-07T13:30:43.568Z] GET /api/count/webview
[2025-11-07T13:30:43.569Z] [32MINFO[39M: 📥 [2025-11-07T13:30:43.569Z] GET /api/categories
[2025-11-07T13:30:43.576Z] [32MINFO[39M: 📥 [2025-11-07T13:30:43.576Z] GET /api/count/webview
[2025-11-07T13:30:43.585Z] [32MINFO[39M: 📥 [2025-11-07T13:30:43.585Z] GET /api/categories
[2025-11-07T13:30:45.065Z] [32MINFO[39M: 📥 [2025-11-07T13:30:45.065Z] GET /api/count/webview
[2025-11-07T13:30:45.066Z] [32MINFO[39M: 📥 [2025-11-07T13:30:45.066Z] GET /api/categories
[2025-11-07T13:30:45.092Z] [32MINFO[39M: 📥 [2025-11-07T13:30:45.092Z] GET /api/categories
[2025-11-07T13:30:45.094Z] [32MINFO[39M: 📥 [2025-11-07T13:30:45.094Z] GET /api/count/webview
[2025-11-07T13:30:45.366Z] [32MINFO[39M: 📥 [2025-11-07T13:30:45.366Z] GET /api/count/webview
[2025-11-07T13:30:45.367Z] [32MINFO[39M: 📥 [2025-11-07T13:30:45.367Z] GET /api/categories
[2025-11-07T13:30:45.519Z] [32MINFO[39M: 📥 [2025-11-07T13:30:45.519Z] GET /api/categories
[2025-11-07T13:30:45.520Z] [32MINFO[39M: 📥 [2025-11-07T13:30:45.520Z] GET /api/count/webview
[2025-11-07T13:33:16.344Z] [32MINFO[39M: 📥 [2025-11-07T13:33:16.344Z] OPTIONS /api/count/webview
[2025-11-07T13:33:16.345Z] [32MINFO[39M: 📥 [2025-11-07T13:33:16.345Z] OPTIONS /api/categories
[2025-11-07T13:33:16.345Z] [32MINFO[39M: 📥 [2025-11-07T13:33:16.345Z] OPTIONS /api/count/webview
[2025-11-07T13:33:16.346Z] [32MINFO[39M: 📥 [2025-11-07T13:33:16.346Z] OPTIONS /api/categories
[2025-11-07T13:33:16.352Z] [32MINFO[39M: 📥 [2025-11-07T13:33:16.352Z] GET /api/categories
[2025-11-07T13:33:16.353Z] [32MINFO[39M: 📥 [2025-11-07T13:33:16.353Z] GET /api/count/webview
[2025-11-07T13:33:16.367Z] [32MINFO[39M: 📥 [2025-11-07T13:33:16.367Z] GET /api/count/webview
[2025-11-07T13:33:16.369Z] [32MINFO[39M: 📥 [2025-11-07T13:33:16.369Z] GET /api/categories
[2025-11-07T18:44:19.772Z] [32MINFO[39M:  Server running on port  http://localhost:5004
[2025-11-07T18:44:19.791Z] [32MINFO[39M: MySQL Database Connected
[2025-11-07T18:44:50.908Z] [32MINFO[39M: 📥 [2025-11-07T18:44:50.908Z] OPTIONS /api/count/webview
[2025-11-07T18:44:50.912Z] [32MINFO[39M: 📥 [2025-11-07T18:44:50.912Z] OPTIONS /api/categories
[2025-11-07T18:44:50.913Z] [32MINFO[39M: 📥 [2025-11-07T18:44:50.913Z] OPTIONS /api/count/webview
[2025-11-07T18:44:50.914Z] [32MINFO[39M: 📥 [2025-11-07T18:44:50.914Z] OPTIONS /api/categories
[2025-11-07T18:44:50.920Z] [32MINFO[39M: 📥 [2025-11-07T18:44:50.920Z] GET /api/count/webview
[2025-11-07T18:44:50.928Z] [32MINFO[39M: 📥 [2025-11-07T18:44:50.928Z] GET /api/categories
[2025-11-07T18:44:50.997Z] [32MINFO[39M: 📥 [2025-11-07T18:44:50.997Z] GET /api/count/webview
[2025-11-07T18:44:50.998Z] [32MINFO[39M: 📥 [2025-11-07T18:44:50.998Z] GET /api/categories
[2025-11-07T18:45:11.162Z] [32MINFO[39M: 📥 [2025-11-07T18:45:11.162Z] OPTIONS /api/users
[2025-11-07T18:45:11.164Z] [32MINFO[39M: 📥 [2025-11-07T18:45:11.164Z] OPTIONS /api/users
[2025-11-07T18:45:11.170Z] [32MINFO[39M: 📥 [2025-11-07T18:45:11.170Z] GET /api/users
[2025-11-07T18:45:11.181Z] [32MINFO[39M: Controller: getAllUsers called
[2025-11-07T18:45:11.181Z] [32MINFO[39M: Final Query: SELECT * FROM users WHERE 1=1 LIMIT 10 OFFSET 0
[2025-11-07T18:45:11.182Z] [32MINFO[39M: Query Params: 
[2025-11-07T18:45:11.198Z] [32MINFO[39M: 📥 [2025-11-07T18:45:11.198Z] GET /api/users
[2025-11-07T18:45:11.202Z] [32MINFO[39M: Controller: getAllUsers called
[2025-11-07T18:45:11.202Z] [32MINFO[39M: Final Query: SELECT * FROM users WHERE 1=1 LIMIT 10 OFFSET 0
[2025-11-07T18:45:11.202Z] [32MINFO[39M: Query Params: 
[2025-11-07T18:50:58.347Z] [32MINFO[39M: 📥 [2025-11-07T18:50:58.347Z] OPTIONS /api/users?page=1&limit=10&search=
[2025-11-07T18:50:58.348Z] [32MINFO[39M: 📥 [2025-11-07T18:50:58.348Z] OPTIONS /api/users?page=1&limit=10&search=
[2025-11-07T18:50:58.355Z] [32MINFO[39M: 📥 [2025-11-07T18:50:58.355Z] GET /api/users?page=1&limit=10&search=
[2025-11-07T18:50:58.362Z] [32MINFO[39M: Controller: getAllUsers called
[2025-11-07T18:50:58.362Z] [32MINFO[39M: Final Query: SELECT * FROM users WHERE 1=1 LIMIT 10 OFFSET 0
[2025-11-07T18:50:58.363Z] [32MINFO[39M: Query Params: 
[2025-11-07T18:50:58.371Z] [32MINFO[39M: 📥 [2025-11-07T18:50:58.371Z] GET /api/users?page=1&limit=10&search=
[2025-11-07T18:50:58.374Z] [32MINFO[39M: Controller: getAllUsers called
[2025-11-07T18:50:58.374Z] [32MINFO[39M: Final Query: SELECT * FROM users WHERE 1=1 LIMIT 10 OFFSET 0
[2025-11-07T18:50:58.374Z] [32MINFO[39M: Query Params: 
[2025-11-07T18:51:03.468Z] [32MINFO[39M: 📥 [2025-11-07T18:51:03.467Z] OPTIONS /api/businesses?isVerified=true
[2025-11-07T18:51:03.468Z] [32MINFO[39M: 📥 [2025-11-07T18:51:03.468Z] OPTIONS /api/businesses?isVerified=true
[2025-11-07T18:51:03.475Z] [32MINFO[39M: 📥 [2025-11-07T18:51:03.475Z] GET /api/businesses?isVerified=true
[2025-11-07T18:51:03.482Z] [32MINFO[39M: 📥 [2025-11-07T18:51:03.482Z] GET /api/businesses?isVerified=true
[2025-11-07T18:51:27.795Z] [32MINFO[39M: 📥 [2025-11-07T18:51:27.795Z] OPTIONS /api/businesses?isVerified=false
[2025-11-07T18:51:27.796Z] [32MINFO[39M: 📥 [2025-11-07T18:51:27.796Z] OPTIONS /api/businesses?isVerified=false
[2025-11-07T18:51:27.805Z] [32MINFO[39M: 📥 [2025-11-07T18:51:27.805Z] GET /api/businesses?isVerified=false
[2025-11-07T18:51:27.812Z] [32MINFO[39M: 📥 [2025-11-07T18:51:27.812Z] GET /api/businesses?isVerified=false
[2025-11-07T18:51:38.951Z] [32MINFO[39M: 📥 [2025-11-07T18:51:38.951Z] OPTIONS /api/businesses?isVerified=true
[2025-11-07T18:51:38.952Z] [32MINFO[39M: 📥 [2025-11-07T18:51:38.952Z] OPTIONS /api/businesses?isVerified=true
[2025-11-07T18:51:38.962Z] [32MINFO[39M: 📥 [2025-11-07T18:51:38.962Z] GET /api/businesses?isVerified=true
[2025-11-07T18:51:38.972Z] [32MINFO[39M: 📥 [2025-11-07T18:51:38.972Z] GET /api/businesses?isVerified=true
[2025-11-07T18:51:40.644Z] [32MINFO[39M: 📥 [2025-11-07T18:51:40.644Z] OPTIONS /api/businesses?isVerified=false
[2025-11-07T18:51:40.646Z] [32MINFO[39M: 📥 [2025-11-07T18:51:40.646Z] OPTIONS /api/businesses?isVerified=false
[2025-11-07T18:51:40.754Z] [32MINFO[39M: 📥 [2025-11-07T18:51:40.754Z] GET /api/businesses?isVerified=false
[2025-11-07T18:51:40.760Z] [32MINFO[39M: 📥 [2025-11-07T18:51:40.760Z] GET /api/businesses?isVerified=false
[2025-11-07T18:51:47.547Z] [32MINFO[39M: 📥 [2025-11-07T18:51:47.547Z] OPTIONS /api/count/webview
[2025-11-07T18:51:47.551Z] [32MINFO[39M: 📥 [2025-11-07T18:51:47.551Z] OPTIONS /api/count/webview
[2025-11-07T18:51:47.552Z] [32MINFO[39M: 📥 [2025-11-07T18:51:47.552Z] OPTIONS /api/businesses?category=admin&subcategory=reviews
[2025-11-07T18:51:47.552Z] [32MINFO[39M: 📥 [2025-11-07T18:51:47.552Z] OPTIONS /api/businesses?category=admin&subcategory=reviews
[2025-11-07T18:51:47.556Z] [32MINFO[39M: 📥 [2025-11-07T18:51:47.556Z] GET /api/count/webview
[2025-11-07T18:51:47.560Z] [32MINFO[39M: 📥 [2025-11-07T18:51:47.560Z] GET /api/businesses?category=admin&subcategory=reviews
[2025-11-07T18:51:47.564Z] [32MINFO[39M: 📥 [2025-11-07T18:51:47.564Z] GET /api/count/webview
[2025-11-07T18:51:47.566Z] [32MINFO[39M: 📥 [2025-11-07T18:51:47.566Z] GET /api/businesses?category=admin&subcategory=reviews
[2025-11-07T18:51:49.376Z] [32MINFO[39M: 📥 [2025-11-07T18:51:49.376Z] OPTIONS /api/businesses?isVerified=false
[2025-11-07T18:51:49.377Z] [32MINFO[39M: 📥 [2025-11-07T18:51:49.377Z] OPTIONS /api/businesses?isVerified=false
[2025-11-07T18:51:49.384Z] [32MINFO[39M: 📥 [2025-11-07T18:51:49.384Z] GET /api/businesses?isVerified=false
[2025-11-07T18:51:49.390Z] [32MINFO[39M: 📥 [2025-11-07T18:51:49.390Z] GET /api/businesses?isVerified=false
[2025-11-07T18:51:54.241Z] [32MINFO[39M: 📥 [2025-11-07T18:51:54.241Z] OPTIONS /api/businesses?isVerified=true
[2025-11-07T18:51:54.242Z] [32MINFO[39M: 📥 [2025-11-07T18:51:54.242Z] OPTIONS /api/businesses?isVerified=true
[2025-11-07T18:51:54.447Z] [32MINFO[39M: 📥 [2025-11-07T18:51:54.447Z] GET /api/businesses?isVerified=true
[2025-11-07T18:51:54.672Z] [32MINFO[39M: 📥 [2025-11-07T18:51:54.672Z] GET /api/businesses?isVerified=true
[2025-11-07T18:51:55.362Z] [32MINFO[39M: 📥 [2025-11-07T18:51:55.362Z] OPTIONS /api/businesses?isVerified=false
[2025-11-07T18:51:55.363Z] [32MINFO[39M: 📥 [2025-11-07T18:51:55.363Z] OPTIONS /api/businesses?isVerified=false
[2025-11-07T18:51:55.367Z] [32MINFO[39M: 📥 [2025-11-07T18:51:55.367Z] GET /api/businesses?isVerified=false
[2025-11-07T18:51:55.373Z] [32MINFO[39M: 📥 [2025-11-07T18:51:55.373Z] GET /api/businesses?isVerified=false
[2025-11-07T18:51:56.657Z] [32MINFO[39M: 📥 [2025-11-07T18:51:56.657Z] GET /api/businesses?isVerified=true
[2025-11-07T18:51:56.686Z] [32MINFO[39M: 📥 [2025-11-07T18:51:56.686Z] GET /api/businesses?isVerified=true
[2025-11-07T18:59:27.376Z] [32MINFO[39M: 📥 [2025-11-07T18:59:27.376Z] OPTIONS /api/businesses?isVerified=true
[2025-11-07T18:59:27.377Z] [32MINFO[39M: 📥 [2025-11-07T18:59:27.377Z] OPTIONS /api/businesses?isVerified=true
[2025-11-07T18:59:27.391Z] [32MINFO[39M: 📥 [2025-11-07T18:59:27.391Z] GET /api/businesses?isVerified=true
[2025-11-07T18:59:27.398Z] [32MINFO[39M: 📥 [2025-11-07T18:59:27.398Z] GET /api/businesses?isVerified=true
[2025-11-07T19:00:03.147Z] [32MINFO[39M: 📥 [2025-11-07T19:00:03.146Z] OPTIONS /api/businesses?isVerified=true
[2025-11-07T19:00:03.147Z] [32MINFO[39M: 📥 [2025-11-07T19:00:03.147Z] OPTIONS /api/businesses?isVerified=true
[2025-11-07T19:00:03.188Z] [32MINFO[39M: 📥 [2025-11-07T19:00:03.188Z] GET /api/businesses?isVerified=true
[2025-11-07T19:00:03.269Z] [32MINFO[39M: 📥 [2025-11-07T19:00:03.269Z] GET /api/businesses?isVerified=true
[2025-11-07T19:00:23.906Z] [32MINFO[39M: 📥 [2025-11-07T19:00:23.906Z] OPTIONS /api/businesses?isVerified=false
[2025-11-07T19:00:23.907Z] [32MINFO[39M: 📥 [2025-11-07T19:00:23.907Z] OPTIONS /api/businesses?isVerified=false
[2025-11-07T19:00:23.912Z] [32MINFO[39M: 📥 [2025-11-07T19:00:23.912Z] GET /api/businesses?isVerified=false
[2025-11-07T19:00:23.920Z] [32MINFO[39M: 📥 [2025-11-07T19:00:23.920Z] GET /api/businesses?isVerified=false
