[2025-11-04T09:39:16.214Z] [32MINFO[39M:  Server running on port  http://localhost:5004
[2025-11-04T09:39:16.843Z] [32MINFO[39M: MySQL Database Connected
[2025-11-04T09:40:33.507Z] [32MINFO[39M: 📥 [2025-11-04T09:40:33.507Z] GET /api/count/webview
[2025-11-04T09:40:33.514Z] [32MINFO[39M: 📥 [2025-11-04T09:40:33.513Z] GET /api/categories
[2025-11-04T09:40:33.609Z] [32MINFO[39M: 📥 [2025-11-04T09:40:33.609Z] GET /api/categories
[2025-11-04T09:40:33.611Z] [32MINFO[39M: 📥 [2025-11-04T09:40:33.611Z] GET /api/count/webview
[2025-11-04T09:40:42.017Z] [32MINFO[39M: 📥 [2025-11-04T09:40:42.017Z] GET /api/businesses?subcategory=restaurant
[2025-11-04T09:40:42.030Z] [32MINFO[39M: 📥 [2025-11-04T09:40:42.030Z] GET /api/businesses?subcategory=restaurant
[2025-11-04T09:40:44.800Z] [32MINFO[39M: 📥 [2025-11-04T09:40:44.800Z] GET /api/categories
[2025-11-04T09:40:44.952Z] [32MINFO[39M: 📥 [2025-11-04T09:40:44.952Z] GET /api/categories
[2025-11-04T09:48:56.056Z] [32MINFO[39M: 📥 [2025-11-04T09:48:56.056Z] GET /api/categories
[2025-11-04T09:48:56.058Z] [32MINFO[39M: 📥 [2025-11-04T09:48:56.058Z] GET /api/count/webview
[2025-11-04T09:48:56.082Z] [32MINFO[39M: 📥 [2025-11-04T09:48:56.082Z] GET /api/count/webview
[2025-11-04T09:48:56.084Z] [32MINFO[39M: 📥 [2025-11-04T09:48:56.084Z] GET /api/categories
[2025-11-04T09:49:01.264Z] [32MINFO[39M: 📥 [2025-11-04T09:49:01.264Z] GET /api/categories
[2025-11-04T09:49:01.267Z] [32MINFO[39M: 📥 [2025-11-04T09:49:01.267Z] GET /api/count/webview
[2025-11-04T09:49:01.280Z] [32MINFO[39M: 📥 [2025-11-04T09:49:01.280Z] GET /api/count/webview
[2025-11-04T09:49:01.281Z] [32MINFO[39M: 📥 [2025-11-04T09:49:01.281Z] GET /api/categories
[2025-11-04T09:53:36.133Z] [32MINFO[39M: 📥 [2025-11-04T09:53:36.133Z] GET /api/count/webview
[2025-11-04T09:53:36.134Z] [32MINFO[39M: 📥 [2025-11-04T09:53:36.134Z] GET /api/categories
[2025-11-04T09:53:36.142Z] [32MINFO[39M: 📥 [2025-11-04T09:53:36.142Z] GET /api/count/webview
[2025-11-04T09:53:36.143Z] [32MINFO[39M: 📥 [2025-11-04T09:53:36.143Z] GET /api/categories
[2025-11-04T09:54:29.137Z] [32MINFO[39M: 📥 [2025-11-04T09:54:29.137Z] GET /api/count/webview
[2025-11-04T09:54:29.139Z] [32MINFO[39M: 📥 [2025-11-04T09:54:29.139Z] GET /api/categories
[2025-11-04T09:54:29.146Z] [32MINFO[39M: 📥 [2025-11-04T09:54:29.146Z] GET /api/count/webview
[2025-11-04T09:54:29.183Z] [32MINFO[39M: 📥 [2025-11-04T09:54:29.183Z] GET /api/categories
[2025-11-04T10:06:26.253Z] [32MINFO[39M: 📥 [2025-11-04T10:06:26.253Z] GET /api/count/webview
[2025-11-04T10:06:26.255Z] [32MINFO[39M: 📥 [2025-11-04T10:06:26.255Z] GET /api/categories
[2025-11-04T10:06:26.317Z] [32MINFO[39M: 📥 [2025-11-04T10:06:26.317Z] GET /api/count/webview
[2025-11-04T10:06:26.622Z] [32MINFO[39M: 📥 [2025-11-04T10:06:26.622Z] GET /api/categories
[2025-11-04T10:16:14.711Z] [32MINFO[39M: 📥 [2025-11-04T10:16:14.711Z] GET /api/categories
[2025-11-04T10:16:14.713Z] [32MINFO[39M: 📥 [2025-11-04T10:16:14.713Z] GET /api/count/webview
[2025-11-04T10:16:14.765Z] [32MINFO[39M: 📥 [2025-11-04T10:16:14.765Z] GET /api/count/webview
[2025-11-04T10:16:14.772Z] [32MINFO[39M: 📥 [2025-11-04T10:16:14.772Z] GET /api/categories
[2025-11-04T10:27:43.811Z] [32MINFO[39M: 📥 [2025-11-04T10:27:43.811Z] GET /api/count/webview
[2025-11-04T10:27:43.813Z] [32MINFO[39M: 📥 [2025-11-04T10:27:43.813Z] GET /api/categories
[2025-11-04T10:27:46.219Z] [32MINFO[39M: 📥 [2025-11-04T10:27:46.219Z] GET /api/count/webview
[2025-11-04T10:27:46.608Z] [32MINFO[39M: 📥 [2025-11-04T10:27:46.608Z] GET /api/categories
[2025-11-04T10:27:46.612Z] [32MINFO[39M: 📥 [2025-11-04T10:27:46.612Z] GET /api/count/webview
[2025-11-04T10:27:47.113Z] [32MINFO[39M: 📥 [2025-11-04T10:27:47.113Z] GET /api/categories
[2025-11-04T10:27:57.991Z] [32MINFO[39M: 📥 [2025-11-04T10:27:57.991Z] GET /api/categories
[2025-11-04T10:27:57.995Z] [32MINFO[39M: 📥 [2025-11-04T10:27:57.995Z] GET /api/count/webview
[2025-11-04T10:27:58.203Z] [32MINFO[39M: 📥 [2025-11-04T10:27:58.203Z] GET /api/count/webview
[2025-11-04T10:27:58.204Z] [32MINFO[39M: 📥 [2025-11-04T10:27:58.204Z] GET /api/categories
[2025-11-04T10:28:31.901Z] [32MINFO[39M: 📥 [2025-11-04T10:28:31.901Z] GET /api/businesses?subcategory=foods
[2025-11-04T10:28:31.957Z] [32MINFO[39M: 📥 [2025-11-04T10:28:31.957Z] GET /api/businesses?subcategory=foods
[2025-11-04T10:28:34.907Z] [32MINFO[39M: 📥 [2025-11-04T10:28:34.907Z] GET /api/categories
[2025-11-04T10:28:35.242Z] [32MINFO[39M: 📥 [2025-11-04T10:28:35.242Z] GET /api/categories
[2025-11-04T10:28:47.887Z] [32MINFO[39M: 📥 [2025-11-04T10:28:47.887Z] GET /api/businesses?subcategory=clothing
[2025-11-04T10:28:47.958Z] [32MINFO[39M: 📥 [2025-11-04T10:28:47.958Z] GET /api/businesses?subcategory=clothing
[2025-11-04T10:28:49.877Z] [32MINFO[39M: 📥 [2025-11-04T10:28:49.877Z] GET /api/categories
[2025-11-04T10:28:50.250Z] [32MINFO[39M: 📥 [2025-11-04T10:28:50.250Z] GET /api/categories
[2025-11-04T10:29:08.680Z] [32MINFO[39M: 📥 [2025-11-04T10:29:08.680Z] GET /api/businesses?subcategory=clothing
[2025-11-04T10:29:08.695Z] [32MINFO[39M: 📥 [2025-11-04T10:29:08.695Z] GET /api/businesses?subcategory=clothing
[2025-11-04T10:29:46.691Z] [32MINFO[39M: 📥 [2025-11-04T10:29:46.691Z] GET /api/count/webview
[2025-11-04T10:29:46.952Z] [32MINFO[39M: 📥 [2025-11-04T10:29:46.952Z] GET /api/categories
[2025-11-04T10:29:46.953Z] [32MINFO[39M: 📥 [2025-11-04T10:29:46.953Z] GET /api/count/webview
[2025-11-04T10:29:47.180Z] [32MINFO[39M: 📥 [2025-11-04T10:29:47.180Z] GET /api/categories
[2025-11-04T10:30:06.251Z] [32MINFO[39M: 📥 [2025-11-04T10:30:06.251Z] GET /api/categories
[2025-11-04T10:30:06.649Z] [32MINFO[39M: 📥 [2025-11-04T10:30:06.649Z] GET /api/categories
[2025-11-04T10:33:04.705Z] [32MINFO[39M: 📥 [2025-11-04T10:33:04.705Z] GET /api/count/webview
[2025-11-04T10:33:04.707Z] [32MINFO[39M: 📥 [2025-11-04T10:33:04.707Z] GET /api/categories
[2025-11-04T10:33:04.995Z] [32MINFO[39M: 📥 [2025-11-04T10:33:04.995Z] GET /api/categories
[2025-11-04T10:33:04.996Z] [32MINFO[39M: 📥 [2025-11-04T10:33:04.996Z] GET /api/count/webview
[2025-11-04T10:33:10.225Z] [32MINFO[39M: 📥 [2025-11-04T10:33:10.225Z] GET /api/businesses?subcategory=foods
[2025-11-04T10:33:10.237Z] [32MINFO[39M: 📥 [2025-11-04T10:33:10.237Z] GET /api/businesses?subcategory=foods
[2025-11-04T10:34:16.980Z] [32MINFO[39M: 📥 [2025-11-04T10:34:16.980Z] GET /api/count/webview
[2025-11-04T10:34:16.981Z] [32MINFO[39M: 📥 [2025-11-04T10:34:16.981Z] GET /api/categories
[2025-11-04T10:34:16.994Z] [32MINFO[39M: 📥 [2025-11-04T10:34:16.993Z] GET /api/categories
[2025-11-04T10:34:16.995Z] [32MINFO[39M: 📥 [2025-11-04T10:34:16.995Z] GET /api/count/webview
[2025-11-04T10:49:41.798Z] [32MINFO[39M: 📥 [2025-11-04T10:49:41.798Z] GET /api/count/webview
[2025-11-04T10:49:41.814Z] [32MINFO[39M: 📥 [2025-11-04T10:49:41.814Z] GET /api/count/webview
[2025-11-04T10:49:51.874Z] [32MINFO[39M: 📥 [2025-11-04T10:49:51.874Z] GET /api/categories
[2025-11-04T10:49:51.983Z] [32MINFO[39M: 📥 [2025-11-04T10:49:51.983Z] GET /api/categories
[2025-11-04T10:52:12.801Z] [32MINFO[39M: 📥 [2025-11-04T10:52:12.801Z] GET /api/count/webview
[2025-11-04T10:52:12.802Z] [32MINFO[39M: 📥 [2025-11-04T10:52:12.802Z] GET /api/categories
[2025-11-04T10:52:12.809Z] [32MINFO[39M: 📥 [2025-11-04T10:52:12.809Z] GET /api/count/webview
[2025-11-04T10:52:12.812Z] [32MINFO[39M: 📥 [2025-11-04T10:52:12.812Z] GET /api/categories
[2025-11-04T10:52:16.791Z] [32MINFO[39M: 📥 [2025-11-04T10:52:16.791Z] GET /api/businesses?subcategory=foods
[2025-11-04T10:52:16.804Z] [32MINFO[39M: 📥 [2025-11-04T10:52:16.804Z] GET /api/businesses?subcategory=foods
[2025-11-04T10:52:19.076Z] [32MINFO[39M: 📥 [2025-11-04T10:52:19.076Z] GET /api/categories
[2025-11-04T10:52:19.228Z] [32MINFO[39M: 📥 [2025-11-04T10:52:19.228Z] GET /api/categories
[2025-11-04T10:52:25.961Z] [32MINFO[39M: 📥 [2025-11-04T10:52:25.961Z] GET /api/businesses?subcategory=foods
[2025-11-04T10:52:26.152Z] [32MINFO[39M: 📥 [2025-11-04T10:52:26.152Z] GET /api/businesses?subcategory=foods
[2025-11-04T10:52:31.225Z] [32MINFO[39M: 📥 [2025-11-04T10:52:31.225Z] GET /api/count/webview
[2025-11-04T10:52:31.240Z] [32MINFO[39M: 📥 [2025-11-04T10:52:31.240Z] GET /api/count/webview
[2025-11-04T10:52:31.251Z] [32MINFO[39M: 📥 [2025-11-04T10:52:31.251Z] GET /api/categories
[2025-11-04T10:52:31.265Z] [32MINFO[39M: 📥 [2025-11-04T10:52:31.265Z] GET /api/categories
[2025-11-04T10:52:40.468Z] [32MINFO[39M: 📥 [2025-11-04T10:52:40.468Z] GET /api/categories
[2025-11-04T10:52:40.485Z] [32MINFO[39M: 📥 [2025-11-04T10:52:40.485Z] GET /api/categories
[2025-11-04T10:53:25.528Z] [32MINFO[39M: 📥 [2025-11-04T10:53:25.528Z] GET /api/count/webview
[2025-11-04T10:53:25.859Z] [32MINFO[39M: 📥 [2025-11-04T10:53:25.859Z] GET /api/count/webview
[2025-11-04T10:53:28.422Z] [32MINFO[39M: 📥 [2025-11-04T10:53:28.422Z] GET /api/count/webview
[2025-11-04T10:53:28.835Z] [32MINFO[39M: 📥 [2025-11-04T10:53:28.835Z] GET /api/count/webview
[2025-11-04T10:53:45.488Z] [32MINFO[39M: 📥 [2025-11-04T10:53:45.488Z] GET /api/count/webview
[2025-11-04T10:53:45.489Z] [32MINFO[39M: 📥 [2025-11-04T10:53:45.489Z] GET /api/categories
[2025-11-04T10:53:45.512Z] [32MINFO[39M: 📥 [2025-11-04T10:53:45.512Z] GET /api/categories
[2025-11-04T10:53:45.512Z] [32MINFO[39M: 📥 [2025-11-04T10:53:45.512Z] GET /api/count/webview
[2025-11-04T10:54:10.167Z] [32MINFO[39M: 📥 [2025-11-04T10:54:10.167Z] GET /api/categories
[2025-11-04T10:54:10.168Z] [32MINFO[39M: 📥 [2025-11-04T10:54:10.168Z] GET /api/count/webview
[2025-11-04T10:54:10.180Z] [32MINFO[39M: 📥 [2025-11-04T10:54:10.180Z] GET /api/count/webview
[2025-11-04T10:54:10.181Z] [32MINFO[39M: 📥 [2025-11-04T10:54:10.181Z] GET /api/categories
[2025-11-04T10:54:41.319Z] [32MINFO[39M: 📥 [2025-11-04T10:54:41.319Z] GET /api/businesses?subcategory=clothing
[2025-11-04T10:54:41.330Z] [32MINFO[39M: 📥 [2025-11-04T10:54:41.330Z] GET /api/businesses?subcategory=clothing
[2025-11-04T10:54:45.213Z] [32MINFO[39M: 📥 [2025-11-04T10:54:45.213Z] GET /api/count/webview
[2025-11-04T10:54:45.214Z] [32MINFO[39M: 📥 [2025-11-04T10:54:45.214Z] GET /api/categories
[2025-11-04T10:54:45.383Z] [32MINFO[39M: 📥 [2025-11-04T10:54:45.383Z] GET /api/count/webview
[2025-11-04T10:54:45.384Z] [32MINFO[39M: 📥 [2025-11-04T10:54:45.384Z] GET /api/categories
[2025-11-04T10:54:54.606Z] [32MINFO[39M: 📥 [2025-11-04T10:54:54.606Z] GET /api/businesses?subcategory=clothing
[2025-11-04T10:54:54.618Z] [32MINFO[39M: 📥 [2025-11-04T10:54:54.618Z] GET /api/businesses?subcategory=clothing
[2025-11-04T10:54:58.565Z] [32MINFO[39M: 📥 [2025-11-04T10:54:58.565Z] GET /api/count/webview
[2025-11-04T10:54:58.567Z] [32MINFO[39M: 📥 [2025-11-04T10:54:58.567Z] GET /api/categories
[2025-11-04T10:54:58.951Z] [32MINFO[39M: 📥 [2025-11-04T10:54:58.951Z] GET /api/count/webview
[2025-11-04T10:54:58.952Z] [32MINFO[39M: 📥 [2025-11-04T10:54:58.952Z] GET /api/categories
[2025-11-04T10:55:13.483Z] [32MINFO[39M: 📥 [2025-11-04T10:55:13.483Z] GET /api/count/webview
[2025-11-04T10:55:13.484Z] [32MINFO[39M: 📥 [2025-11-04T10:55:13.484Z] GET /api/categories
[2025-11-04T10:55:13.494Z] [32MINFO[39M: 📥 [2025-11-04T10:55:13.494Z] GET /api/count/webview
[2025-11-04T10:55:13.496Z] [32MINFO[39M: 📥 [2025-11-04T10:55:13.496Z] GET /api/categories
[2025-11-04T10:55:15.457Z] [32MINFO[39M: 📥 [2025-11-04T10:55:15.457Z] GET /api/count/webview
[2025-11-04T10:55:15.458Z] [32MINFO[39M: 📥 [2025-11-04T10:55:15.458Z] GET /api/categories
[2025-11-04T10:55:15.539Z] [32MINFO[39M: 📥 [2025-11-04T10:55:15.539Z] GET /api/categories
[2025-11-04T10:55:15.540Z] [32MINFO[39M: 📥 [2025-11-04T10:55:15.540Z] GET /api/count/webview
[2025-11-04T10:55:21.715Z] [32MINFO[39M: 📥 [2025-11-04T10:55:21.715Z] GET /api/categories
[2025-11-04T10:55:21.716Z] [32MINFO[39M: 📥 [2025-11-04T10:55:21.716Z] GET /api/count/webview
[2025-11-04T10:55:21.730Z] [32MINFO[39M: 📥 [2025-11-04T10:55:21.730Z] GET /api/count/webview
[2025-11-04T10:55:21.731Z] [32MINFO[39M: 📥 [2025-11-04T10:55:21.731Z] GET /api/categories
[2025-11-04T10:55:23.303Z] [32MINFO[39M: 📥 [2025-11-04T10:55:23.303Z] GET /api/count/webview
[2025-11-04T10:55:23.304Z] [32MINFO[39M: 📥 [2025-11-04T10:55:23.304Z] GET /api/categories
[2025-11-04T10:55:23.523Z] [32MINFO[39M: 📥 [2025-11-04T10:55:23.523Z] GET /api/count/webview
[2025-11-04T10:55:23.524Z] [32MINFO[39M: 📥 [2025-11-04T10:55:23.524Z] GET /api/categories
[2025-11-04T10:55:33.383Z] [32MINFO[39M: 📥 [2025-11-04T10:55:33.383Z] GET /api/categories
[2025-11-04T10:55:33.396Z] [32MINFO[39M: 📥 [2025-11-04T10:55:33.396Z] GET /api/categories
[2025-11-04T10:57:16.453Z] [32MINFO[39M: 📥 [2025-11-04T10:57:16.453Z] GET /api/categories
[2025-11-04T10:57:16.454Z] [32MINFO[39M: 📥 [2025-11-04T10:57:16.454Z] GET /api/count/webview
[2025-11-04T10:57:16.544Z] [32MINFO[39M: 📥 [2025-11-04T10:57:16.543Z] GET /api/count/webview
[2025-11-04T10:57:16.544Z] [32MINFO[39M: 📥 [2025-11-04T10:57:16.544Z] GET /api/categories
[2025-11-04T11:58:47.239Z] [32MINFO[39M: 📥 [2025-11-04T11:58:47.239Z] GET /api/categories
[2025-11-04T11:58:47.419Z] [32MINFO[39M: 📥 [2025-11-04T11:58:47.419Z] GET /api/categories
[2025-11-04T12:11:21.705Z] [32MINFO[39M: 📥 [2025-11-04T12:11:21.705Z] GET /api/categories
[2025-11-04T12:11:21.707Z] [32MINFO[39M: 📥 [2025-11-04T12:11:21.707Z] GET /api/count/webview
[2025-11-04T12:11:21.717Z] [32MINFO[39M: 📥 [2025-11-04T12:11:21.717Z] GET /api/categories
[2025-11-04T12:11:21.721Z] [32MINFO[39M: 📥 [2025-11-04T12:11:21.721Z] GET /api/count/webview
[2025-11-04T12:26:02.933Z] [32MINFO[39M: 📥 [2025-11-04T12:26:02.933Z] GET /api/count/webview
[2025-11-04T12:26:02.934Z] [32MINFO[39M: 📥 [2025-11-04T12:26:02.934Z] GET /api/categories
[2025-11-04T12:26:02.943Z] [32MINFO[39M: 📥 [2025-11-04T12:26:02.943Z] GET /api/count/webview
[2025-11-04T12:26:02.947Z] [32MINFO[39M: 📥 [2025-11-04T12:26:02.947Z] GET /api/categories
[2025-11-04T12:26:21.233Z] [32MINFO[39M: 📥 [2025-11-04T12:26:21.233Z] GET /api/categories
[2025-11-04T12:26:21.335Z] [32MINFO[39M: 📥 [2025-11-04T12:26:21.335Z] GET /api/categories
[2025-11-04T12:29:07.320Z] [32MINFO[39M: 📥 [2025-11-04T12:29:07.320Z] GET /api/count/webview
[2025-11-04T12:29:07.321Z] [32MINFO[39M: 📥 [2025-11-04T12:29:07.321Z] GET /api/categories
[2025-11-04T12:29:07.488Z] [32MINFO[39M: 📥 [2025-11-04T12:29:07.488Z] GET /api/count/webview
[2025-11-04T12:29:07.489Z] [32MINFO[39M: 📥 [2025-11-04T12:29:07.489Z] GET /api/categories
[2025-11-04T12:29:11.959Z] [32MINFO[39M: 📥 [2025-11-04T12:29:11.959Z] GET /api/businesses?subcategory=foods
[2025-11-04T12:29:11.972Z] [32MINFO[39M: 📥 [2025-11-04T12:29:11.972Z] GET /api/businesses?subcategory=foods
[2025-11-04T12:29:14.113Z] [32MINFO[39M: 📥 [2025-11-04T12:29:14.113Z] GET /api/categories
[2025-11-04T12:29:14.205Z] [32MINFO[39M: 📥 [2025-11-04T12:29:14.205Z] GET /api/categories
[2025-11-04T12:29:23.473Z] [32MINFO[39M: 📥 [2025-11-04T12:29:23.473Z] GET /api/categories
[2025-11-04T12:29:23.484Z] [32MINFO[39M: 📥 [2025-11-04T12:29:23.484Z] GET /api/categories
[2025-11-04T12:32:03.732Z] [32MINFO[39M: 📥 [2025-11-04T12:32:03.732Z] GET /api/categories
[2025-11-04T12:32:03.734Z] [32MINFO[39M: 📥 [2025-11-04T12:32:03.734Z] GET /api/count/webview
[2025-11-04T12:32:03.740Z] [32MINFO[39M: 📥 [2025-11-04T12:32:03.740Z] GET /api/count/webview
[2025-11-04T12:32:03.742Z] [32MINFO[39M: 📥 [2025-11-04T12:32:03.742Z] GET /api/categories
[2025-11-04T12:32:04.867Z] [32MINFO[39M: 📥 [2025-11-04T12:32:04.867Z] GET /api/count/webview
[2025-11-04T12:32:04.868Z] [32MINFO[39M: 📥 [2025-11-04T12:32:04.868Z] GET /api/categories
[2025-11-04T12:32:04.925Z] [32MINFO[39M: 📥 [2025-11-04T12:32:04.925Z] GET /api/categories
[2025-11-04T12:32:04.926Z] [32MINFO[39M: 📥 [2025-11-04T12:32:04.926Z] GET /api/count/webview
[2025-11-04T12:32:28.688Z] [32MINFO[39M: 📥 [2025-11-04T12:32:28.688Z] GET /api/count/webview
[2025-11-04T12:32:28.689Z] [32MINFO[39M: 📥 [2025-11-04T12:32:28.689Z] GET /api/categories
[2025-11-04T12:32:29.705Z] [32MINFO[39M: 📥 [2025-11-04T12:32:29.705Z] GET /api/categories
[2025-11-04T12:32:29.714Z] [32MINFO[39M: 📥 [2025-11-04T12:32:29.714Z] GET /api/count/webview
[2025-11-04T12:32:29.722Z] [32MINFO[39M: 📥 [2025-11-04T12:32:29.722Z] GET /api/categories
[2025-11-04T12:32:29.728Z] [32MINFO[39M: 📥 [2025-11-04T12:32:29.728Z] GET /api/count/webview
[2025-11-04T12:42:20.863Z] [32MINFO[39M: 📥 [2025-11-04T12:42:20.863Z] GET /api/categories
[2025-11-04T12:42:20.864Z] [32MINFO[39M: 📥 [2025-11-04T12:42:20.864Z] GET /api/count/webview
[2025-11-04T12:42:20.868Z] [32MINFO[39M: 📥 [2025-11-04T12:42:20.868Z] GET /api/businesses?isVerified=true&page=1&limit=10&categoryslug=foods
[2025-11-04T12:42:21.156Z] [32MINFO[39M: 📥 [2025-11-04T12:42:21.156Z] GET /api/categories
[2025-11-04T12:42:21.157Z] [32MINFO[39M: 📥 [2025-11-04T12:42:21.157Z] GET /api/count/webview
[2025-11-04T12:42:21.157Z] [32MINFO[39M: 📥 [2025-11-04T12:42:21.157Z] GET /api/businesses?isVerified=true&page=1&limit=10&categoryslug=foods
[2025-11-04T12:42:27.752Z] [32MINFO[39M: 📥 [2025-11-04T12:42:27.752Z] GET /api/count/webview
[2025-11-04T12:42:27.761Z] [32MINFO[39M: 📥 [2025-11-04T12:42:27.761Z] GET /api/categories
[2025-11-04T12:42:27.762Z] [32MINFO[39M: 📥 [2025-11-04T12:42:27.762Z] GET /api/count/webview
[2025-11-04T12:42:27.772Z] [32MINFO[39M: 📥 [2025-11-04T12:42:27.772Z] GET /api/categories
[2025-11-04T12:42:35.100Z] [32MINFO[39M: 📥 [2025-11-04T12:42:35.100Z] GET /api/categories
[2025-11-04T12:42:35.101Z] [32MINFO[39M: 📥 [2025-11-04T12:42:35.101Z] GET /api/businesses?isVerified=true&page=1&limit=10&categoryslug=clothing
[2025-11-04T12:42:36.131Z] [32MINFO[39M: 📥 [2025-11-04T12:42:36.131Z] GET /api/categories
[2025-11-04T12:42:36.132Z] [32MINFO[39M: 📥 [2025-11-04T12:42:36.132Z] GET /api/businesses?isVerified=true&page=1&limit=10&categoryslug=clothing
[2025-11-04T12:42:41.388Z] [32MINFO[39M: 📥 [2025-11-04T12:42:41.388Z] GET /api/categories
[2025-11-04T12:42:41.394Z] [32MINFO[39M: 📥 [2025-11-04T12:42:41.394Z] GET /api/businesses?isVerified=true&page=1&limit=10&categoryslug=clothing
[2025-11-04T12:42:41.400Z] [32MINFO[39M: 📥 [2025-11-04T12:42:41.400Z] GET /api/count/webview
[2025-11-04T12:42:41.404Z] [32MINFO[39M: 📥 [2025-11-04T12:42:41.404Z] GET /api/categories
[2025-11-04T12:42:41.414Z] [32MINFO[39M: 📥 [2025-11-04T12:42:41.413Z] GET /api/businesses?isVerified=true&page=1&limit=10&categoryslug=clothing
[2025-11-04T12:42:41.415Z] [32MINFO[39M: 📥 [2025-11-04T12:42:41.415Z] GET /api/count/webview
[2025-11-04T12:43:26.932Z] [32MINFO[39M: 📥 [2025-11-04T12:43:26.932Z] GET /api/count/webview
[2025-11-04T12:43:26.935Z] [32MINFO[39M: 📥 [2025-11-04T12:43:26.935Z] GET /api/categories
[2025-11-04T12:43:26.949Z] [32MINFO[39M: 📥 [2025-11-04T12:43:26.949Z] GET /api/businesses?isVerified=true&page=1&limit=10&categoryslug=clothing
[2025-11-04T12:43:26.950Z] [32MINFO[39M: 📥 [2025-11-04T12:43:26.950Z] GET /api/count/webview
[2025-11-04T12:43:26.952Z] [32MINFO[39M: 📥 [2025-11-04T12:43:26.952Z] GET /api/categories
[2025-11-04T12:43:26.961Z] [32MINFO[39M: 📥 [2025-11-04T12:43:26.961Z] GET /api/businesses?isVerified=true&page=1&limit=10&categoryslug=clothing
[2025-11-04T12:46:05.429Z] [32MINFO[39M: 📥 [2025-11-04T12:46:05.429Z] GET /api/businesses?isVerified=true&page=1&limit=10&categoryslug=clothing
[2025-11-04T12:46:05.430Z] [32MINFO[39M: 📥 [2025-11-04T12:46:05.430Z] GET /api/categories
[2025-11-04T12:46:08.341Z] [32MINFO[39M: 📥 [2025-11-04T12:46:08.341Z] GET /api/categories
[2025-11-04T12:46:08.342Z] [32MINFO[39M: 📥 [2025-11-04T12:46:08.342Z] GET /api/businesses?isVerified=true&page=1&limit=10&categoryslug=clothing
[2025-11-04T12:46:11.892Z] [32MINFO[39M: 📥 [2025-11-04T12:46:11.892Z] GET /api/categories
[2025-11-04T12:46:11.893Z] [32MINFO[39M: 📥 [2025-11-04T12:46:11.893Z] GET /api/count/webview
[2025-11-04T12:46:12.017Z] [32MINFO[39M: 📥 [2025-11-04T12:46:12.017Z] GET /api/count/webview
[2025-11-04T12:46:12.018Z] [32MINFO[39M: 📥 [2025-11-04T12:46:12.018Z] GET /api/categories
[2025-11-04T12:46:16.115Z] [32MINFO[39M: 📥 [2025-11-04T12:46:16.115Z] GET /api/categories
[2025-11-04T12:46:16.116Z] [32MINFO[39M: 📥 [2025-11-04T12:46:16.116Z] GET /api/businesses?isVerified=true&page=1&limit=10&categoryslug=foods
[2025-11-04T12:46:16.144Z] [32MINFO[39M: 📥 [2025-11-04T12:46:16.144Z] GET /api/businesses?isVerified=true&page=1&limit=10&categoryslug=foods
[2025-11-04T12:46:16.146Z] [32MINFO[39M: 📥 [2025-11-04T12:46:16.146Z] GET /api/categories
[2025-11-04T12:46:41.151Z] [32MINFO[39M: 📥 [2025-11-04T12:46:41.151Z] GET /api/categories
[2025-11-04T12:46:41.191Z] [32MINFO[39M: 📥 [2025-11-04T12:46:41.191Z] GET /api/businesses?isVerified=true&page=1&limit=10&categoryslug=foods
[2025-11-04T12:46:46.750Z] [32MINFO[39M: 📥 [2025-11-04T12:46:46.750Z] GET /api/categories
[2025-11-04T12:46:53.161Z] [32MINFO[39M: 📥 [2025-11-04T12:46:53.160Z] GET /api/categories
[2025-11-04T12:46:53.162Z] [32MINFO[39M: 📥 [2025-11-04T12:46:53.162Z] GET /api/businesses?isVerified=true&categoryslug=foods
[2025-11-04T12:47:01.688Z] [32MINFO[39M: 📥 [2025-11-04T12:47:01.688Z] GET /api/categories
[2025-11-04T12:47:01.692Z] [32MINFO[39M: 📥 [2025-11-04T12:47:01.692Z] GET /api/count/webview
[2025-11-04T12:47:01.705Z] [32MINFO[39M: 📥 [2025-11-04T12:47:01.705Z] GET /api/count/webview
[2025-11-04T12:47:01.706Z] [32MINFO[39M: 📥 [2025-11-04T12:47:01.706Z] GET /api/categories
[2025-11-04T12:47:07.215Z] [32MINFO[39M: 📥 [2025-11-04T12:47:07.215Z] GET /api/categories
[2025-11-04T12:47:07.217Z] [32MINFO[39M: 📥 [2025-11-04T12:47:07.217Z] GET /api/businesses?isVerified=true&categoryslug=foods
[2025-11-04T12:47:07.224Z] [32MINFO[39M: 📥 [2025-11-04T12:47:07.224Z] GET /api/businesses?isVerified=true&categoryslug=foods
[2025-11-04T12:47:07.227Z] [32MINFO[39M: 📥 [2025-11-04T12:47:07.227Z] GET /api/categories
[2025-11-04T12:50:54.123Z] [32MINFO[39M: 📥 [2025-11-04T12:50:54.123Z] GET /api/count/webview
[2025-11-04T12:50:54.124Z] [32MINFO[39M: 📥 [2025-11-04T12:50:54.124Z] GET /api/categories
[2025-11-04T12:50:54.129Z] [32MINFO[39M: 📥 [2025-11-04T12:50:54.129Z] GET /api/count/webview
[2025-11-04T12:50:54.131Z] [32MINFO[39M: 📥 [2025-11-04T12:50:54.131Z] GET /api/categories
[2025-11-04T12:51:03.670Z] [32MINFO[39M: 📥 [2025-11-04T12:51:03.670Z] GET /api/businesses?isVerified=true&categoryslug=foods
[2025-11-04T12:51:03.705Z] [32MINFO[39M: 📥 [2025-11-04T12:51:03.705Z] GET /api/businesses?isVerified=true&categoryslug=foods
[2025-11-04T12:54:02.296Z] [32MINFO[39M: 📥 [2025-11-04T12:54:02.296Z] GET /api/businesses?isVerified=true&categoryslug=foods
[2025-11-04T12:54:03.623Z] [32MINFO[39M: 📥 [2025-11-04T12:54:03.623Z] GET /api/count/webview
[2025-11-04T12:54:03.631Z] [32MINFO[39M: 📥 [2025-11-04T12:54:03.631Z] GET /api/count/webview
[2025-11-04T12:54:03.632Z] [32MINFO[39M: 📥 [2025-11-04T12:54:03.632Z] GET /api/businesses?isVerified=true&categoryslug=foods
[2025-11-04T12:54:03.637Z] [32MINFO[39M: 📥 [2025-11-04T12:54:03.637Z] GET /api/businesses?isVerified=true&categoryslug=foods
[2025-11-04T12:55:09.258Z] [32MINFO[39M: 📥 [2025-11-04T12:55:09.258Z] GET /api/categories
[2025-11-04T12:55:09.290Z] [32MINFO[39M: 📥 [2025-11-04T12:55:09.290Z] GET /api/categories
[2025-11-04T12:55:14.805Z] [32MINFO[39M: 📥 [2025-11-04T12:55:14.805Z] GET /api/businesses?isVerified=true&categoryslug=clothing
[2025-11-04T12:55:14.880Z] [32MINFO[39M: 📥 [2025-11-04T12:55:14.880Z] GET /api/businesses?isVerified=true&categoryslug=clothing
[2025-11-04T12:55:52.796Z] [32MINFO[39M: 📥 [2025-11-04T12:55:52.796Z] GET /api/count/webview
[2025-11-04T12:55:52.805Z] [32MINFO[39M: 📥 [2025-11-04T12:55:52.805Z] GET /api/businesses?isVerified=true&categoryslug=clothing
[2025-11-04T12:55:52.819Z] [32MINFO[39M: 📥 [2025-11-04T12:55:52.819Z] GET /api/count/webview
[2025-11-04T12:55:52.836Z] [32MINFO[39M: 📥 [2025-11-04T12:55:52.836Z] GET /api/businesses?isVerified=true&categoryslug=clothing
[2025-11-04T12:58:10.352Z] [32MINFO[39M: 📥 [2025-11-04T12:58:10.352Z] GET /api/count/webview
[2025-11-04T12:58:10.363Z] [32MINFO[39M: 📥 [2025-11-04T12:58:10.363Z] GET /api/count/webview
[2025-11-04T13:01:29.707Z] [32MINFO[39M: 📥 [2025-11-04T13:01:29.706Z] GET /api/count/webview
[2025-11-04T13:01:29.718Z] [32MINFO[39M: 📥 [2025-11-04T13:01:29.718Z] GET /api/count/webview
[2025-11-04T13:02:02.247Z] [32MINFO[39M: 📥 [2025-11-04T13:02:02.247Z] GET /api/count/webview
[2025-11-04T13:02:02.600Z] [32MINFO[39M: 📥 [2025-11-04T13:02:02.600Z] GET /api/count/webview
[2025-11-04T13:03:24.174Z] [32MINFO[39M: 📥 [2025-11-04T13:03:24.174Z] GET /api/count/webview
[2025-11-04T13:03:24.186Z] [32MINFO[39M: 📥 [2025-11-04T13:03:24.186Z] GET /api/count/webview
[2025-11-04T13:05:43.512Z] [32MINFO[39M: 📥 [2025-11-04T13:05:43.512Z] GET /api/count/webview
[2025-11-04T13:05:43.581Z] [32MINFO[39M: 📥 [2025-11-04T13:05:43.581Z] GET /api/count/webview
[2025-11-04T13:09:09.576Z] [32MINFO[39M: 📥 [2025-11-04T13:09:09.576Z] GET /api/count/webview
[2025-11-04T13:09:09.593Z] [32MINFO[39M: 📥 [2025-11-04T13:09:09.593Z] GET /api/count/webview
[2025-11-04T13:15:26.050Z] [32MINFO[39M: 📥 [2025-11-04T13:15:26.050Z] GET /api/count/webview
[2025-11-04T13:15:26.061Z] [32MINFO[39M: 📥 [2025-11-04T13:15:26.061Z] GET /api/count/webview
[2025-11-04T13:21:23.317Z] [32MINFO[39M: 📥 [2025-11-04T13:21:23.317Z] GET /api/businesses?isVerified=true&categoryslug=clothing
[2025-11-04T13:21:23.318Z] [32MINFO[39M: 📥 [2025-11-04T13:21:23.318Z] GET /api/count/webview
[2025-11-04T13:21:23.324Z] [32MINFO[39M: 📥 [2025-11-04T13:21:23.324Z] GET /api/businesses?isVerified=true&categoryslug=clothing
[2025-11-04T13:21:23.325Z] [32MINFO[39M: 📥 [2025-11-04T13:21:23.325Z] GET /api/count/webview
[2025-11-04T13:21:24.530Z] [32MINFO[39M: 📥 [2025-11-04T13:21:24.530Z] GET /api/count/webview
[2025-11-04T13:21:24.532Z] [32MINFO[39M: 📥 [2025-11-04T13:21:24.531Z] GET /api/businesses?isVerified=true&categoryslug=clothing
[2025-11-04T13:21:24.569Z] [32MINFO[39M: 📥 [2025-11-04T13:21:24.569Z] GET /api/businesses?isVerified=true&categoryslug=clothing
[2025-11-04T13:21:24.571Z] [32MINFO[39M: 📥 [2025-11-04T13:21:24.571Z] GET /api/count/webview
[2025-11-04T13:22:53.303Z] [32MINFO[39M: 📥 [2025-11-04T13:22:53.303Z] GET /api/count/webview
[2025-11-04T13:22:53.304Z] [32MINFO[39M: 📥 [2025-11-04T13:22:53.304Z] GET /api/businesses?isVerified=true&categoryslug=clothing
[2025-11-04T13:22:53.347Z] [32MINFO[39M: 📥 [2025-11-04T13:22:53.347Z] GET /api/businesses?isVerified=true&categoryslug=clothing
[2025-11-04T13:22:53.348Z] [32MINFO[39M: 📥 [2025-11-04T13:22:53.348Z] GET /api/count/webview
[2025-11-04T13:23:09.750Z] [32MINFO[39M: 📥 [2025-11-04T13:23:09.750Z] GET /api/count/webview
[2025-11-04T13:23:09.757Z] [32MINFO[39M: 📥 [2025-11-04T13:23:09.757Z] GET /api/businesses?isVerified=true&categoryslug=clothing
[2025-11-04T13:23:09.761Z] [32MINFO[39M: 📥 [2025-11-04T13:23:09.761Z] GET /api/count/webview
[2025-11-04T13:23:09.771Z] [32MINFO[39M: 📥 [2025-11-04T13:23:09.771Z] GET /api/businesses?isVerified=true&categoryslug=clothing
[2025-11-04T13:25:05.324Z] [32MINFO[39M: 📥 [2025-11-04T13:25:05.323Z] GET /api/count/webview
[2025-11-04T13:25:05.324Z] [32MINFO[39M: 📥 [2025-11-04T13:25:05.324Z] GET /api/businesses?subcategory=mens-wear
[2025-11-04T13:25:05.341Z] [32MINFO[39M: 📥 [2025-11-04T13:25:05.341Z] GET /api/businesses?subcategory=mens-wear
[2025-11-04T13:25:05.343Z] [32MINFO[39M: 📥 [2025-11-04T13:25:05.343Z] GET /api/count/webview
[2025-11-04T13:25:09.890Z] [32MINFO[39M: 📥 [2025-11-04T13:25:09.890Z] GET /api/businesses?isVerified=true&categoryslug=clothing
[2025-11-04T13:25:09.891Z] [32MINFO[39M: 📥 [2025-11-04T13:25:09.891Z] GET /api/count/webview
[2025-11-04T13:25:09.954Z] [32MINFO[39M: 📥 [2025-11-04T13:25:09.954Z] GET /api/count/webview
[2025-11-04T13:25:09.955Z] [32MINFO[39M: 📥 [2025-11-04T13:25:09.955Z] GET /api/businesses?isVerified=true&categoryslug=clothing
[2025-11-04T13:26:44.801Z] [32MINFO[39M: 📥 [2025-11-04T13:26:44.801Z] GET /api/count/webview
[2025-11-04T13:26:44.802Z] [32MINFO[39M: 📥 [2025-11-04T13:26:44.802Z] GET /api/businesses?isVerified=true&categoryslug=clothing
[2025-11-04T13:26:44.874Z] [32MINFO[39M: 📥 [2025-11-04T13:26:44.874Z] GET /api/count/webview
[2025-11-04T13:26:44.875Z] [32MINFO[39M: 📥 [2025-11-04T13:26:44.875Z] GET /api/businesses?isVerified=true&categoryslug=clothing
[2025-11-04T13:27:58.910Z] [32MINFO[39M: 📥 [2025-11-04T13:27:58.910Z] GET /api/count/webview
[2025-11-04T13:27:58.911Z] [32MINFO[39M: 📥 [2025-11-04T13:27:58.911Z] GET /api/categories
[2025-11-04T13:27:58.919Z] [32MINFO[39M: 📥 [2025-11-04T13:27:58.919Z] GET /api/count/webview
[2025-11-04T13:27:58.926Z] [32MINFO[39M: 📥 [2025-11-04T13:27:58.926Z] GET /api/categories
[2025-11-04T13:29:23.167Z] [32MINFO[39M: 📥 [2025-11-04T13:29:23.167Z] GET /api/count/webview
[2025-11-04T13:29:23.169Z] [32MINFO[39M: 📥 [2025-11-04T13:29:23.169Z] GET /api/categories
[2025-11-04T13:29:23.191Z] [32MINFO[39M: 📥 [2025-11-04T13:29:23.191Z] GET /api/categories
[2025-11-04T13:29:23.192Z] [32MINFO[39M: 📥 [2025-11-04T13:29:23.192Z] GET /api/count/webview
[2025-11-04T13:30:20.677Z] [32MINFO[39M: 📥 [2025-11-04T13:30:20.677Z] GET /api/businesses?isVerified=true&categoryslug=education-classes
[2025-11-04T13:30:20.744Z] [32MINFO[39M: 📥 [2025-11-04T13:30:20.744Z] GET /api/businesses?isVerified=true&categoryslug=education-classes
[2025-11-04T13:30:25.724Z] [32MINFO[39M: 📥 [2025-11-04T13:30:25.724Z] GET /api/categories
[2025-11-04T13:30:25.785Z] [32MINFO[39M: 📥 [2025-11-04T13:30:25.785Z] GET /api/categories
[2025-11-04T13:33:18.175Z] [32MINFO[39M: 📥 [2025-11-04T13:33:18.175Z] GET /api/businesses?isVerified=true&categoryslug=foods
[2025-11-04T13:33:18.280Z] [32MINFO[39M: 📥 [2025-11-04T13:33:18.280Z] GET /api/businesses?isVerified=true&categoryslug=foods
[2025-11-04T13:33:24.750Z] [32MINFO[39M: 📥 [2025-11-04T13:33:24.750Z] GET /api/businesses?subcategory=sweet-shops
[2025-11-04T13:33:24.777Z] [32MINFO[39M: 📥 [2025-11-04T13:33:24.777Z] GET /api/count/webview
[2025-11-04T13:33:24.778Z] [32MINFO[39M: 📥 [2025-11-04T13:33:24.778Z] GET /api/businesses?subcategory=sweet-shops
[2025-11-04T13:33:24.800Z] [32MINFO[39M: 📥 [2025-11-04T13:33:24.800Z] GET /api/count/webview
[2025-11-04T13:33:37.280Z] [32MINFO[39M: 📥 [2025-11-04T13:33:37.280Z] GET /api/count/webview
[2025-11-04T13:33:37.299Z] [32MINFO[39M: 📥 [2025-11-04T13:33:37.299Z] GET /api/businesses?isVerified=true&categoryslug=foods
[2025-11-04T13:33:37.301Z] [32MINFO[39M: 📥 [2025-11-04T13:33:37.301Z] GET /api/count/webview
[2025-11-04T13:33:37.354Z] [32MINFO[39M: 📥 [2025-11-04T13:33:37.354Z] GET /api/businesses?isVerified=true&categoryslug=foods
[2025-11-04T13:33:40.516Z] [32MINFO[39M: 📥 [2025-11-04T13:33:40.516Z] GET /api/businesses?subcategory=cafes
[2025-11-04T13:33:40.517Z] [32MINFO[39M: 📥 [2025-11-04T13:33:40.517Z] GET /api/count/webview
[2025-11-04T13:33:40.615Z] [32MINFO[39M: 📥 [2025-11-04T13:33:40.615Z] GET /api/businesses?subcategory=cafes
[2025-11-04T13:33:40.669Z] [32MINFO[39M: 📥 [2025-11-04T13:33:40.669Z] GET /api/count/webview
[2025-11-04T13:33:50.836Z] [32MINFO[39M: 📥 [2025-11-04T13:33:50.836Z] GET /api/count/webview
[2025-11-04T13:33:51.079Z] [32MINFO[39M: 📥 [2025-11-04T13:33:51.079Z] GET /api/categories
[2025-11-04T13:33:51.080Z] [32MINFO[39M: 📥 [2025-11-04T13:33:51.080Z] GET /api/count/webview
[2025-11-04T13:33:51.114Z] [32MINFO[39M: 📥 [2025-11-04T13:33:51.114Z] GET /api/categories
[2025-11-04T13:35:24.609Z] [32MINFO[39M: 📥 [2025-11-04T13:35:24.609Z] GET /api/businesses?isVerified=true&categoryslug=clothing
[2025-11-04T13:35:24.629Z] [32MINFO[39M: 📥 [2025-11-04T13:35:24.629Z] GET /api/businesses?isVerified=true&categoryslug=clothing
[2025-11-04T13:35:27.458Z] [32MINFO[39M: 📥 [2025-11-04T13:35:27.458Z] GET /api/businesses?subcategory=designer-studios
[2025-11-04T13:35:27.467Z] [32MINFO[39M: 📥 [2025-11-04T13:35:27.467Z] GET /api/businesses?subcategory=designer-studios
[2025-11-04T13:35:29.914Z] [32MINFO[39M: 📥 [2025-11-04T13:35:29.914Z] GET /api/businesses?isVerified=true&categoryslug=clothing
[2025-11-04T13:35:29.920Z] [32MINFO[39M: 📥 [2025-11-04T13:35:29.920Z] GET /api/businesses?isVerified=true&categoryslug=clothing
[2025-11-04T13:35:38.440Z] [32MINFO[39M: 📥 [2025-11-04T13:35:38.440Z] GET /api/categories
[2025-11-04T13:35:38.441Z] [32MINFO[39M: 📥 [2025-11-04T13:35:38.441Z] GET /api/count/webview
[2025-11-04T13:35:38.710Z] [32MINFO[39M: 📥 [2025-11-04T13:35:38.710Z] GET /api/count/webview
[2025-11-04T13:35:38.711Z] [32MINFO[39M: 📥 [2025-11-04T13:35:38.711Z] GET /api/categories
[2025-11-04T13:36:39.077Z] [32MINFO[39M: 📥 [2025-11-04T13:36:39.077Z] GET /api/businesses?isVerified=true&categoryslug=foods
[2025-11-04T13:36:39.130Z] [32MINFO[39M: 📥 [2025-11-04T13:36:39.130Z] GET /api/businesses?isVerified=true&categoryslug=foods
