[2025-10-28T06:19:56.587Z] [32MINFO[39M:  Server running on port  http://localhost:5004
[2025-10-28T06:19:56.621Z] [32MINFO[39M: MySQL Database Connected
[2025-10-28T06:20:34.238Z] [32MINFO[39M: 📥 [2025-10-28T06:20:34.238Z] OPTIONS /api/categories
[2025-10-28T06:20:34.242Z] [32MINFO[39M: 📥 [2025-10-28T06:20:34.242Z] OPTIONS /api/categories
[2025-10-28T06:20:34.243Z] [32MINFO[39M: 📥 [2025-10-28T06:20:34.243Z] OPTIONS /api/count/webview
[2025-10-28T06:20:34.243Z] [32MINFO[39M: 📥 [2025-10-28T06:20:34.243Z] OPTIONS /api/count/webview
[2025-10-28T06:20:34.265Z] [32MINFO[39M: 📥 [2025-10-28T06:20:34.265Z] GET /api/count/webview
[2025-10-28T06:20:34.277Z] [32MINFO[39M: 📥 [2025-10-28T06:20:34.277Z] GET /api/categories
[2025-10-28T06:20:34.612Z] [32MINFO[39M: 📥 [2025-10-28T06:20:34.612Z] GET /api/categories
[2025-10-28T06:20:34.614Z] [32MINFO[39M: 📥 [2025-10-28T06:20:34.614Z] GET /api/count/webview
[2025-10-28T06:43:55.299Z] [32MINFO[39M: 📥 [2025-10-28T06:43:55.299Z] OPTIONS /api/categories
[2025-10-28T06:43:55.301Z] [32MINFO[39M: 📥 [2025-10-28T06:43:55.301Z] OPTIONS /api/count/webview
[2025-10-28T06:43:55.302Z] [32MINFO[39M: 📥 [2025-10-28T06:43:55.302Z] OPTIONS /api/categories
[2025-10-28T06:43:55.303Z] [32MINFO[39M: 📥 [2025-10-28T06:43:55.303Z] OPTIONS /api/count/webview
[2025-10-28T06:43:55.305Z] [32MINFO[39M: 📥 [2025-10-28T06:43:55.305Z] GET /api/categories
[2025-10-28T06:43:55.311Z] [32MINFO[39M: 📥 [2025-10-28T06:43:55.311Z] GET /api/count/webview
[2025-10-28T06:43:55.315Z] [32MINFO[39M: 📥 [2025-10-28T06:43:55.315Z] GET /api/categories
[2025-10-28T06:43:55.322Z] [32MINFO[39M: 📥 [2025-10-28T06:43:55.322Z] GET /api/count/webview
[2025-10-28T12:04:38.261Z] [32MINFO[39M:  Server running on port  http://localhost:5004
[2025-10-28T12:04:38.280Z] [32MINFO[39M: MySQL Database Connected
[2025-10-28T12:06:02.794Z] [32MINFO[39M: 📥 [2025-10-28T12:06:02.794Z] OPTIONS /api/count/webview
[2025-10-28T12:06:02.801Z] [32MINFO[39M: 📥 [2025-10-28T12:06:02.801Z] OPTIONS /api/categories
[2025-10-28T12:06:02.802Z] [32MINFO[39M: 📥 [2025-10-28T12:06:02.802Z] OPTIONS /api/count/webview
[2025-10-28T12:06:02.805Z] [32MINFO[39M: 📥 [2025-10-28T12:06:02.805Z] OPTIONS /api/categories
[2025-10-28T12:06:12.773Z] [32MINFO[39M: 📥 [2025-10-28T12:06:12.773Z] OPTIONS /api/categories
[2025-10-28T12:06:12.774Z] [32MINFO[39M: 📥 [2025-10-28T12:06:12.774Z] OPTIONS /api/count/webview
[2025-10-28T12:06:12.775Z] [32MINFO[39M: 📥 [2025-10-28T12:06:12.775Z] OPTIONS /api/count/webview
[2025-10-28T12:06:12.775Z] [32MINFO[39M: 📥 [2025-10-28T12:06:12.775Z] OPTIONS /api/categories
[2025-10-28T12:06:12.828Z] [32MINFO[39M: 📥 [2025-10-28T12:06:12.828Z] GET /api/categories
[2025-10-28T12:06:12.836Z] [32MINFO[39M: 📥 [2025-10-28T12:06:12.836Z] GET /api/count/webview
[2025-10-28T12:06:13.191Z] [32MINFO[39M: 📥 [2025-10-28T12:06:13.191Z] GET /api/categories
[2025-10-28T12:06:13.193Z] [32MINFO[39M: 📥 [2025-10-28T12:06:13.193Z] GET /api/count/webview
[2025-10-28T12:06:47.270Z] [32MINFO[39M: 📥 [2025-10-28T12:06:47.269Z] OPTIONS /api/count/webview
[2025-10-28T12:06:47.271Z] [32MINFO[39M: 📥 [2025-10-28T12:06:47.271Z] OPTIONS /api/categories
[2025-10-28T12:06:47.272Z] [32MINFO[39M: 📥 [2025-10-28T12:06:47.272Z] OPTIONS /api/count/webview
[2025-10-28T12:06:47.272Z] [32MINFO[39M: 📥 [2025-10-28T12:06:47.272Z] OPTIONS /api/categories
[2025-10-28T12:06:47.282Z] [32MINFO[39M: 📥 [2025-10-28T12:06:47.282Z] GET /api/count/webview
[2025-10-28T12:06:47.283Z] [32MINFO[39M: 📥 [2025-10-28T12:06:47.283Z] GET /api/categories
[2025-10-28T12:06:47.294Z] [32MINFO[39M: 📥 [2025-10-28T12:06:47.294Z] GET /api/count/webview
[2025-10-28T12:06:47.303Z] [32MINFO[39M: 📥 [2025-10-28T12:06:47.303Z] GET /api/categories
[2025-10-28T12:07:01.367Z] [32MINFO[39M: 📥 [2025-10-28T12:07:01.367Z] OPTIONS /api/otp/send
[2025-10-28T12:07:01.387Z] [32MINFO[39M: 📥 [2025-10-28T12:07:01.387Z] POST /api/otp/send
[2025-10-28T12:07:01.389Z] [32MINFO[39M: Received from frontend: [object Object]
[2025-10-28T12:07:01.389Z] [32MINFO[39M: Generated OTP for 8451060827: 142706
[2025-10-28T12:07:08.857Z] [32MINFO[39M: 📥 [2025-10-28T12:07:08.857Z] OPTIONS /api/otp/verify
[2025-10-28T12:07:08.865Z] [32MINFO[39M: 📥 [2025-10-28T12:07:08.865Z] POST /api/otp/verify
[2025-10-28T12:07:08.866Z] [32MINFO[39M: Received in verifyOTP: [object Object]
[2025-10-28T12:07:10.296Z] [32MINFO[39M: 📥 [2025-10-28T12:07:10.296Z] OPTIONS /api/categories
[2025-10-28T12:07:10.472Z] [32MINFO[39M: 📥 [2025-10-28T12:07:10.471Z] OPTIONS /api/categories
[2025-10-28T12:07:10.473Z] [32MINFO[39M: 📥 [2025-10-28T12:07:10.473Z] GET /api/categories
[2025-10-28T12:07:10.483Z] [32MINFO[39M: 📥 [2025-10-28T12:07:10.483Z] GET /api/categories
[2025-10-28T12:07:18.855Z] [32MINFO[39M: 📥 [2025-10-28T12:07:18.855Z] OPTIONS /api/count/webview
[2025-10-28T12:07:18.856Z] [32MINFO[39M: 📥 [2025-10-28T12:07:18.856Z] OPTIONS /api/categories
[2025-10-28T12:07:18.857Z] [32MINFO[39M: 📥 [2025-10-28T12:07:18.857Z] OPTIONS /api/count/webview
[2025-10-28T12:07:18.857Z] [32MINFO[39M: 📥 [2025-10-28T12:07:18.857Z] OPTIONS /api/categories
[2025-10-28T12:07:19.053Z] [32MINFO[39M: 📥 [2025-10-28T12:07:19.053Z] GET /api/count/webview
[2025-10-28T12:07:19.054Z] [32MINFO[39M: 📥 [2025-10-28T12:07:19.054Z] GET /api/categories
[2025-10-28T12:07:19.281Z] [32MINFO[39M: 📥 [2025-10-28T12:07:19.281Z] GET /api/categories
[2025-10-28T12:07:19.283Z] [32MINFO[39M: 📥 [2025-10-28T12:07:19.283Z] GET /api/count/webview
[2025-10-28T16:15:42.862Z] [32MINFO[39M:  Server running on port  http://localhost:5004
[2025-10-28T16:15:42.892Z] [32MINFO[39M: MySQL Database Connected
[2025-10-28T16:17:14.713Z] [32MINFO[39M: 📥 [2025-10-28T16:17:14.713Z] OPTIONS /api/count/webview
[2025-10-28T16:17:14.716Z] [32MINFO[39M: 📥 [2025-10-28T16:17:14.716Z] OPTIONS /api/categories
[2025-10-28T16:17:14.718Z] [32MINFO[39M: 📥 [2025-10-28T16:17:14.718Z] OPTIONS /api/count/webview
[2025-10-28T16:17:14.719Z] [32MINFO[39M: 📥 [2025-10-28T16:17:14.719Z] OPTIONS /api/categories
[2025-10-28T16:17:19.746Z] [32MINFO[39M: 📥 [2025-10-28T16:17:19.746Z] OPTIONS /api/count/webview
[2025-10-28T16:17:19.747Z] [32MINFO[39M: 📥 [2025-10-28T16:17:19.747Z] OPTIONS /api/count/webview
[2025-10-28T16:17:19.748Z] [32MINFO[39M: 📥 [2025-10-28T16:17:19.748Z] OPTIONS /api/categories
[2025-10-28T16:17:19.749Z] [32MINFO[39M: 📥 [2025-10-28T16:17:19.749Z] OPTIONS /api/categories
[2025-10-28T16:17:19.754Z] [32MINFO[39M: 📥 [2025-10-28T16:17:19.754Z] GET /api/count/webview
[2025-10-28T16:17:19.761Z] [32MINFO[39M: 📥 [2025-10-28T16:17:19.761Z] GET /api/categories
[2025-10-28T16:17:19.817Z] [32MINFO[39M: 📥 [2025-10-28T16:17:19.817Z] GET /api/count/webview
[2025-10-28T16:17:19.819Z] [32MINFO[39M: 📥 [2025-10-28T16:17:19.819Z] GET /api/categories
[2025-10-28T16:33:15.550Z] [32MINFO[39M: 📥 [2025-10-28T16:33:15.550Z] OPTIONS /api/count/webview
[2025-10-28T16:33:15.551Z] [32MINFO[39M: 📥 [2025-10-28T16:33:15.551Z] OPTIONS /api/count/webview
[2025-10-28T16:33:15.574Z] [32MINFO[39M: 📥 [2025-10-28T16:33:15.574Z] GET /api/count/webview
[2025-10-28T16:33:15.595Z] [32MINFO[39M: 📥 [2025-10-28T16:33:15.595Z] GET /api/count/webview
[2025-10-28T16:36:54.050Z] [32MINFO[39M: 📥 [2025-10-28T16:36:54.050Z] OPTIONS /api/users?page=1&limit=10&search=
[2025-10-28T16:36:54.052Z] [32MINFO[39M: 📥 [2025-10-28T16:36:54.052Z] OPTIONS /api/users?page=1&limit=10&search=
[2025-10-28T16:36:54.061Z] [32MINFO[39M: 📥 [2025-10-28T16:36:54.061Z] GET /api/users?page=1&limit=10&search=
[2025-10-28T16:36:54.196Z] [32MINFO[39M: 📥 [2025-10-28T16:36:54.196Z] GET /api/users?page=1&limit=10&search=
[2025-10-28T16:36:55.412Z] [32MINFO[39M: 📥 [2025-10-28T16:36:55.412Z] GET /api/count/webview
[2025-10-28T16:36:55.413Z] [32MINFO[39M: 📥 [2025-10-28T16:36:55.413Z] GET /api/categories
[2025-10-28T16:36:55.486Z] [32MINFO[39M: 📥 [2025-10-28T16:36:55.486Z] GET /api/categories
[2025-10-28T16:36:55.488Z] [32MINFO[39M: 📥 [2025-10-28T16:36:55.488Z] GET /api/count/webview
[2025-10-28T16:37:05.517Z] [32MINFO[39M: 📥 [2025-10-28T16:37:05.517Z] OPTIONS /api/otp/send
[2025-10-28T16:37:05.741Z] [32MINFO[39M: 📥 [2025-10-28T16:37:05.741Z] POST /api/otp/send
[2025-10-28T16:37:05.743Z] [32MINFO[39M: Received from frontend: [object Object]
[2025-10-28T16:37:05.744Z] [32MINFO[39M: Generated OTP for 8451060827: 366916
[2025-10-28T16:37:16.581Z] [32MINFO[39M: 📥 [2025-10-28T16:37:16.581Z] OPTIONS /api/otp/verify
[2025-10-28T16:37:17.028Z] [32MINFO[39M: 📥 [2025-10-28T16:37:17.028Z] POST /api/otp/verify
[2025-10-28T16:37:17.030Z] [32MINFO[39M: Received in verifyOTP: [object Object]
[2025-10-28T16:37:18.560Z] [32MINFO[39M: 📥 [2025-10-28T16:37:18.560Z] OPTIONS /api/categories
[2025-10-28T16:37:18.687Z] [32MINFO[39M: 📥 [2025-10-28T16:37:18.687Z] OPTIONS /api/categories
[2025-10-28T16:37:18.689Z] [32MINFO[39M: 📥 [2025-10-28T16:37:18.689Z] GET /api/categories
[2025-10-28T16:37:18.701Z] [32MINFO[39M: 📥 [2025-10-28T16:37:18.701Z] GET /api/categories
[2025-10-28T16:37:24.880Z] [32MINFO[39M: 📥 [2025-10-28T16:37:24.880Z] OPTIONS /api/count/webview
[2025-10-28T16:37:24.881Z] [32MINFO[39M: 📥 [2025-10-28T16:37:24.881Z] OPTIONS /api/categories
[2025-10-28T16:37:24.882Z] [32MINFO[39M: 📥 [2025-10-28T16:37:24.882Z] OPTIONS /api/count/webview
[2025-10-28T16:37:24.882Z] [32MINFO[39M: 📥 [2025-10-28T16:37:24.882Z] OPTIONS /api/categories
[2025-10-28T16:37:24.886Z] [32MINFO[39M: 📥 [2025-10-28T16:37:24.886Z] GET /api/count/webview
[2025-10-28T16:37:24.890Z] [32MINFO[39M: 📥 [2025-10-28T16:37:24.890Z] GET /api/categories
[2025-10-28T16:37:24.895Z] [32MINFO[39M: 📥 [2025-10-28T16:37:24.895Z] GET /api/count/webview
[2025-10-28T16:37:24.903Z] [32MINFO[39M: 📥 [2025-10-28T16:37:24.903Z] GET /api/categories
[2025-10-28T16:38:20.341Z] [32MINFO[39M: 📥 [2025-10-28T16:38:20.341Z] OPTIONS /api/users?page=1&limit=10&search=
[2025-10-28T16:38:20.405Z] [32MINFO[39M: 📥 [2025-10-28T16:38:20.405Z] OPTIONS /api/users?page=1&limit=10&search=
[2025-10-28T16:38:20.406Z] [32MINFO[39M: 📥 [2025-10-28T16:38:20.406Z] GET /api/users?page=1&limit=10&search=
[2025-10-28T16:38:20.431Z] [32MINFO[39M: 📥 [2025-10-28T16:38:20.431Z] GET /api/users?page=1&limit=10&search=
[2025-10-28T16:38:22.411Z] [32MINFO[39M: 📥 [2025-10-28T16:38:22.411Z] GET /api/count/webview
[2025-10-28T16:38:22.413Z] [32MINFO[39M: 📥 [2025-10-28T16:38:22.413Z] GET /api/categories
[2025-10-28T16:38:22.509Z] [32MINFO[39M: 📥 [2025-10-28T16:38:22.509Z] GET /api/count/webview
[2025-10-28T16:38:22.510Z] [32MINFO[39M: 📥 [2025-10-28T16:38:22.510Z] GET /api/categories
[2025-10-28T16:47:45.191Z] [32MINFO[39M: 📥 [2025-10-28T16:47:45.191Z] GET /api/count/webview
[2025-10-28T16:47:45.192Z] [32MINFO[39M: 📥 [2025-10-28T16:47:45.192Z] GET /api/categories
[2025-10-28T16:47:45.253Z] [32MINFO[39M: 📥 [2025-10-28T16:47:45.253Z] GET /api/count/webview
[2025-10-28T16:47:45.255Z] [32MINFO[39M: 📥 [2025-10-28T16:47:45.255Z] GET /api/categories
[2025-10-28T16:47:55.086Z] [32MINFO[39M: 📥 [2025-10-28T16:47:55.086Z] OPTIONS /api/otp/send
[2025-10-28T16:47:55.469Z] [32MINFO[39M: 📥 [2025-10-28T16:47:55.469Z] POST /api/otp/send
[2025-10-28T16:47:55.470Z] [32MINFO[39M: Received from frontend: [object Object]
[2025-10-28T16:47:55.470Z] [32MINFO[39M: Generated OTP for 8451060827: 737874
[2025-10-28T16:48:01.324Z] [32MINFO[39M: 📥 [2025-10-28T16:48:01.324Z] OPTIONS /api/otp/verify
[2025-10-28T16:48:01.471Z] [32MINFO[39M: 📥 [2025-10-28T16:48:01.471Z] POST /api/otp/verify
[2025-10-28T16:48:01.472Z] [32MINFO[39M: Received in verifyOTP: [object Object]
[2025-10-28T16:48:03.559Z] [32MINFO[39M: 📥 [2025-10-28T16:48:03.559Z] OPTIONS /api/categories
[2025-10-28T16:48:03.582Z] [32MINFO[39M: 📥 [2025-10-28T16:48:03.582Z] OPTIONS /api/categories
[2025-10-28T16:48:03.583Z] [32MINFO[39M: 📥 [2025-10-28T16:48:03.583Z] GET /api/categories
[2025-10-28T16:48:03.595Z] [32MINFO[39M: 📥 [2025-10-28T16:48:03.595Z] GET /api/categories
[2025-10-28T16:49:41.521Z] [32MINFO[39M: 📥 [2025-10-28T16:49:41.521Z] OPTIONS /api/count/webview
[2025-10-28T16:49:41.526Z] [32MINFO[39M: 📥 [2025-10-28T16:49:41.526Z] OPTIONS /api/categories
[2025-10-28T16:49:41.527Z] [32MINFO[39M: 📥 [2025-10-28T16:49:41.527Z] OPTIONS /api/count/webview
[2025-10-28T16:49:41.527Z] [32MINFO[39M: 📥 [2025-10-28T16:49:41.527Z] OPTIONS /api/categories
[2025-10-28T16:49:41.884Z] [32MINFO[39M: 📥 [2025-10-28T16:49:41.884Z] GET /api/count/webview
[2025-10-28T16:49:41.885Z] [32MINFO[39M: 📥 [2025-10-28T16:49:41.885Z] GET /api/categories
[2025-10-28T16:49:41.939Z] [32MINFO[39M: 📥 [2025-10-28T16:49:41.939Z] GET /api/count/webview
[2025-10-28T16:49:41.940Z] [32MINFO[39M: 📥 [2025-10-28T16:49:41.940Z] GET /api/categories
[2025-10-28T16:49:47.528Z] [32MINFO[39M: 📥 [2025-10-28T16:49:47.528Z] OPTIONS /api/otp/send
[2025-10-28T16:49:47.543Z] [32MINFO[39M: 📥 [2025-10-28T16:49:47.543Z] POST /api/otp/send
[2025-10-28T16:49:47.544Z] [32MINFO[39M: Received from frontend: [object Object]
[2025-10-28T16:49:47.544Z] [32MINFO[39M: Generated OTP for 8451060827: 378367
[2025-10-28T16:49:53.486Z] [32MINFO[39M: 📥 [2025-10-28T16:49:53.486Z] OPTIONS /api/otp/verify
[2025-10-28T16:49:53.494Z] [32MINFO[39M: 📥 [2025-10-28T16:49:53.494Z] POST /api/otp/verify
[2025-10-28T16:49:53.494Z] [32MINFO[39M: Received in verifyOTP: [object Object]
[2025-10-28T16:49:58.271Z] [32MINFO[39M: 📥 [2025-10-28T16:49:58.271Z] OPTIONS /api/users?page=1&limit=10&search=
[2025-10-28T16:49:58.393Z] [32MINFO[39M: 📥 [2025-10-28T16:49:58.393Z] OPTIONS /api/users?page=1&limit=10&search=
[2025-10-28T16:49:58.466Z] [32MINFO[39M: 📥 [2025-10-28T16:49:58.466Z] GET /api/users?page=1&limit=10&search=
[2025-10-28T16:49:58.469Z] [32MINFO[39M: Controller: getAllUsers called
[2025-10-28T16:49:58.469Z] [32MINFO[39M: Final Query: SELECT * FROM users WHERE 1=1 LIMIT 10 OFFSET 0
[2025-10-28T16:49:58.469Z] [32MINFO[39M: Query Params: 
[2025-10-28T16:49:58.508Z] [32MINFO[39M: 📥 [2025-10-28T16:49:58.508Z] GET /api/users?page=1&limit=10&search=
[2025-10-28T16:49:58.511Z] [32MINFO[39M: Controller: getAllUsers called
[2025-10-28T16:49:58.511Z] [32MINFO[39M: Final Query: SELECT * FROM users WHERE 1=1 LIMIT 10 OFFSET 0
[2025-10-28T16:49:58.511Z] [32MINFO[39M: Query Params: 
[2025-10-28T16:50:07.728Z] [32MINFO[39M: 📥 [2025-10-28T16:50:07.728Z] OPTIONS /api/count/webview
[2025-10-28T16:50:07.731Z] [32MINFO[39M: 📥 [2025-10-28T16:50:07.731Z] OPTIONS /api/count/webview
[2025-10-28T16:50:07.738Z] [32MINFO[39M: 📥 [2025-10-28T16:50:07.738Z] GET /api/count/webview
[2025-10-28T16:50:07.747Z] [32MINFO[39M: 📥 [2025-10-28T16:50:07.747Z] GET /api/count/webview
[2025-10-28T16:50:09.855Z] [32MINFO[39M: 📥 [2025-10-28T16:50:09.855Z] OPTIONS /api/users?page=1&limit=10&search=
[2025-10-28T16:50:09.856Z] [32MINFO[39M: 📥 [2025-10-28T16:50:09.856Z] OPTIONS /api/users?page=1&limit=10&search=
[2025-10-28T16:50:10.071Z] [32MINFO[39M: 📥 [2025-10-28T16:50:10.071Z] GET /api/users?page=1&limit=10&search=
[2025-10-28T16:50:10.074Z] [32MINFO[39M: Controller: getAllUsers called
[2025-10-28T16:50:10.074Z] [32MINFO[39M: Final Query: SELECT * FROM users WHERE 1=1 LIMIT 10 OFFSET 0
[2025-10-28T16:50:10.074Z] [32MINFO[39M: Query Params: 
[2025-10-28T16:50:10.082Z] [32MINFO[39M: 📥 [2025-10-28T16:50:10.082Z] GET /api/users?page=1&limit=10&search=
[2025-10-28T16:50:10.084Z] [32MINFO[39M: Controller: getAllUsers called
[2025-10-28T16:50:10.084Z] [32MINFO[39M: Final Query: SELECT * FROM users WHERE 1=1 LIMIT 10 OFFSET 0
[2025-10-28T16:50:10.085Z] [32MINFO[39M: Query Params: 
[2025-10-28T16:50:48.257Z] [32MINFO[39M: 📥 [2025-10-28T16:50:48.257Z] OPTIONS /api/users?page=1&limit=10&search=
[2025-10-28T16:50:48.258Z] [32MINFO[39M: 📥 [2025-10-28T16:50:48.258Z] OPTIONS /api/users?page=1&limit=10&search=
[2025-10-28T16:50:48.279Z] [32MINFO[39M: 📥 [2025-10-28T16:50:48.279Z] GET /api/users?page=1&limit=10&search=
[2025-10-28T16:50:48.283Z] [32MINFO[39M: Controller: getAllUsers called
[2025-10-28T16:50:48.283Z] [32MINFO[39M: Final Query: SELECT * FROM users WHERE 1=1 LIMIT 10 OFFSET 0
[2025-10-28T16:50:48.283Z] [32MINFO[39M: Query Params: 
[2025-10-28T16:50:48.290Z] [32MINFO[39M: 📥 [2025-10-28T16:50:48.290Z] GET /api/users?page=1&limit=10&search=
[2025-10-28T16:50:48.293Z] [32MINFO[39M: Controller: getAllUsers called
[2025-10-28T16:50:48.293Z] [32MINFO[39M: Final Query: SELECT * FROM users WHERE 1=1 LIMIT 10 OFFSET 0
[2025-10-28T16:50:48.293Z] [32MINFO[39M: Query Params: 
[2025-10-28T16:51:17.761Z] [32MINFO[39M: 📥 [2025-10-28T16:51:17.761Z] OPTIONS /api/users?page=1&limit=10&search=
[2025-10-28T16:51:17.762Z] [32MINFO[39M: 📥 [2025-10-28T16:51:17.762Z] OPTIONS /api/users?page=1&limit=10&search=
[2025-10-28T16:51:18.511Z] [32MINFO[39M: 📥 [2025-10-28T16:51:18.511Z] GET /api/users?page=1&limit=10&search=
[2025-10-28T16:51:18.514Z] [32MINFO[39M: Controller: getAllUsers called
[2025-10-28T16:51:18.514Z] [32MINFO[39M: Final Query: SELECT * FROM users WHERE 1=1 LIMIT 10 OFFSET 0
[2025-10-28T16:51:18.514Z] [32MINFO[39M: Query Params: 
[2025-10-28T16:51:18.769Z] [32MINFO[39M: 📥 [2025-10-28T16:51:18.768Z] GET /api/users?page=1&limit=10&search=
[2025-10-28T16:51:18.771Z] [32MINFO[39M: Controller: getAllUsers called
[2025-10-28T16:51:18.772Z] [32MINFO[39M: Final Query: SELECT * FROM users WHERE 1=1 LIMIT 10 OFFSET 0
[2025-10-28T16:51:18.772Z] [32MINFO[39M: Query Params: 
[2025-10-28T16:57:03.739Z] [32MINFO[39M: 📥 [2025-10-28T16:57:03.739Z] OPTIONS /api/count/webview
[2025-10-28T16:57:03.740Z] [32MINFO[39M: 📥 [2025-10-28T16:57:03.740Z] OPTIONS /api/count/webview
[2025-10-28T16:57:03.852Z] [32MINFO[39M: 📥 [2025-10-28T16:57:03.852Z] GET /api/count/webview
[2025-10-28T16:57:04.029Z] [32MINFO[39M: 📥 [2025-10-28T16:57:04.029Z] GET /api/count/webview
[2025-10-28T16:57:06.001Z] [32MINFO[39M: 📥 [2025-10-28T16:57:06.001Z] OPTIONS /api/users?page=1&limit=10&search=
[2025-10-28T16:57:06.006Z] [32MINFO[39M: 📥 [2025-10-28T16:57:06.006Z] OPTIONS /api/users?page=1&limit=10&search=
[2025-10-28T16:57:06.227Z] [32MINFO[39M: 📥 [2025-10-28T16:57:06.227Z] GET /api/users?page=1&limit=10&search=
[2025-10-28T16:57:06.231Z] [32MINFO[39M: Controller: getAllUsers called
[2025-10-28T16:57:06.231Z] [32MINFO[39M: Final Query: SELECT * FROM users WHERE 1=1 LIMIT 10 OFFSET 0
[2025-10-28T16:57:06.231Z] [32MINFO[39M: Query Params: 
[2025-10-28T16:57:06.433Z] [32MINFO[39M: 📥 [2025-10-28T16:57:06.433Z] GET /api/users?page=1&limit=10&search=
[2025-10-28T16:57:06.435Z] [32MINFO[39M: Controller: getAllUsers called
[2025-10-28T16:57:06.435Z] [32MINFO[39M: Final Query: SELECT * FROM users WHERE 1=1 LIMIT 10 OFFSET 0
[2025-10-28T16:57:06.435Z] [32MINFO[39M: Query Params: 
[2025-10-28T17:00:43.922Z] [32MINFO[39M: 📥 [2025-10-28T17:00:43.922Z] OPTIONS /api/users?page=1&limit=10&search=
[2025-10-28T17:00:43.936Z] [32MINFO[39M: 📥 [2025-10-28T17:00:43.936Z] GET /api/users?page=1&limit=10&search=
[2025-10-28T17:00:43.941Z] [32MINFO[39M: Controller: getAllUsers called
[2025-10-28T17:00:43.941Z] [32MINFO[39M: Final Query: SELECT * FROM users WHERE 1=1 LIMIT 10 OFFSET 0
[2025-10-28T17:00:43.941Z] [32MINFO[39M: Query Params: 
[2025-10-28T17:00:44.888Z] [32MINFO[39M: 📥 [2025-10-28T17:00:44.888Z] GET /api/users?page=1&limit=10&search=
[2025-10-28T17:00:44.890Z] [32MINFO[39M: Controller: getAllUsers called
[2025-10-28T17:00:44.890Z] [32MINFO[39M: Final Query: SELECT * FROM users WHERE 1=1 LIMIT 10 OFFSET 0
[2025-10-28T17:00:44.891Z] [32MINFO[39M: Query Params: 
[2025-10-28T17:00:45.140Z] [32MINFO[39M: 📥 [2025-10-28T17:00:45.140Z] GET /api/users?page=1&limit=10&search=
[2025-10-28T17:00:45.143Z] [32MINFO[39M: Controller: getAllUsers called
[2025-10-28T17:00:45.143Z] [32MINFO[39M: Final Query: SELECT * FROM users WHERE 1=1 LIMIT 10 OFFSET 0
[2025-10-28T17:00:45.143Z] [32MINFO[39M: Query Params: 
[2025-10-28T17:03:20.547Z] [32MINFO[39M: 📥 [2025-10-28T17:03:20.547Z] OPTIONS /api/users?page=1&limit=10&search=
[2025-10-28T17:03:20.553Z] [32MINFO[39M: 📥 [2025-10-28T17:03:20.553Z] GET /api/users?page=1&limit=10&search=
[2025-10-28T17:03:20.556Z] [32MINFO[39M: Controller: getAllUsers called
[2025-10-28T17:03:20.556Z] [32MINFO[39M: Final Query: SELECT * FROM users WHERE 1=1 LIMIT 10 OFFSET 0
[2025-10-28T17:03:20.556Z] [32MINFO[39M: Query Params: 
[2025-10-28T17:03:44.612Z] [32MINFO[39M: 📥 [2025-10-28T17:03:44.612Z] OPTIONS /api/users?page=1&limit=10&search=
[2025-10-28T17:03:44.613Z] [32MINFO[39M: 📥 [2025-10-28T17:03:44.613Z] OPTIONS /api/users?page=1&limit=10&search=
[2025-10-28T17:03:44.953Z] [32MINFO[39M: 📥 [2025-10-28T17:03:44.953Z] GET /api/users?page=1&limit=10&search=
[2025-10-28T17:03:44.955Z] [32MINFO[39M: Controller: getAllUsers called
[2025-10-28T17:03:44.955Z] [32MINFO[39M: Final Query: SELECT * FROM users WHERE 1=1 LIMIT 10 OFFSET 0
[2025-10-28T17:03:44.956Z] [32MINFO[39M: Query Params: 
[2025-10-28T17:03:44.964Z] [32MINFO[39M: 📥 [2025-10-28T17:03:44.963Z] GET /api/users?page=1&limit=10&search=
[2025-10-28T17:03:44.967Z] [32MINFO[39M: Controller: getAllUsers called
[2025-10-28T17:03:44.967Z] [32MINFO[39M: Final Query: SELECT * FROM users WHERE 1=1 LIMIT 10 OFFSET 0
[2025-10-28T17:03:44.967Z] [32MINFO[39M: Query Params: 
[2025-10-28T17:03:54.141Z] [32MINFO[39M: 📥 [2025-10-28T17:03:54.141Z] OPTIONS /api/users?page=1&limit=10&search=p
[2025-10-28T17:03:54.150Z] [32MINFO[39M: 📥 [2025-10-28T17:03:54.150Z] GET /api/users?page=1&limit=10&search=p
[2025-10-28T17:03:54.153Z] [32MINFO[39M: Controller: getAllUsers called
[2025-10-28T17:03:54.153Z] [32MINFO[39M: Final Query: SELECT * FROM users WHERE 1=1 AND (name LIKE ? OR phone LIKE ?) LIMIT 10 OFFSET 0
[2025-10-28T17:03:54.153Z] [32MINFO[39M: Query Params: %p%,%p%
[2025-10-28T17:03:55.178Z] [32MINFO[39M: 📥 [2025-10-28T17:03:55.178Z] OPTIONS /api/users?page=1&limit=10&search=pr
[2025-10-28T17:03:55.209Z] [32MINFO[39M: 📥 [2025-10-28T17:03:55.209Z] GET /api/users?page=1&limit=10&search=pr
[2025-10-28T17:03:55.211Z] [32MINFO[39M: Controller: getAllUsers called
[2025-10-28T17:03:55.211Z] [32MINFO[39M: Final Query: SELECT * FROM users WHERE 1=1 AND (name LIKE ? OR phone LIKE ?) LIMIT 10 OFFSET 0
[2025-10-28T17:03:55.211Z] [32MINFO[39M: Query Params: %pr%,%pr%
[2025-10-28T17:03:55.225Z] [32MINFO[39M: 📥 [2025-10-28T17:03:55.225Z] OPTIONS /api/users?page=1&limit=10&search=pra
[2025-10-28T17:03:55.242Z] [32MINFO[39M: 📥 [2025-10-28T17:03:55.242Z] GET /api/users?page=1&limit=10&search=pra
[2025-10-28T17:03:55.244Z] [32MINFO[39M: Controller: getAllUsers called
[2025-10-28T17:03:55.245Z] [32MINFO[39M: Final Query: SELECT * FROM users WHERE 1=1 AND (name LIKE ? OR phone LIKE ?) LIMIT 10 OFFSET 0
[2025-10-28T17:03:55.245Z] [32MINFO[39M: Query Params: %pra%,%pra%
[2025-10-28T17:03:56.336Z] [32MINFO[39M: 📥 [2025-10-28T17:03:56.336Z] GET /api/users?page=1&limit=10&search=pr
[2025-10-28T17:03:56.339Z] [32MINFO[39M: Controller: getAllUsers called
[2025-10-28T17:03:56.339Z] [32MINFO[39M: Final Query: SELECT * FROM users WHERE 1=1 AND (name LIKE ? OR phone LIKE ?) LIMIT 10 OFFSET 0
[2025-10-28T17:03:56.339Z] [32MINFO[39M: Query Params: %pr%,%pr%
[2025-10-28T17:03:56.549Z] [32MINFO[39M: 📥 [2025-10-28T17:03:56.549Z] GET /api/users?page=1&limit=10&search=p
[2025-10-28T17:03:56.552Z] [32MINFO[39M: Controller: getAllUsers called
[2025-10-28T17:03:56.552Z] [32MINFO[39M: Final Query: SELECT * FROM users WHERE 1=1 AND (name LIKE ? OR phone LIKE ?) LIMIT 10 OFFSET 0
[2025-10-28T17:03:56.552Z] [32MINFO[39M: Query Params: %p%,%p%
[2025-10-28T17:03:56.662Z] [32MINFO[39M: 📥 [2025-10-28T17:03:56.662Z] OPTIONS /api/users?page=1&limit=10&search=
[2025-10-28T17:03:56.728Z] [32MINFO[39M: 📥 [2025-10-28T17:03:56.728Z] GET /api/users?page=1&limit=10&search=
[2025-10-28T17:03:56.731Z] [32MINFO[39M: Controller: getAllUsers called
[2025-10-28T17:03:56.731Z] [32MINFO[39M: Final Query: SELECT * FROM users WHERE 1=1 LIMIT 10 OFFSET 0
[2025-10-28T17:03:56.731Z] [32MINFO[39M: Query Params: 
[2025-10-28T17:07:13.168Z] [32MINFO[39M: 📥 [2025-10-28T17:07:13.168Z] OPTIONS /api/users?page=1&limit=10&search=
[2025-10-28T17:07:13.169Z] [32MINFO[39M: 📥 [2025-10-28T17:07:13.169Z] OPTIONS /api/users?page=1&limit=10&search=
[2025-10-28T17:07:13.177Z] [32MINFO[39M: 📥 [2025-10-28T17:07:13.177Z] GET /api/users?page=1&limit=10&search=
[2025-10-28T17:07:13.179Z] [32MINFO[39M: Controller: getAllUsers called
[2025-10-28T17:07:13.180Z] [32MINFO[39M: Final Query: SELECT * FROM users WHERE 1=1 LIMIT 10 OFFSET 0
[2025-10-28T17:07:13.180Z] [32MINFO[39M: Query Params: 
[2025-10-28T17:07:13.188Z] [32MINFO[39M: 📥 [2025-10-28T17:07:13.188Z] GET /api/users?page=1&limit=10&search=
[2025-10-28T17:07:13.190Z] [32MINFO[39M: Controller: getAllUsers called
[2025-10-28T17:07:13.191Z] [32MINFO[39M: Final Query: SELECT * FROM users WHERE 1=1 LIMIT 10 OFFSET 0
[2025-10-28T17:07:13.191Z] [32MINFO[39M: Query Params: 
[2025-10-28T17:07:15.305Z] [32MINFO[39M: 📥 [2025-10-28T17:07:15.305Z] OPTIONS /api/subadmin?page=1&limit=10
[2025-10-28T17:07:15.306Z] [32MINFO[39M: 📥 [2025-10-28T17:07:15.306Z] OPTIONS /api/subadmin?page=1&limit=10
[2025-10-28T17:07:15.312Z] [32MINFO[39M: 📥 [2025-10-28T17:07:15.312Z] GET /api/subadmin?page=1&limit=10
[2025-10-28T17:07:15.317Z] [32MINFO[39M: 📥 [2025-10-28T17:07:15.317Z] GET /api/subadmin?page=1&limit=10
[2025-10-28T17:07:22.683Z] [32MINFO[39M: 📥 [2025-10-28T17:07:22.683Z] OPTIONS /api/users?page=1&limit=10&search=
[2025-10-28T17:07:22.684Z] [32MINFO[39M: 📥 [2025-10-28T17:07:22.684Z] OPTIONS /api/users?page=1&limit=10&search=
[2025-10-28T17:07:22.694Z] [32MINFO[39M: 📥 [2025-10-28T17:07:22.694Z] GET /api/users?page=1&limit=10&search=
[2025-10-28T17:07:22.696Z] [32MINFO[39M: Controller: getAllUsers called
[2025-10-28T17:07:22.696Z] [32MINFO[39M: Final Query: SELECT * FROM users WHERE 1=1 LIMIT 10 OFFSET 0
[2025-10-28T17:07:22.696Z] [32MINFO[39M: Query Params: 
[2025-10-28T17:07:22.703Z] [32MINFO[39M: 📥 [2025-10-28T17:07:22.703Z] GET /api/users?page=1&limit=10&search=
[2025-10-28T17:07:22.705Z] [32MINFO[39M: Controller: getAllUsers called
[2025-10-28T17:07:22.706Z] [32MINFO[39M: Final Query: SELECT * FROM users WHERE 1=1 LIMIT 10 OFFSET 0
[2025-10-28T17:07:22.706Z] [32MINFO[39M: Query Params: 
[2025-10-28T17:07:42.654Z] [32MINFO[39M: 📥 [2025-10-28T17:07:42.654Z] OPTIONS /api/subadmin?page=1&limit=10
[2025-10-28T17:07:42.733Z] [32MINFO[39M: 📥 [2025-10-28T17:07:42.733Z] OPTIONS /api/subadmin?page=1&limit=10
[2025-10-28T17:07:42.734Z] [32MINFO[39M: 📥 [2025-10-28T17:07:42.734Z] GET /api/subadmin?page=1&limit=10
[2025-10-28T17:07:42.743Z] [32MINFO[39M: 📥 [2025-10-28T17:07:42.743Z] GET /api/subadmin?page=1&limit=10
[2025-10-28T17:07:44.853Z] [32MINFO[39M: 📥 [2025-10-28T17:07:44.853Z] OPTIONS /api/users?page=1&limit=10&search=
[2025-10-28T17:07:44.853Z] [32MINFO[39M: 📥 [2025-10-28T17:07:44.853Z] OPTIONS /api/users?page=1&limit=10&search=
[2025-10-28T17:07:45.104Z] [32MINFO[39M: 📥 [2025-10-28T17:07:45.104Z] GET /api/users?page=1&limit=10&search=
[2025-10-28T17:07:45.107Z] [32MINFO[39M: Controller: getAllUsers called
[2025-10-28T17:07:45.107Z] [32MINFO[39M: Final Query: SELECT * FROM users WHERE 1=1 LIMIT 10 OFFSET 0
[2025-10-28T17:07:45.107Z] [32MINFO[39M: Query Params: 
[2025-10-28T17:07:45.591Z] [32MINFO[39M: 📥 [2025-10-28T17:07:45.591Z] GET /api/users?page=1&limit=10&search=
[2025-10-28T17:07:45.594Z] [32MINFO[39M: Controller: getAllUsers called
[2025-10-28T17:07:45.594Z] [32MINFO[39M: Final Query: SELECT * FROM users WHERE 1=1 LIMIT 10 OFFSET 0
[2025-10-28T17:07:45.594Z] [32MINFO[39M: Query Params: 
[2025-10-28T17:08:12.217Z] [32MINFO[39M: 📥 [2025-10-28T17:08:12.217Z] OPTIONS /api/subadmin?page=1&limit=10
[2025-10-28T17:08:12.218Z] [32MINFO[39M: 📥 [2025-10-28T17:08:12.218Z] OPTIONS /api/subadmin?page=1&limit=10
[2025-10-28T17:08:13.071Z] [32MINFO[39M: 📥 [2025-10-28T17:08:13.071Z] GET /api/subadmin?page=1&limit=10
[2025-10-28T17:08:13.346Z] [32MINFO[39M: 📥 [2025-10-28T17:08:13.346Z] GET /api/subadmin?page=1&limit=10
[2025-10-28T17:10:38.362Z] [32MINFO[39M: 📥 [2025-10-28T17:10:38.362Z] OPTIONS /api/subadmin?page=1&limit=10
[2025-10-28T17:10:38.363Z] [32MINFO[39M: 📥 [2025-10-28T17:10:38.363Z] OPTIONS /api/subadmin?page=1&limit=10
[2025-10-28T17:10:38.373Z] [32MINFO[39M: 📥 [2025-10-28T17:10:38.373Z] GET /api/subadmin?page=1&limit=10
[2025-10-28T17:10:38.378Z] [32MINFO[39M: 📥 [2025-10-28T17:10:38.378Z] GET /api/subadmin?page=1&limit=10
[2025-10-28T17:10:42.405Z] [32MINFO[39M: 📥 [2025-10-28T17:10:42.405Z] OPTIONS /api/users?page=1&limit=10&search=
[2025-10-28T17:10:42.406Z] [32MINFO[39M: 📥 [2025-10-28T17:10:42.406Z] OPTIONS /api/users?page=1&limit=10&search=
[2025-10-28T17:10:42.415Z] [32MINFO[39M: 📥 [2025-10-28T17:10:42.415Z] GET /api/users?page=1&limit=10&search=
[2025-10-28T17:10:42.418Z] [32MINFO[39M: Controller: getAllUsers called
[2025-10-28T17:10:42.418Z] [32MINFO[39M: Final Query: SELECT * FROM users WHERE 1=1 LIMIT 10 OFFSET 0
[2025-10-28T17:10:42.418Z] [32MINFO[39M: Query Params: 
[2025-10-28T17:10:42.462Z] [32MINFO[39M: 📥 [2025-10-28T17:10:42.462Z] GET /api/users?page=1&limit=10&search=
[2025-10-28T17:10:42.465Z] [32MINFO[39M: Controller: getAllUsers called
[2025-10-28T17:10:42.465Z] [32MINFO[39M: Final Query: SELECT * FROM users WHERE 1=1 LIMIT 10 OFFSET 0
[2025-10-28T17:10:42.465Z] [32MINFO[39M: Query Params: 
[2025-10-28T17:13:25.676Z] [32MINFO[39M: 📥 [2025-10-28T17:13:25.676Z] OPTIONS /api/subadmin?page=1&limit=10&search=
[2025-10-28T17:13:25.678Z] [32MINFO[39M: 📥 [2025-10-28T17:13:25.678Z] OPTIONS /api/subadmin?page=1&limit=10&search=
[2025-10-28T17:13:25.850Z] [32MINFO[39M: 📥 [2025-10-28T17:13:25.850Z] GET /api/subadmin?page=1&limit=10&search=
[2025-10-28T17:13:25.856Z] [32MINFO[39M: 📥 [2025-10-28T17:13:25.856Z] GET /api/subadmin?page=1&limit=10&search=
[2025-10-28T17:22:58.611Z] [32MINFO[39M: 📥 [2025-10-28T17:22:58.611Z] OPTIONS /api/subadmin?page=1&limit=10&search=
[2025-10-28T17:22:58.612Z] [32MINFO[39M: 📥 [2025-10-28T17:22:58.612Z] OPTIONS /api/subadmin?page=1&limit=10&search=
[2025-10-28T17:22:58.687Z] [32MINFO[39M: 📥 [2025-10-28T17:22:58.687Z] GET /api/subadmin?page=1&limit=10&search=
[2025-10-28T17:22:58.729Z] [32MINFO[39M: 📥 [2025-10-28T17:22:58.729Z] GET /api/subadmin?page=1&limit=10&search=
[2025-10-28T17:23:00.391Z] [32MINFO[39M: 📥 [2025-10-28T17:23:00.391Z] GET /api/subadmin?page=1&limit=10&search=
[2025-10-28T17:23:00.581Z] [32MINFO[39M: 📥 [2025-10-28T17:23:00.581Z] GET /api/subadmin?page=1&limit=10&search=
[2025-10-28T17:23:25.612Z] [32MINFO[39M: 📥 [2025-10-28T17:23:25.612Z] GET /api/count/webview
[2025-10-28T17:23:25.613Z] [32MINFO[39M: 📥 [2025-10-28T17:23:25.613Z] GET /api/categories
[2025-10-28T17:23:25.671Z] [32MINFO[39M: 📥 [2025-10-28T17:23:25.671Z] GET /api/count/webview
[2025-10-28T17:23:25.918Z] [32MINFO[39M: 📥 [2025-10-28T17:23:25.918Z] GET /api/categories
[2025-10-28T17:25:35.885Z] [32MINFO[39M: 📥 [2025-10-28T17:25:35.885Z] OPTIONS /api/subadmin?page=1&limit=10&search=
[2025-10-28T17:25:35.893Z] [32MINFO[39M: 📥 [2025-10-28T17:25:35.893Z] GET /api/subadmin?page=1&limit=10&search=
[2025-10-28T17:25:37.261Z] [32MINFO[39M: 📥 [2025-10-28T17:25:37.261Z] GET /api/subadmin?page=1&limit=10&search=
[2025-10-28T17:25:37.268Z] [32MINFO[39M: 📥 [2025-10-28T17:25:37.268Z] GET /api/subadmin?page=1&limit=10&search=
[2025-10-28T17:25:53.082Z] [32MINFO[39M: 📥 [2025-10-28T17:25:53.082Z] OPTIONS /api/users?page=1&limit=10&search=
[2025-10-28T17:25:53.177Z] [32MINFO[39M: 📥 [2025-10-28T17:25:53.177Z] OPTIONS /api/users?page=1&limit=10&search=
[2025-10-28T17:25:53.179Z] [32MINFO[39M: 📥 [2025-10-28T17:25:53.179Z] GET /api/users?page=1&limit=10&search=
[2025-10-28T17:25:53.182Z] [32MINFO[39M: Controller: getAllUsers called
[2025-10-28T17:25:53.182Z] [32MINFO[39M: Final Query: SELECT * FROM users WHERE 1=1 LIMIT 10 OFFSET 0
[2025-10-28T17:25:53.182Z] [32MINFO[39M: Query Params: 
[2025-10-28T17:25:53.194Z] [32MINFO[39M: 📥 [2025-10-28T17:25:53.194Z] GET /api/users?page=1&limit=10&search=
[2025-10-28T17:25:53.196Z] [32MINFO[39M: Controller: getAllUsers called
[2025-10-28T17:25:53.197Z] [32MINFO[39M: Final Query: SELECT * FROM users WHERE 1=1 LIMIT 10 OFFSET 0
[2025-10-28T17:25:53.197Z] [32MINFO[39M: Query Params: 
[2025-10-28T17:26:10.617Z] [32MINFO[39M: 📥 [2025-10-28T17:26:10.617Z] OPTIONS /api/otp/send
[2025-10-28T17:26:38.458Z] [32MINFO[39M: 📥 [2025-10-28T17:26:38.458Z] OPTIONS /api/otp/send
[2025-10-28T17:26:40.012Z] [32MINFO[39M: 📥 [2025-10-28T17:26:40.012Z] OPTIONS /api/otp/send
[2025-10-28T17:26:50.163Z] [32MINFO[39M:  Server running on port  http://localhost:5004
[2025-10-28T17:26:50.179Z] [32MINFO[39M: MySQL Database Connected
[2025-10-28T17:26:54.900Z] [32MINFO[39M: 📥 [2025-10-28T17:26:54.900Z] GET /api/count/webview
[2025-10-28T17:26:54.926Z] [32MINFO[39M: 📥 [2025-10-28T17:26:54.926Z] GET /api/count/webview
[2025-10-28T17:26:59.283Z] [32MINFO[39M: 📥 [2025-10-28T17:26:59.283Z] OPTIONS /api/otp/send
[2025-10-28T17:27:09.244Z] [32MINFO[39M: 📥 [2025-10-28T17:27:09.244Z] GET /api/count/webview
[2025-10-28T17:27:09.256Z] [32MINFO[39M: 📥 [2025-10-28T17:27:09.256Z] GET /api/count/webview
[2025-10-28T17:46:57.100Z] [32MINFO[39M: 📥 [2025-10-28T17:46:57.099Z] OPTIONS /api/users?page=1&limit=10&search=
[2025-10-28T17:46:57.101Z] [32MINFO[39M: 📥 [2025-10-28T17:46:57.101Z] OPTIONS /api/users?page=1&limit=10&search=
[2025-10-28T17:46:57.110Z] [32MINFO[39M: 📥 [2025-10-28T17:46:57.110Z] GET /api/users?page=1&limit=10&search=
[2025-10-28T17:46:57.118Z] [32MINFO[39M: Controller: getAllUsers called
[2025-10-28T17:46:57.119Z] [32MINFO[39M: Final Query: SELECT * FROM users WHERE 1=1 LIMIT 10 OFFSET 0
[2025-10-28T17:46:57.119Z] [32MINFO[39M: Query Params: 
[2025-10-28T17:46:57.132Z] [32MINFO[39M: 📥 [2025-10-28T17:46:57.132Z] GET /api/users?page=1&limit=10&search=
[2025-10-28T17:46:57.135Z] [32MINFO[39M: Controller: getAllUsers called
[2025-10-28T17:46:57.135Z] [32MINFO[39M: Final Query: SELECT * FROM users WHERE 1=1 LIMIT 10 OFFSET 0
[2025-10-28T17:46:57.135Z] [32MINFO[39M: Query Params: 
[2025-10-28T17:47:01.836Z] [32MINFO[39M: 📥 [2025-10-28T17:47:01.836Z] OPTIONS /api/count/webview
[2025-10-28T17:47:01.839Z] [32MINFO[39M: 📥 [2025-10-28T17:47:01.839Z] OPTIONS /api/categories
[2025-10-28T17:47:01.842Z] [32MINFO[39M: 📥 [2025-10-28T17:47:01.842Z] OPTIONS /api/count/webview
[2025-10-28T17:47:01.846Z] [32MINFO[39M: 📥 [2025-10-28T17:47:01.846Z] OPTIONS /api/categories
[2025-10-28T17:47:01.847Z] [32MINFO[39M: 📥 [2025-10-28T17:47:01.847Z] GET /api/count/webview
[2025-10-28T17:47:01.852Z] [32MINFO[39M: 📥 [2025-10-28T17:47:01.852Z] GET /api/categories
[2025-10-28T17:47:01.860Z] [32MINFO[39M: 📥 [2025-10-28T17:47:01.860Z] GET /api/count/webview
[2025-10-28T17:47:02.040Z] [32MINFO[39M: 📥 [2025-10-28T17:47:02.040Z] GET /api/categories
[2025-10-28T17:47:15.327Z] [32MINFO[39M: 📥 [2025-10-28T17:47:15.327Z] OPTIONS /api/otp/send
[2025-10-28T17:47:15.344Z] [32MINFO[39M: 📥 [2025-10-28T17:47:15.344Z] POST /api/otp/send
[2025-10-28T17:47:15.345Z] [32MINFO[39M: Received from frontend: [object Object]
[2025-10-28T17:47:15.346Z] [32MINFO[39M: Generated OTP for 8451060827: 951790
[2025-10-28T17:47:26.230Z] [32MINFO[39M: 📥 [2025-10-28T17:47:26.230Z] OPTIONS /api/otp/verify
[2025-10-28T17:47:26.235Z] [32MINFO[39M: 📥 [2025-10-28T17:47:26.235Z] POST /api/otp/verify
[2025-10-28T17:47:26.237Z] [32MINFO[39M: Received in verifyOTP: [object Object]
[2025-10-28T17:59:25.475Z] [32MINFO[39M: 📥 [2025-10-28T17:59:25.475Z] GET /api/count/webview
[2025-10-28T17:59:25.476Z] [32MINFO[39M: 📥 [2025-10-28T17:59:25.476Z] GET /api/categories
[2025-10-28T17:59:25.484Z] [32MINFO[39M: 📥 [2025-10-28T17:59:25.484Z] GET /api/count/webview
[2025-10-28T17:59:25.490Z] [32MINFO[39M: 📥 [2025-10-28T17:59:25.490Z] GET /api/categories
[2025-10-28T17:59:31.971Z] [32MINFO[39M: 📥 [2025-10-28T17:59:31.971Z] OPTIONS /api/otp/send
[2025-10-28T17:59:32.324Z] [32MINFO[39M: 📥 [2025-10-28T17:59:32.324Z] POST /api/otp/send
[2025-10-28T17:59:32.325Z] [32MINFO[39M: Received from frontend: [object Object]
[2025-10-28T17:59:32.325Z] [32MINFO[39M: Generated OTP for 8451060827: 466940
[2025-10-28T17:59:41.682Z] [32MINFO[39M: 📥 [2025-10-28T17:59:41.682Z] OPTIONS /api/otp/verify
[2025-10-28T17:59:41.688Z] [32MINFO[39M: 📥 [2025-10-28T17:59:41.688Z] POST /api/otp/verify
[2025-10-28T17:59:41.689Z] [32MINFO[39M: Received in verifyOTP: [object Object]
[2025-10-28T17:59:45.794Z] [32MINFO[39M: 📥 [2025-10-28T17:59:45.794Z] POST /api/otp/verify
[2025-10-28T17:59:45.795Z] [32MINFO[39M: Received in verifyOTP: [object Object]
[2025-10-28T17:59:56.133Z] [32MINFO[39M: 📥 [2025-10-28T17:59:56.133Z] OPTIONS /api/otp/verify
[2025-10-28T17:59:56.141Z] [32MINFO[39M: 📥 [2025-10-28T17:59:56.141Z] POST /api/otp/verify
[2025-10-28T17:59:56.142Z] [32MINFO[39M: Received in verifyOTP: [object Object]
[2025-10-28T18:08:29.838Z] [32MINFO[39M: 📥 [2025-10-28T18:08:29.838Z] GET /api/count/webview
[2025-10-28T18:08:29.846Z] [32MINFO[39M: 📥 [2025-10-28T18:08:29.846Z] GET /api/count/webview
[2025-10-28T18:08:33.362Z] [32MINFO[39M: 📥 [2025-10-28T18:08:33.362Z] OPTIONS /api/otp/send
[2025-10-28T18:08:33.371Z] [32MINFO[39M: 📥 [2025-10-28T18:08:33.371Z] POST /api/otp/send
[2025-10-28T18:08:33.372Z] [32MINFO[39M: Received from frontend: [object Object]
[2025-10-28T18:08:33.372Z] [32MINFO[39M: Generated OTP for 8451060827: 602464
[2025-10-28T18:08:43.360Z] [32MINFO[39M: 📥 [2025-10-28T18:08:43.360Z] OPTIONS /api/otp/verify
[2025-10-28T18:08:43.369Z] [32MINFO[39M: 📥 [2025-10-28T18:08:43.369Z] POST /api/otp/verify
[2025-10-28T18:08:43.370Z] [32MINFO[39M: Received in verifyOTP: [object Object]
[2025-10-28T18:10:14.264Z] [32MINFO[39M: 📥 [2025-10-28T18:10:14.264Z] GET /api/count/webview
[2025-10-28T18:10:14.276Z] [32MINFO[39M: 📥 [2025-10-28T18:10:14.276Z] GET /api/count/webview
[2025-10-28T18:10:17.188Z] [32MINFO[39M: 📥 [2025-10-28T18:10:17.188Z] OPTIONS /api/otp/send
[2025-10-28T18:10:17.207Z] [32MINFO[39M: 📥 [2025-10-28T18:10:17.207Z] POST /api/otp/send
[2025-10-28T18:10:17.209Z] [32MINFO[39M: Received from frontend: [object Object]
[2025-10-28T18:10:17.209Z] [32MINFO[39M: Generated OTP for 8451060827: 260745
[2025-10-28T18:10:24.281Z] [32MINFO[39M: 📥 [2025-10-28T18:10:24.281Z] OPTIONS /api/otp/verify
[2025-10-28T18:10:24.298Z] [32MINFO[39M: 📥 [2025-10-28T18:10:24.298Z] POST /api/otp/verify
[2025-10-28T18:10:24.299Z] [32MINFO[39M: Received in verifyOTP: [object Object]
[2025-10-28T18:17:44.006Z] [32MINFO[39M: 📥 [2025-10-28T18:17:44.006Z] GET /api/count/webview
[2025-10-28T18:17:44.033Z] [32MINFO[39M: 📥 [2025-10-28T18:17:44.033Z] GET /api/count/webview
[2025-10-28T18:17:53.876Z] [32MINFO[39M: 📥 [2025-10-28T18:17:53.876Z] GET /api/count/webview
[2025-10-28T18:17:53.887Z] [32MINFO[39M: 📥 [2025-10-28T18:17:53.887Z] GET /api/count/webview
[2025-10-28T18:17:56.457Z] [32MINFO[39M: 📥 [2025-10-28T18:17:56.457Z] OPTIONS /api/otp/send
[2025-10-28T18:17:56.466Z] [32MINFO[39M: 📥 [2025-10-28T18:17:56.466Z] POST /api/otp/send
[2025-10-28T18:17:56.467Z] [32MINFO[39M: Received from frontend: [object Object]
[2025-10-28T18:17:56.467Z] [32MINFO[39M: Generated OTP for 8451060827: 632244
[2025-10-28T18:18:03.181Z] [32MINFO[39M: 📥 [2025-10-28T18:18:03.181Z] OPTIONS /api/otp/verify
[2025-10-28T18:18:03.383Z] [32MINFO[39M: 📥 [2025-10-28T18:18:03.383Z] POST /api/otp/verify
[2025-10-28T18:18:03.384Z] [32MINFO[39M: Received in verifyOTP: [object Object]
[2025-10-28T18:28:58.800Z] [32MINFO[39M: 📥 [2025-10-28T18:28:58.800Z] GET /api/count/webview
[2025-10-28T18:28:58.807Z] [32MINFO[39M: 📥 [2025-10-28T18:28:58.807Z] GET /api/count/webview
[2025-10-28T18:29:03.300Z] [32MINFO[39M: 📥 [2025-10-28T18:29:03.300Z] OPTIONS /api/otp/send
[2025-10-28T18:29:03.318Z] [32MINFO[39M: 📥 [2025-10-28T18:29:03.318Z] POST /api/otp/send
[2025-10-28T18:29:03.319Z] [32MINFO[39M: Received from frontend: [object Object]
[2025-10-28T18:29:03.319Z] [32MINFO[39M: Generated OTP for 8451060827: 558565
[2025-10-28T18:29:18.110Z] [32MINFO[39M: 📥 [2025-10-28T18:29:18.110Z] OPTIONS /api/otp/verify
[2025-10-28T18:29:18.116Z] [32MINFO[39M: 📥 [2025-10-28T18:29:18.116Z] POST /api/otp/verify
[2025-10-28T18:29:18.116Z] [32MINFO[39M: Received in verifyOTP: [object Object]
[2025-10-28T18:29:55.824Z] [32MINFO[39M: 📥 [2025-10-28T18:29:55.824Z] GET /api/count/webview
[2025-10-28T18:29:55.832Z] [32MINFO[39M: 📥 [2025-10-28T18:29:55.832Z] GET /api/count/webview
[2025-10-28T18:29:58.851Z] [32MINFO[39M: 📥 [2025-10-28T18:29:58.851Z] OPTIONS /api/otp/send
[2025-10-28T18:29:58.857Z] [32MINFO[39M: 📥 [2025-10-28T18:29:58.857Z] POST /api/otp/send
[2025-10-28T18:29:58.857Z] [32MINFO[39M: Received from frontend: [object Object]
[2025-10-28T18:29:58.857Z] [32MINFO[39M: Generated OTP for 8451060827: 621048
[2025-10-28T18:30:07.837Z] [32MINFO[39M: 📥 [2025-10-28T18:30:07.837Z] OPTIONS /api/otp/verify
[2025-10-28T18:30:07.846Z] [32MINFO[39M: 📥 [2025-10-28T18:30:07.846Z] POST /api/otp/verify
[2025-10-28T18:30:07.846Z] [32MINFO[39M: Received in verifyOTP: [object Object]
[2025-10-28T18:34:38.035Z] [32MINFO[39M: 📥 [2025-10-28T18:34:38.035Z] GET /api/count/webview
[2025-10-28T18:34:38.043Z] [32MINFO[39M: 📥 [2025-10-28T18:34:38.043Z] GET /api/count/webview
[2025-10-28T18:34:58.227Z] [32MINFO[39M: 📥 [2025-10-28T18:34:58.227Z] OPTIONS /api/otp/send
[2025-10-28T18:35:26.656Z] [32MINFO[39M: 📥 [2025-10-28T18:35:26.656Z] GET /api/count/webview
[2025-10-28T18:35:26.663Z] [32MINFO[39M: 📥 [2025-10-28T18:35:26.663Z] GET /api/count/webview
[2025-10-28T18:35:34.845Z] [32MINFO[39M: 📥 [2025-10-28T18:35:34.845Z] OPTIONS /api/otp/send
[2025-10-28T18:35:51.155Z] [32MINFO[39M: 📥 [2025-10-28T18:35:51.155Z] GET /api/count/webview
[2025-10-28T18:35:51.243Z] [32MINFO[39M: 📥 [2025-10-28T18:35:51.243Z] GET /api/count/webview
[2025-10-28T18:35:52.358Z] [32MINFO[39M: 📥 [2025-10-28T18:35:52.358Z] GET /api/count/webview
[2025-10-28T18:35:52.359Z] [32MINFO[39M: 📥 [2025-10-28T18:35:52.359Z] GET /api/categories
[2025-10-28T18:35:52.365Z] [32MINFO[39M: 📥 [2025-10-28T18:35:52.365Z] GET /api/count/webview
[2025-10-28T18:35:52.372Z] [32MINFO[39M: 📥 [2025-10-28T18:35:52.372Z] GET /api/categories
[2025-10-28T18:35:56.561Z] [32MINFO[39M: 📥 [2025-10-28T18:35:56.561Z] OPTIONS /api/otp/send
[2025-10-28T18:35:56.572Z] [32MINFO[39M: 📥 [2025-10-28T18:35:56.571Z] POST /api/otp/send
[2025-10-28T18:35:56.572Z] [32MINFO[39M: Received from frontend: [object Object]
[2025-10-28T18:35:56.572Z] [32MINFO[39M: Generated OTP for 9967853969: 412256
[2025-10-28T18:36:03.858Z] [32MINFO[39M: 📥 [2025-10-28T18:36:03.858Z] OPTIONS /api/otp/verify
[2025-10-28T18:36:03.864Z] [32MINFO[39M: 📥 [2025-10-28T18:36:03.864Z] POST /api/otp/verify
[2025-10-28T18:36:03.865Z] [32MINFO[39M: Received in verifyOTP: [object Object]
[2025-10-28T18:39:00.211Z] [32MINFO[39M: 📥 [2025-10-28T18:39:00.211Z] GET /api/count/webview
[2025-10-28T18:39:00.220Z] [32MINFO[39M: 📥 [2025-10-28T18:39:00.220Z] GET /api/count/webview
[2025-10-28T18:39:03.486Z] [32MINFO[39M: 📥 [2025-10-28T18:39:03.485Z] GET /api/count/webview
[2025-10-28T18:39:03.498Z] [32MINFO[39M: 📥 [2025-10-28T18:39:03.498Z] GET /api/count/webview
[2025-10-28T18:39:08.951Z] [32MINFO[39M: 📥 [2025-10-28T18:39:08.951Z] OPTIONS /api/otp/send
[2025-10-28T18:39:08.958Z] [32MINFO[39M: 📥 [2025-10-28T18:39:08.958Z] POST /api/otp/send
[2025-10-28T18:39:08.958Z] [32MINFO[39M: Received from frontend: [object Object]
[2025-10-28T18:39:08.959Z] [32MINFO[39M: Generated OTP for 9967853969: 474507
[2025-10-28T18:39:16.773Z] [32MINFO[39M: 📥 [2025-10-28T18:39:16.773Z] OPTIONS /api/otp/verify
[2025-10-28T18:39:16.780Z] [32MINFO[39M: 📥 [2025-10-28T18:39:16.780Z] POST /api/otp/verify
[2025-10-28T18:39:16.781Z] [32MINFO[39M: Received in verifyOTP: [object Object]
[2025-10-28T18:39:36.466Z] [32MINFO[39M: 📥 [2025-10-28T18:39:36.466Z] GET /api/subadmin?page=1&limit=10&search=
[2025-10-28T18:39:36.474Z] [32MINFO[39M: 📥 [2025-10-28T18:39:36.474Z] GET /api/subadmin?page=1&limit=10&search=
[2025-10-28T18:39:39.439Z] [32MINFO[39M: 📥 [2025-10-28T18:39:39.439Z] GET /api/businesses?subcategory=feedback
[2025-10-28T18:39:39.441Z] [32MINFO[39M: 📥 [2025-10-28T18:39:39.441Z] GET /api/count/webview
[2025-10-28T18:39:39.676Z] [32MINFO[39M: 📥 [2025-10-28T18:39:39.676Z] GET /api/businesses?subcategory=feedback
[2025-10-28T18:39:39.677Z] [32MINFO[39M: 📥 [2025-10-28T18:39:39.677Z] GET /api/count/webview
[2025-10-28T18:39:41.465Z] [32MINFO[39M: 📥 [2025-10-28T18:39:41.465Z] GET /api/subadmin?page=1&limit=10&search=
[2025-10-28T18:39:41.614Z] [32MINFO[39M: 📥 [2025-10-28T18:39:41.614Z] GET /api/subadmin?page=1&limit=10&search=
[2025-10-28T18:39:43.202Z] [32MINFO[39M: 📥 [2025-10-28T18:39:43.202Z] GET /api/users
[2025-10-28T18:39:43.203Z] [31MERROR[39M: Error validating token: Error: Authorization token missing or invalid
[2025-10-28T18:39:43.359Z] [32MINFO[39M: 📥 [2025-10-28T18:39:43.359Z] GET /api/users
[2025-10-28T18:39:43.360Z] [31MERROR[39M: Error validating token: Error: Authorization token missing or invalid
[2025-10-28T18:39:44.451Z] [32MINFO[39M: 📥 [2025-10-28T18:39:44.451Z] GET /api/categories
[2025-10-28T18:39:44.452Z] [32MINFO[39M: 📥 [2025-10-28T18:39:44.452Z] GET /api/count/webview
[2025-10-28T18:39:44.461Z] [32MINFO[39M: 📥 [2025-10-28T18:39:44.461Z] GET /api/count/webview
[2025-10-28T18:39:44.464Z] [32MINFO[39M: 📥 [2025-10-28T18:39:44.464Z] GET /api/categories
[2025-10-28T18:41:38.840Z] [32MINFO[39M: 📥 [2025-10-28T18:41:38.840Z] GET /api/count/webview
[2025-10-28T18:41:38.845Z] [32MINFO[39M: 📥 [2025-10-28T18:41:38.845Z] GET /api/categories
[2025-10-28T18:41:38.852Z] [32MINFO[39M: 📥 [2025-10-28T18:41:38.852Z] GET /api/count/webview
[2025-10-28T18:41:38.866Z] [32MINFO[39M: 📥 [2025-10-28T18:41:38.866Z] GET /api/categories
[2025-10-28T18:41:39.182Z] [32MINFO[39M: 📥 [2025-10-28T18:41:39.182Z] GET /api/count/webview
[2025-10-28T18:41:39.190Z] [32MINFO[39M: 📥 [2025-10-28T18:41:39.190Z] GET /api/count/webview
[2025-10-28T18:44:48.636Z] [32MINFO[39M: 📥 [2025-10-28T18:44:48.636Z] OPTIONS /api/otp/send
[2025-10-28T18:44:48.644Z] [32MINFO[39M: 📥 [2025-10-28T18:44:48.644Z] POST /api/otp/send
[2025-10-28T18:44:48.644Z] [32MINFO[39M: Received from frontend: [object Object]
[2025-10-28T18:44:48.645Z] [32MINFO[39M: Generated OTP for 9967853969: 798099
[2025-10-28T18:44:58.913Z] [32MINFO[39M: 📥 [2025-10-28T18:44:58.913Z] OPTIONS /api/otp/verify
[2025-10-28T18:44:58.923Z] [32MINFO[39M: 📥 [2025-10-28T18:44:58.923Z] POST /api/otp/verify
[2025-10-28T18:44:58.923Z] [32MINFO[39M: Received in verifyOTP: [object Object]
[2025-10-28T18:46:07.516Z] [32MINFO[39M: 📥 [2025-10-28T18:46:07.516Z] GET /api/count/webview
[2025-10-28T18:46:07.525Z] [32MINFO[39M: 📥 [2025-10-28T18:46:07.525Z] GET /api/count/webview
[2025-10-28T18:46:14.369Z] [32MINFO[39M: 📥 [2025-10-28T18:46:14.369Z] GET /api/count/webview
[2025-10-28T18:46:14.370Z] [32MINFO[39M: 📥 [2025-10-28T18:46:14.370Z] GET /api/categories
[2025-10-28T18:46:14.579Z] [32MINFO[39M: 📥 [2025-10-28T18:46:14.579Z] GET /api/count/webview
[2025-10-28T18:46:14.580Z] [32MINFO[39M: 📥 [2025-10-28T18:46:14.580Z] GET /api/categories
[2025-10-28T18:46:21.180Z] [32MINFO[39M: 📥 [2025-10-28T18:46:21.180Z] OPTIONS /api/otp/send
[2025-10-28T18:46:21.186Z] [32MINFO[39M: 📥 [2025-10-28T18:46:21.186Z] POST /api/otp/send
[2025-10-28T18:46:21.187Z] [32MINFO[39M: Received from frontend: [object Object]
[2025-10-28T18:46:21.187Z] [32MINFO[39M: Generated OTP for 9967853969: 331905
[2025-10-28T18:46:30.559Z] [32MINFO[39M: 📥 [2025-10-28T18:46:30.558Z] OPTIONS /api/otp/verify
[2025-10-28T18:46:30.567Z] [32MINFO[39M: 📥 [2025-10-28T18:46:30.567Z] POST /api/otp/verify
[2025-10-28T18:46:30.568Z] [32MINFO[39M: Received in verifyOTP: [object Object]
[2025-10-28T18:52:21.515Z] [32MINFO[39M: 📥 [2025-10-28T18:52:21.515Z] GET /api/count/webview
[2025-10-28T18:52:21.516Z] [32MINFO[39M: 📥 [2025-10-28T18:52:21.516Z] GET /api/categories
[2025-10-28T18:52:21.526Z] [32MINFO[39M: 📥 [2025-10-28T18:52:21.526Z] GET /api/count/webview
[2025-10-28T18:52:21.527Z] [32MINFO[39M: 📥 [2025-10-28T18:52:21.527Z] GET /api/categories
[2025-10-28T18:56:59.119Z] [32MINFO[39M: 📥 [2025-10-28T18:56:59.119Z] GET /api/count/webview
[2025-10-28T18:57:00.168Z] [32MINFO[39M: 📥 [2025-10-28T18:57:00.168Z] GET /api/count/webview
[2025-10-28T18:57:00.181Z] [32MINFO[39M: 📥 [2025-10-28T18:57:00.181Z] GET /api/count/webview
[2025-10-28T18:57:00.374Z] [32MINFO[39M: 📥 [2025-10-28T18:57:00.374Z] GET /api/count/webview
[2025-10-28T18:57:00.569Z] [32MINFO[39M: 📥 [2025-10-28T18:57:00.569Z] GET /api/count/webview
[2025-10-28T18:57:00.570Z] [32MINFO[39M: 📥 [2025-10-28T18:57:00.570Z] GET /api/categories
[2025-10-28T18:57:00.579Z] [32MINFO[39M: 📥 [2025-10-28T18:57:00.579Z] GET /api/categories
[2025-10-28T18:57:05.744Z] [32MINFO[39M: 📥 [2025-10-28T18:57:05.744Z] OPTIONS /api/otp/send
[2025-10-28T18:57:05.750Z] [32MINFO[39M: 📥 [2025-10-28T18:57:05.750Z] POST /api/otp/send
[2025-10-28T18:57:05.751Z] [32MINFO[39M: Received from frontend: [object Object]
[2025-10-28T18:57:05.751Z] [32MINFO[39M: Generated OTP for 8451060827: 658115
[2025-10-28T18:57:14.003Z] [32MINFO[39M: 📥 [2025-10-28T18:57:14.003Z] OPTIONS /api/otp/verify
[2025-10-28T18:57:14.009Z] [32MINFO[39M: 📥 [2025-10-28T18:57:14.009Z] POST /api/otp/verify
[2025-10-28T18:57:14.010Z] [32MINFO[39M: Received in verifyOTP: [object Object]
[2025-10-28T18:57:17.245Z] [32MINFO[39M: 📥 [2025-10-28T18:57:17.245Z] GET /api/count/webview
[2025-10-28T18:57:17.246Z] [32MINFO[39M: 📥 [2025-10-28T18:57:17.246Z] GET /api/categories
[2025-10-28T18:57:17.367Z] [32MINFO[39M: 📥 [2025-10-28T18:57:17.367Z] GET /api/categories
[2025-10-28T18:57:17.368Z] [32MINFO[39M: 📥 [2025-10-28T18:57:17.368Z] GET /api/count/webview
[2025-10-28T18:57:20.182Z] [32MINFO[39M: 📥 [2025-10-28T18:57:20.182Z] GET /api/count/webview
[2025-10-28T18:57:20.183Z] [32MINFO[39M: 📥 [2025-10-28T18:57:20.183Z] GET /api/categories
[2025-10-28T18:57:20.189Z] [32MINFO[39M: 📥 [2025-10-28T18:57:20.189Z] GET /api/count/webview
[2025-10-28T18:57:20.192Z] [32MINFO[39M: 📥 [2025-10-28T18:57:20.192Z] GET /api/categories
[2025-10-28T18:57:24.996Z] [32MINFO[39M: 📥 [2025-10-28T18:57:24.996Z] GET /api/count/webview
[2025-10-28T18:57:24.997Z] [32MINFO[39M: 📥 [2025-10-28T18:57:24.997Z] GET /api/categories
[2025-10-28T18:57:25.003Z] [32MINFO[39M: 📥 [2025-10-28T18:57:25.003Z] GET /api/count/webview
[2025-10-28T18:57:25.006Z] [32MINFO[39M: 📥 [2025-10-28T18:57:25.006Z] GET /api/categories
[2025-10-28T18:59:52.029Z] [32MINFO[39M: 📥 [2025-10-28T18:59:52.029Z] GET /api/count/webview
[2025-10-28T18:59:52.036Z] [32MINFO[39M: 📥 [2025-10-28T18:59:52.036Z] GET /api/count/webview
[2025-10-28T18:59:54.124Z] [32MINFO[39M: 📥 [2025-10-28T18:59:54.124Z] GET /api/count/webview
[2025-10-28T18:59:54.174Z] [32MINFO[39M: 📥 [2025-10-28T18:59:54.174Z] GET /api/categories
[2025-10-28T18:59:54.175Z] [32MINFO[39M: 📥 [2025-10-28T18:59:54.175Z] GET /api/count/webview
[2025-10-28T18:59:54.185Z] [32MINFO[39M: 📥 [2025-10-28T18:59:54.185Z] GET /api/categories
[2025-10-28T18:59:54.205Z] [32MINFO[39M: 📥 [2025-10-28T18:59:54.205Z] GET /api/count/webview
[2025-10-28T18:59:54.215Z] [32MINFO[39M: 📥 [2025-10-28T18:59:54.215Z] GET /api/count/webview
[2025-10-28T19:00:28.633Z] [32MINFO[39M: 📥 [2025-10-28T19:00:28.633Z] GET /api/count/webview
[2025-10-28T19:00:28.634Z] [32MINFO[39M: 📥 [2025-10-28T19:00:28.634Z] GET /api/categories
[2025-10-28T19:00:28.647Z] [32MINFO[39M: 📥 [2025-10-28T19:00:28.647Z] GET /api/count/webview
[2025-10-28T19:00:28.648Z] [32MINFO[39M: 📥 [2025-10-28T19:00:28.648Z] GET /api/categories
[2025-10-28T19:00:55.466Z] [32MINFO[39M: 📥 [2025-10-28T19:00:55.466Z] GET /api/count/webview
[2025-10-28T19:00:55.473Z] [32MINFO[39M: 📥 [2025-10-28T19:00:55.473Z] GET /api/categories
[2025-10-28T19:00:55.477Z] [32MINFO[39M: 📥 [2025-10-28T19:00:55.477Z] GET /api/count/webview
[2025-10-28T19:00:55.484Z] [32MINFO[39M: 📥 [2025-10-28T19:00:55.484Z] GET /api/categories
[2025-10-28T19:01:23.317Z] [32MINFO[39M: 📥 [2025-10-28T19:01:23.317Z] GET /api/count/webview
[2025-10-28T19:01:23.318Z] [32MINFO[39M: 📥 [2025-10-28T19:01:23.318Z] GET /api/categories
[2025-10-28T19:01:23.318Z] [32MINFO[39M: 📥 [2025-10-28T19:01:23.318Z] GET /api/count/webview
[2025-10-28T19:01:23.321Z] [32MINFO[39M: 📥 [2025-10-28T19:01:23.321Z] GET /api/categories
